#
# There is insufficient memory for the Java Runtime Environment to continue.
# Native memory allocation (malloc) failed to allocate 691168 bytes for Chunk::new
# Possible reasons:
#   The system is out of physical RAM or swap space
#   The process is running with CompressedOops enabled, and the Java Heap may be blocking the growth of the native heap
# Possible solutions:
#   Reduce memory load on the system
#   Increase physical memory or swap space
#   Check if swap backing store is full
#   Decrease Java heap size (-Xmx/-Xms)
#   Decrease number of Java threads
#   Decrease Java thread stack sizes (-Xss)
#   Set larger code cache with -XX:ReservedCodeCacheSize=
#   JVM is running with Unscaled Compressed Oops mode in which the Java heap is
#     placed in the first 4GB address space. The Java Heap base address is the
#     maximum limit for the native heap growth. Please use -XX:HeapBaseMinAddress
#     to set the Java Heap base and to place the Java Heap above 4GB virtual address.
# This output file may be truncated or incomplete.
#
#  Out of Memory Error (arena.cpp:189), pid=8992, tid=3768
#
# JRE version: OpenJDK Runtime Environment Temurin-17.0.5+8 (17.0.5+8) (build 17.0.5+8)
# Java VM: OpenJDK 64-Bit Server VM Temurin-17.0.5+8 (17.0.5+8, mixed mode, tiered, compressed oops, compressed class ptrs, parallel gc, windows-amd64)
# No core dump will be written. Minidumps are not enabled by default on client versions of Windows
#

---------------  S U M M A R Y ------------

Command Line: --add-modules=ALL-SYSTEM --add-opens=java.base/java.util=ALL-UNNAMED --add-opens=java.base/java.lang=ALL-UNNAMED --add-opens=java.base/sun.nio.fs=ALL-UNNAMED -Declipse.application=org.eclipse.jdt.ls.core.id1 -Dosgi.bundles.defaultStartLevel=4 -Declipse.product=org.eclipse.jdt.ls.core.product -Djava.import.generatesMetadataFilesAtProjectRoot=false -Dfile.encoding=utf8 -XX:+UseParallelGC -XX:GCTimeRatio=4 -XX:AdaptiveSizePolicyWeight=90 -Dsun.zip.disableMemoryMapping=true -Xmx1G -Xms100m -Xlog:disable -javaagent:c:\Users\Valiantdata_hs\.vscode\extensions\redhat.java-1.13.0-win32-x64\lombok\lombok-1.18.24.jar c:\Users\Valiantdata_hs\.vscode\extensions\redhat.java-1.13.0-win32-x64\server\plugins\org.eclipse.equinox.launcher_1.6.400.v20210924-0641.jar -configuration c:\Users\Valiantdata_hs\AppData\Roaming\Code\User\globalStorage\redhat.java\1.13.0\config_ss_win -data c:\Users\Valiantdata_hs\AppData\Roaming\Code\User\workspaceStorage\019b5a622b6bdd63b99eab77ff732e9c\redhat.java\ss_ws

Host: Intel(R) Core(TM) i5-10400 CPU @ 2.90GHz, 12 cores, 15G,  Windows 10 , 64 bit Build 19041 (10.0.19041.2364)
Time: Tue Dec 20 13:42:56 2022  Windows 10 , 64 bit Build 19041 (10.0.19041.2364) elapsed time: 19.115775 seconds (0d 0h 0m 19s)

---------------  T H R E A D  ---------------

Current thread (0x0000024caa77fc00):  JavaThread "C2 CompilerThread0" daemon [_thread_in_native, id=3768, stack(0x000000a732e00000,0x000000a732f00000)]


Current CompileTask:
C2:  19116 3684       4       java.io.WinNTFileSystem::normalize (143 bytes)

Stack: [0x000000a732e00000,0x000000a732f00000]
Native frames: (J=compiled Java code, j=interpreted, Vv=VM code, C=native code)
V  [jvm.dll+0x676b3a]
V  [jvm.dll+0x831444]
V  [jvm.dll+0x832bee]
V  [jvm.dll+0x833253]
V  [jvm.dll+0x244ce5]
V  [jvm.dll+0xabbac]
V  [jvm.dll+0xac17c]
V  [jvm.dll+0x362d57]
V  [jvm.dll+0x1bb498]
V  [jvm.dll+0x217ca9]
V  [jvm.dll+0x216f71]
V  [jvm.dll+0x1a343d]
V  [jvm.dll+0x22698a]
V  [jvm.dll+0x224ac5]
V  [jvm.dll+0x7e727b]
V  [jvm.dll+0x7e17ea]
V  [jvm.dll+0x6759e5]
C  [ucrtbase.dll+0x21bb2]
C  [KERNEL32.DLL+0x17614]
C  [ntdll.dll+0x526a1]


---------------  P R O C E S S  ---------------

Threads class SMR info:
_java_thread_list=0x0000024cabd3fd50, length=18, elements={
0x0000024c92ecf580, 0x0000024ca8c72740, 0x0000024ca8c73ae0, 0x0000024caa7a7130,
0x0000024caa7a79f0, 0x0000024ca8c7cb80, 0x0000024caa77b6a0, 0x0000024caa77fc00,
0x0000024caa782cb0, 0x0000024caa783d50, 0x0000024c92f8e580, 0x0000024caaab6ba0,
0x0000024cad44a970, 0x0000024cad44cb20, 0x0000024cad44ae40, 0x0000024cad44b7e0,
0x0000024cad44cff0, 0x0000024caa940c50
}

Java Threads: ( => current thread )
  0x0000024c92ecf580 JavaThread "main" [_thread_blocked, id=3516, stack(0x000000a732500000,0x000000a732600000)]
  0x0000024ca8c72740 JavaThread "Reference Handler" daemon [_thread_blocked, id=6428, stack(0x000000a732800000,0x000000a732900000)]
  0x0000024ca8c73ae0 JavaThread "Finalizer" daemon [_thread_blocked, id=6676, stack(0x000000a732900000,0x000000a732a00000)]
  0x0000024caa7a7130 JavaThread "Signal Dispatcher" daemon [_thread_blocked, id=4684, stack(0x000000a732a00000,0x000000a732b00000)]
  0x0000024caa7a79f0 JavaThread "Attach Listener" daemon [_thread_blocked, id=14416, stack(0x000000a732b00000,0x000000a732c00000)]
  0x0000024ca8c7cb80 JavaThread "Service Thread" daemon [_thread_blocked, id=13868, stack(0x000000a732c00000,0x000000a732d00000)]
  0x0000024caa77b6a0 JavaThread "Monitor Deflation Thread" daemon [_thread_blocked, id=10104, stack(0x000000a732d00000,0x000000a732e00000)]
=>0x0000024caa77fc00 JavaThread "C2 CompilerThread0" daemon [_thread_in_native, id=3768, stack(0x000000a732e00000,0x000000a732f00000)]
  0x0000024caa782cb0 JavaThread "C1 CompilerThread0" daemon [_thread_blocked, id=14864, stack(0x000000a732f00000,0x000000a733000000)]
  0x0000024caa783d50 JavaThread "Sweeper thread" daemon [_thread_blocked, id=4424, stack(0x000000a733000000,0x000000a733100000)]
  0x0000024c92f8e580 JavaThread "Common-Cleaner" daemon [_thread_blocked, id=7540, stack(0x000000a733100000,0x000000a733200000)]
  0x0000024caaab6ba0 JavaThread "Notification Thread" daemon [_thread_blocked, id=156, stack(0x000000a733300000,0x000000a733400000)]
  0x0000024cad44a970 JavaThread "JNA Cleaner" daemon [_thread_blocked, id=11624, stack(0x000000a734600000,0x000000a734700000)]
  0x0000024cad44cb20 JavaThread "pool-2-thread-1" [_thread_blocked, id=14676, stack(0x000000a734500000,0x000000a734600000)]
  0x0000024cad44ae40 JavaThread "pool-1-thread-1" [_thread_in_native, id=2160, stack(0x000000a734900000,0x000000a734a00000)]
  0x0000024cad44b7e0 JavaThread "ForkJoinPool.commonPool-worker-1" daemon [_thread_blocked, id=6196, stack(0x000000a734000000,0x000000a734100000)]
  0x0000024cad44cff0 JavaThread "pool-3-thread-1" [_thread_blocked, id=632, stack(0x000000a734b00000,0x000000a734c00000)]
  0x0000024caa940c50 JavaThread "C2 CompilerThread1" daemon [_thread_blocked, id=3500, stack(0x000000a734d00000,0x000000a734e00000)]

Other Threads:
  0x0000024caa753180 VMThread "VM Thread" [stack: 0x000000a732700000,0x000000a732800000] [id=5748]
  0x0000024cabd3ff20 WatcherThread [stack: 0x000000a733400000,0x000000a733500000] [id=16228]
  0x0000024c92edef90 GCTaskThread "GC Thread#0" [stack: 0x000000a732600000,0x000000a732700000] [id=3124]
  0x0000024cac454ce0 GCTaskThread "GC Thread#1" [stack: 0x000000a733500000,0x000000a733600000] [id=15624]
  0x0000024cad15b040 GCTaskThread "GC Thread#2" [stack: 0x000000a733600000,0x000000a733700000] [id=1360]
  0x0000024cad15b2f0 GCTaskThread "GC Thread#3" [stack: 0x000000a733700000,0x000000a733800000] [id=1084]
  0x0000024cabedc550 GCTaskThread "GC Thread#4" [stack: 0x000000a733800000,0x000000a733900000] [id=10156]
  0x0000024cabedc800 GCTaskThread "GC Thread#5" [stack: 0x000000a733900000,0x000000a733a00000] [id=1508]
  0x0000024cabedcab0 GCTaskThread "GC Thread#6" [stack: 0x000000a733a00000,0x000000a733b00000] [id=1544]
  0x0000024cad3a9ce0 GCTaskThread "GC Thread#7" [stack: 0x000000a733e00000,0x000000a733f00000] [id=11608]
  0x0000024cad3a9f90 GCTaskThread "GC Thread#8" [stack: 0x000000a733f00000,0x000000a734000000] [id=14256]
  0x0000024cad0e89e0 GCTaskThread "GC Thread#9" [stack: 0x000000a734400000,0x000000a734500000] [id=15572]

Threads with active compile tasks:
C2 CompilerThread0    19149 3684       4       java.io.WinNTFileSystem::normalize (143 bytes)

VM state: not at safepoint (normal execution)

VM Mutex/Monitor currently owned by a thread: None

Heap address: 0x00000000c0000000, size: 1024 MB, Compressed Oops mode: 32-bit

CDS archive(s) not mapped
Compressed class space mapped at: 0x0000000100000000-0x0000000140000000, reserved size: 1073741824
Narrow klass base: 0x0000000000000000, Narrow klass shift: 3, Narrow klass range: 0x140000000

GC Precious Log:
 CPUs: 12 total, 12 available
 Memory: 15990M
 Large Page Support: Disabled
 NUMA Support: Disabled
 Compressed Oops: Enabled (32-bit)
 Alignments: Space 512K, Generation 512K, Heap 2M
 Heap Min Capacity: 100M
 Heap Initial Capacity: 100M
 Heap Max Capacity: 1G
 Pre-touch: Disabled
 Parallel Workers: 10

Heap:
 PSYoungGen      total 25088K, used 12133K [0x00000000eab00000, 0x00000000ec680000, 0x0000000100000000)
  eden space 22016K, 41% used [0x00000000eab00000,0x00000000eb3f1468,0x00000000ec080000)
  from space 3072K, 96% used [0x00000000ec200000,0x00000000ec4e8000,0x00000000ec500000)
  to   space 1536K, 0% used [0x00000000ec500000,0x00000000ec500000,0x00000000ec680000)
 ParOldGen       total 68608K, used 20140K [0x00000000c0000000, 0x00000000c4300000, 0x00000000eab00000)
  object space 68608K, 29% used [0x00000000c0000000,0x00000000c13ab1d0,0x00000000c4300000)
 Metaspace       used 36375K, committed 37120K, reserved 1089536K
  class space    used 3725K, committed 4096K, reserved 1048576K

Card table byte_map: [0x0000024ca64f0000,0x0000024ca6700000] _byte_map_base: 0x0000024ca5ef0000

Marking Bits: (ParMarkBitMap*) 0x00007ff904060dd0
 Begin Bits: [0x0000024ca6860000, 0x0000024ca7860000)
 End Bits:   [0x0000024ca7860000, 0x0000024ca8860000)

Polling page: 0x0000024c92bc0000

Metaspace:

Usage:
  Non-class:     31.88 MB used.
      Class:      3.64 MB used.
       Both:     35.52 MB used.

Virtual space:
  Non-class space:       40.00 MB reserved,      32.25 MB ( 81%) committed,  5 nodes.
      Class space:        1.00 GB reserved,       4.00 MB ( <1%) committed,  1 nodes.
             Both:        1.04 GB reserved,      36.25 MB (  3%) committed. 

Chunk freelists:
   Non-Class:  2.83 MB
       Class:  3.92 MB
        Both:  6.75 MB

MaxMetaspaceSize: unlimited
CompressedClassSpaceSize: 1.00 GB
Initial GC threshold: 21.00 MB
Current GC threshold: 58.38 MB
CDS: off
MetaspaceReclaimPolicy: balanced
 - commit_granule_bytes: 65536.
 - commit_granule_words: 8192.
 - virtual_space_node_default_size: 1048576.
 - enlarge_chunks_in_place: 1.
 - new_chunks_are_fully_committed: 0.
 - uncommit_free_chunks: 1.
 - use_allocation_guard: 0.
 - handle_deallocations: 1.


Internal statistics:

num_allocs_failed_limit: 6.
num_arena_births: 286.
num_arena_deaths: 14.
num_vsnodes_births: 6.
num_vsnodes_deaths: 0.
num_space_committed: 580.
num_space_uncommitted: 0.
num_chunks_returned_to_freelist: 20.
num_chunks_taken_from_freelist: 1376.
num_chunk_merges: 10.
num_chunk_splits: 918.
num_chunks_enlarged: 634.
num_purges: 2.
num_inconsistent_stats: 0.

CodeHeap 'non-profiled nmethods': size=120000Kb used=1906Kb max_used=1906Kb free=118094Kb
 bounds [0x0000024c9ede0000, 0x0000024c9f050000, 0x0000024ca6310000]
CodeHeap 'profiled nmethods': size=120000Kb used=7385Kb max_used=7385Kb free=112614Kb
 bounds [0x0000024c978b0000, 0x0000024c97ff0000, 0x0000024c9ede0000]
CodeHeap 'non-nmethods': size=5760Kb used=1258Kb max_used=1305Kb free=4501Kb
 bounds [0x0000024c97310000, 0x0000024c97580000, 0x0000024c978b0000]
 total_blobs=4329 nmethods=3752 adapters=491
 compilation: enabled
              stopped_count=0, restarted_count=0
 full_count=0

Compilation events (20 events):
Event: 19.104 Thread 0x0000024caa940c50 nmethod 3705 0x0000024c9efb6b10 code [0x0000024c9efb6c80, 0x0000024c9efb6e38]
Event: 19.104 Thread 0x0000024caa940c50 3701       4       java.lang.Integer::formatUnsignedInt (40 bytes)
Event: 19.105 Thread 0x0000024caa782cb0 3726       3       java.util.concurrent.CopyOnWriteArrayList$COWIterator::hasNext (18 bytes)
Event: 19.105 Thread 0x0000024caa782cb0 nmethod 3726 0x0000024c97fdf010 code [0x0000024c97fdf1a0, 0x0000024c97fdf318]
Event: 19.107 Thread 0x0000024caa940c50 nmethod 3701 0x0000024c9efb6f10 code [0x0000024c9efb70a0, 0x0000024c9efb7318]
Event: 19.107 Thread 0x0000024caa940c50 3698       4       java.lang.String::getChars (54 bytes)
Event: 19.108 Thread 0x0000024caa782cb0 3728       3       org.apache.felix.scr.impl.logger.ScrLogManager$ScrLoggerFacade::log (25 bytes)
Event: 19.108 Thread 0x0000024caa940c50 nmethod 3698 0x0000024c9efb7490 code [0x0000024c9efb7620, 0x0000024c9efb7978]
Event: 19.108 Thread 0x0000024caa940c50 3727       4       org.eclipse.osgi.framework.eventmgr.CopyOnWriteIdentityMap$Snapshot$SnapshotIterator::hasNext (15 bytes)
Event: 19.108 Thread 0x0000024caa782cb0 nmethod 3728 0x0000024c97fdf410 code [0x0000024c97fdf5e0, 0x0000024c97fdf8a8]
Event: 19.108 Thread 0x0000024caa940c50 nmethod 3727 0x0000024c9efb7c10 code [0x0000024c9efb7d80, 0x0000024c9efb7e18]
Event: 19.108 Thread 0x0000024caa940c50 3717       4       org.eclipse.core.internal.registry.ReferenceMap::indexFor (55 bytes)
Event: 19.109 Thread 0x0000024caa940c50 nmethod 3717 0x0000024c9efb7f10 code [0x0000024c9efb8080, 0x0000024c9efb8158]
Event: 19.109 Thread 0x0000024caa940c50 3729   !   4       java.util.concurrent.ConcurrentHashMap::putVal (433 bytes)
Event: 19.109 Thread 0x0000024caa782cb0 3730       3       org.eclipse.osgi.framework.eventmgr.CopyOnWriteIdentityMap::empty (4 bytes)
Event: 19.109 Thread 0x0000024caa782cb0 nmethod 3730 0x0000024c97fdfa10 code [0x0000024c97fdfba0, 0x0000024c97fdfc98]
Event: 19.110 Thread 0x0000024caa782cb0 3732       3       org.eclipse.osgi.framework.eventmgr.CopyOnWriteIdentityMap::<init> (12 bytes)
Event: 19.111 Thread 0x0000024caa782cb0 nmethod 3732 0x0000024c97fdfd10 code [0x0000024c97fdfec0, 0x0000024c97fe00b8]
Event: 19.111 Thread 0x0000024caa782cb0 3733       1       org.eclipse.osgi.internal.serviceregistry.ServiceUse::getLock (5 bytes)
Event: 19.111 Thread 0x0000024caa782cb0 nmethod 3733 0x0000024c9efb8210 code [0x0000024c9efb83a0, 0x0000024c9efb8478]

GC Heap History (20 events):
Event: 4.349 GC heap before
{Heap before GC invocations=6 (full 1):
 PSYoungGen      total 29696K, used 25600K [0x00000000eab00000, 0x00000000ecc00000, 0x0000000100000000)
  eden space 25600K, 100% used [0x00000000eab00000,0x00000000ec400000,0x00000000ec400000)
  from space 4096K, 0% used [0x00000000ec800000,0x00000000ec800000,0x00000000ecc00000)
  to   space 4096K, 0% used [0x00000000ec400000,0x00000000ec400000,0x00000000ec800000)
 ParOldGen       total 68608K, used 7452K [0x00000000c0000000, 0x00000000c4300000, 0x00000000eab00000)
  object space 68608K, 10% used [0x00000000c0000000,0x00000000c0747388,0x00000000c4300000)
 Metaspace       used 24763K, committed 25216K, reserved 1073152K
  class space    used 2427K, committed 2624K, reserved 1048576K
}
Event: 4.349 GC heap after
{Heap after GC invocations=6 (full 1):
 PSYoungGen      total 25600K, used 352K [0x00000000eab00000, 0x00000000ec880000, 0x0000000100000000)
  eden space 25088K, 0% used [0x00000000eab00000,0x00000000eab00000,0x00000000ec380000)
  from space 512K, 68% used [0x00000000ec400000,0x00000000ec458000,0x00000000ec480000)
  to   space 2048K, 0% used [0x00000000ec680000,0x00000000ec680000,0x00000000ec880000)
 ParOldGen       total 68608K, used 7460K [0x00000000c0000000, 0x00000000c4300000, 0x00000000eab00000)
  object space 68608K, 10% used [0x00000000c0000000,0x00000000c0749388,0x00000000c4300000)
 Metaspace       used 24763K, committed 25216K, reserved 1073152K
  class space    used 2427K, committed 2624K, reserved 1048576K
}
Event: 5.093 GC heap before
{Heap before GC invocations=7 (full 1):
 PSYoungGen      total 25600K, used 25440K [0x00000000eab00000, 0x00000000ec880000, 0x0000000100000000)
  eden space 25088K, 100% used [0x00000000eab00000,0x00000000ec380000,0x00000000ec380000)
  from space 512K, 68% used [0x00000000ec400000,0x00000000ec458000,0x00000000ec480000)
  to   space 2048K, 0% used [0x00000000ec680000,0x00000000ec680000,0x00000000ec880000)
 ParOldGen       total 68608K, used 7460K [0x00000000c0000000, 0x00000000c4300000, 0x00000000eab00000)
  object space 68608K, 10% used [0x00000000c0000000,0x00000000c0749388,0x00000000c4300000)
 Metaspace       used 27846K, committed 28288K, reserved 1081344K
  class space    used 2707K, committed 2880K, reserved 1048576K
}
Event: 5.094 GC heap after
{Heap after GC invocations=7 (full 1):
 PSYoungGen      total 26112K, used 1394K [0x00000000eab00000, 0x00000000ec800000, 0x0000000100000000)
  eden space 24576K, 0% used [0x00000000eab00000,0x00000000eab00000,0x00000000ec300000)
  from space 1536K, 90% used [0x00000000ec680000,0x00000000ec7dcaf8,0x00000000ec800000)
  to   space 2048K, 0% used [0x00000000ec400000,0x00000000ec400000,0x00000000ec600000)
 ParOldGen       total 68608K, used 7468K [0x00000000c0000000, 0x00000000c4300000, 0x00000000eab00000)
  object space 68608K, 10% used [0x00000000c0000000,0x00000000c074b388,0x00000000c4300000)
 Metaspace       used 27846K, committed 28288K, reserved 1081344K
  class space    used 2707K, committed 2880K, reserved 1048576K
}
Event: 5.480 GC heap before
{Heap before GC invocations=8 (full 1):
 PSYoungGen      total 26112K, used 25970K [0x00000000eab00000, 0x00000000ec800000, 0x0000000100000000)
  eden space 24576K, 100% used [0x00000000eab00000,0x00000000ec300000,0x00000000ec300000)
  from space 1536K, 90% used [0x00000000ec680000,0x00000000ec7dcaf8,0x00000000ec800000)
  to   space 2048K, 0% used [0x00000000ec400000,0x00000000ec400000,0x00000000ec600000)
 ParOldGen       total 68608K, used 7468K [0x00000000c0000000, 0x00000000c4300000, 0x00000000eab00000)
  object space 68608K, 10% used [0x00000000c0000000,0x00000000c074b388,0x00000000c4300000)
 Metaspace       used 32041K, committed 32704K, reserved 1081344K
  class space    used 3238K, committed 3520K, reserved 1048576K
}
Event: 5.481 GC heap after
{Heap after GC invocations=8 (full 1):
 PSYoungGen      total 26112K, used 2026K [0x00000000eab00000, 0x00000000ec880000, 0x0000000100000000)
  eden space 24064K, 0% used [0x00000000eab00000,0x00000000eab00000,0x00000000ec280000)
  from space 2048K, 98% used [0x00000000ec400000,0x00000000ec5fa810,0x00000000ec600000)
  to   space 2560K, 0% used [0x00000000ec600000,0x00000000ec600000,0x00000000ec880000)
 ParOldGen       total 68608K, used 8074K [0x00000000c0000000, 0x00000000c4300000, 0x00000000eab00000)
  object space 68608K, 11% used [0x00000000c0000000,0x00000000c07e2958,0x00000000c4300000)
 Metaspace       used 32041K, committed 32704K, reserved 1081344K
  class space    used 3238K, committed 3520K, reserved 1048576K
}
Event: 5.983 GC heap before
{Heap before GC invocations=9 (full 1):
 PSYoungGen      total 26112K, used 26090K [0x00000000eab00000, 0x00000000ec880000, 0x0000000100000000)
  eden space 24064K, 100% used [0x00000000eab00000,0x00000000ec280000,0x00000000ec280000)
  from space 2048K, 98% used [0x00000000ec400000,0x00000000ec5fa810,0x00000000ec600000)
  to   space 2560K, 0% used [0x00000000ec600000,0x00000000ec600000,0x00000000ec880000)
 ParOldGen       total 68608K, used 8074K [0x00000000c0000000, 0x00000000c4300000, 0x00000000eab00000)
  object space 68608K, 11% used [0x00000000c0000000,0x00000000c07e2958,0x00000000c4300000)
 Metaspace       used 35170K, committed 35776K, reserved 1081344K
  class space    used 3569K, committed 3840K, reserved 1048576K
}
Event: 5.985 GC heap after
{Heap after GC invocations=9 (full 1):
 PSYoungGen      total 26112K, used 2537K [0x00000000eab00000, 0x00000000ec900000, 0x0000000100000000)
  eden space 23552K, 0% used [0x00000000eab00000,0x00000000eab00000,0x00000000ec200000)
  from space 2560K, 99% used [0x00000000ec600000,0x00000000ec87a410,0x00000000ec880000)
  to   space 3584K, 0% used [0x00000000ec200000,0x00000000ec200000,0x00000000ec580000)
 ParOldGen       total 68608K, used 8903K [0x00000000c0000000, 0x00000000c4300000, 0x00000000eab00000)
  object space 68608K, 12% used [0x00000000c0000000,0x00000000c08b1cd0,0x00000000c4300000)
 Metaspace       used 35170K, committed 35776K, reserved 1081344K
  class space    used 3569K, committed 3840K, reserved 1048576K
}
Event: 6.026 GC heap before
{Heap before GC invocations=10 (full 1):
 PSYoungGen      total 26112K, used 15895K [0x00000000eab00000, 0x00000000ec900000, 0x0000000100000000)
  eden space 23552K, 56% used [0x00000000eab00000,0x00000000eb80b928,0x00000000ec200000)
  from space 2560K, 99% used [0x00000000ec600000,0x00000000ec87a410,0x00000000ec880000)
  to   space 3584K, 0% used [0x00000000ec200000,0x00000000ec200000,0x00000000ec580000)
 ParOldGen       total 68608K, used 8903K [0x00000000c0000000, 0x00000000c4300000, 0x00000000eab00000)
  object space 68608K, 12% used [0x00000000c0000000,0x00000000c08b1cd0,0x00000000c4300000)
 Metaspace       used 35288K, committed 35840K, reserved 1081344K
  class space    used 3583K, committed 3840K, reserved 1048576K
}
Event: 6.028 GC heap after
{Heap after GC invocations=10 (full 1):
 PSYoungGen      total 27136K, used 3158K [0x00000000eab00000, 0x00000000ec900000, 0x0000000100000000)
  eden space 23552K, 0% used [0x00000000eab00000,0x00000000eab00000,0x00000000ec200000)
  from space 3584K, 88% used [0x00000000ec200000,0x00000000ec515948,0x00000000ec580000)
  to   space 3584K, 0% used [0x00000000ec580000,0x00000000ec580000,0x00000000ec900000)
 ParOldGen       total 68608K, used 9790K [0x00000000c0000000, 0x00000000c4300000, 0x00000000eab00000)
  object space 68608K, 14% used [0x00000000c0000000,0x00000000c098fb90,0x00000000c4300000)
 Metaspace       used 35288K, committed 35840K, reserved 1081344K
  class space    used 3583K, committed 3840K, reserved 1048576K
}
Event: 6.028 GC heap before
{Heap before GC invocations=11 (full 2):
 PSYoungGen      total 27136K, used 3158K [0x00000000eab00000, 0x00000000ec900000, 0x0000000100000000)
  eden space 23552K, 0% used [0x00000000eab00000,0x00000000eab00000,0x00000000ec200000)
  from space 3584K, 88% used [0x00000000ec200000,0x00000000ec515948,0x00000000ec580000)
  to   space 3584K, 0% used [0x00000000ec580000,0x00000000ec580000,0x00000000ec900000)
 ParOldGen       total 68608K, used 9790K [0x00000000c0000000, 0x00000000c4300000, 0x00000000eab00000)
  object space 68608K, 14% used [0x00000000c0000000,0x00000000c098fb90,0x00000000c4300000)
 Metaspace       used 35288K, committed 35840K, reserved 1081344K
  class space    used 3583K, committed 3840K, reserved 1048576K
}
Event: 6.042 GC heap after
{Heap after GC invocations=11 (full 2):
 PSYoungGen      total 27136K, used 0K [0x00000000eab00000, 0x00000000ec900000, 0x0000000100000000)
  eden space 23552K, 0% used [0x00000000eab00000,0x00000000eab00000,0x00000000ec200000)
  from space 3584K, 0% used [0x00000000ec200000,0x00000000ec200000,0x00000000ec580000)
  to   space 3584K, 0% used [0x00000000ec580000,0x00000000ec580000,0x00000000ec900000)
 ParOldGen       total 68608K, used 12485K [0x00000000c0000000, 0x00000000c4300000, 0x00000000eab00000)
  object space 68608K, 18% used [0x00000000c0000000,0x00000000c0c317c8,0x00000000c4300000)
 Metaspace       used 35288K, committed 35840K, reserved 1081344K
  class space    used 3583K, committed 3840K, reserved 1048576K
}
Event: 6.104 GC heap before
{Heap before GC invocations=12 (full 2):
 PSYoungGen      total 27136K, used 23552K [0x00000000eab00000, 0x00000000ec900000, 0x0000000100000000)
  eden space 23552K, 100% used [0x00000000eab00000,0x00000000ec200000,0x00000000ec200000)
  from space 3584K, 0% used [0x00000000ec200000,0x00000000ec200000,0x00000000ec580000)
  to   space 3584K, 0% used [0x00000000ec580000,0x00000000ec580000,0x00000000ec900000)
 ParOldGen       total 68608K, used 12485K [0x00000000c0000000, 0x00000000c4300000, 0x00000000eab00000)
  object space 68608K, 18% used [0x00000000c0000000,0x00000000c0c317c8,0x00000000c4300000)
 Metaspace       used 35355K, committed 35904K, reserved 1081344K
  class space    used 3587K, committed 3840K, reserved 1048576K
}
Event: 6.106 GC heap after
{Heap after GC invocations=12 (full 2):
 PSYoungGen      total 25600K, used 2336K [0x00000000eab00000, 0x00000000ec800000, 0x0000000100000000)
  eden space 23040K, 0% used [0x00000000eab00000,0x00000000eab00000,0x00000000ec180000)
  from space 2560K, 91% used [0x00000000ec580000,0x00000000ec7c8000,0x00000000ec800000)
  to   space 3072K, 0% used [0x00000000ec200000,0x00000000ec200000,0x00000000ec500000)
 ParOldGen       total 68608K, used 12485K [0x00000000c0000000, 0x00000000c4300000, 0x00000000eab00000)
  object space 68608K, 18% used [0x00000000c0000000,0x00000000c0c317c8,0x00000000c4300000)
 Metaspace       used 35355K, committed 35904K, reserved 1081344K
  class space    used 3587K, committed 3840K, reserved 1048576K
}
Event: 6.178 GC heap before
{Heap before GC invocations=13 (full 2):
 PSYoungGen      total 25600K, used 25376K [0x00000000eab00000, 0x00000000ec800000, 0x0000000100000000)
  eden space 23040K, 100% used [0x00000000eab00000,0x00000000ec180000,0x00000000ec180000)
  from space 2560K, 91% used [0x00000000ec580000,0x00000000ec7c8000,0x00000000ec800000)
  to   space 3072K, 0% used [0x00000000ec200000,0x00000000ec200000,0x00000000ec500000)
 ParOldGen       total 68608K, used 12485K [0x00000000c0000000, 0x00000000c4300000, 0x00000000eab00000)
  object space 68608K, 18% used [0x00000000c0000000,0x00000000c0c317c8,0x00000000c4300000)
 Metaspace       used 35402K, committed 35968K, reserved 1081344K
  class space    used 3598K, committed 3840K, reserved 1048576K
}
Event: 6.180 GC heap after
{Heap after GC invocations=13 (full 2):
 PSYoungGen      total 25600K, used 3008K [0x00000000eab00000, 0x00000000ec800000, 0x0000000100000000)
  eden space 22528K, 0% used [0x00000000eab00000,0x00000000eab00000,0x00000000ec100000)
  from space 3072K, 97% used [0x00000000ec200000,0x00000000ec4f0020,0x00000000ec500000)
  to   space 3072K, 0% used [0x00000000ec500000,0x00000000ec500000,0x00000000ec800000)
 ParOldGen       total 68608K, used 14685K [0x00000000c0000000, 0x00000000c4300000, 0x00000000eab00000)
  object space 68608K, 21% used [0x00000000c0000000,0x00000000c0e577c8,0x00000000c4300000)
 Metaspace       used 35402K, committed 35968K, reserved 1081344K
  class space    used 3598K, committed 3840K, reserved 1048576K
}
Event: 6.221 GC heap before
{Heap before GC invocations=14 (full 2):
 PSYoungGen      total 25600K, used 25536K [0x00000000eab00000, 0x00000000ec800000, 0x0000000100000000)
  eden space 22528K, 100% used [0x00000000eab00000,0x00000000ec100000,0x00000000ec100000)
  from space 3072K, 97% used [0x00000000ec200000,0x00000000ec4f0020,0x00000000ec500000)
  to   space 3072K, 0% used [0x00000000ec500000,0x00000000ec500000,0x00000000ec800000)
 ParOldGen       total 68608K, used 14685K [0x00000000c0000000, 0x00000000c4300000, 0x00000000eab00000)
  object space 68608K, 21% used [0x00000000c0000000,0x00000000c0e577c8,0x00000000c4300000)
 Metaspace       used 35402K, committed 35968K, reserved 1081344K
  class space    used 3598K, committed 3840K, reserved 1048576K
}
Event: 6.224 GC heap after
{Heap after GC invocations=14 (full 2):
 PSYoungGen      total 25088K, used 2848K [0x00000000eab00000, 0x00000000ec800000, 0x0000000100000000)
  eden space 22016K, 0% used [0x00000000eab00000,0x00000000eab00000,0x00000000ec080000)
  from space 3072K, 92% used [0x00000000ec500000,0x00000000ec7c8010,0x00000000ec800000)
  to   space 3072K, 0% used [0x00000000ec200000,0x00000000ec200000,0x00000000ec500000)
 ParOldGen       total 68608K, used 17444K [0x00000000c0000000, 0x00000000c4300000, 0x00000000eab00000)
  object space 68608K, 25% used [0x00000000c0000000,0x00000000c11091c0,0x00000000c4300000)
 Metaspace       used 35402K, committed 35968K, reserved 1081344K
  class space    used 3598K, committed 3840K, reserved 1048576K
}
Event: 6.271 GC heap before
{Heap before GC invocations=15 (full 2):
 PSYoungGen      total 25088K, used 24864K [0x00000000eab00000, 0x00000000ec800000, 0x0000000100000000)
  eden space 22016K, 100% used [0x00000000eab00000,0x00000000ec080000,0x00000000ec080000)
  from space 3072K, 92% used [0x00000000ec500000,0x00000000ec7c8010,0x00000000ec800000)
  to   space 3072K, 0% used [0x00000000ec200000,0x00000000ec200000,0x00000000ec500000)
 ParOldGen       total 68608K, used 17444K [0x00000000c0000000, 0x00000000c4300000, 0x00000000eab00000)
  object space 68608K, 25% used [0x00000000c0000000,0x00000000c11091c0,0x00000000c4300000)
 Metaspace       used 35488K, committed 36160K, reserved 1081344K
  class space    used 3606K, committed 3904K, reserved 1048576K
}
Event: 6.274 GC heap after
{Heap after GC invocations=15 (full 2):
 PSYoungGen      total 25088K, used 2976K [0x00000000eab00000, 0x00000000ec680000, 0x0000000100000000)
  eden space 22016K, 0% used [0x00000000eab00000,0x00000000eab00000,0x00000000ec080000)
  from space 3072K, 96% used [0x00000000ec200000,0x00000000ec4e8000,0x00000000ec500000)
  to   space 1536K, 0% used [0x00000000ec500000,0x00000000ec500000,0x00000000ec680000)
 ParOldGen       total 68608K, used 20140K [0x00000000c0000000, 0x00000000c4300000, 0x00000000eab00000)
  object space 68608K, 29% used [0x00000000c0000000,0x00000000c13ab1d0,0x00000000c4300000)
 Metaspace       used 35488K, committed 36160K, reserved 1081344K
  class space    used 3606K, committed 3904K, reserved 1048576K
}

Dll operation events (12 events):
Event: 0.113 Loaded shared library c:\Users\Valiantdata_hs\.vscode\extensions\redhat.java-1.13.0-win32-x64\jre\17.0.5-win32-x86_64\bin\java.dll
Event: 0.386 Loaded shared library c:\Users\Valiantdata_hs\.vscode\extensions\redhat.java-1.13.0-win32-x64\jre\17.0.5-win32-x86_64\bin\zip.dll
Event: 0.396 Loaded shared library C:\Users\Valiantdata_hs\.vscode\extensions\redhat.java-1.13.0-win32-x64\jre\17.0.5-win32-x86_64\bin\instrument.dll
Event: 0.426 Loaded shared library C:\Users\Valiantdata_hs\.vscode\extensions\redhat.java-1.13.0-win32-x64\jre\17.0.5-win32-x86_64\bin\net.dll
Event: 0.444 Loaded shared library C:\Users\Valiantdata_hs\.vscode\extensions\redhat.java-1.13.0-win32-x64\jre\17.0.5-win32-x86_64\bin\nio.dll
Event: 0.451 Loaded shared library C:\Users\Valiantdata_hs\.vscode\extensions\redhat.java-1.13.0-win32-x64\jre\17.0.5-win32-x86_64\bin\zip.dll
Event: 0.467 Loaded shared library C:\Users\Valiantdata_hs\.vscode\extensions\redhat.java-1.13.0-win32-x64\jre\17.0.5-win32-x86_64\bin\jimage.dll
Event: 0.537 Loaded shared library c:\Users\Valiantdata_hs\.vscode\extensions\redhat.java-1.13.0-win32-x64\jre\17.0.5-win32-x86_64\bin\verify.dll
Event: 3.601 Loaded shared library C:\Users\Valiantdata_hs\AppData\Roaming\Code\User\globalStorage\redhat.java\1.13.0\config_ss_win\org.eclipse.equinox.launcher\org.eclipse.equinox.launcher.win32.win32.x86_64_1.2.600.v20220720-1916\eclipse_11700.dll
Event: 4.002 Loaded shared library C:\Users\Valiantdata_hs\.vscode\extensions\redhat.java-1.13.0-win32-x64\jre\17.0.5-win32-x86_64\bin\management.dll
Event: 4.019 Loaded shared library C:\Users\Valiantdata_hs\.vscode\extensions\redhat.java-1.13.0-win32-x64\jre\17.0.5-win32-x86_64\bin\management_ext.dll
Event: 5.218 Loaded shared library C:\Users\Valiantdata_hs\AppData\Local\Temp\jna-1043305857\jna12262854877321957694.dll

Deoptimization events (20 events):
Event: 6.314 Thread 0x0000024cad466800 Uncommon trap: trap_request=0xffffff45 fr.pc=0x0000024c9eef0968 relative=0x00000000000000e8
Event: 6.314 Thread 0x0000024cad466800 Uncommon trap: reason=unstable_if action=reinterpret pc=0x0000024c9eef0968 method=java.lang.String.getBytes([BIB)V @ 5 c2
Event: 6.314 Thread 0x0000024cad466800 DEOPT PACKING pc=0x0000024c9eef0968 sp=0x000000a7342fe370
Event: 6.314 Thread 0x0000024cad466800 DEOPT UNPACKING pc=0x0000024c973620a3 sp=0x000000a7342fe338 mode 2
Event: 6.366 Thread 0x0000024cad466800 Uncommon trap: trap_request=0xffffffde fr.pc=0x0000024c9ef4dc60 relative=0x0000000000000d80
Event: 6.366 Thread 0x0000024cad466800 Uncommon trap: reason=class_check action=maybe_recompile pc=0x0000024c9ef4dc60 method=java.util.Spliterators$1Adapter.hasNext()Z @ 12 c2
Event: 6.366 Thread 0x0000024cad466800 DEOPT PACKING pc=0x0000024c9ef4dc60 sp=0x000000a7342fe940
Event: 6.366 Thread 0x0000024cad466800 DEOPT UNPACKING pc=0x0000024c973620a3 sp=0x000000a7342fe908 mode 2
Event: 6.367 Thread 0x0000024cad466800 DEOPT PACKING pc=0x0000024c97be7608 sp=0x000000a7342fec40
Event: 6.368 Thread 0x0000024cad466800 DEOPT UNPACKING pc=0x0000024c97362843 sp=0x000000a7342fe148 mode 0
Event: 6.783 Thread 0x0000024cad466800 Uncommon trap: trap_request=0xffffff45 fr.pc=0x0000024c9eeee1c8 relative=0x0000000000000228
Event: 6.783 Thread 0x0000024cad466800 Uncommon trap: reason=unstable_if action=reinterpret pc=0x0000024c9eeee1c8 method=java.util.WeakHashMap.expungeStaleEntries()V @ 9 c2
Event: 6.783 Thread 0x0000024cad466800 DEOPT PACKING pc=0x0000024c9eeee1c8 sp=0x000000a7342fee00
Event: 6.783 Thread 0x0000024cad466800 DEOPT UNPACKING pc=0x0000024c973620a3 sp=0x000000a7342fed98 mode 2
Event: 19.057 Thread 0x0000024cad44bcb0 DEOPT PACKING pc=0x0000024c97be7608 sp=0x000000a734aff0e0
Event: 19.057 Thread 0x0000024cad44bcb0 DEOPT UNPACKING pc=0x0000024c97362843 sp=0x000000a734afe5e8 mode 0
Event: 19.104 Thread 0x0000024cad44a4a0 Uncommon trap: trap_request=0xffffff45 fr.pc=0x0000024c9ee14974 relative=0x00000000000004b4
Event: 19.104 Thread 0x0000024cad44a4a0 Uncommon trap: reason=unstable_if action=reinterpret pc=0x0000024c9ee14974 method=java.util.HashMap$HashIterator.<init>(Ljava/util/HashMap;)V @ 45 c2
Event: 19.104 Thread 0x0000024cad44a4a0 DEOPT PACKING pc=0x0000024c9ee14974 sp=0x000000a734cfe0e0
Event: 19.104 Thread 0x0000024cad44a4a0 DEOPT UNPACKING pc=0x0000024c973620a3 sp=0x000000a734cfdf50 mode 2

Classes unloaded (7 events):
Event: 4.152 Thread 0x0000024caa753180 Unloading class 0x0000000100212400 'java/lang/invoke/LambdaForm$MH+0x0000000100212400'
Event: 4.152 Thread 0x0000024caa753180 Unloading class 0x0000000100212000 'java/lang/invoke/LambdaForm$MH+0x0000000100212000'
Event: 4.152 Thread 0x0000024caa753180 Unloading class 0x0000000100211c00 'java/lang/invoke/LambdaForm$MH+0x0000000100211c00'
Event: 4.152 Thread 0x0000024caa753180 Unloading class 0x0000000100211800 'java/lang/invoke/LambdaForm$MH+0x0000000100211800'
Event: 4.152 Thread 0x0000024caa753180 Unloading class 0x0000000100211000 'java/lang/invoke/LambdaForm$BMH+0x0000000100211000'
Event: 4.152 Thread 0x0000024caa753180 Unloading class 0x0000000100210c00 'java/lang/invoke/LambdaForm$DMH+0x0000000100210c00'
Event: 4.152 Thread 0x0000024caa753180 Unloading class 0x000000010020e000 'java/lang/invoke/LambdaForm$DMH+0x000000010020e000'

Classes redefined (0 events):
No events

Internal exceptions (20 events):
Event: 5.830 Thread 0x0000024cad466800 Exception <a 'java/io/FileNotFoundException'{0x00000000eb754d38}> (0x00000000eb754d38) 
thrown [s\src\hotspot\share\prims\jni.cpp, line 516]
Event: 5.833 Thread 0x0000024cad466800 Exception <a 'sun/nio/fs/WindowsException'{0x00000000eb763bc0}> (0x00000000eb763bc0) 
thrown [s\src\hotspot\share\prims\jni.cpp, line 516]
Event: 5.884 Thread 0x0000024cad466800 Exception <a 'java/lang/NoSuchMethodError'{0x00000000eb967210}: 'java.lang.Object java.lang.invoke.Invokers$Holder.invoke_MT(java.lang.Object, java.lang.Object, java.lang.Object)'> (0x00000000eb967210) 
thrown [s\src\hotspot\share\interpreter\linkResolver.cpp, line 759]
Event: 6.021 Thread 0x0000024cad466800 Exception <a 'java/io/FileNotFoundException'{0x00000000eb7c4690}> (0x00000000eb7c4690) 
thrown [s\src\hotspot\share\prims\jni.cpp, line 516]
Event: 6.023 Thread 0x0000024cad466800 Exception <a 'java/lang/NoSuchMethodError'{0x00000000eb7d10f8}: 'void java.lang.invoke.DirectMethodHandle$Holder.invokeStaticInit(java.lang.Object, java.lang.Object, java.lang.Object)'> (0x00000000eb7d10f8) 
thrown [s\src\hotspot\share\interpreter\linkResolver.cpp, line 759]
Event: 6.280 Thread 0x0000024cad466800 Exception <a 'java/lang/ClassNotFoundException'{0x00000000eab196f8}: com/sun/org/apache/xerces/internal/impl/msg/spi/DOMMessagesProvider> (0x00000000eab196f8) 
thrown [s\src\hotspot\share\classfile\systemDictionary.cpp, line 256]
Event: 6.281 Thread 0x0000024cad466800 Exception <a 'java/lang/ClassNotFoundException'{0x00000000eab3ca08}: com/sun/org/apache/xerces/internal/impl/msg/spi/XMLSerializerMessagesProvider> (0x00000000eab3ca08) 
thrown [s\src\hotspot\share\classfile\systemDictionary.cpp, line 256]
Event: 6.296 Thread 0x0000024cad466800 Exception <a 'java/lang/ClassNotFoundException'{0x00000000eab55fa0}: com/sun/org/apache/xerces/internal/impl/msg/spi/XMLMessagesProvider> (0x00000000eab55fa0) 
thrown [s\src\hotspot\share\classfile\systemDictionary.cpp, line 256]
Event: 6.326 Thread 0x0000024cad466800 Exception <a 'java/io/FileNotFoundException'{0x00000000eac38a90}> (0x00000000eac38a90) 
thrown [s\src\hotspot\share\prims\jni.cpp, line 516]
Event: 6.328 Thread 0x0000024cad466800 Exception <a 'java/io/FileNotFoundException'{0x00000000eac405e8}> (0x00000000eac405e8) 
thrown [s\src\hotspot\share\prims\jni.cpp, line 516]
Event: 6.330 Thread 0x0000024cad466800 Exception <a 'java/io/FileNotFoundException'{0x00000000eac4cf28}> (0x00000000eac4cf28) 
thrown [s\src\hotspot\share\prims\jni.cpp, line 516]
Event: 6.345 Thread 0x0000024cad466800 Exception <a 'java/io/FileNotFoundException'{0x00000000eac77318}> (0x00000000eac77318) 
thrown [s\src\hotspot\share\prims\jni.cpp, line 516]
Event: 6.346 Thread 0x0000024cad466800 Exception <a 'java/io/FileNotFoundException'{0x00000000eac78c20}> (0x00000000eac78c20) 
thrown [s\src\hotspot\share\prims\jni.cpp, line 516]
Event: 6.382 Thread 0x0000024cad466800 Exception <a 'java/lang/NoSuchMethodError'{0x00000000eadf79a8}: 'java.lang.Object java.lang.invoke.DirectMethodHandle$Holder.newInvokeSpecial(java.lang.Object, java.lang.Object, java.lang.Object, java.lang.Object, java.lang.Object, java.lang.Object, java.lang.Object, java.lang.Object)'> (0x00000000eadf79a8) 
thrown [s\src\hotspot\share\interpreter\linkResolver.cpp, line 759]
Event: 6.383 Thread 0x0000024cad466800 Exception <a 'java/lang/NoSuchMethodError'{0x00000000eadfca70}: 'java.lang.Object java.lang.invoke.DirectMethodHandle$Holder.invokeSpecial(java.lang.Object, java.lang.Object, java.lang.Object, java.lang.Object, java.lang.Object, java.lang.Object, java.lang.Object, java.lang.Object, java.lang.Object)'> (0x00000000eadfca70) 
thrown [s\src\hotspot\share\interpreter\linkResolver.cpp, line 759]
Event: 6.383 Thread 0x0000024cad466800 Exception <a 'java/lang/NoSuchMethodError'{0x00000000eae01450}: 'java.lang.Object java.lang.invoke.Invokers$Holder.linkToTargetMethod(java.lang.Object, java.lang.Object, java.lang.Object, java.lang.Object, java.lang.Object, java.lang.Object, java.lang.Object, java.lang.Object)'> (0x00000000eae01450) 
thrown [s\src\hotspot\share\interpreter\linkResolver.cpp, line 759]
Event: 19.060 Thread 0x0000024cad44bcb0 Exception <a 'java/lang/NoSuchMethodError'{0x00000000eb0bd118}: 'java.lang.Object java.lang.invoke.DirectMethodHandle$Holder.newInvokeSpecial(java.lang.Object, java.lang.Object, java.lang.Object, java.lang.Object, java.lang.Object, java.lang.Object, java.lang.Object, java.lang.Object, java.lang.Object, java.lang.Object)'> (0x00000000eb0bd118) 
thrown [s\src\hotspot\share\interpreter\linkResolver.cpp, line 759]
Event: 19.060 Thread 0x0000024cad44bcb0 Exception <a 'java/lang/NoSuchMethodError'{0x00000000eb0c2050}: 'java.lang.Object java.lang.invoke.DirectMethodHandle$Holder.invokeSpecial(java.lang.Object, java.lang.Object, java.lang.Object, java.lang.Object, java.lang.Object, java.lang.Object, java.lang.Object, java.lang.Object, java.lang.Object, java.lang.Object, java.lang.Object)'> (0x00000000eb0c2050) 
thrown [s\src\hotspot\share\interpreter\linkResolver.cpp, line 759]
Event: 19.060 Thread 0x0000024cad44bcb0 Exception <a 'java/lang/NoSuchMethodError'{0x00000000eb0c6560}: 'java.lang.Object java.lang.invoke.Invokers$Holder.linkToTargetMethod(java.lang.Object, java.lang.Object, java.lang.Object, java.lang.Object, java.lang.Object, java.lang.Object, java.lang.Object, java.lang.Object, java.lang.Object, java.lang.Object)'> (0x00000000eb0c6560) 
thrown [s\src\hotspot\share\interpreter\linkResolver.cpp, line 759]
Event: 19.077 Thread 0x0000024cad44bcb0 Exception <a 'sun/nio/fs/WindowsException'{0x00000000eb132a30}> (0x00000000eb132a30) 
thrown [s\src\hotspot\share\prims\jni.cpp, line 516]

VM Operations (20 events):
Event: 5.847 Executing VM operation: HandshakeAllThreads
Event: 5.847 Executing VM operation: HandshakeAllThreads done
Event: 5.891 Executing VM operation: HandshakeAllThreads
Event: 5.891 Executing VM operation: HandshakeAllThreads done
Event: 5.983 Executing VM operation: ParallelGCFailedAllocation
Event: 5.985 Executing VM operation: ParallelGCFailedAllocation done
Event: 6.026 Executing VM operation: CollectForMetadataAllocation
Event: 6.042 Executing VM operation: CollectForMetadataAllocation done
Event: 6.104 Executing VM operation: ParallelGCFailedAllocation
Event: 6.106 Executing VM operation: ParallelGCFailedAllocation done
Event: 6.178 Executing VM operation: ParallelGCFailedAllocation
Event: 6.180 Executing VM operation: ParallelGCFailedAllocation done
Event: 6.221 Executing VM operation: ParallelGCFailedAllocation
Event: 6.224 Executing VM operation: ParallelGCFailedAllocation done
Event: 6.271 Executing VM operation: ParallelGCFailedAllocation
Event: 6.274 Executing VM operation: ParallelGCFailedAllocation done
Event: 6.416 Executing VM operation: HandshakeAllThreads
Event: 6.416 Executing VM operation: HandshakeAllThreads done
Event: 7.417 Executing VM operation: Cleanup
Event: 7.417 Executing VM operation: Cleanup done

Events (20 events):
Event: 19.044 loading class sun/nio/cs/ThreadLocalCoders done
Event: 19.044 loading class sun/nio/cs/ThreadLocalCoders$1
Event: 19.044 loading class sun/nio/cs/ThreadLocalCoders$Cache
Event: 19.044 loading class sun/nio/cs/ThreadLocalCoders$Cache done
Event: 19.044 loading class sun/nio/cs/ThreadLocalCoders$1 done
Event: 19.044 loading class sun/nio/cs/ThreadLocalCoders$2
Event: 19.044 loading class sun/nio/cs/ThreadLocalCoders$2 done
Event: 19.046 Thread 0x0000024cad44c180 Thread added: 0x0000024cad44c180
Event: 19.047 Thread 0x0000024cad44c180 Thread exited: 0x0000024cad44c180
Event: 19.051 loading class java/util/Collections$EmptyListIterator
Event: 19.051 loading class java/util/Collections$EmptyListIterator done
Event: 19.063 Thread 0x0000024cad44c180 Thread added: 0x0000024cad44c180
Event: 19.070 Thread 0x0000024cad44c180 Thread exited: 0x0000024cad44c180
Event: 19.091 Thread 0x0000024cad44a4a0 Thread added: 0x0000024cad44a4a0
Event: 19.102 loading class java/util/Hashtable$KeySet
Event: 19.102 loading class java/util/Hashtable$KeySet done
Event: 19.103 Thread 0x0000024caa940c50 Thread added: 0x0000024caa940c50
Event: 19.104 Thread 0x0000024cad44d4c0 Thread added: 0x0000024cad44d4c0
Event: 19.112 loading class javax/security/auth/login/Configuration
Event: 19.112 loading class javax/security/auth/login/Configuration done


Dynamic libraries:
0x00007ff634dc0000 - 0x00007ff634dce000 	c:\Users\Valiantdata_hs\.vscode\extensions\redhat.java-1.13.0-win32-x64\jre\17.0.5-win32-x86_64\bin\java.exe
0x00007ff9633d0000 - 0x00007ff9635c8000 	C:\Windows\SYSTEM32\ntdll.dll
0x00007ff961d10000 - 0x00007ff961dcf000 	C:\Windows\System32\KERNEL32.DLL
0x00007ff960fa0000 - 0x00007ff961272000 	C:\Windows\System32\KERNELBASE.dll
0x00007ff960b10000 - 0x00007ff960c10000 	C:\Windows\System32\ucrtbase.dll
0x00007ff957330000 - 0x00007ff957349000 	c:\Users\Valiantdata_hs\.vscode\extensions\redhat.java-1.13.0-win32-x64\jre\17.0.5-win32-x86_64\bin\VCRUNTIME140.dll
0x00007ff957310000 - 0x00007ff957327000 	c:\Users\Valiantdata_hs\.vscode\extensions\redhat.java-1.13.0-win32-x64\jre\17.0.5-win32-x86_64\bin\jli.dll
0x00007ff961700000 - 0x00007ff9618a1000 	C:\Windows\System32\USER32.dll
0x00007ff961280000 - 0x00007ff9612a2000 	C:\Windows\System32\win32u.dll
0x00007ff961410000 - 0x00007ff96143b000 	C:\Windows\System32\GDI32.dll
0x00007ff960db0000 - 0x00007ff960ebf000 	C:\Windows\System32\gdi32full.dll
0x00007ff960d10000 - 0x00007ff960dad000 	C:\Windows\System32\msvcp_win.dll
0x00007ff94e160000 - 0x00007ff94e3fa000 	C:\Windows\WinSxS\amd64_microsoft.windows.common-controls_6595b64144ccf1df_6.0.19041.1110_none_60b5254171f9507e\COMCTL32.dll
0x00007ff961f90000 - 0x00007ff96202e000 	C:\Windows\System32\msvcrt.dll
0x00007ff961580000 - 0x00007ff9615b2000 	C:\Windows\System32\IMM32.DLL
0x00007ff957300000 - 0x00007ff95730c000 	c:\Users\Valiantdata_hs\.vscode\extensions\redhat.java-1.13.0-win32-x64\jre\17.0.5-win32-x86_64\bin\vcruntime140_1.dll
0x00007ff92ed90000 - 0x00007ff92ee21000 	c:\Users\Valiantdata_hs\.vscode\extensions\redhat.java-1.13.0-win32-x64\jre\17.0.5-win32-x86_64\bin\msvcp140.dll
0x00007ff9034e0000 - 0x00007ff904124000 	c:\Users\Valiantdata_hs\.vscode\extensions\redhat.java-1.13.0-win32-x64\jre\17.0.5-win32-x86_64\bin\server\jvm.dll
0x00007ff9615c0000 - 0x00007ff96166e000 	C:\Windows\System32\ADVAPI32.dll
0x00007ff961dd0000 - 0x00007ff961e6c000 	C:\Windows\System32\sechost.dll
0x00007ff962520000 - 0x00007ff962645000 	C:\Windows\System32\RPCRT4.dll
0x00007ff94d1c0000 - 0x00007ff94d1e7000 	C:\Windows\SYSTEM32\WINMM.dll
0x00007ff95b0b0000 - 0x00007ff95b0ba000 	C:\Windows\SYSTEM32\VERSION.dll
0x00007ff94ee10000 - 0x00007ff94ee19000 	C:\Windows\SYSTEM32\WSOCK32.dll
0x00007ff962da0000 - 0x00007ff962e0b000 	C:\Windows\System32\WS2_32.dll
0x00007ff95e9a0000 - 0x00007ff95e9b2000 	C:\Windows\SYSTEM32\kernel.appcore.dll
0x00007ff9572f0000 - 0x00007ff9572fa000 	c:\Users\Valiantdata_hs\.vscode\extensions\redhat.java-1.13.0-win32-x64\jre\17.0.5-win32-x86_64\bin\jimage.dll
0x00007ff94e9b0000 - 0x00007ff94eb94000 	C:\Windows\SYSTEM32\DBGHELP.DLL
0x00007ff94cd00000 - 0x00007ff94cd35000 	C:\Windows\SYSTEM32\dbgcore.DLL
0x00007ff960c10000 - 0x00007ff960c92000 	C:\Windows\System32\bcryptPrimitives.dll
0x00007ff94b870000 - 0x00007ff94b87e000 	c:\Users\Valiantdata_hs\.vscode\extensions\redhat.java-1.13.0-win32-x64\jre\17.0.5-win32-x86_64\bin\instrument.dll
0x00007ff94b6b0000 - 0x00007ff94b6d5000 	c:\Users\Valiantdata_hs\.vscode\extensions\redhat.java-1.13.0-win32-x64\jre\17.0.5-win32-x86_64\bin\java.dll
0x00007ff94b690000 - 0x00007ff94b6a8000 	c:\Users\Valiantdata_hs\.vscode\extensions\redhat.java-1.13.0-win32-x64\jre\17.0.5-win32-x86_64\bin\zip.dll
0x00007ff962650000 - 0x00007ff962d94000 	C:\Windows\System32\SHELL32.dll
0x00007ff95eba0000 - 0x00007ff95f332000 	C:\Windows\SYSTEM32\windows.storage.dll
0x00007ff962030000 - 0x00007ff962385000 	C:\Windows\System32\combase.dll
0x00007ff960440000 - 0x00007ff960470000 	C:\Windows\SYSTEM32\Wldp.dll
0x00007ff962e10000 - 0x00007ff962ebd000 	C:\Windows\System32\SHCORE.dll
0x00007ff961bf0000 - 0x00007ff961c45000 	C:\Windows\System32\shlwapi.dll
0x00007ff960a00000 - 0x00007ff960a1f000 	C:\Windows\SYSTEM32\profapi.dll
0x00007ff94b670000 - 0x00007ff94b689000 	C:\Users\Valiantdata_hs\.vscode\extensions\redhat.java-1.13.0-win32-x64\jre\17.0.5-win32-x86_64\bin\net.dll
0x00007ff95a300000 - 0x00007ff95a40c000 	C:\Windows\SYSTEM32\WINHTTP.dll
0x00007ff9601a0000 - 0x00007ff96020a000 	C:\Windows\system32\mswsock.dll
0x00007ff94a840000 - 0x00007ff94a855000 	C:\Users\Valiantdata_hs\.vscode\extensions\redhat.java-1.13.0-win32-x64\jre\17.0.5-win32-x86_64\bin\nio.dll
0x00007ff94b860000 - 0x00007ff94b870000 	c:\Users\Valiantdata_hs\.vscode\extensions\redhat.java-1.13.0-win32-x64\jre\17.0.5-win32-x86_64\bin\verify.dll
0x00007ff940250000 - 0x00007ff94028e000 	C:\Users\Valiantdata_hs\AppData\Roaming\Code\User\globalStorage\redhat.java\1.13.0\config_ss_win\org.eclipse.equinox.launcher\org.eclipse.equinox.launcher.win32.win32.x86_64_1.2.600.v20220720-1916\eclipse_11700.dll
0x00007ff961450000 - 0x00007ff96157a000 	C:\Windows\System32\ole32.dll
0x00007ff94b660000 - 0x00007ff94b669000 	C:\Users\Valiantdata_hs\.vscode\extensions\redhat.java-1.13.0-win32-x64\jre\17.0.5-win32-x86_64\bin\management.dll
0x00007ff949e80000 - 0x00007ff949e8b000 	C:\Users\Valiantdata_hs\.vscode\extensions\redhat.java-1.13.0-win32-x64\jre\17.0.5-win32-x86_64\bin\management_ext.dll
0x00007ff961440000 - 0x00007ff961448000 	C:\Windows\System32\PSAPI.DLL
0x00007ff960390000 - 0x00007ff9603a8000 	C:\Windows\SYSTEM32\CRYPTSP.dll
0x00007ff95fac0000 - 0x00007ff95faf4000 	C:\Windows\system32\rsaenh.dll
0x00007ff960ec0000 - 0x00007ff960ee7000 	C:\Windows\System32\bcrypt.dll
0x00007ff9609c0000 - 0x00007ff9609ee000 	C:\Windows\SYSTEM32\USERENV.dll
0x00007ff9603b0000 - 0x00007ff9603bc000 	C:\Windows\SYSTEM32\CRYPTBASE.dll
0x00007ff95fe90000 - 0x00007ff95fecb000 	C:\Windows\SYSTEM32\IPHLPAPI.DLL
0x00007ff9616f0000 - 0x00007ff9616f8000 	C:\Windows\System32\NSI.dll
0x00007ff95b240000 - 0x00007ff95b257000 	C:\Windows\SYSTEM32\dhcpcsvc6.DLL
0x00007ff95b150000 - 0x00007ff95b16d000 	C:\Windows\SYSTEM32\dhcpcsvc.DLL
0x00007ff95fed0000 - 0x00007ff95ff9a000 	C:\Windows\SYSTEM32\DNSAPI.dll
0x00007ff92e970000 - 0x00007ff92e9b0000 	C:\Users\Valiantdata_hs\AppData\Local\Temp\jna-1043305857\jna12262854877321957694.dll

dbghelp: loaded successfully - version: 4.0.5 - missing functions: none
symbol engine: initialized successfully - sym options: 0x614 - pdb path: .;c:\Users\Valiantdata_hs\.vscode\extensions\redhat.java-1.13.0-win32-x64\jre\17.0.5-win32-x86_64\bin;C:\Windows\SYSTEM32;C:\Windows\WinSxS\amd64_microsoft.windows.common-controls_6595b64144ccf1df_6.0.19041.1110_none_60b5254171f9507e;c:\Users\Valiantdata_hs\.vscode\extensions\redhat.java-1.13.0-win32-x64\jre\17.0.5-win32-x86_64\bin\server;C:\Users\Valiantdata_hs\AppData\Roaming\Code\User\globalStorage\redhat.java\1.13.0\config_ss_win\org.eclipse.equinox.launcher\org.eclipse.equinox.launcher.win32.win32.x86_64_1.2.600.v20220720-1916;C:\Users\Valiantdata_hs\AppData\Local\Temp\jna-1043305857

VM Arguments:
jvm_args: --add-modules=ALL-SYSTEM --add-opens=java.base/java.util=ALL-UNNAMED --add-opens=java.base/java.lang=ALL-UNNAMED --add-opens=java.base/sun.nio.fs=ALL-UNNAMED -Declipse.application=org.eclipse.jdt.ls.core.id1 -Dosgi.bundles.defaultStartLevel=4 -Declipse.product=org.eclipse.jdt.ls.core.product -Djava.import.generatesMetadataFilesAtProjectRoot=false -Dfile.encoding=utf8 -XX:+UseParallelGC -XX:GCTimeRatio=4 -XX:AdaptiveSizePolicyWeight=90 -Dsun.zip.disableMemoryMapping=true -Xmx1G -Xms100m -Xlog:disable -javaagent:c:\Users\Valiantdata_hs\.vscode\extensions\redhat.java-1.13.0-win32-x64\lombok\lombok-1.18.24.jar 
java_command: c:\Users\Valiantdata_hs\.vscode\extensions\redhat.java-1.13.0-win32-x64\server\plugins\org.eclipse.equinox.launcher_1.6.400.v20210924-0641.jar -configuration c:\Users\Valiantdata_hs\AppData\Roaming\Code\User\globalStorage\redhat.java\1.13.0\config_ss_win -data c:\Users\Valiantdata_hs\AppData\Roaming\Code\User\workspaceStorage\019b5a622b6bdd63b99eab77ff732e9c\redhat.java\ss_ws
java_class_path (initial): c:\Users\Valiantdata_hs\.vscode\extensions\redhat.java-1.13.0-win32-x64\server\plugins\org.eclipse.equinox.launcher_1.6.400.v20210924-0641.jar
Launcher Type: SUN_STANDARD

[Global flags]
    uintx AdaptiveSizePolicyWeight                 = 90                                        {product} {command line}
     intx CICompilerCount                          = 4                                         {product} {ergonomic}
    uintx GCTimeRatio                              = 4                                         {product} {command line}
   size_t InitialHeapSize                          = 104857600                                 {product} {command line}
   size_t MaxHeapSize                              = 1073741824                                {product} {command line}
   size_t MaxNewSize                               = 357564416                                 {product} {ergonomic}
   size_t MinHeapDeltaBytes                        = 524288                                    {product} {ergonomic}
   size_t MinHeapSize                              = 104857600                                 {product} {command line}
   size_t NewSize                                  = 34603008                                  {product} {ergonomic}
    uintx NonNMethodCodeHeapSize                   = 5839372                                {pd product} {ergonomic}
    uintx NonProfiledCodeHeapSize                  = 122909434                              {pd product} {ergonomic}
   size_t OldSize                                  = 70254592                                  {product} {ergonomic}
    uintx ProfiledCodeHeapSize                     = 122909434                              {pd product} {ergonomic}
    uintx ReservedCodeCacheSize                    = 251658240                              {pd product} {ergonomic}
     bool SegmentedCodeCache                       = true                                      {product} {ergonomic}
   size_t SoftMaxHeapSize                          = 1073741824                             {manageable} {ergonomic}
     bool UseCompressedClassPointers               = true                           {product lp64_product} {ergonomic}
     bool UseCompressedOops                        = true                           {product lp64_product} {ergonomic}
     bool UseLargePagesIndividualAllocation        = false                                  {pd product} {ergonomic}
     bool UseParallelGC                            = true                                      {product} {command line}

Logging:
Log output configuration:
 #0: stdout all=off uptime,level,tags
 #1: stderr all=off uptime,level,tags

Environment Variables:
JAVA_HOME=C:\Program Files\jdk-17.0.2
CLASSPATH=%classpath%;.;.;.
PATH=C:\Program Files\Common Files\Oracle\Java\javapath;C:\Python\Scripts\;C:\Python\;C:\Windows\system32;C:\Windows;C:\Windows\System32\Wbem;C:\Windows\System32\WindowsPowerShell\v1.0\;C:\Windows\System32\OpenSSH\;C:\Program Files\jdk-17.0.2\bin;C:\Program Files\nodejs\;C:\Program Files\Git\cmd;C:\Program Files\PuTTY\;c:\python\lib\site-packages;C:\ProgramData\Anaconda3\Library;C:\Program Files\openssl-0.9.8k_X64\bin;C:\Users\Valiantdata_hs\AppData\Local\Android\Sdk\platform-tools;D:\flutter\bin;C:\Users\Valiantdata_hs\.gradle;C:\Program Files\MySQL\MySQL Shell 8.0\bin\;C:\Users\Valiantdata_hs\AppData\Local\Microsoft\WindowsApps;C:\Users\Valiantdata_hs\AppData\Local\Programs\Microsoft VS Code\bin;C:\Users\Valiantdata_hs\AppData\Roaming\npm;C:\Users\Valiantdata_hs\AppData\Local\GitHubDesktop\bin;C:\Program Files\JetBrains\IntelliJ IDEA 2022.1.1\bin;;C:\Program Files\openssl-0.9.8k_X64\bin;C:\Users\Valiantdata_hs\AppData\Local\Android\Sdk\platform-tools;D:\flutter\bin;C:\Users\Valiantdata_hs\.gradle;
USERNAME=Valiantdata_hs
OS=Windows_NT
PROCESSOR_IDENTIFIER=Intel64 Family 6 Model 165 Stepping 3, GenuineIntel
TMP=C:\Users\VALIAN~1\AppData\Local\Temp
TEMP=C:\Users\VALIAN~1\AppData\Local\Temp



---------------  S Y S T E M  ---------------

OS:
 Windows 10 , 64 bit Build 19041 (10.0.19041.2364)
OS uptime: 0 days 2:19 hours

CPU: total 12 (initial active 12) (6 cores per cpu, 2 threads per core) family 6 model 165 stepping 3 microcode 0xe0, cx8, cmov, fxsr, ht, mmx, 3dnowpref, sse, sse2, sse3, ssse3, sse4.1, sse4.2, popcnt, lzcnt, tsc, tscinvbit, avx, avx2, aes, erms, clmul, bmi1, bmi2, adx, fma, vzeroupper, clflush, clflushopt

Memory: 4k page, system-wide physical 15990M (3460M free)
TotalPageFile size 15990M (AvailPageFile size 357M)
current process WorkingSet (physical memory assigned to process): 149M, peak: 161M
current process commit charge ("private bytes"): 246M, peak: 262M

vm_info: OpenJDK 64-Bit Server VM (17.0.5+8) for windows-amd64 JRE (17.0.5+8), built on Oct 19 2022 04:48:13 by "temurin" with MS VC++ 16.7 (VS2019)

END.
