#
# There is insufficient memory for the Java Runtime Environment to continue.
# Native memory allocation (malloc) failed to allocate 1441632 bytes for Chunk::new
# Possible reasons:
#   The system is out of physical RAM or swap space
#   The process is running with CompressedOops enabled, and the Java Heap may be blocking the growth of the native heap
# Possible solutions:
#   Reduce memory load on the system
#   Increase physical memory or swap space
#   Check if swap backing store is full
#   Decrease Java heap size (-Xmx/-Xms)
#   Decrease number of Java threads
#   Decrease Java thread stack sizes (-Xss)
#   Set larger code cache with -XX:ReservedCodeCacheSize=
#   JVM is running with Unscaled Compressed Oops mode in which the Java heap is
#     placed in the first 4GB address space. The Java Heap base address is the
#     maximum limit for the native heap growth. Please use -XX:HeapBaseMinAddress
#     to set the Java Heap base and to place the Java Heap above 4GB virtual address.
# This output file may be truncated or incomplete.
#
#  Out of Memory Error (arena.cpp:189), pid=10156, tid=4288
#
# JRE version: Java(TM) SE Runtime Environment (17.0.2+8) (build 17.0.2+8-LTS-86)
# Java VM: Java HotSpot(TM) 64-Bit Server VM (17.0.2+8-LTS-86, mixed mode, sharing, tiered, compressed oops, compressed class ptrs, g1 gc, windows-amd64)
# No core dump will be written. Minidumps are not enabled by default on client versions of Windows
#

---------------  S U M M A R Y ------------

Command Line: -XX:MaxMetaspaceSize=512m --add-opens=java.base/java.util=ALL-UNNAMED --add-opens=java.base/java.lang=ALL-UNNAMED --add-opens=java.base/java.lang.invoke=ALL-UNNAMED --add-opens=java.base/java.util=ALL-UNNAMED --add-opens=java.prefs/java.util.prefs=ALL-UNNAMED --add-opens=java.prefs/java.util.prefs=ALL-UNNAMED --add-opens=java.base/java.nio.charset=ALL-UNNAMED --add-opens=java.base/java.net=ALL-UNNAMED --add-opens=java.base/java.util.concurrent.atomic=ALL-UNNAMED -Xmx2048m -Dfile.encoding=x-windows-949 -Duser.country=KR -Duser.language=ko -Duser.variant org.gradle.launcher.daemon.bootstrap.GradleDaemon 7.5.1

Host: Intel(R) Core(TM) i5-10400 CPU @ 2.90GHz, 12 cores, 15G,  Windows 10 , 64 bit Build 19041 (10.0.19041.2364)
Time: Tue Dec 20 13:57:28 2022  Windows 10 , 64 bit Build 19041 (10.0.19041.2364) elapsed time: 13.287015 seconds (0d 0h 0m 13s)

---------------  T H R E A D  ---------------

Current thread (0x0000029eba435390):  JavaThread "C2 CompilerThread0" daemon [_thread_in_native, id=4288, stack(0x000000d04e800000,0x000000d04e900000)]


Current CompileTask:
C2:  13287 11100       4       org.gradle.internal.instantiation.generator.DependencyInjectingInstantiator::newInstance (8 bytes)

Stack: [0x000000d04e800000,0x000000d04e900000]
Native frames: (J=compiled Java code, j=interpreted, Vv=VM code, C=native code)
V  [jvm.dll+0x670baa]
V  [jvm.dll+0x7cfcb4]
V  [jvm.dll+0x7d145e]
V  [jvm.dll+0x7d1ac3]
V  [jvm.dll+0x242bc5]
V  [jvm.dll+0xaa57b]
V  [jvm.dll+0xaab0c]
V  [jvm.dll+0x35fd07]
V  [jvm.dll+0x1b9982]
V  [jvm.dll+0x215de9]
V  [jvm.dll+0x2150b1]
V  [jvm.dll+0x1a1bbd]
V  [jvm.dll+0x224908]
V  [jvm.dll+0x222a6c]
V  [jvm.dll+0x7859bb]
V  [jvm.dll+0x77ff7a]
V  [jvm.dll+0x66fa35]
C  [ucrtbase.dll+0x21bb2]
C  [KERNEL32.DLL+0x17614]
C  [ntdll.dll+0x526a1]


---------------  P R O C E S S  ---------------

Threads class SMR info:
_java_thread_list=0x0000029ebcd70050, length=187, elements={
0x0000029e99e062c0, 0x0000029eba40d270, 0x0000029eba40dff0, 0x0000029eba430c90,
0x0000029eba432560, 0x0000029eba432e20, 0x0000029eba4336e0, 0x0000029eba435390,
0x0000029eba439240, 0x0000029eba443b60, 0x0000029ebb113f30, 0x0000029ebb119a60,
0x0000029ebcaf5ac0, 0x0000029ebb2a5890, 0x0000029ebd612190, 0x0000029ebc672690,
0x0000029ebbc1e4a0, 0x0000029ebc6f2000, 0x0000029ebc6f28e0, 0x0000029ebc9a3e00,
0x0000029ebcf65a30, 0x0000029ebcf663d0, 0x0000029ebcf693f0, 0x0000029ebcf68a50,
0x0000029ebcf680b0, 0x0000029ebcf66d70, 0x0000029ebcf67710, 0x0000029ebcf68f20,
0x0000029ebcf67be0, 0x0000029ebcf68580, 0x0000029ebcf65f00, 0x0000029ebcf668a0,
0x0000029ebf342400, 0x0000029ebf341f30, 0x0000029ebf3428d0, 0x0000029ebf33c3c0,
0x0000029ebf33e570, 0x0000029ebf3410c0, 0x0000029ebf343c10, 0x0000029ebf342da0,
0x0000029ebf341590, 0x0000029ebf341a60, 0x0000029ebf33c890, 0x0000029ebf33f3e0,
0x0000029ebf33f8b0, 0x0000029ebf343270, 0x0000029ebf33fd80, 0x0000029ebf343740,
0x0000029ebf33cd60, 0x0000029ebf340250, 0x0000029ebf33d700, 0x0000029ebf33dbd0,
0x0000029ebf33ea40, 0x0000029ebeceba10, 0x0000029ebece6840, 0x0000029ebece4b60,
0x0000029ebece5ea0, 0x0000029ebecea200, 0x0000029ebeceb070, 0x0000029ebecea6d0,
0x0000029ebece7b80, 0x0000029ebece5030, 0x0000029ebeceb540, 0x0000029ebece71e0,
0x0000029ebece5500, 0x0000029ebece9860, 0x0000029ebece6d10, 0x0000029ebece6370,
0x0000029ebece8050, 0x0000029ebece59d0, 0x0000029ebece76b0, 0x0000029ebece8520,
0x0000029ebece89f0, 0x0000029ebeceaba0, 0x0000029ebece41c0, 0x0000029ebece4690,
0x0000029ebece8ec0, 0x0000029ebece9390, 0x0000029ebece9d30, 0x0000029ebeac6bb0,
0x0000029ebeac1510, 0x0000029ebeac7080, 0x0000029ebeac06a0, 0x0000029ebeac4ed0,
0x0000029ebeac53a0, 0x0000029ebeac7550, 0x0000029ebeac1040, 0x0000029ebeac7a20,
0x0000029ebeac4060, 0x0000029ebeac1eb0, 0x0000029ebeac4a00, 0x0000029ebeac7ef0,
0x0000029ebeac5870, 0x0000029ebeac5d40, 0x0000029ebeac31f0, 0x0000029ebeac6210,
0x0000029ebeac2380, 0x0000029ebeac2d20, 0x0000029ebeac3b90, 0x0000029ebeac4530,
0x0000029ec0a54d40, 0x0000029ec0a57d60, 0x0000029ec0a56080, 0x0000029ec0a58bd0,
0x0000029ec0a5bbf0, 0x0000029ec0a57890, 0x0000029ec0a58230, 0x0000029ec0a59570,
0x0000029ec0a5ad80, 0x0000029ec0a58700, 0x0000029ec0a5a3e0, 0x0000029ec0a54870,
0x0000029ec0a55bb0, 0x0000029ec0a55210, 0x0000029ec0a5b250, 0x0000029ec0a590a0,
0x0000029ec0a5b720, 0x0000029ec0a59a40, 0x0000029ec0a59f10, 0x0000029ec0a556e0,
0x0000029ec0a56a20, 0x0000029ec0a56ef0, 0x0000029ebd3dfb10, 0x0000029ebd3e0e50,
0x0000029ebd3dcaf0, 0x0000029ebd3df170, 0x0000029ebd3d9fa0, 0x0000029ebd3db2e0,
0x0000029ebd3deca0, 0x0000029ebd3dffe0, 0x0000029ebd3e04b0, 0x0000029ebd3e0980,
0x0000029ebd3dc150, 0x0000029ebd3dcfc0, 0x0000029ebd3d9600, 0x0000029ebd3dd490,
0x0000029ebd3df640, 0x0000029ebd3da940, 0x0000029ebd3dde30, 0x0000029ebd3dbc80,
0x0000029ebd3dc620, 0x0000029ebd3da470, 0x0000029ebd3de7d0, 0x0000029ebd3dd960,
0x0000029ebd3de300, 0x0000029ebd3dae10, 0x0000029ebff023e0, 0x0000029ebff01570,
0x0000029ebff01a40, 0x0000029ebfefeef0, 0x0000029ebff01f10, 0x0000029ebff028b0,
0x0000029ebfeffd60, 0x0000029ebff00700, 0x0000029ebfefba00, 0x0000029ebfeff3c0,
0x0000029ebff00230, 0x0000029ebfefdbb0, 0x0000029ebfefbed0, 0x0000029ebfefb060,
0x0000029ebfefc3a0, 0x0000029ebfefb530, 0x0000029ebfefcd40, 0x0000029ebfefc870,
0x0000029ebfefd210, 0x0000029ebfefd6e0, 0x0000029ebfefe080, 0x0000029ebfefe550,
0x0000029ebfeff890, 0x0000029ebfefea20, 0x0000029ebff00bd0, 0x0000029ebff010a0,
0x0000029ebd3d9ad0, 0x0000029ebd3db7b0, 0x0000029ec1067a60, 0x0000029ec1067f30,
0x0000029ec1062890, 0x0000029ec10640a0, 0x0000029ec10623c0, 0x0000029ec1068400,
0x0000029ec1066bf0, 0x0000029ec1065d80, 0x0000029ec1064570, 0x0000029ec1064a40,
0x0000029ebce29810, 0x0000029ebce288e0, 0x0000029ec1063230
}

Java Threads: ( => current thread )
  0x0000029e99e062c0 JavaThread "main" [_thread_blocked, id=2364, stack(0x000000d04db00000,0x000000d04dc00000)]
  0x0000029eba40d270 JavaThread "Reference Handler" daemon [_thread_blocked, id=11632, stack(0x000000d04e200000,0x000000d04e300000)]
  0x0000029eba40dff0 JavaThread "Finalizer" daemon [_thread_blocked, id=15820, stack(0x000000d04e300000,0x000000d04e400000)]
  0x0000029eba430c90 JavaThread "Signal Dispatcher" daemon [_thread_blocked, id=14148, stack(0x000000d04e400000,0x000000d04e500000)]
  0x0000029eba432560 JavaThread "Attach Listener" daemon [_thread_blocked, id=12504, stack(0x000000d04e500000,0x000000d04e600000)]
  0x0000029eba432e20 JavaThread "Service Thread" daemon [_thread_blocked, id=9712, stack(0x000000d04e600000,0x000000d04e700000)]
  0x0000029eba4336e0 JavaThread "Monitor Deflation Thread" daemon [_thread_blocked, id=828, stack(0x000000d04e700000,0x000000d04e800000)]
=>0x0000029eba435390 JavaThread "C2 CompilerThread0" daemon [_thread_in_native, id=4288, stack(0x000000d04e800000,0x000000d04e900000)]
  0x0000029eba439240 JavaThread "C1 CompilerThread0" daemon [_thread_blocked, id=8000, stack(0x000000d04e900000,0x000000d04ea00000)]
  0x0000029eba443b60 JavaThread "Sweeper thread" daemon [_thread_blocked, id=15664, stack(0x000000d04ea00000,0x000000d04eb00000)]
  0x0000029ebb113f30 JavaThread "Common-Cleaner" daemon [_thread_blocked, id=14780, stack(0x000000d04eb00000,0x000000d04ec00000)]
  0x0000029ebb119a60 JavaThread "Notification Thread" daemon [_thread_blocked, id=12008, stack(0x000000d04ec00000,0x000000d04ed00000)]
  0x0000029ebcaf5ac0 JavaThread "Daemon health stats" [_thread_blocked, id=16200, stack(0x000000d04f500000,0x000000d04f600000)]
  0x0000029ebb2a5890 JavaThread "Incoming local TCP Connector on port 62020" [_thread_in_native, id=6352, stack(0x000000d04ee00000,0x000000d04ef00000)]
  0x0000029ebd612190 JavaThread "Daemon periodic checks" [_thread_blocked, id=632, stack(0x000000d04ef00000,0x000000d04f000000)]
  0x0000029ebc672690 JavaThread "Daemon" [_thread_blocked, id=612, stack(0x000000d04f600000,0x000000d04f700000)]
  0x0000029ebbc1e4a0 JavaThread "Handler for socket connection from /127.0.0.1:62020 to /127.0.0.1:62021" [_thread_in_native, id=15036, stack(0x000000d04f700000,0x000000d04f800000)]
  0x0000029ebc6f2000 JavaThread "Cancel handler" [_thread_blocked, id=15528, stack(0x000000d04f800000,0x000000d04f900000)]
  0x0000029ebc6f28e0 JavaThread "Daemon worker" [_thread_blocked, id=15544, stack(0x000000d04f900000,0x000000d04fa00000)]
  0x0000029ebc9a3e00 JavaThread "Asynchronous log dispatcher for DefaultDaemonConnection: socket connection from /127.0.0.1:62020 to /127.0.0.1:62021" [_thread_blocked, id=9576, stack(0x000000d04fa00000,0x000000d04fb00000)]
  0x0000029ebcf65a30 JavaThread "Stdin handler" [_thread_blocked, id=8056, stack(0x000000d04fb00000,0x000000d04fc00000)]
  0x0000029ebcf663d0 JavaThread "Daemon client event forwarder" [_thread_blocked, id=5684, stack(0x000000d04fc00000,0x000000d04fd00000)]
  0x0000029ebcf693f0 JavaThread "Cache worker for journal cache (C:\Users\Valiantdata_hs\.gradle\caches\journal-1)" [_thread_blocked, id=13720, stack(0x000000d04fd00000,0x000000d04fe00000)]
  0x0000029ebcf68a50 JavaThread "File lock request listener" [_thread_in_native, id=11044, stack(0x000000d04fe00000,0x000000d04ff00000)]
  0x0000029ebcf680b0 JavaThread "Cache worker for file hash cache (C:\Users\Valiantdata_hs\.gradle\caches\7.5.1\fileHashes)" [_thread_blocked, id=2516, stack(0x000000d04ff00000,0x000000d050000000)]
  0x0000029ebcf66d70 JavaThread "File watcher server" daemon [_thread_in_native, id=13624, stack(0x000000d050200000,0x000000d050300000)]
  0x0000029ebcf67710 JavaThread "File watcher consumer" daemon [_thread_blocked, id=14456, stack(0x000000d050300000,0x000000d050400000)]
  0x0000029ebcf68f20 JavaThread "Cache worker for checksums cache (D:\0.React-native\SafetyCulture\android\.gradle\7.5.1\checksums)" [_thread_blocked, id=16148, stack(0x000000d050400000,0x000000d050500000)]
  0x0000029ebcf67be0 JavaThread "Cache worker for cache directory md-rule (C:\Users\Valiantdata_hs\.gradle\caches\7.5.1\md-rule)" [_thread_blocked, id=16256, stack(0x000000d050500000,0x000000d050600000)]
  0x0000029ebcf68580 JavaThread "Cache worker for file content cache (C:\Users\Valiantdata_hs\.gradle\caches\7.5.1\fileContent)" [_thread_blocked, id=7068, stack(0x000000d050600000,0x000000d050700000)]
  0x0000029ebcf65f00 JavaThread "Cache worker for file hash cache (D:\0.React-native\SafetyCulture\android\.gradle\7.5.1\fileHashes)" [_thread_blocked, id=11096, stack(0x000000d050700000,0x000000d050800000)]
  0x0000029ebcf668a0 JavaThread "Cache worker for cache directory md-supplier (C:\Users\Valiantdata_hs\.gradle\caches\7.5.1\md-supplier)" [_thread_blocked, id=11488, stack(0x000000d050800000,0x000000d050900000)]
  0x0000029ebf342400 JavaThread "Cache worker for execution history cache (C:\Users\Valiantdata_hs\.gradle\caches\7.5.1\executionHistory)" [_thread_blocked, id=14104, stack(0x000000d050f00000,0x000000d051000000)]
  0x0000029ebf341f30 JavaThread "jar transforms" [_thread_blocked, id=15508, stack(0x000000d051000000,0x000000d051100000)]
  0x0000029ebf3428d0 JavaThread "jar transforms Thread 2" [_thread_blocked, id=1960, stack(0x000000d051100000,0x000000d051200000)]
  0x0000029ebf33c3c0 JavaThread "jar transforms Thread 3" [_thread_blocked, id=9200, stack(0x000000d051200000,0x000000d051300000)]
  0x0000029ebf33e570 JavaThread "jar transforms Thread 4" [_thread_blocked, id=11180, stack(0x000000d051300000,0x000000d051400000)]
  0x0000029ebf3410c0 JavaThread "Cache worker for kotlin-dsl (C:\Users\Valiantdata_hs\.gradle\caches\7.5.1\kotlin-dsl)" [_thread_blocked, id=3304, stack(0x000000d051400000,0x000000d051500000)]
  0x0000029ebf343c10 JavaThread "jar transforms Thread 5" [_thread_blocked, id=10280, stack(0x000000d051500000,0x000000d051600000)]
  0x0000029ebf342da0 JavaThread "jar transforms Thread 6" [_thread_blocked, id=6776, stack(0x000000d051600000,0x000000d051700000)]
  0x0000029ebf341590 JavaThread "Cache worker for dependencies-accessors (D:\0.React-native\SafetyCulture\android\.gradle\7.5.1\dependencies-accessors)" [_thread_blocked, id=3544, stack(0x000000d051700000,0x000000d051800000)]
  0x0000029ebf341a60 JavaThread "Cache worker for Build Output Cleanup Cache (D:\0.React-native\SafetyCulture\node_modules\react-native-gradle-plugin\.gradle\buildOutputCleanup)" [_thread_blocked, id=13740, stack(0x000000d051800000,0x000000d051900000)]
  0x0000029ebf33c890 JavaThread "jar transforms Thread 7" [_thread_blocked, id=2040, stack(0x000000d051900000,0x000000d051a00000)]
  0x0000029ebf33f3e0 JavaThread "Unconstrained build operations" [_thread_blocked, id=4368, stack(0x000000d051a00000,0x000000d051b00000)]
  0x0000029ebf33f8b0 JavaThread "Unconstrained build operations Thread 2" [_thread_blocked, id=6796, stack(0x000000d051b00000,0x000000d051c00000)]
  0x0000029ebf343270 JavaThread "Unconstrained build operations Thread 3" [_thread_blocked, id=1784, stack(0x000000d051c00000,0x000000d051d00000)]
  0x0000029ebf33fd80 JavaThread "Unconstrained build operations Thread 4" [_thread_blocked, id=300, stack(0x000000d051d00000,0x000000d051e00000)]
  0x0000029ebf343740 JavaThread "Unconstrained build operations Thread 5" [_thread_blocked, id=10128, stack(0x000000d051e00000,0x000000d051f00000)]
  0x0000029ebf33cd60 JavaThread "Unconstrained build operations Thread 6" [_thread_blocked, id=11636, stack(0x000000d051f00000,0x000000d052000000)]
  0x0000029ebf340250 JavaThread "Unconstrained build operations Thread 7" [_thread_blocked, id=1880, stack(0x000000d052000000,0x000000d052100000)]
  0x0000029ebf33d700 JavaThread "Unconstrained build operations Thread 8" [_thread_blocked, id=16304, stack(0x000000d052100000,0x000000d052200000)]
  0x0000029ebf33dbd0 JavaThread "Unconstrained build operations Thread 9" [_thread_blocked, id=7528, stack(0x000000d052200000,0x000000d052300000)]
  0x0000029ebf33ea40 JavaThread "Unconstrained build operations Thread 10" [_thread_blocked, id=6668, stack(0x000000d052300000,0x000000d052400000)]
  0x0000029ebeceba10 JavaThread "Unconstrained build operations Thread 11" [_thread_blocked, id=7280, stack(0x000000d052400000,0x000000d052500000)]
  0x0000029ebece6840 JavaThread "Unconstrained build operations Thread 12" [_thread_blocked, id=4388, stack(0x000000d052500000,0x000000d052600000)]
  0x0000029ebece4b60 JavaThread "Unconstrained build operations Thread 13" [_thread_blocked, id=6896, stack(0x000000d052600000,0x000000d052700000)]
  0x0000029ebece5ea0 JavaThread "Unconstrained build operations Thread 14" [_thread_blocked, id=6576, stack(0x000000d052700000,0x000000d052800000)]
  0x0000029ebecea200 JavaThread "Unconstrained build operations Thread 15" [_thread_blocked, id=15368, stack(0x000000d052800000,0x000000d052900000)]
  0x0000029ebeceb070 JavaThread "Unconstrained build operations Thread 16" [_thread_blocked, id=12328, stack(0x000000d052900000,0x000000d052a00000)]
  0x0000029ebecea6d0 JavaThread "Unconstrained build operations Thread 17" [_thread_blocked, id=8076, stack(0x000000d052a00000,0x000000d052b00000)]
  0x0000029ebece7b80 JavaThread "Unconstrained build operations Thread 18" [_thread_blocked, id=14396, stack(0x000000d052b00000,0x000000d052c00000)]
  0x0000029ebece5030 JavaThread "Unconstrained build operations Thread 19" [_thread_blocked, id=4936, stack(0x000000d052c00000,0x000000d052d00000)]
  0x0000029ebeceb540 JavaThread "Unconstrained build operations Thread 20" [_thread_blocked, id=14492, stack(0x000000d052d00000,0x000000d052e00000)]
  0x0000029ebece71e0 JavaThread "Unconstrained build operations Thread 21" [_thread_blocked, id=14000, stack(0x000000d052e00000,0x000000d052f00000)]
  0x0000029ebece5500 JavaThread "Unconstrained build operations Thread 22" [_thread_blocked, id=2148, stack(0x000000d052f00000,0x000000d053000000)]
  0x0000029ebece9860 JavaThread "Unconstrained build operations Thread 23" [_thread_blocked, id=2292, stack(0x000000d053000000,0x000000d053100000)]
  0x0000029ebece6d10 JavaThread "Unconstrained build operations Thread 24" [_thread_blocked, id=6132, stack(0x000000d053100000,0x000000d053200000)]
  0x0000029ebece6370 JavaThread "Unconstrained build operations Thread 25" [_thread_blocked, id=8136, stack(0x000000d053200000,0x000000d053300000)]
  0x0000029ebece8050 JavaThread "Unconstrained build operations Thread 26" [_thread_blocked, id=6940, stack(0x000000d053300000,0x000000d053400000)]
  0x0000029ebece59d0 JavaThread "Unconstrained build operations Thread 27" [_thread_blocked, id=13996, stack(0x000000d053400000,0x000000d053500000)]
  0x0000029ebece76b0 JavaThread "Unconstrained build operations Thread 28" [_thread_blocked, id=12064, stack(0x000000d053500000,0x000000d053600000)]
  0x0000029ebece8520 JavaThread "Unconstrained build operations Thread 29" [_thread_blocked, id=5012, stack(0x000000d053600000,0x000000d053700000)]
  0x0000029ebece89f0 JavaThread "Unconstrained build operations Thread 30" [_thread_blocked, id=6880, stack(0x000000d053700000,0x000000d053800000)]
  0x0000029ebeceaba0 JavaThread "Unconstrained build operations Thread 31" [_thread_blocked, id=4292, stack(0x000000d053800000,0x000000d053900000)]
  0x0000029ebece41c0 JavaThread "Unconstrained build operations Thread 32" [_thread_blocked, id=4088, stack(0x000000d053900000,0x000000d053a00000)]
  0x0000029ebece4690 JavaThread "Unconstrained build operations Thread 33" [_thread_blocked, id=1164, stack(0x000000d053a00000,0x000000d053b00000)]
  0x0000029ebece8ec0 JavaThread "jar transforms Thread 8" [_thread_blocked, id=13892, stack(0x000000d053b00000,0x000000d053c00000)]
  0x0000029ebece9390 JavaThread "jar transforms Thread 9" [_thread_blocked, id=4508, stack(0x000000d053c00000,0x000000d053d00000)]
  0x0000029ebece9d30 JavaThread "jar transforms Thread 10" [_thread_blocked, id=3816, stack(0x000000d053d00000,0x000000d053e00000)]
  0x0000029ebeac6bb0 JavaThread "jar transforms Thread 11" [_thread_blocked, id=6324, stack(0x000000d053e00000,0x000000d053f00000)]
  0x0000029ebeac1510 JavaThread "jar transforms Thread 12" [_thread_blocked, id=13800, stack(0x000000d053f00000,0x000000d054000000)]
  0x0000029ebeac7080 JavaThread "build event listener" [_thread_blocked, id=4184, stack(0x000000d054000000,0x000000d054100000)]
  0x0000029ebeac06a0 JavaThread "Memory manager" [_thread_blocked, id=9800, stack(0x000000d054100000,0x000000d054200000)]
  0x0000029ebeac4ed0 JavaThread "Cache worker for Build Output Cleanup Cache (D:\0.React-native\SafetyCulture\android\.gradle\buildOutputCleanup)" [_thread_blocked, id=13560, stack(0x000000d054200000,0x000000d054300000)]
  0x0000029ebeac53a0 JavaThread "included builds" [_thread_blocked, id=15608, stack(0x000000d054300000,0x000000d054400000)]
  0x0000029ebeac7550 JavaThread "Execution worker" [_thread_blocked, id=2128, stack(0x000000d054400000,0x000000d054500000)]
  0x0000029ebeac1040 JavaThread "Execution worker Thread 2" [_thread_blocked, id=11004, stack(0x000000d054500000,0x000000d054600000)]
  0x0000029ebeac7a20 JavaThread "Execution worker Thread 3" [_thread_blocked, id=1084, stack(0x000000d054600000,0x000000d054700000)]
  0x0000029ebeac4060 JavaThread "Execution worker Thread 4" [_thread_blocked, id=1200, stack(0x000000d054700000,0x000000d054800000)]
  0x0000029ebeac1eb0 JavaThread "Execution worker Thread 5" [_thread_blocked, id=9824, stack(0x000000d054800000,0x000000d054900000)]
  0x0000029ebeac4a00 JavaThread "Execution worker Thread 6" [_thread_blocked, id=3048, stack(0x000000d054900000,0x000000d054a00000)]
  0x0000029ebeac7ef0 JavaThread "Execution worker Thread 7" [_thread_blocked, id=15596, stack(0x000000d054a00000,0x000000d054b00000)]
  0x0000029ebeac5870 JavaThread "Execution worker Thread 8" [_thread_in_Java, id=10916, stack(0x000000d054b00000,0x000000d054c00000)]
  0x0000029ebeac5d40 JavaThread "Execution worker Thread 9" [_thread_blocked, id=15644, stack(0x000000d054c00000,0x000000d054d00000)]
  0x0000029ebeac31f0 JavaThread "Execution worker Thread 10" [_thread_blocked, id=4476, stack(0x000000d054d00000,0x000000d054e00000)]
  0x0000029ebeac6210 JavaThread "Execution worker Thread 11" [_thread_blocked, id=4268, stack(0x000000d054e00000,0x000000d054f00000)]
  0x0000029ebeac2380 JavaThread "Cache worker for execution history cache (D:\0.React-native\SafetyCulture\node_modules\react-native-gradle-plugin\.gradle\7.5.1\executionHistory)" [_thread_blocked, id=3500, stack(0x000000d054f00000,0x000000d055000000)]
  0x0000029ebeac2d20 JavaThread "Unconstrained build operations Thread 34" [_thread_blocked, id=14204, stack(0x000000d055000000,0x000000d055100000)]
  0x0000029ebeac3b90 JavaThread "Unconstrained build operations Thread 35" [_thread_blocked, id=13692, stack(0x000000d055100000,0x000000d055200000)]
  0x0000029ebeac4530 JavaThread "Unconstrained build operations Thread 36" [_thread_blocked, id=2896, stack(0x000000d055200000,0x000000d055300000)]
  0x0000029ec0a54d40 JavaThread "Unconstrained build operations Thread 37" [_thread_blocked, id=4588, stack(0x000000d055300000,0x000000d055400000)]
  0x0000029ec0a57d60 JavaThread "Unconstrained build operations Thread 38" [_thread_blocked, id=13128, stack(0x000000d055400000,0x000000d055500000)]
  0x0000029ec0a56080 JavaThread "Unconstrained build operations Thread 39" [_thread_blocked, id=3944, stack(0x000000d055500000,0x000000d055600000)]
  0x0000029ec0a58bd0 JavaThread "Unconstrained build operations Thread 40" [_thread_blocked, id=14184, stack(0x000000d055600000,0x000000d055700000)]
  0x0000029ec0a5bbf0 JavaThread "Unconstrained build operations Thread 41" [_thread_blocked, id=6268, stack(0x000000d055700000,0x000000d055800000)]
  0x0000029ec0a57890 JavaThread "Unconstrained build operations Thread 42" [_thread_blocked, id=2340, stack(0x000000d055800000,0x000000d055900000)]
  0x0000029ec0a58230 JavaThread "Unconstrained build operations Thread 43" [_thread_blocked, id=11060, stack(0x000000d055900000,0x000000d055a00000)]
  0x0000029ec0a59570 JavaThread "Unconstrained build operations Thread 44" [_thread_blocked, id=7460, stack(0x000000d055a00000,0x000000d055b00000)]
  0x0000029ec0a5ad80 JavaThread "Unconstrained build operations Thread 45" [_thread_blocked, id=11684, stack(0x000000d055b00000,0x000000d055c00000)]
  0x0000029ec0a58700 JavaThread "Unconstrained build operations Thread 46" [_thread_blocked, id=15552, stack(0x000000d055c00000,0x000000d055d00000)]
  0x0000029ec0a5a3e0 JavaThread "Unconstrained build operations Thread 47" [_thread_blocked, id=13636, stack(0x000000d055d00000,0x000000d055e00000)]
  0x0000029ec0a54870 JavaThread "Unconstrained build operations Thread 48" [_thread_blocked, id=11152, stack(0x000000d055e00000,0x000000d055f00000)]
  0x0000029ec0a55bb0 JavaThread "Unconstrained build operations Thread 49" [_thread_blocked, id=12756, stack(0x000000d055f00000,0x000000d056000000)]
  0x0000029ec0a55210 JavaThread "Unconstrained build operations Thread 50" [_thread_blocked, id=2748, stack(0x000000d056000000,0x000000d056100000)]
  0x0000029ec0a5b250 JavaThread "Unconstrained build operations Thread 51" [_thread_blocked, id=14416, stack(0x000000d056100000,0x000000d056200000)]
  0x0000029ec0a590a0 JavaThread "Unconstrained build operations Thread 52" [_thread_blocked, id=3176, stack(0x000000d056200000,0x000000d056300000)]
  0x0000029ec0a5b720 JavaThread "Unconstrained build operations Thread 53" [_thread_blocked, id=6544, stack(0x000000d056300000,0x000000d056400000)]
  0x0000029ec0a59a40 JavaThread "Unconstrained build operations Thread 54" [_thread_blocked, id=8104, stack(0x000000d056400000,0x000000d056500000)]
  0x0000029ec0a59f10 JavaThread "Unconstrained build operations Thread 55" [_thread_blocked, id=14808, stack(0x000000d056500000,0x000000d056600000)]
  0x0000029ec0a556e0 JavaThread "Unconstrained build operations Thread 56" [_thread_blocked, id=11880, stack(0x000000d056600000,0x000000d056700000)]
  0x0000029ec0a56a20 JavaThread "Unconstrained build operations Thread 57" [_thread_blocked, id=16212, stack(0x000000d056700000,0x000000d056800000)]
  0x0000029ec0a56ef0 JavaThread "Unconstrained build operations Thread 58" [_thread_blocked, id=2308, stack(0x000000d056800000,0x000000d056900000)]
  0x0000029ebd3dfb10 JavaThread "Unconstrained build operations Thread 59" [_thread_blocked, id=13552, stack(0x000000d056900000,0x000000d056a00000)]
  0x0000029ebd3e0e50 JavaThread "Unconstrained build operations Thread 60" [_thread_blocked, id=860, stack(0x000000d056a00000,0x000000d056b00000)]
  0x0000029ebd3dcaf0 JavaThread "Unconstrained build operations Thread 61" [_thread_blocked, id=4200, stack(0x000000d056b00000,0x000000d056c00000)]
  0x0000029ebd3df170 JavaThread "Unconstrained build operations Thread 62" [_thread_blocked, id=11992, stack(0x000000d056c00000,0x000000d056d00000)]
  0x0000029ebd3d9fa0 JavaThread "Unconstrained build operations Thread 63" [_thread_blocked, id=1844, stack(0x000000d056d00000,0x000000d056e00000)]
  0x0000029ebd3db2e0 JavaThread "Unconstrained build operations Thread 64" [_thread_blocked, id=10852, stack(0x000000d056e00000,0x000000d056f00000)]
  0x0000029ebd3deca0 JavaThread "Unconstrained build operations Thread 65" [_thread_blocked, id=15228, stack(0x000000d056f00000,0x000000d057000000)]
  0x0000029ebd3dffe0 JavaThread "Unconstrained build operations Thread 66" [_thread_blocked, id=14840, stack(0x000000d057000000,0x000000d057100000)]
  0x0000029ebd3e04b0 JavaThread "Unconstrained build operations Thread 67" [_thread_blocked, id=16052, stack(0x000000d057100000,0x000000d057200000)]
  0x0000029ebd3e0980 JavaThread "Unconstrained build operations Thread 68" [_thread_blocked, id=11444, stack(0x000000d057200000,0x000000d057300000)]
  0x0000029ebd3dc150 JavaThread "Unconstrained build operations Thread 69" [_thread_blocked, id=2076, stack(0x000000d057300000,0x000000d057400000)]
  0x0000029ebd3dcfc0 JavaThread "Unconstrained build operations Thread 70" [_thread_blocked, id=1388, stack(0x000000d057400000,0x000000d057500000)]
  0x0000029ebd3d9600 JavaThread "Unconstrained build operations Thread 71" [_thread_blocked, id=13524, stack(0x000000d057500000,0x000000d057600000)]
  0x0000029ebd3dd490 JavaThread "Unconstrained build operations Thread 72" [_thread_blocked, id=8644, stack(0x000000d057600000,0x000000d057700000)]
  0x0000029ebd3df640 JavaThread "Unconstrained build operations Thread 73" [_thread_blocked, id=13224, stack(0x000000d057700000,0x000000d057800000)]
  0x0000029ebd3da940 JavaThread "Unconstrained build operations Thread 74" [_thread_blocked, id=12580, stack(0x000000d057800000,0x000000d057900000)]
  0x0000029ebd3dde30 JavaThread "Unconstrained build operations Thread 75" [_thread_blocked, id=14508, stack(0x000000d057900000,0x000000d057a00000)]
  0x0000029ebd3dbc80 JavaThread "Unconstrained build operations Thread 76" [_thread_blocked, id=4932, stack(0x000000d057a00000,0x000000d057b00000)]
  0x0000029ebd3dc620 JavaThread "Unconstrained build operations Thread 77" [_thread_blocked, id=11244, stack(0x000000d057b00000,0x000000d057c00000)]
  0x0000029ebd3da470 JavaThread "Unconstrained build operations Thread 78" [_thread_blocked, id=12684, stack(0x000000d057c00000,0x000000d057d00000)]
  0x0000029ebd3de7d0 JavaThread "Unconstrained build operations Thread 79" [_thread_blocked, id=12368, stack(0x000000d057d00000,0x000000d057e00000)]
  0x0000029ebd3dd960 JavaThread "Unconstrained build operations Thread 80" [_thread_blocked, id=8864, stack(0x000000d057e00000,0x000000d057f00000)]
  0x0000029ebd3de300 JavaThread "Unconstrained build operations Thread 81" [_thread_blocked, id=7720, stack(0x000000d057f00000,0x000000d058000000)]
  0x0000029ebd3dae10 JavaThread "Unconstrained build operations Thread 82" [_thread_blocked, id=7380, stack(0x000000d058000000,0x000000d058100000)]
  0x0000029ebff023e0 JavaThread "Unconstrained build operations Thread 83" [_thread_blocked, id=15500, stack(0x000000d058100000,0x000000d058200000)]
  0x0000029ebff01570 JavaThread "Unconstrained build operations Thread 84" [_thread_blocked, id=6428, stack(0x000000d058200000,0x000000d058300000)]
  0x0000029ebff01a40 JavaThread "Unconstrained build operations Thread 85" [_thread_blocked, id=13888, stack(0x000000d058300000,0x000000d058400000)]
  0x0000029ebfefeef0 JavaThread "Unconstrained build operations Thread 86" [_thread_blocked, id=2700, stack(0x000000d058400000,0x000000d058500000)]
  0x0000029ebff01f10 JavaThread "Unconstrained build operations Thread 87" [_thread_blocked, id=4952, stack(0x000000d058500000,0x000000d058600000)]
  0x0000029ebff028b0 JavaThread "Unconstrained build operations Thread 88" [_thread_blocked, id=8832, stack(0x000000d058600000,0x000000d058700000)]
  0x0000029ebfeffd60 JavaThread "Unconstrained build operations Thread 89" [_thread_blocked, id=15768, stack(0x000000d058700000,0x000000d058800000)]
  0x0000029ebff00700 JavaThread "Unconstrained build operations Thread 90" [_thread_blocked, id=8652, stack(0x000000d058800000,0x000000d058900000)]
  0x0000029ebfefba00 JavaThread "Unconstrained build operations Thread 91" [_thread_blocked, id=8400, stack(0x000000d058900000,0x000000d058a00000)]
  0x0000029ebfeff3c0 JavaThread "Unconstrained build operations Thread 92" [_thread_blocked, id=15044, stack(0x000000d058a00000,0x000000d058b00000)]
  0x0000029ebff00230 JavaThread "Unconstrained build operations Thread 93" [_thread_blocked, id=11496, stack(0x000000d058b00000,0x000000d058c00000)]
  0x0000029ebfefdbb0 JavaThread "Unconstrained build operations Thread 94" [_thread_blocked, id=15488, stack(0x000000d058c00000,0x000000d058d00000)]
  0x0000029ebfefbed0 JavaThread "Unconstrained build operations Thread 95" [_thread_blocked, id=6916, stack(0x000000d058d00000,0x000000d058e00000)]
  0x0000029ebfefb060 JavaThread "Unconstrained build operations Thread 96" [_thread_blocked, id=9676, stack(0x000000d058e00000,0x000000d058f00000)]
  0x0000029ebfefc3a0 JavaThread "Unconstrained build operations Thread 97" [_thread_blocked, id=11388, stack(0x000000d058f00000,0x000000d059000000)]
  0x0000029ebfefb530 JavaThread "Unconstrained build operations Thread 98" [_thread_blocked, id=16072, stack(0x000000d059000000,0x000000d059100000)]
  0x0000029ebfefcd40 JavaThread "Unconstrained build operations Thread 99" [_thread_blocked, id=2652, stack(0x000000d059100000,0x000000d059200000)]
  0x0000029ebfefc870 JavaThread "Unconstrained build operations Thread 100" [_thread_blocked, id=1768, stack(0x000000d059200000,0x000000d059300000)]
  0x0000029ebfefd210 JavaThread "Unconstrained build operations Thread 101" [_thread_blocked, id=2412, stack(0x000000d059300000,0x000000d059400000)]
  0x0000029ebfefd6e0 JavaThread "Unconstrained build operations Thread 102" [_thread_blocked, id=8696, stack(0x000000d059400000,0x000000d059500000)]
  0x0000029ebfefe080 JavaThread "Unconstrained build operations Thread 103" [_thread_blocked, id=7488, stack(0x000000d059500000,0x000000d059600000)]
  0x0000029ebfefe550 JavaThread "Unconstrained build operations Thread 104" [_thread_blocked, id=13296, stack(0x000000d059600000,0x000000d059700000)]
  0x0000029ebfeff890 JavaThread "Unconstrained build operations Thread 105" [_thread_blocked, id=3828, stack(0x000000d059700000,0x000000d059800000)]
  0x0000029ebfefea20 JavaThread "Unconstrained build operations Thread 106" [_thread_blocked, id=12344, stack(0x000000d059800000,0x000000d059900000)]
  0x0000029ebff00bd0 JavaThread "Unconstrained build operations Thread 107" [_thread_blocked, id=8324, stack(0x000000d059900000,0x000000d059a00000)]
  0x0000029ebff010a0 JavaThread "Unconstrained build operations Thread 108" [_thread_blocked, id=14468, stack(0x000000d059a00000,0x000000d059b00000)]
  0x0000029ebd3d9ad0 JavaThread "Unconstrained build operations Thread 109" [_thread_blocked, id=14860, stack(0x000000d059b00000,0x000000d059c00000)]
  0x0000029ebd3db7b0 JavaThread "Unconstrained build operations Thread 110" [_thread_blocked, id=13324, stack(0x000000d059c00000,0x000000d059d00000)]
  0x0000029ec1067a60 JavaThread "Unconstrained build operations Thread 111" [_thread_blocked, id=2996, stack(0x000000d059d00000,0x000000d059e00000)]
  0x0000029ec1067f30 JavaThread "Unconstrained build operations Thread 112" [_thread_blocked, id=15524, stack(0x000000d059e00000,0x000000d059f00000)]
  0x0000029ec1062890 JavaThread "Unconstrained build operations Thread 113" [_thread_blocked, id=4428, stack(0x000000d059f00000,0x000000d05a000000)]
  0x0000029ec10640a0 JavaThread "Unconstrained build operations Thread 114" [_thread_blocked, id=8984, stack(0x000000d05a000000,0x000000d05a100000)]
  0x0000029ec10623c0 JavaThread "Unconstrained build operations Thread 115" [_thread_blocked, id=4584, stack(0x000000d05a100000,0x000000d05a200000)]
  0x0000029ec1068400 JavaThread "Unconstrained build operations Thread 116" [_thread_blocked, id=2644, stack(0x000000d05a200000,0x000000d05a300000)]
  0x0000029ec1066bf0 JavaThread "Unconstrained build operations Thread 117" [_thread_blocked, id=6740, stack(0x000000d05a300000,0x000000d05a400000)]
  0x0000029ec1065d80 JavaThread "Unconstrained build operations Thread 118" [_thread_blocked, id=15880, stack(0x000000d05a400000,0x000000d05a500000)]
  0x0000029ec1064570 JavaThread "Unconstrained build operations Thread 119" [_thread_blocked, id=1700, stack(0x000000d05a500000,0x000000d05a600000)]
  0x0000029ec1064a40 JavaThread "Unconstrained build operations Thread 120" [_thread_blocked, id=10252, stack(0x000000d05a600000,0x000000d05a700000)]
  0x0000029ebce29810 JavaThread "C2 CompilerThread1" daemon [_thread_in_native, id=13308, stack(0x000000d050000000,0x000000d050100000)]
  0x0000029ebce288e0 JavaThread "C2 CompilerThread2" daemon [_thread_in_native, id=9116, stack(0x000000d050100000,0x000000d050200000)]
  0x0000029ec1063230 JavaThread "Cache worker for execution history cache (D:\0.React-native\SafetyCulture\android\.gradle\7.5.1\executionHistory)" [_thread_blocked, id=1920, stack(0x000000d05a700000,0x000000d05a800000)]

Other Threads:
  0x0000029eba409770 VMThread "VM Thread" [stack: 0x000000d04e100000,0x000000d04e200000] [id=3688]
  0x0000029eba411d20 WatcherThread [stack: 0x000000d04ed00000,0x000000d04ee00000] [id=16336]
  0x0000029e99e490c0 GCTaskThread "GC Thread#0" [stack: 0x000000d04dc00000,0x000000d04dd00000] [id=13696]
  0x0000029ebb961cb0 GCTaskThread "GC Thread#1" [stack: 0x000000d04f000000,0x000000d04f100000] [id=6456]
  0x0000029ebc2c4920 GCTaskThread "GC Thread#2" [stack: 0x000000d04f100000,0x000000d04f200000] [id=10908]
  0x0000029ebb9bb240 GCTaskThread "GC Thread#3" [stack: 0x000000d04f200000,0x000000d04f300000] [id=11608]
  0x0000029ebb9bb4f0 GCTaskThread "GC Thread#4" [stack: 0x000000d04f300000,0x000000d04f400000] [id=8388]
  0x0000029ebc2bc1f0 GCTaskThread "GC Thread#5" [stack: 0x000000d04f400000,0x000000d04f500000] [id=15952]
  0x0000029ebee49670 GCTaskThread "GC Thread#6" [stack: 0x000000d050900000,0x000000d050a00000] [id=8800]
  0x0000029ebee48bb0 GCTaskThread "GC Thread#7" [stack: 0x000000d050a00000,0x000000d050b00000] [id=3428]
  0x0000029ebee48e60 GCTaskThread "GC Thread#8" [stack: 0x000000d050b00000,0x000000d050c00000] [id=14068]
  0x0000029ebee4a3e0 GCTaskThread "GC Thread#9" [stack: 0x000000d050c00000,0x000000d050d00000] [id=1500]
  0x0000029e99e5af20 ConcurrentGCThread "G1 Main Marker" [stack: 0x000000d04dd00000,0x000000d04de00000] [id=16360]
  0x0000029e99e5bfe0 ConcurrentGCThread "G1 Conc#0" [stack: 0x000000d04de00000,0x000000d04df00000] [id=13368]
  0x0000029ebee49110 ConcurrentGCThread "G1 Conc#1" [stack: 0x000000d050d00000,0x000000d050e00000] [id=6932]
  0x0000029ebee49920 ConcurrentGCThread "G1 Conc#2" [stack: 0x000000d050e00000,0x000000d050f00000] [id=13612]
  0x0000029eba2c2150 ConcurrentGCThread "G1 Refine#0" [stack: 0x000000d04df00000,0x000000d04e000000] [id=9828]
  0x0000029eba2c2980 ConcurrentGCThread "G1 Service" [stack: 0x000000d04e000000,0x000000d04e100000] [id=11480]

Threads with active compile tasks:
C2 CompilerThread0    13331 11100       4       org.gradle.internal.instantiation.generator.DependencyInjectingInstantiator::newInstance (8 bytes)
C2 CompilerThread1    13331 11138       4       org.gradle.api.internal.artifacts.result.DefaultResolutionResult::eachElement (92 bytes)
C2 CompilerThread2    13331 11327       4       org.gradle.internal.snapshot.ChildMap$Entry::handleAncestorDescendantOrExactMatch (110 bytes)

VM state: not at safepoint (normal execution)

VM Mutex/Monitor currently owned by a thread: None

Heap address: 0x0000000080000000, size: 2048 MB, Compressed Oops mode: 32-bit

CDS archive(s) mapped at: [0x0000000800000000-0x0000000800bc0000-0x0000000800bc0000), size 12320768, SharedBaseAddress: 0x0000000800000000, ArchiveRelocationMode: 0.
Compressed class space mapped at: 0x0000000800c00000-0x000000081a800000, reserved size: 432013312
Narrow klass base: 0x0000000800000000, Narrow klass shift: 0, Narrow klass range: 0x100000000

GC Precious Log:
 CPUs: 12 total, 12 available
 Memory: 15990M
 Large Page Support: Disabled
 NUMA Support: Disabled
 Compressed Oops: Enabled (32-bit)
 Heap Region Size: 1M
 Heap Min Capacity: 8M
 Heap Initial Capacity: 250M
 Heap Max Capacity: 2G
 Pre-touch: Disabled
 Parallel Workers: 10
 Concurrent Workers: 3
 Concurrent Refinement Workers: 10
 Periodic GC: Disabled

Heap:
 garbage-first heap   total 184320K, used 149026K [0x0000000080000000, 0x0000000100000000)
  region size 1024K, 50 young (51200K), 1 survivors (1024K)
 Metaspace       used 86670K, committed 87488K, reserved 503808K
  class space    used 12073K, committed 12480K, reserved 421888K

Heap Regions: E=young(eden), S=young(survivor), O=old, HS=humongous(starts), HC=humongous(continues), CS=collection set, F=free, OA=open archive, CA=closed archive, TAMS=top-at-mark-start (previous, next)
|   0|0x0000000080000000, 0x0000000080100000, 0x0000000080100000|100%| O|  |TAMS 0x0000000080100000, 0x0000000080000000| Untracked 
|   1|0x0000000080100000, 0x0000000080200000, 0x0000000080200000|100%| O|  |TAMS 0x0000000080200000, 0x0000000080100000| Untracked 
|   2|0x0000000080200000, 0x0000000080300000, 0x0000000080300000|100%| O|  |TAMS 0x0000000080300000, 0x0000000080200000| Untracked 
|   3|0x0000000080300000, 0x0000000080400000, 0x0000000080400000|100%|HS|  |TAMS 0x0000000080400000, 0x0000000080300000| Complete 
|   4|0x0000000080400000, 0x0000000080500000, 0x0000000080500000|100%|HC|  |TAMS 0x0000000080500000, 0x0000000080400000| Complete 
|   5|0x0000000080500000, 0x0000000080600000, 0x0000000080600000|100%|HC|  |TAMS 0x0000000080600000, 0x0000000080500000| Complete 
|   6|0x0000000080600000, 0x0000000080700000, 0x0000000080700000|100%| O|  |TAMS 0x0000000080700000, 0x0000000080600000| Untracked 
|   7|0x0000000080700000, 0x0000000080800000, 0x0000000080800000|100%| O|  |TAMS 0x0000000080800000, 0x0000000080700000| Untracked 
|   8|0x0000000080800000, 0x0000000080900000, 0x0000000080900000|100%| O|  |TAMS 0x0000000080900000, 0x0000000080800000| Untracked 
|   9|0x0000000080900000, 0x0000000080a00000, 0x0000000080a00000|100%| O|  |TAMS 0x0000000080a00000, 0x0000000080900000| Untracked 
|  10|0x0000000080a00000, 0x0000000080b00000, 0x0000000080b00000|100%|HS|  |TAMS 0x0000000080b00000, 0x0000000080a00000| Complete 
|  11|0x0000000080b00000, 0x0000000080c00000, 0x0000000080c00000|100%| O|  |TAMS 0x0000000080c00000, 0x0000000080b00000| Untracked 
|  12|0x0000000080c00000, 0x0000000080d00000, 0x0000000080d00000|100%| O|  |TAMS 0x0000000080d00000, 0x0000000080c00000| Untracked 
|  13|0x0000000080d00000, 0x0000000080e00000, 0x0000000080e00000|100%| O|  |TAMS 0x0000000080e00000, 0x0000000080d00000| Untracked 
|  14|0x0000000080e00000, 0x0000000080f00000, 0x0000000080f00000|100%| O|  |TAMS 0x0000000080f00000, 0x0000000080e00000| Untracked 
|  15|0x0000000080f00000, 0x0000000081000000, 0x0000000081000000|100%| O|  |TAMS 0x0000000081000000, 0x0000000080f00000| Untracked 
|  16|0x0000000081000000, 0x0000000081100000, 0x0000000081100000|100%| O|  |TAMS 0x0000000081100000, 0x0000000081000000| Untracked 
|  17|0x0000000081100000, 0x0000000081200000, 0x0000000081200000|100%| O|  |TAMS 0x0000000081200000, 0x0000000081100000| Untracked 
|  18|0x0000000081200000, 0x0000000081300000, 0x0000000081300000|100%| O|  |TAMS 0x0000000081300000, 0x0000000081200000| Untracked 
|  19|0x0000000081300000, 0x0000000081400000, 0x0000000081400000|100%| O|  |TAMS 0x0000000081400000, 0x0000000081300000| Untracked 
|  20|0x0000000081400000, 0x0000000081500000, 0x0000000081500000|100%| O|  |TAMS 0x0000000081500000, 0x0000000081400000| Untracked 
|  21|0x0000000081500000, 0x0000000081600000, 0x0000000081600000|100%| O|  |TAMS 0x0000000081600000, 0x0000000081500000| Untracked 
|  22|0x0000000081600000, 0x0000000081700000, 0x0000000081700000|100%| O|  |TAMS 0x0000000081700000, 0x0000000081600000| Untracked 
|  23|0x0000000081700000, 0x0000000081800000, 0x0000000081800000|100%| O|  |TAMS 0x0000000081800000, 0x0000000081700000| Untracked 
|  24|0x0000000081800000, 0x0000000081900000, 0x0000000081900000|100%| O|  |TAMS 0x0000000081900000, 0x0000000081800000| Untracked 
|  25|0x0000000081900000, 0x0000000081a00000, 0x0000000081a00000|100%| O|  |TAMS 0x0000000081a00000, 0x0000000081900000| Untracked 
|  26|0x0000000081a00000, 0x0000000081b00000, 0x0000000081b00000|100%| O|  |TAMS 0x0000000081b00000, 0x0000000081a00000| Untracked 
|  27|0x0000000081b00000, 0x0000000081c00000, 0x0000000081c00000|100%|HS|  |TAMS 0x0000000081c00000, 0x0000000081b00000| Complete 
|  28|0x0000000081c00000, 0x0000000081d00000, 0x0000000081d00000|100%| O|  |TAMS 0x0000000081d00000, 0x0000000081c00000| Untracked 
|  29|0x0000000081d00000, 0x0000000081e00000, 0x0000000081e00000|100%| O|  |TAMS 0x0000000081e00000, 0x0000000081d00000| Untracked 
|  30|0x0000000081e00000, 0x0000000081f00000, 0x0000000081f00000|100%| O|  |TAMS 0x0000000081f00000, 0x0000000081e00000| Untracked 
|  31|0x0000000081f00000, 0x0000000082000000, 0x0000000082000000|100%| O|  |TAMS 0x0000000082000000, 0x0000000081f00000| Untracked 
|  32|0x0000000082000000, 0x0000000082100000, 0x0000000082100000|100%| O|  |TAMS 0x0000000082100000, 0x0000000082000000| Untracked 
|  33|0x0000000082100000, 0x0000000082200000, 0x0000000082200000|100%|HS|  |TAMS 0x0000000082200000, 0x0000000082100000| Complete 
|  34|0x0000000082200000, 0x0000000082300000, 0x0000000082300000|100%|HC|  |TAMS 0x0000000082300000, 0x0000000082200000| Complete 
|  35|0x0000000082300000, 0x0000000082400000, 0x0000000082400000|100%|HC|  |TAMS 0x0000000082400000, 0x0000000082300000| Complete 
|  36|0x0000000082400000, 0x0000000082400000, 0x0000000082500000|  0%| F|  |TAMS 0x0000000082400000, 0x0000000082400000| Untracked 
|  37|0x0000000082500000, 0x0000000082600000, 0x0000000082600000|100%| O|  |TAMS 0x0000000082600000, 0x0000000082500000| Untracked 
|  38|0x0000000082600000, 0x0000000082700000, 0x0000000082700000|100%| O|  |TAMS 0x0000000082700000, 0x0000000082600000| Untracked 
|  39|0x0000000082700000, 0x0000000082800000, 0x0000000082800000|100%| O|  |TAMS 0x0000000082800000, 0x0000000082700000| Untracked 
|  40|0x0000000082800000, 0x0000000082900000, 0x0000000082900000|100%| O|  |TAMS 0x0000000082900000, 0x0000000082800000| Untracked 
|  41|0x0000000082900000, 0x0000000082a00000, 0x0000000082a00000|100%| O|  |TAMS 0x0000000082a00000, 0x0000000082900000| Untracked 
|  42|0x0000000082a00000, 0x0000000082b00000, 0x0000000082b00000|100%| O|  |TAMS 0x0000000082b00000, 0x0000000082a00000| Untracked 
|  43|0x0000000082b00000, 0x0000000082c00000, 0x0000000082c00000|100%| O|  |TAMS 0x0000000082c00000, 0x0000000082b00000| Untracked 
|  44|0x0000000082c00000, 0x0000000082d00000, 0x0000000082d00000|100%| O|  |TAMS 0x0000000082d00000, 0x0000000082c00000| Untracked 
|  45|0x0000000082d00000, 0x0000000082e00000, 0x0000000082e00000|100%| O|  |TAMS 0x0000000082e00000, 0x0000000082d00000| Untracked 
|  46|0x0000000082e00000, 0x0000000082f00000, 0x0000000082f00000|100%| O|  |TAMS 0x0000000082f00000, 0x0000000082e00000| Untracked 
|  47|0x0000000082f00000, 0x0000000083000000, 0x0000000083000000|100%| O|  |TAMS 0x0000000083000000, 0x0000000082f00000| Untracked 
|  48|0x0000000083000000, 0x0000000083100000, 0x0000000083100000|100%| O|  |TAMS 0x0000000083100000, 0x0000000083000000| Untracked 
|  49|0x0000000083100000, 0x0000000083200000, 0x0000000083200000|100%| O|  |TAMS 0x0000000083200000, 0x0000000083100000| Untracked 
|  50|0x0000000083200000, 0x0000000083300000, 0x0000000083300000|100%|HS|  |TAMS 0x0000000083300000, 0x0000000083200000| Complete 
|  51|0x0000000083300000, 0x0000000083400000, 0x0000000083400000|100%|HS|  |TAMS 0x0000000083400000, 0x0000000083300000| Complete 
|  52|0x0000000083400000, 0x0000000083500000, 0x0000000083500000|100%|HC|  |TAMS 0x0000000083500000, 0x0000000083400000| Complete 
|  53|0x0000000083500000, 0x0000000083600000, 0x0000000083600000|100%|HC|  |TAMS 0x0000000083600000, 0x0000000083500000| Complete 
|  54|0x0000000083600000, 0x0000000083700000, 0x0000000083700000|100%|HC|  |TAMS 0x0000000083700000, 0x0000000083600000| Complete 
|  55|0x0000000083700000, 0x0000000083800000, 0x0000000083800000|100%|HS|  |TAMS 0x0000000083800000, 0x0000000083700000| Complete 
|  56|0x0000000083800000, 0x0000000083900000, 0x0000000083900000|100%|HS|  |TAMS 0x0000000083900000, 0x0000000083800000| Complete 
|  57|0x0000000083900000, 0x0000000083a00000, 0x0000000083a00000|100%|HC|  |TAMS 0x0000000083a00000, 0x0000000083900000| Complete 
|  58|0x0000000083a00000, 0x0000000083b00000, 0x0000000083b00000|100%| O|  |TAMS 0x0000000083b00000, 0x0000000083b00000| Untracked 
|  59|0x0000000083b00000, 0x0000000083c00000, 0x0000000083c00000|100%| O|  |TAMS 0x0000000083c00000, 0x0000000083c00000| Untracked 
|  60|0x0000000083c00000, 0x0000000083d00000, 0x0000000083d00000|100%| O|  |TAMS 0x0000000083d00000, 0x0000000083d00000| Untracked 
|  61|0x0000000083d00000, 0x0000000083e00000, 0x0000000083e00000|100%| O|  |TAMS 0x0000000083e00000, 0x0000000083e00000| Untracked 
|  62|0x0000000083e00000, 0x0000000083f00000, 0x0000000083f00000|100%| O|  |TAMS 0x0000000083f00000, 0x0000000083f00000| Untracked 
|  63|0x0000000083f00000, 0x0000000084000000, 0x0000000084000000|100%| O|  |TAMS 0x0000000084000000, 0x0000000084000000| Untracked 
|  64|0x0000000084000000, 0x0000000084100000, 0x0000000084100000|100%| O|  |TAMS 0x0000000084100000, 0x0000000084100000| Untracked 
|  65|0x0000000084100000, 0x0000000084200000, 0x0000000084200000|100%| O|  |TAMS 0x0000000084200000, 0x0000000084200000| Untracked 
|  66|0x0000000084200000, 0x0000000084300000, 0x0000000084300000|100%| O|  |TAMS 0x0000000084300000, 0x0000000084300000| Untracked 
|  67|0x0000000084300000, 0x0000000084400000, 0x0000000084400000|100%| O|  |TAMS 0x0000000084400000, 0x0000000084400000| Untracked 
|  68|0x0000000084400000, 0x0000000084500000, 0x0000000084500000|100%| O|  |TAMS 0x0000000084500000, 0x0000000084500000| Untracked 
|  69|0x0000000084500000, 0x0000000084600000, 0x0000000084600000|100%| O|  |TAMS 0x0000000084600000, 0x0000000084600000| Untracked 
|  70|0x0000000084600000, 0x0000000084700000, 0x0000000084700000|100%| O|  |TAMS 0x0000000084700000, 0x0000000084700000| Untracked 
|  71|0x0000000084700000, 0x0000000084800000, 0x0000000084800000|100%| O|  |TAMS 0x0000000084800000, 0x0000000084800000| Untracked 
|  72|0x0000000084800000, 0x0000000084900000, 0x0000000084900000|100%| O|  |TAMS 0x0000000084900000, 0x0000000084900000| Untracked 
|  73|0x0000000084900000, 0x0000000084a00000, 0x0000000084a00000|100%| O|  |TAMS 0x0000000084957600, 0x0000000084a00000| Untracked 
|  74|0x0000000084a00000, 0x0000000084b00000, 0x0000000084b00000|100%| O|  |TAMS 0x0000000084a00000, 0x0000000084b00000| Untracked 
|  75|0x0000000084b00000, 0x0000000084c00000, 0x0000000084c00000|100%| O|  |TAMS 0x0000000084b00000, 0x0000000084c00000| Untracked 
|  76|0x0000000084c00000, 0x0000000084d00000, 0x0000000084d00000|100%| O|  |TAMS 0x0000000084c00000, 0x0000000084d00000| Untracked 
|  77|0x0000000084d00000, 0x0000000084e00000, 0x0000000084e00000|100%| O|  |TAMS 0x0000000084d00000, 0x0000000084e00000| Untracked 
|  78|0x0000000084e00000, 0x0000000084f00000, 0x0000000084f00000|100%| O|  |TAMS 0x0000000084e00000, 0x0000000084f00000| Untracked 
|  79|0x0000000084f00000, 0x0000000085000000, 0x0000000085000000|100%| O|  |TAMS 0x0000000084f00000, 0x0000000085000000| Untracked 
|  80|0x0000000085000000, 0x0000000085100000, 0x0000000085100000|100%| O|  |TAMS 0x0000000085100000, 0x0000000085100000| Untracked 
|  81|0x0000000085100000, 0x0000000085200000, 0x0000000085200000|100%| O|  |TAMS 0x0000000085200000, 0x0000000085200000| Untracked 
|  82|0x0000000085200000, 0x0000000085300000, 0x0000000085300000|100%| O|  |TAMS 0x0000000085300000, 0x0000000085300000| Untracked 
|  83|0x0000000085300000, 0x0000000085400000, 0x0000000085400000|100%| O|  |TAMS 0x0000000085400000, 0x0000000085400000| Untracked 
|  84|0x0000000085400000, 0x0000000085500000, 0x0000000085500000|100%| O|  |TAMS 0x0000000085500000, 0x0000000085500000| Untracked 
|  85|0x0000000085500000, 0x0000000085600000, 0x0000000085600000|100%| O|  |TAMS 0x0000000085600000, 0x0000000085600000| Untracked 
|  86|0x0000000085600000, 0x0000000085700000, 0x0000000085700000|100%| O|  |TAMS 0x0000000085700000, 0x0000000085700000| Untracked 
|  87|0x0000000085700000, 0x0000000085800000, 0x0000000085800000|100%| O|  |TAMS 0x0000000085800000, 0x0000000085800000| Untracked 
|  88|0x0000000085800000, 0x0000000085900000, 0x0000000085900000|100%| O|  |TAMS 0x0000000085900000, 0x0000000085900000| Untracked 
|  89|0x0000000085900000, 0x0000000085a00000, 0x0000000085a00000|100%| O|  |TAMS 0x0000000085900000, 0x0000000085a00000| Untracked 
|  90|0x0000000085a00000, 0x0000000085b00000, 0x0000000085b00000|100%| O|  |TAMS 0x0000000085a00000, 0x0000000085b00000| Untracked 
|  91|0x0000000085b00000, 0x0000000085c00000, 0x0000000085c00000|100%| O|  |TAMS 0x0000000085b00000, 0x0000000085c00000| Untracked 
|  92|0x0000000085c00000, 0x0000000085d00000, 0x0000000085d00000|100%| O|  |TAMS 0x0000000085c00000, 0x0000000085d00000| Untracked 
|  93|0x0000000085d00000, 0x0000000085e00000, 0x0000000085e00000|100%| O|  |TAMS 0x0000000085d00000, 0x0000000085e00000| Untracked 
|  94|0x0000000085e00000, 0x0000000085f00000, 0x0000000085f00000|100%| O|  |TAMS 0x0000000085e00000, 0x0000000085f00000| Untracked 
|  95|0x0000000085f00000, 0x0000000086000000, 0x0000000086000000|100%| O|  |TAMS 0x0000000085f00000, 0x0000000086000000| Untracked 
|  96|0x0000000086000000, 0x0000000086100000, 0x0000000086100000|100%| O|  |TAMS 0x0000000086000000, 0x0000000086100000| Untracked 
|  97|0x0000000086100000, 0x0000000086200000, 0x0000000086200000|100%| O|  |TAMS 0x0000000086100000, 0x0000000086200000| Untracked 
|  98|0x0000000086200000, 0x00000000862a7a00, 0x0000000086300000| 65%| O|  |TAMS 0x0000000086200000, 0x00000000862a7a00| Untracked 
|  99|0x0000000086300000, 0x0000000086300000, 0x0000000086400000|  0%| F|  |TAMS 0x0000000086300000, 0x0000000086300000| Untracked 
| 100|0x0000000086400000, 0x0000000086400000, 0x0000000086500000|  0%| F|  |TAMS 0x0000000086400000, 0x0000000086400000| Untracked 
| 101|0x0000000086500000, 0x0000000086500000, 0x0000000086600000|  0%| F|  |TAMS 0x0000000086500000, 0x0000000086500000| Untracked 
| 102|0x0000000086600000, 0x0000000086600000, 0x0000000086700000|  0%| F|  |TAMS 0x0000000086600000, 0x0000000086600000| Untracked 
| 103|0x0000000086700000, 0x0000000086700000, 0x0000000086800000|  0%| F|  |TAMS 0x0000000086700000, 0x0000000086700000| Untracked 
| 104|0x0000000086800000, 0x0000000086800000, 0x0000000086900000|  0%| F|  |TAMS 0x0000000086800000, 0x0000000086800000| Untracked 
| 105|0x0000000086900000, 0x0000000086900000, 0x0000000086a00000|  0%| F|  |TAMS 0x0000000086900000, 0x0000000086900000| Untracked 
| 106|0x0000000086a00000, 0x0000000086a00000, 0x0000000086b00000|  0%| F|  |TAMS 0x0000000086a00000, 0x0000000086a00000| Untracked 
| 107|0x0000000086b00000, 0x0000000086b00000, 0x0000000086c00000|  0%| F|  |TAMS 0x0000000086b00000, 0x0000000086b00000| Untracked 
| 108|0x0000000086c00000, 0x0000000086c00000, 0x0000000086d00000|  0%| F|  |TAMS 0x0000000086c00000, 0x0000000086c00000| Untracked 
| 109|0x0000000086d00000, 0x0000000086d00000, 0x0000000086e00000|  0%| F|  |TAMS 0x0000000086d00000, 0x0000000086d00000| Untracked 
| 110|0x0000000086e00000, 0x0000000086e00000, 0x0000000086f00000|  0%| F|  |TAMS 0x0000000086e00000, 0x0000000086e00000| Untracked 
| 111|0x0000000086f00000, 0x0000000086f00000, 0x0000000087000000|  0%| F|  |TAMS 0x0000000086f00000, 0x0000000086f00000| Untracked 
| 112|0x0000000087000000, 0x0000000087000000, 0x0000000087100000|  0%| F|  |TAMS 0x0000000087000000, 0x0000000087000000| Untracked 
| 113|0x0000000087100000, 0x0000000087100000, 0x0000000087200000|  0%| F|  |TAMS 0x0000000087100000, 0x0000000087100000| Untracked 
| 114|0x0000000087200000, 0x0000000087200000, 0x0000000087300000|  0%| F|  |TAMS 0x0000000087200000, 0x0000000087200000| Untracked 
| 115|0x0000000087300000, 0x0000000087300000, 0x0000000087400000|  0%| F|  |TAMS 0x0000000087300000, 0x0000000087300000| Untracked 
| 116|0x0000000087400000, 0x0000000087400000, 0x0000000087500000|  0%| F|  |TAMS 0x0000000087400000, 0x0000000087400000| Untracked 
| 117|0x0000000087500000, 0x0000000087500000, 0x0000000087600000|  0%| F|  |TAMS 0x0000000087500000, 0x0000000087500000| Untracked 
| 118|0x0000000087600000, 0x0000000087600000, 0x0000000087700000|  0%| F|  |TAMS 0x0000000087600000, 0x0000000087600000| Untracked 
| 119|0x0000000087700000, 0x0000000087700000, 0x0000000087800000|  0%| F|  |TAMS 0x0000000087700000, 0x0000000087700000| Untracked 
| 120|0x0000000087800000, 0x0000000087800000, 0x0000000087900000|  0%| F|  |TAMS 0x0000000087800000, 0x0000000087800000| Untracked 
| 121|0x0000000087900000, 0x0000000087900000, 0x0000000087a00000|  0%| F|  |TAMS 0x0000000087900000, 0x0000000087900000| Untracked 
| 122|0x0000000087a00000, 0x0000000087a00000, 0x0000000087b00000|  0%| F|  |TAMS 0x0000000087a00000, 0x0000000087a00000| Untracked 
| 123|0x0000000087b00000, 0x0000000087b00000, 0x0000000087c00000|  0%| F|  |TAMS 0x0000000087b00000, 0x0000000087b00000| Untracked 
| 124|0x0000000087c00000, 0x0000000087cd4db0, 0x0000000087d00000| 83%| S|  |TAMS 0x0000000087c00000, 0x0000000087c00000| Complete 
| 125|0x0000000087d00000, 0x0000000087e00000, 0x0000000087e00000|100%| S|CS|TAMS 0x0000000087d00000, 0x0000000087d00000| Complete 
| 126|0x0000000087e00000, 0x0000000087f00000, 0x0000000087f00000|100%| S|CS|TAMS 0x0000000087e00000, 0x0000000087e00000| Complete 
| 127|0x0000000087f00000, 0x0000000088000000, 0x0000000088000000|100%| S|CS|TAMS 0x0000000087f00000, 0x0000000087f00000| Complete 
| 128|0x0000000088000000, 0x0000000088100000, 0x0000000088100000|100%| S|CS|TAMS 0x0000000088000000, 0x0000000088000000| Complete 
| 129|0x0000000088100000, 0x0000000088200000, 0x0000000088200000|100%| S|CS|TAMS 0x0000000088100000, 0x0000000088100000| Complete 
| 130|0x0000000088200000, 0x0000000088200000, 0x0000000088300000|  0%| F|  |TAMS 0x0000000088200000, 0x0000000088200000| Untracked 
| 131|0x0000000088300000, 0x0000000088300000, 0x0000000088400000|  0%| F|  |TAMS 0x0000000088300000, 0x0000000088300000| Untracked 
| 132|0x0000000088400000, 0x0000000088400000, 0x0000000088500000|  0%| F|  |TAMS 0x0000000088400000, 0x0000000088400000| Untracked 
| 133|0x0000000088500000, 0x0000000088500000, 0x0000000088600000|  0%| F|  |TAMS 0x0000000088500000, 0x0000000088500000| Untracked 
| 134|0x0000000088600000, 0x0000000088600000, 0x0000000088700000|  0%| F|  |TAMS 0x0000000088600000, 0x0000000088600000| Untracked 
| 135|0x0000000088700000, 0x0000000088700000, 0x0000000088800000|  0%| F|  |TAMS 0x0000000088700000, 0x0000000088700000| Untracked 
| 136|0x0000000088800000, 0x0000000088800000, 0x0000000088900000|  0%| F|  |TAMS 0x0000000088800000, 0x0000000088800000| Untracked 
| 137|0x0000000088900000, 0x0000000088900000, 0x0000000088a00000|  0%| F|  |TAMS 0x0000000088900000, 0x0000000088900000| Untracked 
| 138|0x0000000088a00000, 0x0000000088a00000, 0x0000000088b00000|  0%| F|  |TAMS 0x0000000088a00000, 0x0000000088a00000| Untracked 
| 139|0x0000000088b00000, 0x0000000088b00000, 0x0000000088c00000|  0%| F|  |TAMS 0x0000000088b00000, 0x0000000088b00000| Untracked 
| 140|0x0000000088c00000, 0x0000000088c00000, 0x0000000088d00000|  0%| F|  |TAMS 0x0000000088c00000, 0x0000000088c00000| Untracked 
| 141|0x0000000088d00000, 0x0000000088d00000, 0x0000000088e00000|  0%| F|  |TAMS 0x0000000088d00000, 0x0000000088d00000| Untracked 
| 142|0x0000000088e00000, 0x0000000088e00000, 0x0000000088f00000|  0%| F|  |TAMS 0x0000000088e00000, 0x0000000088e00000| Untracked 
| 143|0x0000000088f00000, 0x0000000088f00000, 0x0000000089000000|  0%| F|  |TAMS 0x0000000088f00000, 0x0000000088f00000| Untracked 
| 144|0x0000000089000000, 0x0000000089000000, 0x0000000089100000|  0%| F|  |TAMS 0x0000000089000000, 0x0000000089000000| Untracked 
| 145|0x0000000089100000, 0x0000000089100000, 0x0000000089200000|  0%| F|  |TAMS 0x0000000089100000, 0x0000000089100000| Untracked 
| 146|0x0000000089200000, 0x0000000089200000, 0x0000000089300000|  0%| F|  |TAMS 0x0000000089200000, 0x0000000089200000| Untracked 
| 147|0x0000000089300000, 0x0000000089300000, 0x0000000089400000|  0%| F|  |TAMS 0x0000000089300000, 0x0000000089300000| Untracked 
| 148|0x0000000089400000, 0x0000000089400000, 0x0000000089500000|  0%| F|  |TAMS 0x0000000089400000, 0x0000000089400000| Untracked 
| 149|0x0000000089500000, 0x0000000089500000, 0x0000000089600000|  0%| F|  |TAMS 0x0000000089500000, 0x0000000089500000| Untracked 
| 150|0x0000000089600000, 0x0000000089600000, 0x0000000089700000|  0%| F|  |TAMS 0x0000000089600000, 0x0000000089600000| Untracked 
| 151|0x0000000089700000, 0x0000000089700000, 0x0000000089800000|  0%| F|  |TAMS 0x0000000089700000, 0x0000000089700000| Untracked 
| 152|0x0000000089800000, 0x0000000089800000, 0x0000000089900000|  0%| F|  |TAMS 0x0000000089800000, 0x0000000089800000| Untracked 
| 153|0x0000000089900000, 0x0000000089900000, 0x0000000089a00000|  0%| F|  |TAMS 0x0000000089900000, 0x0000000089900000| Untracked 
| 154|0x0000000089a00000, 0x0000000089a00000, 0x0000000089b00000|  0%| F|  |TAMS 0x0000000089a00000, 0x0000000089a00000| Untracked 
| 155|0x0000000089b00000, 0x0000000089b00000, 0x0000000089c00000|  0%| F|  |TAMS 0x0000000089b00000, 0x0000000089b00000| Untracked 
| 156|0x0000000089c00000, 0x0000000089c00000, 0x0000000089d00000|  0%| F|  |TAMS 0x0000000089c00000, 0x0000000089c00000| Untracked 
| 157|0x0000000089d00000, 0x0000000089d00000, 0x0000000089e00000|  0%| F|  |TAMS 0x0000000089d00000, 0x0000000089d00000| Untracked 
| 158|0x0000000089e00000, 0x0000000089e00000, 0x0000000089f00000|  0%| F|  |TAMS 0x0000000089e00000, 0x0000000089e00000| Untracked 
| 159|0x0000000089f00000, 0x0000000089f00000, 0x000000008a000000|  0%| F|  |TAMS 0x0000000089f00000, 0x0000000089f00000| Untracked 
| 160|0x000000008a000000, 0x000000008a000000, 0x000000008a100000|  0%| F|  |TAMS 0x000000008a000000, 0x000000008a000000| Untracked 
| 161|0x000000008a100000, 0x000000008a100000, 0x000000008a200000|  0%| F|  |TAMS 0x000000008a100000, 0x000000008a100000| Untracked 
| 162|0x000000008a200000, 0x000000008a200000, 0x000000008a300000|  0%| F|  |TAMS 0x000000008a200000, 0x000000008a200000| Untracked 
| 163|0x000000008a300000, 0x000000008a300000, 0x000000008a400000|  0%| F|  |TAMS 0x000000008a300000, 0x000000008a300000| Untracked 
| 164|0x000000008a400000, 0x000000008a400000, 0x000000008a500000|  0%| F|  |TAMS 0x000000008a400000, 0x000000008a400000| Untracked 
| 165|0x000000008a500000, 0x000000008a500000, 0x000000008a600000|  0%| F|  |TAMS 0x000000008a500000, 0x000000008a500000| Untracked 
| 166|0x000000008a600000, 0x000000008a600000, 0x000000008a700000|  0%| F|  |TAMS 0x000000008a600000, 0x000000008a600000| Untracked 
| 167|0x000000008a700000, 0x000000008a700000, 0x000000008a800000|  0%| F|  |TAMS 0x000000008a700000, 0x000000008a700000| Untracked 
| 168|0x000000008a800000, 0x000000008a800000, 0x000000008a900000|  0%| F|  |TAMS 0x000000008a800000, 0x000000008a800000| Untracked 
| 169|0x000000008a900000, 0x000000008a900000, 0x000000008aa00000|  0%| F|  |TAMS 0x000000008a900000, 0x000000008a900000| Untracked 
| 170|0x000000008aa00000, 0x000000008aa00000, 0x000000008ab00000|  0%| F|  |TAMS 0x000000008aa00000, 0x000000008aa00000| Untracked 
| 171|0x000000008ab00000, 0x000000008ab00000, 0x000000008ac00000|  0%| F|  |TAMS 0x000000008ab00000, 0x000000008ab00000| Untracked 
| 172|0x000000008ac00000, 0x000000008ac00000, 0x000000008ad00000|  0%| F|  |TAMS 0x000000008ac00000, 0x000000008ac00000| Untracked 
| 173|0x000000008ad00000, 0x000000008ad00000, 0x000000008ae00000|  0%| F|  |TAMS 0x000000008ad00000, 0x000000008ad00000| Untracked 
| 174|0x000000008ae00000, 0x000000008ae00000, 0x000000008af00000|  0%| F|  |TAMS 0x000000008ae00000, 0x000000008ae00000| Untracked 
| 175|0x000000008af00000, 0x000000008af00000, 0x000000008b000000|  0%| F|  |TAMS 0x000000008af00000, 0x000000008af00000| Untracked 
| 176|0x000000008b000000, 0x000000008b000000, 0x000000008b100000|  0%| F|  |TAMS 0x000000008b000000, 0x000000008b000000| Untracked 
| 177|0x000000008b100000, 0x000000008b100000, 0x000000008b200000|  0%| F|  |TAMS 0x000000008b100000, 0x000000008b100000| Untracked 
| 226|0x000000008e200000, 0x000000008e200000, 0x000000008e300000|  0%| F|  |TAMS 0x000000008e200000, 0x000000008e200000| Untracked 
| 249|0x000000008f900000, 0x000000008f91d530, 0x000000008fa00000| 11%| E|  |TAMS 0x000000008f900000, 0x000000008f900000| Complete 

Card table byte_map: [0x0000029eb2f20000,0x0000029eb3320000] _byte_map_base: 0x0000029eb2b20000

Marking Bits (Prev, Next): (CMBitMap*) 0x0000029e99e4a630, (CMBitMap*) 0x0000029e99e4a5f0
 Prev Bits: [0x0000029eb5720000, 0x0000029eb7720000)
 Next Bits: [0x0000029eb3720000, 0x0000029eb5720000)

Polling page: 0x0000029e99c40000

Metaspace:

Usage:
  Non-class:     72.91 MB used.
      Class:     11.80 MB used.
       Both:     84.70 MB used.

Virtual space:
  Non-class space:       80.00 MB reserved,      73.31 MB ( 92%) committed,  10 nodes.
      Class space:      412.00 MB reserved,      12.19 MB (  3%) committed,  1 nodes.
             Both:      492.00 MB reserved,      85.50 MB ( 17%) committed. 

Chunk freelists:
   Non-Class:  2.70 MB
       Class:  3.79 MB
        Both:  6.49 MB

MaxMetaspaceSize: 512.00 MB
CompressedClassSpaceSize: 412.00 MB
Initial GC threshold: 21.00 MB
Current GC threshold: 131.56 MB
CDS: on
MetaspaceReclaimPolicy: balanced
 - commit_granule_bytes: 65536.
 - commit_granule_words: 8192.
 - virtual_space_node_default_size: 1048576.
 - enlarge_chunks_in_place: 1.
 - new_chunks_are_fully_committed: 0.
 - uncommit_free_chunks: 1.
 - use_allocation_guard: 0.
 - handle_deallocations: 1.


Internal statistics:

num_allocs_failed_limit: 6.
num_arena_births: 944.
num_arena_deaths: 0.
num_vsnodes_births: 11.
num_vsnodes_deaths: 0.
num_space_committed: 1368.
num_space_uncommitted: 0.
num_chunks_returned_to_freelist: 6.
num_chunks_taken_from_freelist: 4513.
num_chunk_merges: 6.
num_chunk_splits: 2960.
num_chunks_enlarged: 1968.
num_purges: 0.
num_inconsistent_stats: 0.

CodeHeap 'non-profiled nmethods': size=120000Kb used=6320Kb max_used=6320Kb free=113679Kb
 bounds [0x0000029eaa950000, 0x0000029eaaf80000, 0x0000029eb1e80000]
CodeHeap 'profiled nmethods': size=120000Kb used=19967Kb max_used=19967Kb free=100032Kb
 bounds [0x0000029ea3420000, 0x0000029ea47a0000, 0x0000029eaa950000]
CodeHeap 'non-nmethods': size=5760Kb used=2407Kb max_used=2570Kb free=3352Kb
 bounds [0x0000029ea2e80000, 0x0000029ea3110000, 0x0000029ea3420000]
 total_blobs=11137 nmethods=10196 adapters=851
 compilation: enabled
              stopped_count=0, restarted_count=0
 full_count=0

Compilation events (20 events):
Event: 13.282 Thread 0x0000029eba439240 11593       1       org.gradle.execution.plan.WorkSource$Selection::isNoWorkReadyToStart (2 bytes)
Event: 13.282 Thread 0x0000029eba439240 nmethod 11593 0x0000029eaaf6ab90 code [0x0000029eaaf6ad20, 0x0000029eaaf6adf8]
Event: 13.282 Thread 0x0000029eba439240 11590       1       org.gradle.execution.plan.WorkSource$Selection$1::isNoWorkReadyToStart (2 bytes)
Event: 13.282 Thread 0x0000029eba439240 nmethod 11590 0x0000029eaaf6ae90 code [0x0000029eaaf6b020, 0x0000029eaaf6b0f8]
Event: 13.282 Thread 0x0000029eba439240 11591       1       org.gradle.api.tasks.util.PatternSet::isCaseSensitive (5 bytes)
Event: 13.282 Thread 0x0000029eba439240 nmethod 11591 0x0000029eaaf6b190 code [0x0000029eaaf6b320, 0x0000029eaaf6b3f8]
Event: 13.282 Thread 0x0000029eba439240 11594       1       org.gradle.execution.plan.WorkSource$Selection$3::getItem (5 bytes)
Event: 13.282 Thread 0x0000029eba439240 nmethod 11594 0x0000029eaaf6b490 code [0x0000029eaaf6b620, 0x0000029eaaf6b6f8]
Event: 13.282 Thread 0x0000029eba439240 11603       2       org.gradle.internal.serialize.kryo.KryoBackedEncoder::writeSmallLong (11 bytes)
Event: 13.282 Thread 0x0000029eba439240 nmethod 11603 0x0000029ea478b290 code [0x0000029ea478b420, 0x0000029ea478b548]
Event: 13.282 Thread 0x0000029eba439240 11604       2       org.gradle.internal.event.BroadcastDispatch$CompositeDispatch::dispatch (9 bytes)
Event: 13.283 Thread 0x0000029eba439240 nmethod 11604 0x0000029ea478b610 code [0x0000029ea478b7c0, 0x0000029ea478b958]
Event: 13.283 Thread 0x0000029eba439240 11606       2       org.gradle.internal.serialize.DefaultSerializerRegistry$TaggedTypeSerializer::map (110 bytes)
Event: 13.283 Thread 0x0000029eba439240 nmethod 11606 0x0000029ea478ba90 code [0x0000029ea478bd40, 0x0000029ea478c6c8]
Event: 13.283 Thread 0x0000029eba439240 11605       2       org.gradle.internal.event.BroadcastDispatch$CompositeDispatch::dispatch (15 bytes)
Event: 13.283 Thread 0x0000029eba439240 nmethod 11605 0x0000029ea478cb90 code [0x0000029ea478cd40, 0x0000029ea478ce98]
Event: 13.283 Thread 0x0000029eba439240 11607       2       org.gradle.api.tasks.util.PatternSet::getIncludes (19 bytes)
Event: 13.283 Thread 0x0000029eba439240 nmethod 11607 0x0000029ea478cf90 code [0x0000029ea478d160, 0x0000029ea478d368]
Event: 13.283 Thread 0x0000029eba439240 11608       2       org.gradle.api.specs.CompositeSpec::uncheckedCast (2 bytes)
Event: 13.283 Thread 0x0000029eba439240 nmethod 11608 0x0000029ea478d490 code [0x0000029ea478d620, 0x0000029ea478d718]

GC Heap History (20 events):
Event: 7.037 GC heap before
{Heap before GC invocations=16 (full 0):
 garbage-first heap   total 95232K, used 51078K [0x0000000080000000, 0x0000000100000000)
  region size 1024K, 4 young (4096K), 3 survivors (3072K)
 Metaspace       used 53862K, committed 54528K, reserved 471040K
  class space    used 7554K, committed 7872K, reserved 421888K
}
Event: 7.039 GC heap after
{Heap after GC invocations=17 (full 0):
 garbage-first heap   total 95232K, used 50058K [0x0000000080000000, 0x0000000100000000)
  region size 1024K, 1 young (1024K), 1 survivors (1024K)
 Metaspace       used 53862K, committed 54528K, reserved 471040K
  class space    used 7554K, committed 7872K, reserved 421888K
}
Event: 7.312 GC heap before
{Heap before GC invocations=17 (full 0):
 garbage-first heap   total 95232K, used 76682K [0x0000000080000000, 0x0000000100000000)
  region size 1024K, 27 young (27648K), 1 survivors (1024K)
 Metaspace       used 55481K, committed 56064K, reserved 471040K
  class space    used 7794K, committed 8064K, reserved 421888K
}
Event: 7.315 GC heap after
{Heap after GC invocations=18 (full 0):
 garbage-first heap   total 233472K, used 52628K [0x0000000080000000, 0x0000000100000000)
  region size 1024K, 3 young (3072K), 3 survivors (3072K)
 Metaspace       used 55481K, committed 56064K, reserved 471040K
  class space    used 7794K, committed 8064K, reserved 421888K
}
Event: 8.142 GC heap before
{Heap before GC invocations=19 (full 0):
 garbage-first heap   total 184320K, used 162196K [0x0000000080000000, 0x0000000100000000)
  region size 1024K, 103 young (105472K), 3 survivors (3072K)
 Metaspace       used 59958K, committed 60544K, reserved 479232K
  class space    used 8414K, committed 8704K, reserved 421888K
}
Event: 8.147 GC heap after
{Heap after GC invocations=20 (full 0):
 garbage-first heap   total 184320K, used 74631K [0x0000000080000000, 0x0000000100000000)
  region size 1024K, 15 young (15360K), 15 survivors (15360K)
 Metaspace       used 59958K, committed 60544K, reserved 479232K
  class space    used 8414K, committed 8704K, reserved 421888K
}
Event: 8.169 GC heap before
{Heap before GC invocations=20 (full 0):
 garbage-first heap   total 184320K, used 75655K [0x0000000080000000, 0x0000000100000000)
  region size 1024K, 16 young (16384K), 15 survivors (15360K)
 Metaspace       used 59983K, committed 60608K, reserved 479232K
  class space    used 8417K, committed 8704K, reserved 421888K
}
Event: 8.173 GC heap after
{Heap after GC invocations=21 (full 0):
 garbage-first heap   total 184320K, used 75649K [0x0000000080000000, 0x0000000100000000)
  region size 1024K, 2 young (2048K), 2 survivors (2048K)
 Metaspace       used 59983K, committed 60608K, reserved 479232K
  class space    used 8417K, committed 8704K, reserved 421888K
}
Event: 8.789 GC heap before
{Heap before GC invocations=21 (full 0):
 garbage-first heap   total 184320K, used 138113K [0x0000000080000000, 0x0000000100000000)
  region size 1024K, 64 young (65536K), 2 survivors (2048K)
 Metaspace       used 68863K, committed 69504K, reserved 487424K
  class space    used 9490K, committed 9792K, reserved 421888K
}
Event: 8.792 GC heap after
{Heap after GC invocations=22 (full 0):
 garbage-first heap   total 184320K, used 78889K [0x0000000080000000, 0x0000000100000000)
  region size 1024K, 5 young (5120K), 5 survivors (5120K)
 Metaspace       used 68863K, committed 69504K, reserved 487424K
  class space    used 9490K, committed 9792K, reserved 421888K
}
Event: 9.222 GC heap before
{Heap before GC invocations=22 (full 0):
 garbage-first heap   total 184320K, used 143401K [0x0000000080000000, 0x0000000100000000)
  region size 1024K, 67 young (68608K), 5 survivors (5120K)
 Metaspace       used 71826K, committed 72448K, reserved 487424K
  class space    used 9863K, committed 10176K, reserved 421888K
}
Event: 9.226 GC heap after
{Heap after GC invocations=23 (full 0):
 garbage-first heap   total 184320K, used 84315K [0x0000000080000000, 0x0000000100000000)
  region size 1024K, 9 young (9216K), 9 survivors (9216K)
 Metaspace       used 71826K, committed 72448K, reserved 487424K
  class space    used 9863K, committed 10176K, reserved 421888K
}
Event: 11.846 GC heap before
{Heap before GC invocations=23 (full 0):
 garbage-first heap   total 184320K, used 144731K [0x0000000080000000, 0x0000000100000000)
  region size 1024K, 68 young (69632K), 9 survivors (9216K)
 Metaspace       used 76765K, committed 77504K, reserved 495616K
  class space    used 10714K, committed 11072K, reserved 421888K
}
Event: 11.852 GC heap after
{Heap after GC invocations=24 (full 0):
 garbage-first heap   total 184320K, used 90461K [0x0000000080000000, 0x0000000100000000)
  region size 1024K, 6 young (6144K), 6 survivors (6144K)
 Metaspace       used 76765K, committed 77504K, reserved 495616K
  class space    used 10714K, committed 11072K, reserved 421888K
}
Event: 12.535 GC heap before
{Heap before GC invocations=24 (full 0):
 garbage-first heap   total 184320K, used 146781K [0x0000000080000000, 0x0000000100000000)
  region size 1024K, 61 young (62464K), 6 survivors (6144K)
 Metaspace       used 79414K, committed 80128K, reserved 495616K
  class space    used 11113K, committed 11456K, reserved 421888K
}
Event: 12.539 GC heap after
{Heap after GC invocations=25 (full 0):
 garbage-first heap   total 184320K, used 96475K [0x0000000080000000, 0x0000000100000000)
  region size 1024K, 6 young (6144K), 6 survivors (6144K)
 Metaspace       used 79414K, committed 80128K, reserved 495616K
  class space    used 11113K, committed 11456K, reserved 421888K
}
Event: 13.066 GC heap before
{Heap before GC invocations=26 (full 0):
 garbage-first heap   total 184320K, used 148699K [0x0000000080000000, 0x0000000100000000)
  region size 1024K, 57 young (58368K), 6 survivors (6144K)
 Metaspace       used 85367K, committed 86080K, reserved 503808K
  class space    used 11877K, committed 12224K, reserved 421888K
}
Event: 13.070 GC heap after
{Heap after GC invocations=27 (full 0):
 garbage-first heap   total 184320K, used 100648K [0x0000000080000000, 0x0000000100000000)
  region size 1024K, 4 young (4096K), 4 survivors (4096K)
 Metaspace       used 85367K, committed 86080K, reserved 503808K
  class space    used 11877K, committed 12224K, reserved 421888K
}
Event: 13.094 GC heap before
{Heap before GC invocations=27 (full 0):
 garbage-first heap   total 184320K, used 105768K [0x0000000080000000, 0x0000000100000000)
  region size 1024K, 9 young (9216K), 4 survivors (4096K)
 Metaspace       used 85499K, committed 86208K, reserved 503808K
  class space    used 11893K, committed 12224K, reserved 421888K
}
Event: 13.096 GC heap after
{Heap after GC invocations=28 (full 0):
 garbage-first heap   total 184320K, used 100898K [0x0000000080000000, 0x0000000100000000)
  region size 1024K, 1 young (1024K), 1 survivors (1024K)
 Metaspace       used 85499K, committed 86208K, reserved 503808K
  class space    used 11893K, committed 12224K, reserved 421888K
}

Deoptimization events (20 events):
Event: 13.203 Thread 0x0000029ebfefc3a0 Uncommon trap: trap_request=0xffffff45 fr.pc=0x0000029eaad56718 relative=0x0000000000000e78
Event: 13.203 Thread 0x0000029ebfefc3a0 Uncommon trap: reason=unstable_if action=reinterpret pc=0x0000029eaad56718 method=java.util.concurrent.ConcurrentHashMap.computeIfAbsent(Ljava/lang/Object;Ljava/util/function/Function;)Ljava/lang/Object; @ 279 c2
Event: 13.203 Thread 0x0000029ebfefc3a0 DEOPT PACKING pc=0x0000029eaad56718 sp=0x000000d058ffdf30
Event: 13.203 Thread 0x0000029ebfefc3a0 DEOPT UNPACKING pc=0x0000029ea2ed23a3 sp=0x000000d058ffdea8 mode 2
Event: 13.203 Thread 0x0000029ebfefc3a0 Uncommon trap: trap_request=0xffffffde fr.pc=0x0000029eaad7a054 relative=0x0000000000000314
Event: 13.203 Thread 0x0000029ebfefc3a0 Uncommon trap: reason=class_check action=maybe_recompile pc=0x0000029eaad7a054 method=java.util.concurrent.ConcurrentHashMap.get(Ljava/lang/Object;)Ljava/lang/Object; @ 93 c2
Event: 13.203 Thread 0x0000029ebfefc3a0 DEOPT PACKING pc=0x0000029eaad7a054 sp=0x000000d058ffddb0
Event: 13.203 Thread 0x0000029ebfefc3a0 DEOPT UNPACKING pc=0x0000029ea2ed23a3 sp=0x000000d058ffdd28 mode 2
Event: 13.206 Thread 0x0000029ebff01570 Uncommon trap: trap_request=0xffffffde fr.pc=0x0000029eaad7a054 relative=0x0000000000000314
Event: 13.206 Thread 0x0000029ebff01570 Uncommon trap: reason=class_check action=maybe_recompile pc=0x0000029eaad7a054 method=java.util.concurrent.ConcurrentHashMap.get(Ljava/lang/Object;)Ljava/lang/Object; @ 93 c2
Event: 13.206 Thread 0x0000029ebff01570 DEOPT PACKING pc=0x0000029eaad7a054 sp=0x000000d0582fe110
Event: 13.206 Thread 0x0000029ebff01570 DEOPT UNPACKING pc=0x0000029ea2ed23a3 sp=0x000000d0582fe088 mode 2
Event: 13.219 Thread 0x0000029ebeac1eb0 Uncommon trap: trap_request=0xffffff45 fr.pc=0x0000029eaab9859c relative=0x000000000000045c
Event: 13.220 Thread 0x0000029ebeac1eb0 Uncommon trap: reason=unstable_if action=reinterpret pc=0x0000029eaab9859c method=java.util.concurrent.ConcurrentHashMap.addCount(JI)V @ 97 c2
Event: 13.220 Thread 0x0000029ebeac1eb0 DEOPT PACKING pc=0x0000029eaab9859c sp=0x000000d0548fb580
Event: 13.220 Thread 0x0000029ebeac1eb0 DEOPT UNPACKING pc=0x0000029ea2ed23a3 sp=0x000000d0548fb458 mode 2
Event: 13.234 Thread 0x0000029ebd3da940 Uncommon trap: trap_request=0xffffff45 fr.pc=0x0000029eaace6dd8 relative=0x0000000000000318
Event: 13.234 Thread 0x0000029ebd3da940 Uncommon trap: reason=unstable_if action=reinterpret pc=0x0000029eaace6dd8 method=java.util.concurrent.ConcurrentHashMap.addCount(JI)V @ 97 c2
Event: 13.235 Thread 0x0000029ebd3da940 DEOPT PACKING pc=0x0000029eaace6dd8 sp=0x000000d0578fcaa0
Event: 13.235 Thread 0x0000029ebd3da940 DEOPT UNPACKING pc=0x0000029ea2ed23a3 sp=0x000000d0578fc9e0 mode 2

Classes unloaded (0 events):
No events

Classes redefined (0 events):
No events

Internal exceptions (20 events):
Event: 12.289 Thread 0x0000029ebc6f28e0 Exception <a 'java/lang/ClassNotFoundException'{0x0000000088dd3058}: com/android/build/gradle/internal/tasks/IncrementalTaskCustomizer> (0x0000000088dd3058) 
thrown [t:\workspace\open\src\hotspot\share\classfile\systemDictionary.cpp, line 256]
Event: 12.290 Thread 0x0000029ebc6f28e0 Exception <a 'java/lang/ClassNotFoundException'{0x0000000088df2a28}: com/android/build/gradle/internal/tasks/StripDebugSymbolsTaskCustomizer> (0x0000000088df2a28) 
thrown [t:\workspace\open\src\hotspot\share\classfile\systemDictionary.cpp, line 256]
Event: 12.290 Thread 0x0000029ebc6f28e0 Exception <a 'java/lang/ClassNotFoundException'{0x0000000088c1a0c0}: com/android/build/gradle/internal/tasks/StripDebugSymbolsTask_DecoratedCustomizer> (0x0000000088c1a0c0) 
thrown [t:\workspace\open\src\hotspot\share\classfile\systemDictionary.cpp, line 256]
Event: 12.305 Thread 0x0000029ebc6f28e0 Exception <a 'java/lang/ClassNotFoundException'{0x0000000088ba5470}: com/android/build/gradle/internal/tasks/MergeNativeLibsTask_DecoratedBeanInfo> (0x0000000088ba5470) 
thrown [t:\workspace\open\src\hotspot\share\classfile\systemDictionary.cpp, line 256]
Event: 12.305 Thread 0x0000029ebc6f28e0 Exception <a 'java/lang/ClassNotFoundException'{0x0000000088bb3a40}: com/android/build/gradle/internal/tasks/MergeNativeLibsTaskBeanInfo> (0x0000000088bb3a40) 
thrown [t:\workspace\open\src\hotspot\share\classfile\systemDictionary.cpp, line 256]
Event: 12.306 Thread 0x0000029ebc6f28e0 Exception <a 'java/lang/ClassNotFoundException'{0x0000000088bc1a90}: com/android/build/gradle/internal/tasks/MergeNativeLibsTaskCustomizer> (0x0000000088bc1a90) 
thrown [t:\workspace\open\src\hotspot\share\classfile\systemDictionary.cpp, line 256]
Event: 12.306 Thread 0x0000029ebc6f28e0 Exception <a 'java/lang/ClassNotFoundException'{0x0000000088bed6d8}: com/android/build/gradle/internal/tasks/MergeNativeLibsTask_DecoratedCustomizer> (0x0000000088bed6d8) 
thrown [t:\workspace\open\src\hotspot\share\classfile\systemDictionary.cpp, line 256]
Event: 12.435 Thread 0x0000029ebc6f28e0 Implicit null exception at 0x0000029eaa97b060 to 0x0000029eaa97b0fc
Event: 12.531 Thread 0x0000029ebc6f28e0 Exception <a 'sun/nio/fs/WindowsException'{0x0000000087d7ed88}> (0x0000000087d7ed88) 
thrown [t:\workspace\open\src\hotspot\share\prims\jni.cpp, line 516]
Event: 12.532 Thread 0x0000029ebc6f28e0 Exception <a 'sun/nio/fs/WindowsException'{0x0000000087d7f2f8}> (0x0000000087d7f2f8) 
thrown [t:\workspace\open\src\hotspot\share\prims\jni.cpp, line 516]
Event: 12.605 Thread 0x0000029ebc6f28e0 Exception <a 'java/lang/NullPointerException'{0x000000008ada1a08}> (0x000000008ada1a08) 
thrown [t:\workspace\open\src\hotspot\share\interpreter\linkResolver.cpp, line 1440]
Event: 12.657 Thread 0x0000029ebc6f28e0 Implicit null exception at 0x0000029eaa9d5083 to 0x0000029eaa9d7090
Event: 12.746 Thread 0x0000029ebc6f28e0 Exception <a 'sun/nio/fs/WindowsException'{0x0000000089f718d0}> (0x0000000089f718d0) 
thrown [t:\workspace\open\src\hotspot\share\prims\jni.cpp, line 516]
Event: 12.747 Thread 0x0000029ebc6f28e0 Exception <a 'sun/nio/fs/WindowsException'{0x0000000089f72ca0}> (0x0000000089f72ca0) 
thrown [t:\workspace\open\src\hotspot\share\prims\jni.cpp, line 516]
Event: 12.748 Thread 0x0000029ebc6f28e0 Exception <a 'sun/nio/fs/WindowsException'{0x0000000089f740a8}> (0x0000000089f740a8) 
thrown [t:\workspace\open\src\hotspot\share\prims\jni.cpp, line 516]
Event: 12.748 Thread 0x0000029ebc6f28e0 Exception <a 'sun/nio/fs/WindowsException'{0x0000000089f754b0}> (0x0000000089f754b0) 
thrown [t:\workspace\open\src\hotspot\share\prims\jni.cpp, line 516]
Event: 13.168 Thread 0x0000029ebeac53a0 Exception <a 'java/lang/NoSuchMethodError'{0x000000008a4c1ee0}: 'void java.lang.invoke.DirectMethodHandle$Holder.invokeStatic(java.lang.Object, java.lang.Object, java.lang.Object, java.lang.Object, int, java.lang.Object, java.lang.Object)'> (0x000000008a4c1ee0) 
thrown [t:\workspace\open\src\hotspot\share\interpreter\linkResolver.cpp, line 766]
Event: 13.181 Thread 0x0000029ec1067f30 Exception <a 'java/lang/NoSuchMethodError'{0x000000008a206ea0}: 'java.lang.Object java.lang.invoke.DirectMethodHandle$Holder.invokeSpecialIFC(java.lang.Object, java.lang.Object, java.lang.Object)'> (0x000000008a206ea0) 
thrown [t:\workspace\open\src\hotspot\share\interpreter\linkResolver.cpp, line 766]
Event: 13.181 Thread 0x0000029ebeac53a0 Exception <a 'java/lang/NoSuchMethodError'{0x000000008a3f00c8}: 'java.lang.Object java.lang.invoke.DirectMethodHandle$Holder.invokeSpecialIFC(java.lang.Object, java.lang.Object, java.lang.Object)'> (0x000000008a3f00c8) 
thrown [t:\workspace\open\src\hotspot\share\interpreter\linkResolver.cpp, line 766]
Event: 13.182 Thread 0x0000029ec10640a0 Exception <a 'java/lang/NoSuchMethodError'{0x000000008a283f60}: 'void java.lang.invoke.DirectMethodHandle$Holder.invokeVirtual(java.lang.Object, java.lang.Object)'> (0x000000008a283f60) 
thrown [t:\workspace\open\src\hotspot\share\interpreter\linkResolver.cpp, line 766]

VM Operations (20 events):
Event: 13.043 Executing VM operation: ICBufferFull
Event: 13.043 Executing VM operation: ICBufferFull done
Event: 13.066 Executing VM operation: G1CollectForAllocation
Event: 13.070 Executing VM operation: G1CollectForAllocation done
Event: 13.090 Executing VM operation: HandshakeAllThreads
Event: 13.090 Executing VM operation: HandshakeAllThreads done
Event: 13.094 Executing VM operation: G1CollectForAllocation
Event: 13.096 Executing VM operation: G1CollectForAllocation done
Event: 13.172 Executing VM operation: HandshakeAllThreads
Event: 13.172 Executing VM operation: HandshakeAllThreads done
Event: 13.173 Executing VM operation: HandshakeAllThreads
Event: 13.173 Executing VM operation: HandshakeAllThreads done
Event: 13.186 Executing VM operation: ICBufferFull
Event: 13.186 Executing VM operation: ICBufferFull done
Event: 13.210 Executing VM operation: ICBufferFull
Event: 13.210 Executing VM operation: ICBufferFull done
Event: 13.234 Executing VM operation: ICBufferFull
Event: 13.234 Executing VM operation: ICBufferFull done
Event: 13.263 Executing VM operation: ICBufferFull
Event: 13.264 Executing VM operation: ICBufferFull done

Events (20 events):
Event: 12.881 loading class com/sun/org/apache/xerces/internal/dom/EntityImpl done
Event: 12.881 loading class com/sun/org/apache/xerces/internal/dom/DeferredEntityImpl done
Event: 12.882 loading class com/sun/org/apache/xerces/internal/dom/AttributeMap
Event: 12.882 loading class com/sun/org/apache/xerces/internal/dom/AttributeMap done
Event: 12.882 loading class com/sun/org/apache/xerces/internal/dom/DeferredAttrImpl
Event: 12.882 loading class com/sun/org/apache/xerces/internal/dom/AttrImpl
Event: 12.882 loading class com/sun/org/apache/xerces/internal/dom/AttrImpl done
Event: 12.883 loading class com/sun/org/apache/xerces/internal/dom/DeferredAttrImpl done
Event: 12.883 loading class com/sun/org/apache/xerces/internal/dom/DeferredTextImpl
Event: 12.883 loading class com/sun/org/apache/xerces/internal/dom/TextImpl
Event: 12.883 loading class com/sun/org/apache/xerces/internal/dom/CharacterDataImpl
Event: 12.883 loading class com/sun/org/apache/xerces/internal/dom/CharacterDataImpl done
Event: 12.883 loading class com/sun/org/apache/xerces/internal/dom/TextImpl done
Event: 12.883 loading class com/sun/org/apache/xerces/internal/dom/DeferredTextImpl done
Event: 12.884 loading class com/sun/org/apache/xerces/internal/dom/CharacterDataImpl$1
Event: 12.884 loading class com/sun/org/apache/xerces/internal/dom/CharacterDataImpl$1 done
Event: 12.884 loading class com/sun/org/apache/xerces/internal/dom/DeferredCommentImpl
Event: 12.884 loading class com/sun/org/apache/xerces/internal/dom/CommentImpl
Event: 12.884 loading class com/sun/org/apache/xerces/internal/dom/CommentImpl done
Event: 12.884 loading class com/sun/org/apache/xerces/internal/dom/DeferredCommentImpl done


Dynamic libraries:
0x00007ff68c4b0000 - 0x00007ff68c4c0000 	C:\Program Files\jdk-17.0.2\bin\java.exe
0x00007ff9633d0000 - 0x00007ff9635c8000 	C:\Windows\SYSTEM32\ntdll.dll
0x00007ff961d10000 - 0x00007ff961dcf000 	C:\Windows\System32\KERNEL32.DLL
0x00007ff960fa0000 - 0x00007ff961272000 	C:\Windows\System32\KERNELBASE.dll
0x00007ff960b10000 - 0x00007ff960c10000 	C:\Windows\System32\ucrtbase.dll
0x00007ff93fca0000 - 0x00007ff93fcb8000 	C:\Program Files\jdk-17.0.2\bin\jli.dll
0x00007ff93f0a0000 - 0x00007ff93f0ba000 	C:\Program Files\jdk-17.0.2\bin\VCRUNTIME140.dll
0x00007ff9615c0000 - 0x00007ff96166e000 	C:\Windows\System32\ADVAPI32.dll
0x00007ff961f90000 - 0x00007ff96202e000 	C:\Windows\System32\msvcrt.dll
0x00007ff961dd0000 - 0x00007ff961e6c000 	C:\Windows\System32\sechost.dll
0x00007ff962520000 - 0x00007ff962645000 	C:\Windows\System32\RPCRT4.dll
0x00007ff961700000 - 0x00007ff9618a1000 	C:\Windows\System32\USER32.dll
0x00007ff961280000 - 0x00007ff9612a2000 	C:\Windows\System32\win32u.dll
0x00007ff961410000 - 0x00007ff96143b000 	C:\Windows\System32\GDI32.dll
0x00007ff960db0000 - 0x00007ff960ebf000 	C:\Windows\System32\gdi32full.dll
0x00007ff960d10000 - 0x00007ff960dad000 	C:\Windows\System32\msvcp_win.dll
0x00007ff94e160000 - 0x00007ff94e3fa000 	C:\Windows\WinSxS\amd64_microsoft.windows.common-controls_6595b64144ccf1df_6.0.19041.1110_none_60b5254171f9507e\COMCTL32.dll
0x00007ff95b0b0000 - 0x00007ff95b0ba000 	C:\Windows\SYSTEM32\VERSION.dll
0x00007ff961580000 - 0x00007ff9615b2000 	C:\Windows\System32\IMM32.DLL
0x00007ff94b950000 - 0x00007ff94b95c000 	C:\Program Files\jdk-17.0.2\bin\vcruntime140_1.dll
0x00007ff900eb0000 - 0x00007ff900f3d000 	C:\Program Files\jdk-17.0.2\bin\msvcp140.dll
0x00007ff8ca6a0000 - 0x00007ff8cb261000 	C:\Program Files\jdk-17.0.2\bin\server\jvm.dll
0x00007ff961440000 - 0x00007ff961448000 	C:\Windows\System32\PSAPI.DLL
0x00007ff94d1c0000 - 0x00007ff94d1e7000 	C:\Windows\SYSTEM32\WINMM.dll
0x00007ff94ee10000 - 0x00007ff94ee19000 	C:\Windows\SYSTEM32\WSOCK32.dll
0x00007ff962da0000 - 0x00007ff962e0b000 	C:\Windows\System32\WS2_32.dll
0x00007ff95e9a0000 - 0x00007ff95e9b2000 	C:\Windows\SYSTEM32\kernel.appcore.dll
0x00007ff94a830000 - 0x00007ff94a83a000 	C:\Program Files\jdk-17.0.2\bin\jimage.dll
0x00007ff94e9b0000 - 0x00007ff94eb94000 	C:\Windows\SYSTEM32\DBGHELP.DLL
0x00007ff94cd00000 - 0x00007ff94cd35000 	C:\Windows\SYSTEM32\dbgcore.DLL
0x00007ff960c10000 - 0x00007ff960c92000 	C:\Windows\System32\bcryptPrimitives.dll
0x00007ff92ed40000 - 0x00007ff92ed65000 	C:\Program Files\jdk-17.0.2\bin\java.dll
0x00007ff94b6e0000 - 0x00007ff94b7b6000 	C:\Program Files\jdk-17.0.2\bin\jsvml.dll
0x00007ff962650000 - 0x00007ff962d94000 	C:\Windows\System32\SHELL32.dll
0x00007ff95eba0000 - 0x00007ff95f332000 	C:\Windows\SYSTEM32\windows.storage.dll
0x00007ff962030000 - 0x00007ff962385000 	C:\Windows\System32\combase.dll
0x00007ff960440000 - 0x00007ff960470000 	C:\Windows\SYSTEM32\Wldp.dll
0x00007ff962e10000 - 0x00007ff962ebd000 	C:\Windows\System32\SHCORE.dll
0x00007ff961bf0000 - 0x00007ff961c45000 	C:\Windows\System32\shlwapi.dll
0x00007ff960a00000 - 0x00007ff960a1f000 	C:\Windows\SYSTEM32\profapi.dll
0x00007ff958110000 - 0x00007ff958129000 	C:\Program Files\jdk-17.0.2\bin\net.dll
0x00007ff95a300000 - 0x00007ff95a40c000 	C:\Windows\SYSTEM32\WINHTTP.dll
0x00007ff9601a0000 - 0x00007ff96020a000 	C:\Windows\system32\mswsock.dll
0x00007ff957f30000 - 0x00007ff957f46000 	C:\Program Files\jdk-17.0.2\bin\nio.dll
0x00007ff957f10000 - 0x00007ff957f28000 	C:\Program Files\jdk-17.0.2\bin\zip.dll
0x00007ff957f00000 - 0x00007ff957f10000 	C:\Program Files\jdk-17.0.2\bin\verify.dll
0x00007ff94ec20000 - 0x00007ff94ec47000 	C:\Users\Valiantdata_hs\.gradle\native\e1d6ef7f7dcc3fd88c89a11ec53ec762bb8ba0a96d01ffa2cd45eb1d1d8dd5c5\windows-amd64\native-platform.dll
0x00007ff92c600000 - 0x00007ff92c744000 	C:\Users\Valiantdata_hs\.gradle\native\0d407fdbe67a94daf76414ababcb853783967236a71b16ec16e742cd7a986fd3\windows-amd64\native-platform-file-events.dll
0x00007ff95c130000 - 0x00007ff95c139000 	C:\Program Files\jdk-17.0.2\bin\management.dll
0x00007ff958100000 - 0x00007ff95810b000 	C:\Program Files\jdk-17.0.2\bin\management_ext.dll
0x00007ff960390000 - 0x00007ff9603a8000 	C:\Windows\SYSTEM32\CRYPTSP.dll
0x00007ff95fac0000 - 0x00007ff95faf4000 	C:\Windows\system32\rsaenh.dll
0x00007ff960ec0000 - 0x00007ff960ee7000 	C:\Windows\System32\bcrypt.dll
0x00007ff9609c0000 - 0x00007ff9609ee000 	C:\Windows\SYSTEM32\USERENV.dll
0x00007ff9603b0000 - 0x00007ff9603bc000 	C:\Windows\SYSTEM32\CRYPTBASE.dll
0x00007ff95fe90000 - 0x00007ff95fecb000 	C:\Windows\SYSTEM32\IPHLPAPI.DLL
0x00007ff9616f0000 - 0x00007ff9616f8000 	C:\Windows\System32\NSI.dll
0x00007ff95b240000 - 0x00007ff95b257000 	C:\Windows\SYSTEM32\dhcpcsvc6.DLL
0x00007ff95b150000 - 0x00007ff95b16d000 	C:\Windows\SYSTEM32\dhcpcsvc.DLL
0x00007ff95fed0000 - 0x00007ff95ff9a000 	C:\Windows\SYSTEM32\DNSAPI.dll
0x00007ff957360000 - 0x00007ff95736e000 	C:\Program Files\jdk-17.0.2\bin\sunmscapi.dll
0x00007ff9612b0000 - 0x00007ff961406000 	C:\Windows\System32\CRYPT32.dll
0x00007ff9604b0000 - 0x00007ff9604d7000 	C:\Windows\SYSTEM32\ncrypt.dll
0x00007ff960470000 - 0x00007ff9604ab000 	C:\Windows\SYSTEM32\NTASN1.dll
0x00007ff957350000 - 0x00007ff957357000 	C:\Windows\system32\wshunix.dll

dbghelp: loaded successfully - version: 4.0.5 - missing functions: none
symbol engine: initialized successfully - sym options: 0x614 - pdb path: .;C:\Program Files\jdk-17.0.2\bin;C:\Windows\SYSTEM32;C:\Windows\WinSxS\amd64_microsoft.windows.common-controls_6595b64144ccf1df_6.0.19041.1110_none_60b5254171f9507e;C:\Program Files\jdk-17.0.2\bin\server;C:\Users\Valiantdata_hs\.gradle\native\e1d6ef7f7dcc3fd88c89a11ec53ec762bb8ba0a96d01ffa2cd45eb1d1d8dd5c5\windows-amd64;C:\Users\Valiantdata_hs\.gradle\native\0d407fdbe67a94daf76414ababcb853783967236a71b16ec16e742cd7a986fd3\windows-amd64

VM Arguments:
jvm_args: -XX:MaxMetaspaceSize=512m --add-opens=java.base/java.util=ALL-UNNAMED --add-opens=java.base/java.lang=ALL-UNNAMED --add-opens=java.base/java.lang.invoke=ALL-UNNAMED --add-opens=java.base/java.util=ALL-UNNAMED --add-opens=java.prefs/java.util.prefs=ALL-UNNAMED --add-opens=java.prefs/java.util.prefs=ALL-UNNAMED --add-opens=java.base/java.nio.charset=ALL-UNNAMED --add-opens=java.base/java.net=ALL-UNNAMED --add-opens=java.base/java.util.concurrent.atomic=ALL-UNNAMED -Xmx2048m -Dfile.encoding=x-windows-949 -Duser.country=KR -Duser.language=ko -Duser.variant 
java_command: org.gradle.launcher.daemon.bootstrap.GradleDaemon 7.5.1
java_class_path (initial): C:\Users\Valiantdata_hs\.gradle\wrapper\dists\gradle-7.5.1-all\1ehga6e77gqps5uk2kc5kf1vc\gradle-7.5.1\lib\gradle-launcher-7.5.1.jar
Launcher Type: SUN_STANDARD

[Global flags]
     intx CICompilerCount                          = 4                                         {product} {ergonomic}
   size_t CompressedClassSpaceSize                 = 432013312                                 {product} {ergonomic}
     uint ConcGCThreads                            = 3                                         {product} {ergonomic}
     uint G1ConcRefinementThreads                  = 10                                        {product} {ergonomic}
   size_t G1HeapRegionSize                         = 1048576                                   {product} {ergonomic}
    uintx GCDrainStackTargetSize                   = 64                                        {product} {ergonomic}
   size_t InitialHeapSize                          = 262144000                                 {product} {ergonomic}
   size_t MarkStackSize                            = 4194304                                   {product} {ergonomic}
   size_t MaxHeapSize                              = 2147483648                                {product} {command line}
   size_t MaxMetaspaceSize                         = 536870912                                 {product} {command line}
   size_t MaxNewSize                               = 1287651328                                {product} {ergonomic}
   size_t MinHeapDeltaBytes                        = 1048576                                   {product} {ergonomic}
   size_t MinHeapSize                              = 8388608                                   {product} {ergonomic}
    uintx NonNMethodCodeHeapSize                   = 5839372                                {pd product} {ergonomic}
    uintx NonProfiledCodeHeapSize                  = 122909434                              {pd product} {ergonomic}
    uintx ProfiledCodeHeapSize                     = 122909434                              {pd product} {ergonomic}
    uintx ReservedCodeCacheSize                    = 251658240                              {pd product} {ergonomic}
     bool SegmentedCodeCache                       = true                                      {product} {ergonomic}
   size_t SoftMaxHeapSize                          = 2147483648                             {manageable} {ergonomic}
     bool UseCompressedClassPointers               = true                           {product lp64_product} {ergonomic}
     bool UseCompressedOops                        = true                           {product lp64_product} {ergonomic}
     bool UseG1GC                                  = true                                      {product} {ergonomic}
     bool UseLargePagesIndividualAllocation        = false                                  {pd product} {ergonomic}

Logging:
Log output configuration:
 #0: stdout all=warning uptime,level,tags
 #1: stderr all=off uptime,level,tags

Environment Variables:
JAVA_HOME=C:\Program Files\jdk-17.0.2
CLASSPATH=D:\0.React-native\SafetyCulture\android\\gradle\wrapper\gradle-wrapper.jar
PATH=D:\0.React-native\SafetyCulture\android\node_modules\.bin;D:\0.React-native\SafetyCulture\node_modules\.bin;D:\0.React-native\node_modules\.bin;D:\node_modules\.bin;C:\Program Files\nodejs;D:\0.React-native\SafetyCulture\node_modules\.bin;D:\0.React-native\node_modules\.bin;D:\node_modules\.bin;C:\Program Files\nodejs\node_modules\npm\node_modules\@npmcli\run-script\lib\node-gyp-bin;C:\Program Files\Common Files\Oracle\Java\javapath;C:\Python\Scripts\;C:\Python\;C:\Windows\system32;C:\Windows;C:\Windows\System32\Wbem;C:\Windows\System32\WindowsPowerShell\v1.0\;C:\Windows\System32\OpenSSH\;C:\Program Files\jdk-17.0.2\bin;C:\Program Files\nodejs\;C:\Program Files\Git\cmd;C:\Program Files\PuTTY\;c:\python\lib\site-packages;C:\ProgramData\Anaconda3\Library;C:\Program Files\openssl-0.9.8k_X64\bin;C:\Users\Valiantdata_hs\AppData\Local\Android\Sdk\platform-tools;D:\flutter\bin;C:\Users\Valiantdata_hs\.gradle;C:\Program Files\MySQL\MySQL Shell 8.0\bin\;C:\Users\Valiantdata_hs\AppData\Local\Microsoft\WindowsApps;C:\Users\Valiantdata_hs\AppData\Local\Programs\Microsoft VS Code\bin;C:\Users\Valiantdata_hs\AppData\Roaming\npm;C:\Users\Valiantdata_hs\AppData\Local\GitHubDesktop\bin;C:\Program Files\JetBrains\IntelliJ IDEA 2022.1.1\bin;;C:\Program Files\openssl-0.9.8k_X64\bin;C:\Users\Valiantdata_hs\AppData\Local\Android\Sdk\platform-tools;D:\flutter\bin;C:\Users\Valiantdata_hs\.gradle;
USERNAME=Valiantdata_hs
LANG=ko_KR.UTF-8
OS=Windows_NT
PROCESSOR_IDENTIFIER=Intel64 Family 6 Model 165 Stepping 3, GenuineIntel



---------------  S Y S T E M  ---------------

OS:
 Windows 10 , 64 bit Build 19041 (10.0.19041.2364)
OS uptime: 0 days 2:34 hours

CPU: total 12 (initial active 12) (6 cores per cpu, 2 threads per core) family 6 model 165 stepping 3 microcode 0xe0, cx8, cmov, fxsr, ht, mmx, 3dnowpref, sse, sse2, sse3, ssse3, sse4.1, sse4.2, popcnt, lzcnt, tsc, tscinvbit, avx, avx2, aes, erms, clmul, bmi1, bmi2, adx, fma, vzeroupper, clflush, clflushopt

Memory: 4k page, system-wide physical 15990M (3582M free)
TotalPageFile size 15990M (AvailPageFile size 8M)
current process WorkingSet (physical memory assigned to process): 461M, peak: 466M
current process commit charge ("private bytes"): 512M, peak: 517M

vm_info: Java HotSpot(TM) 64-Bit Server VM (17.0.2+8-LTS-86) for windows-amd64 JRE (17.0.2+8-LTS-86), built on Dec  7 2021 21:51:03 by "mach5one" with MS VC++ 16.8 / 16.9 (VS2019)

END.
