#
# There is insufficient memory for the Java Runtime Environment to continue.
# Native memory allocation (malloc) failed to allocate 1465296 bytes for Chunk::new
# Possible reasons:
#   The system is out of physical RAM or swap space
#   The process is running with CompressedOops enabled, and the Java Heap may be blocking the growth of the native heap
# Possible solutions:
#   Reduce memory load on the system
#   Increase physical memory or swap space
#   Check if swap backing store is full
#   Decrease Java heap size (-Xmx/-Xms)
#   Decrease number of Java threads
#   Decrease Java thread stack sizes (-Xss)
#   Set larger code cache with -XX:ReservedCodeCacheSize=
#   JVM is running with Unscaled Compressed Oops mode in which the Java heap is
#     placed in the first 4GB address space. The Java Heap base address is the
#     maximum limit for the native heap growth. Please use -XX:HeapBaseMinAddress
#     to set the Java Heap base and to place the Java Heap above 4GB virtual address.
# This output file may be truncated or incomplete.
#
#  Out of Memory Error (arena.cpp:189), pid=12088, tid=1336
#
# JRE version: Java(TM) SE Runtime Environment (17.0.2+8) (build 17.0.2+8-LTS-86)
# Java VM: Java HotSpot(TM) 64-Bit Server VM (17.0.2+8-LTS-86, mixed mode, sharing, tiered, compressed oops, compressed class ptrs, g1 gc, windows-amd64)
# No core dump will be written. Minidumps are not enabled by default on client versions of Windows
#

---------------  S U M M A R Y ------------

Command Line: -Xmx64m -Xms64m -Dorg.gradle.appname=gradlew org.gradle.wrapper.GradleWrapperMain app:assembleRelease

Host: Intel(R) Core(TM) i5-10400 CPU @ 2.90GHz, 12 cores, 15G,  Windows 10 , 64 bit Build 19041 (10.0.19041.2364)
Time: Wed Jan 11 15:26:52 2023  Windows 10 , 64 bit Build 19041 (10.0.19041.2364) elapsed time: 92.369949 seconds (0d 0h 1m 32s)

---------------  T H R E A D  ---------------

Current thread (0x000001fe1e038430):  JavaThread "C2 CompilerThread0" daemon [_thread_in_native, id=1336, stack(0x000000df6aa00000,0x000000df6ab00000)]


Current CompileTask:
C2:  92370 1784       4       org.gradle.internal.logging.text.AbstractLineChoppingStyledTextOutput::doAppend (43 bytes)

Stack: [0x000000df6aa00000,0x000000df6ab00000]
Native frames: (J=compiled Java code, j=interpreted, Vv=VM code, C=native code)
V  [jvm.dll+0x670baa]
V  [jvm.dll+0x7cfcb4]
V  [jvm.dll+0x7d145e]
V  [jvm.dll+0x7d1ac3]
V  [jvm.dll+0x242bc5]
V  [jvm.dll+0xaa57b]
V  [jvm.dll+0xaab0c]
V  [jvm.dll+0x35fcb2]
V  [jvm.dll+0x32a331]
V  [jvm.dll+0x3297da]
V  [jvm.dll+0x215c91]
V  [jvm.dll+0x2150b1]
V  [jvm.dll+0x1a1bbd]
V  [jvm.dll+0x224908]
V  [jvm.dll+0x222a6c]
V  [jvm.dll+0x7859bb]
V  [jvm.dll+0x77ff7a]
V  [jvm.dll+0x66fa35]
C  [ucrtbase.dll+0x21bb2]
C  [KERNEL32.DLL+0x17614]
C  [ntdll.dll+0x526a1]


---------------  P R O C E S S  ---------------

Threads class SMR info:
_java_thread_list=0x000001fe1f7a5c80, length=15, elements={
0x000001fe02539700, 0x000001fe025ed640, 0x000001fe025ee4b0, 0x000001fe1e030610,
0x000001fe1e030fc0, 0x000001fe1e035980, 0x000001fe1e036330, 0x000001fe1e038430,
0x000001fe1e038ed0, 0x000001fe1e03dce0, 0x000001fe1ec551d0, 0x000001fe1ec60c80,
0x000001fe1f82c640, 0x000001fe1effe0b0, 0x000001fe1fb89660
}

Java Threads: ( => current thread )
  0x000001fe02539700 JavaThread "main" [_thread_in_native, id=23832, stack(0x000000df69d00000,0x000000df69e00000)]
  0x000001fe025ed640 JavaThread "Reference Handler" daemon [_thread_blocked, id=14576, stack(0x000000df6a400000,0x000000df6a500000)]
  0x000001fe025ee4b0 JavaThread "Finalizer" daemon [_thread_blocked, id=25484, stack(0x000000df6a500000,0x000000df6a600000)]
  0x000001fe1e030610 JavaThread "Signal Dispatcher" daemon [_thread_blocked, id=14732, stack(0x000000df6a600000,0x000000df6a700000)]
  0x000001fe1e030fc0 JavaThread "Attach Listener" daemon [_thread_blocked, id=19076, stack(0x000000df6a700000,0x000000df6a800000)]
  0x000001fe1e035980 JavaThread "Service Thread" daemon [_thread_blocked, id=20524, stack(0x000000df6a800000,0x000000df6a900000)]
  0x000001fe1e036330 JavaThread "Monitor Deflation Thread" daemon [_thread_blocked, id=16396, stack(0x000000df6a900000,0x000000df6aa00000)]
=>0x000001fe1e038430 JavaThread "C2 CompilerThread0" daemon [_thread_in_native, id=1336, stack(0x000000df6aa00000,0x000000df6ab00000)]
  0x000001fe1e038ed0 JavaThread "C1 CompilerThread0" daemon [_thread_blocked, id=22552, stack(0x000000df6ab00000,0x000000df6ac00000)]
  0x000001fe1e03dce0 JavaThread "Sweeper thread" daemon [_thread_blocked, id=22900, stack(0x000000df6ac00000,0x000000df6ad00000)]
  0x000001fe1ec551d0 JavaThread "Notification Thread" daemon [_thread_blocked, id=13932, stack(0x000000df6ad00000,0x000000df6ae00000)]
  0x000001fe1ec60c80 JavaThread "Common-Cleaner" daemon [_thread_blocked, id=9168, stack(0x000000df6af00000,0x000000df6b000000)]
  0x000001fe1f82c640 JavaThread "pool-1-thread-1" [_thread_blocked, id=24704, stack(0x000000df6b500000,0x000000df6b600000)]
  0x000001fe1effe0b0 JavaThread "DisconnectableInputStream source reader" daemon [_thread_in_native, id=2956, stack(0x000000df6b600000,0x000000df6b700000)]
  0x000001fe1fb89660 JavaThread "Forward input" [_thread_blocked, id=24896, stack(0x000000df6b700000,0x000000df6b800000)]

Other Threads:
  0x000001fe025e1620 VMThread "VM Thread" [stack: 0x000000df6a300000,0x000000df6a400000] [id=22648]
  0x000001fe025657f0 WatcherThread [stack: 0x000000df6ae00000,0x000000df6af00000] [id=9400]
  0x000001fe025576a0 GCTaskThread "GC Thread#0" [stack: 0x000000df69e00000,0x000000df69f00000] [id=6732]
  0x000001fe1f82ddf0 GCTaskThread "GC Thread#1" [stack: 0x000000df6b100000,0x000000df6b200000] [id=6100]
  0x000001fe1f226320 GCTaskThread "GC Thread#2" [stack: 0x000000df6b200000,0x000000df6b300000] [id=4308]
  0x000001fe1f9afb10 GCTaskThread "GC Thread#3" [stack: 0x000000df6b300000,0x000000df6b400000] [id=14272]
  0x000001fe1f9afdc0 GCTaskThread "GC Thread#4" [stack: 0x000000df6b400000,0x000000df6b500000] [id=11396]
  0x000001fe02559df0 ConcurrentGCThread "G1 Main Marker" [stack: 0x000000df69f00000,0x000000df6a000000] [id=4340]
  0x000001fe0255afa0 ConcurrentGCThread "G1 Conc#0" [stack: 0x000000df6a000000,0x000000df6a100000] [id=24280]
  0x000001fe025c3420 ConcurrentGCThread "G1 Refine#0" [stack: 0x000000df6a100000,0x000000df6a200000] [id=15252]
  0x000001fe025c3e40 ConcurrentGCThread "G1 Service" [stack: 0x000000df6a200000,0x000000df6a300000] [id=6744]

Threads with active compile tasks:
C2 CompilerThread0    92444 1784       4       org.gradle.internal.logging.text.AbstractLineChoppingStyledTextOutput::doAppend (43 bytes)

VM state: not at safepoint (normal execution)

VM Mutex/Monitor currently owned by a thread: None

Heap address: 0x00000000fc000000, size: 64 MB, Compressed Oops mode: 32-bit

CDS archive(s) mapped at: [0x0000000800000000-0x0000000800bc0000-0x0000000800bc0000), size 12320768, SharedBaseAddress: 0x0000000800000000, ArchiveRelocationMode: 0.
Compressed class space mapped at: 0x0000000800c00000-0x0000000840c00000, reserved size: 1073741824
Narrow klass base: 0x0000000800000000, Narrow klass shift: 0, Narrow klass range: 0x100000000

GC Precious Log:
 CPUs: 12 total, 12 available
 Memory: 15990M
 Large Page Support: Disabled
 NUMA Support: Disabled
 Compressed Oops: Enabled (32-bit)
 Heap Region Size: 1M
 Heap Min Capacity: 64M
 Heap Initial Capacity: 64M
 Heap Max Capacity: 64M
 Pre-touch: Disabled
 Parallel Workers: 10
 Concurrent Workers: 3
 Concurrent Refinement Workers: 10
 Periodic GC: Disabled

Heap:
 garbage-first heap   total 65536K, used 28836K [0x00000000fc000000, 0x0000000100000000)
  region size 1024K, 24 young (24576K), 3 survivors (3072K)
 Metaspace       used 8963K, committed 9152K, reserved 1056768K
  class space    used 1180K, committed 1280K, reserved 1048576K

Heap Regions: E=young(eden), S=young(survivor), O=old, HS=humongous(starts), HC=humongous(continues), CS=collection set, F=free, OA=open archive, CA=closed archive, TAMS=top-at-mark-start (previous, next)
|   0|0x00000000fc000000, 0x00000000fc000000, 0x00000000fc100000|  0%| F|  |TAMS 0x00000000fc000000, 0x00000000fc000000| Untracked 
|   1|0x00000000fc100000, 0x00000000fc100000, 0x00000000fc200000|  0%| F|  |TAMS 0x00000000fc100000, 0x00000000fc100000| Untracked 
|   2|0x00000000fc200000, 0x00000000fc200000, 0x00000000fc300000|  0%| F|  |TAMS 0x00000000fc200000, 0x00000000fc200000| Untracked 
|   3|0x00000000fc300000, 0x00000000fc400000, 0x00000000fc400000|100%|HS|  |TAMS 0x00000000fc300000, 0x00000000fc300000| Complete 
|   4|0x00000000fc400000, 0x00000000fc500000, 0x00000000fc500000|100%|HC|  |TAMS 0x00000000fc400000, 0x00000000fc400000| Complete 
|   5|0x00000000fc500000, 0x00000000fc600000, 0x00000000fc600000|100%|HC|  |TAMS 0x00000000fc500000, 0x00000000fc500000| Complete 
|   6|0x00000000fc600000, 0x00000000fc700000, 0x00000000fc700000|100%| O|  |TAMS 0x00000000fc600000, 0x00000000fc600000| Untracked 
|   7|0x00000000fc700000, 0x00000000fc800000, 0x00000000fc800000|100%| O|  |TAMS 0x00000000fc700000, 0x00000000fc700000| Untracked 
|   8|0x00000000fc800000, 0x00000000fc900000, 0x00000000fc900000|100%| O|  |TAMS 0x00000000fc800000, 0x00000000fc800000| Untracked 
|   9|0x00000000fc900000, 0x00000000fc929200, 0x00000000fca00000| 16%| O|  |TAMS 0x00000000fc900000, 0x00000000fc900000| Untracked 
|  10|0x00000000fca00000, 0x00000000fca00000, 0x00000000fcb00000|  0%| F|  |TAMS 0x00000000fca00000, 0x00000000fca00000| Untracked 
|  11|0x00000000fcb00000, 0x00000000fcb00000, 0x00000000fcc00000|  0%| F|  |TAMS 0x00000000fcb00000, 0x00000000fcb00000| Untracked 
|  12|0x00000000fcc00000, 0x00000000fcc00000, 0x00000000fcd00000|  0%| F|  |TAMS 0x00000000fcc00000, 0x00000000fcc00000| Untracked 
|  13|0x00000000fcd00000, 0x00000000fcd00000, 0x00000000fce00000|  0%| F|  |TAMS 0x00000000fcd00000, 0x00000000fcd00000| Untracked 
|  14|0x00000000fce00000, 0x00000000fce00000, 0x00000000fcf00000|  0%| F|  |TAMS 0x00000000fce00000, 0x00000000fce00000| Untracked 
|  15|0x00000000fcf00000, 0x00000000fcf00000, 0x00000000fd000000|  0%| F|  |TAMS 0x00000000fcf00000, 0x00000000fcf00000| Untracked 
|  16|0x00000000fd000000, 0x00000000fd000000, 0x00000000fd100000|  0%| F|  |TAMS 0x00000000fd000000, 0x00000000fd000000| Untracked 
|  17|0x00000000fd100000, 0x00000000fd100000, 0x00000000fd200000|  0%| F|  |TAMS 0x00000000fd100000, 0x00000000fd100000| Untracked 
|  18|0x00000000fd200000, 0x00000000fd200000, 0x00000000fd300000|  0%| F|  |TAMS 0x00000000fd200000, 0x00000000fd200000| Untracked 
|  19|0x00000000fd300000, 0x00000000fd300000, 0x00000000fd400000|  0%| F|  |TAMS 0x00000000fd300000, 0x00000000fd300000| Untracked 
|  20|0x00000000fd400000, 0x00000000fd400000, 0x00000000fd500000|  0%| F|  |TAMS 0x00000000fd400000, 0x00000000fd400000| Untracked 
|  21|0x00000000fd500000, 0x00000000fd500000, 0x00000000fd600000|  0%| F|  |TAMS 0x00000000fd500000, 0x00000000fd500000| Untracked 
|  22|0x00000000fd600000, 0x00000000fd600000, 0x00000000fd700000|  0%| F|  |TAMS 0x00000000fd600000, 0x00000000fd600000| Untracked 
|  23|0x00000000fd700000, 0x00000000fd700000, 0x00000000fd800000|  0%| F|  |TAMS 0x00000000fd700000, 0x00000000fd700000| Untracked 
|  24|0x00000000fd800000, 0x00000000fd800000, 0x00000000fd900000|  0%| F|  |TAMS 0x00000000fd800000, 0x00000000fd800000| Untracked 
|  25|0x00000000fd900000, 0x00000000fd900000, 0x00000000fda00000|  0%| F|  |TAMS 0x00000000fd900000, 0x00000000fd900000| Untracked 
|  26|0x00000000fda00000, 0x00000000fda00000, 0x00000000fdb00000|  0%| F|  |TAMS 0x00000000fda00000, 0x00000000fda00000| Untracked 
|  27|0x00000000fdb00000, 0x00000000fdb00000, 0x00000000fdc00000|  0%| F|  |TAMS 0x00000000fdb00000, 0x00000000fdb00000| Untracked 
|  28|0x00000000fdc00000, 0x00000000fdc00000, 0x00000000fdd00000|  0%| F|  |TAMS 0x00000000fdc00000, 0x00000000fdc00000| Untracked 
|  29|0x00000000fdd00000, 0x00000000fdd00000, 0x00000000fde00000|  0%| F|  |TAMS 0x00000000fdd00000, 0x00000000fdd00000| Untracked 
|  30|0x00000000fde00000, 0x00000000fde00000, 0x00000000fdf00000|  0%| F|  |TAMS 0x00000000fde00000, 0x00000000fde00000| Untracked 
|  31|0x00000000fdf00000, 0x00000000fdf00000, 0x00000000fe000000|  0%| F|  |TAMS 0x00000000fdf00000, 0x00000000fdf00000| Untracked 
|  32|0x00000000fe000000, 0x00000000fe000000, 0x00000000fe100000|  0%| F|  |TAMS 0x00000000fe000000, 0x00000000fe000000| Untracked 
|  33|0x00000000fe100000, 0x00000000fe100000, 0x00000000fe200000|  0%| F|  |TAMS 0x00000000fe100000, 0x00000000fe100000| Untracked 
|  34|0x00000000fe200000, 0x00000000fe200000, 0x00000000fe300000|  0%| F|  |TAMS 0x00000000fe200000, 0x00000000fe200000| Untracked 
|  35|0x00000000fe300000, 0x00000000fe300000, 0x00000000fe400000|  0%| F|  |TAMS 0x00000000fe300000, 0x00000000fe300000| Untracked 
|  36|0x00000000fe400000, 0x00000000fe400000, 0x00000000fe500000|  0%| F|  |TAMS 0x00000000fe400000, 0x00000000fe400000| Untracked 
|  37|0x00000000fe500000, 0x00000000fe500000, 0x00000000fe600000|  0%| F|  |TAMS 0x00000000fe500000, 0x00000000fe500000| Untracked 
|  38|0x00000000fe600000, 0x00000000fe700000, 0x00000000fe700000|100%| S|CS|TAMS 0x00000000fe600000, 0x00000000fe600000| Complete 
|  39|0x00000000fe700000, 0x00000000fe800000, 0x00000000fe800000|100%| S|CS|TAMS 0x00000000fe700000, 0x00000000fe700000| Complete 
|  40|0x00000000fe800000, 0x00000000fe900000, 0x00000000fe900000|100%| S|CS|TAMS 0x00000000fe800000, 0x00000000fe800000| Complete 
|  41|0x00000000fe900000, 0x00000000fe900000, 0x00000000fea00000|  0%| F|  |TAMS 0x00000000fe900000, 0x00000000fe900000| Untracked 
|  42|0x00000000fea00000, 0x00000000fea00000, 0x00000000feb00000|  0%| F|  |TAMS 0x00000000fea00000, 0x00000000fea00000| Untracked 
|  43|0x00000000feb00000, 0x00000000feb38d50, 0x00000000fec00000| 22%| E|  |TAMS 0x00000000feb00000, 0x00000000feb00000| Complete 
|  44|0x00000000fec00000, 0x00000000fed00000, 0x00000000fed00000|100%| E|CS|TAMS 0x00000000fec00000, 0x00000000fec00000| Complete 
|  45|0x00000000fed00000, 0x00000000fee00000, 0x00000000fee00000|100%| E|CS|TAMS 0x00000000fed00000, 0x00000000fed00000| Complete 
|  46|0x00000000fee00000, 0x00000000fef00000, 0x00000000fef00000|100%| E|CS|TAMS 0x00000000fee00000, 0x00000000fee00000| Complete 
|  47|0x00000000fef00000, 0x00000000ff000000, 0x00000000ff000000|100%| E|  |TAMS 0x00000000fef00000, 0x00000000fef00000| Complete 
|  48|0x00000000ff000000, 0x00000000ff100000, 0x00000000ff100000|100%| E|CS|TAMS 0x00000000ff000000, 0x00000000ff000000| Complete 
|  49|0x00000000ff100000, 0x00000000ff200000, 0x00000000ff200000|100%| E|CS|TAMS 0x00000000ff100000, 0x00000000ff100000| Complete 
|  50|0x00000000ff200000, 0x00000000ff300000, 0x00000000ff300000|100%| E|CS|TAMS 0x00000000ff200000, 0x00000000ff200000| Complete 
|  51|0x00000000ff300000, 0x00000000ff400000, 0x00000000ff400000|100%| E|CS|TAMS 0x00000000ff300000, 0x00000000ff300000| Complete 
|  52|0x00000000ff400000, 0x00000000ff500000, 0x00000000ff500000|100%| E|CS|TAMS 0x00000000ff400000, 0x00000000ff400000| Complete 
|  53|0x00000000ff500000, 0x00000000ff600000, 0x00000000ff600000|100%| E|CS|TAMS 0x00000000ff500000, 0x00000000ff500000| Complete 
|  54|0x00000000ff600000, 0x00000000ff700000, 0x00000000ff700000|100%| E|CS|TAMS 0x00000000ff600000, 0x00000000ff600000| Complete 
|  55|0x00000000ff700000, 0x00000000ff800000, 0x00000000ff800000|100%| E|CS|TAMS 0x00000000ff700000, 0x00000000ff700000| Complete 
|  56|0x00000000ff800000, 0x00000000ff900000, 0x00000000ff900000|100%| E|CS|TAMS 0x00000000ff800000, 0x00000000ff800000| Complete 
|  57|0x00000000ff900000, 0x00000000ffa00000, 0x00000000ffa00000|100%| E|CS|TAMS 0x00000000ff900000, 0x00000000ff900000| Complete 
|  58|0x00000000ffa00000, 0x00000000ffb00000, 0x00000000ffb00000|100%| E|CS|TAMS 0x00000000ffa00000, 0x00000000ffa00000| Complete 
|  59|0x00000000ffb00000, 0x00000000ffc00000, 0x00000000ffc00000|100%| E|CS|TAMS 0x00000000ffb00000, 0x00000000ffb00000| Complete 
|  60|0x00000000ffc00000, 0x00000000ffd00000, 0x00000000ffd00000|100%| E|CS|TAMS 0x00000000ffc00000, 0x00000000ffc00000| Complete 
|  61|0x00000000ffd00000, 0x00000000ffe00000, 0x00000000ffe00000|100%| E|CS|TAMS 0x00000000ffd00000, 0x00000000ffd00000| Complete 
|  62|0x00000000ffe00000, 0x00000000fff00000, 0x00000000fff00000|100%| E|CS|TAMS 0x00000000ffe00000, 0x00000000ffe00000| Complete 
|  63|0x00000000fff00000, 0x0000000100000000, 0x0000000100000000|100%| E|CS|TAMS 0x00000000fff00000, 0x00000000fff00000| Complete 

Card table byte_map: [0x000001fe02640000,0x000001fe02660000] _byte_map_base: 0x000001fe01e60000

Marking Bits (Prev, Next): (CMBitMap*) 0x000001fe02557cb0, (CMBitMap*) 0x000001fe02557cf0
 Prev Bits: [0x000001fe1b260000, 0x000001fe1b360000)
 Next Bits: [0x000001fe1b360000, 0x000001fe1b460000)

Polling page: 0x000001fe02240000

Metaspace:

Usage:
  Non-class:      7.60 MB used.
      Class:      1.15 MB used.
       Both:      8.75 MB used.

Virtual space:
  Non-class space:        8.00 MB reserved,       7.69 MB ( 96%) committed,  1 nodes.
      Class space:        1.00 GB reserved,       1.25 MB ( <1%) committed,  1 nodes.
             Both:        1.01 GB reserved,       8.94 MB ( <1%) committed. 

Chunk freelists:
   Non-Class:  96.00 KB
       Class:  2.64 MB
        Both:  2.73 MB

MaxMetaspaceSize: unlimited
CompressedClassSpaceSize: 1.00 GB
Initial GC threshold: 21.00 MB
Current GC threshold: 21.00 MB
CDS: on
MetaspaceReclaimPolicy: balanced
 - commit_granule_bytes: 65536.
 - commit_granule_words: 8192.
 - virtual_space_node_default_size: 1048576.
 - enlarge_chunks_in_place: 1.
 - new_chunks_are_fully_committed: 0.
 - uncommit_free_chunks: 1.
 - use_allocation_guard: 0.
 - handle_deallocations: 1.


Internal statistics:

num_allocs_failed_limit: 0.
num_arena_births: 80.
num_arena_deaths: 0.
num_vsnodes_births: 2.
num_vsnodes_deaths: 0.
num_space_committed: 143.
num_space_uncommitted: 0.
num_chunks_returned_to_freelist: 0.
num_chunks_taken_from_freelist: 317.
num_chunk_merges: 0.
num_chunk_splits: 208.
num_chunks_enlarged: 172.
num_purges: 0.
num_inconsistent_stats: 0.

CodeHeap 'non-profiled nmethods': size=120000Kb used=655Kb max_used=655Kb free=119344Kb
 bounds [0x000001fe13060000, 0x000001fe132d0000, 0x000001fe1a590000]
CodeHeap 'profiled nmethods': size=120000Kb used=3394Kb max_used=3394Kb free=116605Kb
 bounds [0x000001fe0bb30000, 0x000001fe0be90000, 0x000001fe13060000]
CodeHeap 'non-nmethods': size=5760Kb used=1171Kb max_used=1195Kb free=4588Kb
 bounds [0x000001fe0b590000, 0x000001fe0b800000, 0x000001fe0bb30000]
 total_blobs=2253 nmethods=1785 adapters=381
 compilation: enabled
              stopped_count=0, restarted_count=0
 full_count=0

Compilation events (20 events):
Event: 90.400 Thread 0x000001fe1e038ed0 nmethod 1777 0x000001fe0be77990 code [0x000001fe0be77c80, 0x000001fe0be78f08]
Event: 90.804 Thread 0x000001fe1e038430 1778       4       java.util.ArrayDeque$DeqIterator::next (62 bytes)
Event: 90.805 Thread 0x000001fe1e038430 nmethod 1778 0x000001fe13103b10 code [0x000001fe13103ca0, 0x000001fe13103db8]
Event: 92.223 Thread 0x000001fe1e038ed0 1779       3       org.gradle.internal.logging.events.RenderableOutputEvent::<init> (15 bytes)
Event: 92.223 Thread 0x000001fe1e038ed0 nmethod 1779 0x000001fe0be79710 code [0x000001fe0be798c0, 0x000001fe0be79bf8]
Event: 92.223 Thread 0x000001fe1e038ed0 1780       3       org.gradle.internal.logging.events.StyledTextOutputEvent::<init> (24 bytes)
Event: 92.223 Thread 0x000001fe1e038ed0 nmethod 1780 0x000001fe0be79d10 code [0x000001fe0be79ec0, 0x000001fe0be7a0f8]
Event: 92.223 Thread 0x000001fe1e038ed0 1781       3       org.gradle.internal.logging.serializer.StyledTextOutputEventSerializer::read (6 bytes)
Event: 92.223 Thread 0x000001fe1e038ed0 nmethod 1781 0x000001fe0be7a210 code [0x000001fe0be7a3c0, 0x000001fe0be7a508]
Event: 92.223 Thread 0x000001fe1e038ed0 1782       3       org.gradle.internal.logging.serializer.StyledTextOutputEventSerializer::read (90 bytes)
Event: 92.224 Thread 0x000001fe1e038ed0 nmethod 1782 0x000001fe0be7a590 code [0x000001fe0be7a7e0, 0x000001fe0be7b378]
Event: 92.224 Thread 0x000001fe1e038ed0 1783       3       org.gradle.internal.serialize.AbstractCollectionSerializer::read (6 bytes)
Event: 92.224 Thread 0x000001fe1e038ed0 nmethod 1783 0x000001fe0be7b690 code [0x000001fe0be7b820, 0x000001fe0be7b9e8]
Event: 92.303 Thread 0x000001fe1e038430 1784       4       org.gradle.internal.logging.text.AbstractLineChoppingStyledTextOutput::doAppend (43 bytes)
Event: 92.303 Thread 0x000001fe1e038ed0 1785       3       org.gradle.internal.logging.console.StyledTextOutputBackedRenderer::onOutput (260 bytes)
Event: 92.305 Thread 0x000001fe1e038ed0 nmethod 1785 0x000001fe0be7ba90 code [0x000001fe0be7bf00, 0x000001fe0be7ea68]
Event: 92.305 Thread 0x000001fe1e038ed0 1786       3       org.gradle.internal.logging.events.StyledTextOutputEvent::render (55 bytes)
Event: 92.305 Thread 0x000001fe1e038ed0 nmethod 1786 0x000001fe0be7f510 code [0x000001fe0be7f740, 0x000001fe0be801a8]
Event: 92.305 Thread 0x000001fe1e038ed0 1787       3       com.google.common.base.Objects::equal (23 bytes)
Event: 92.305 Thread 0x000001fe1e038ed0 nmethod 1787 0x000001fe0be80510 code [0x000001fe0be806c0, 0x000001fe0be80948]

GC Heap History (2 events):
Event: 0.453 GC heap before
{Heap before GC invocations=0 (full 0):
 garbage-first heap   total 65536K, used 28672K [0x00000000fc000000, 0x0000000100000000)
  region size 1024K, 23 young (23552K), 0 survivors (0K)
 Metaspace       used 3580K, committed 3712K, reserved 1056768K
  class space    used 449K, committed 512K, reserved 1048576K
}
Event: 0.457 GC heap after
{Heap after GC invocations=1 (full 0):
 garbage-first heap   total 65536K, used 9380K [0x00000000fc000000, 0x0000000100000000)
  region size 1024K, 3 young (3072K), 3 survivors (3072K)
 Metaspace       used 3580K, committed 3712K, reserved 1056768K
  class space    used 449K, committed 512K, reserved 1048576K
}

Deoptimization events (20 events):
Event: 41.456 Thread 0x000001fe1f82c640 DEOPT PACKING pc=0x000001fe130fa338 sp=0x000000df6b5fe880
Event: 41.456 Thread 0x000001fe1f82c640 DEOPT UNPACKING pc=0x000001fe0b5e23a3 sp=0x000000df6b5fe6d8 mode 2
Event: 41.456 Thread 0x000001fe1f82c640 Uncommon trap: trap_request=0xffffff45 fr.pc=0x000001fe130f3f18 relative=0x0000000000000498
Event: 41.456 Thread 0x000001fe1f82c640 Uncommon trap: reason=unstable_if action=reinterpret pc=0x000001fe130f3f18 method=org.gradle.internal.logging.text.AbstractLineChoppingStyledTextOutput$2.execute(Lorg/gradle/internal/logging/text/AbstractLineChoppingStyledTextOutput$StateContext;)V @ 6 c2
Event: 41.456 Thread 0x000001fe1f82c640 DEOPT PACKING pc=0x000001fe130f3f18 sp=0x000000df6b5fe630
Event: 41.456 Thread 0x000001fe1f82c640 DEOPT UNPACKING pc=0x000001fe0b5e23a3 sp=0x000000df6b5fe4c8 mode 2
Event: 88.595 Thread 0x000001fe1f82c640 Uncommon trap: trap_request=0xffffff45 fr.pc=0x000001fe130f5114 relative=0x0000000000000494
Event: 88.595 Thread 0x000001fe1f82c640 Uncommon trap: reason=unstable_if action=reinterpret pc=0x000001fe130f5114 method=org.gradle.internal.logging.text.AbstractLineChoppingStyledTextOutput$2.execute(Lorg/gradle/internal/logging/text/AbstractLineChoppingStyledTextOutput$StateContext;)V @ 6 c2
Event: 88.595 Thread 0x000001fe1f82c640 DEOPT PACKING pc=0x000001fe130f5114 sp=0x000000df6b5fe940
Event: 88.595 Thread 0x000001fe1f82c640 DEOPT UNPACKING pc=0x000001fe0b5e23a3 sp=0x000000df6b5fe830 mode 2
Event: 88.595 Thread 0x000001fe1f82c640 Uncommon trap: trap_request=0xffffff45 fr.pc=0x000001fe130f5eec relative=0x000000000000036c
Event: 88.595 Thread 0x000001fe1f82c640 Uncommon trap: reason=unstable_if action=reinterpret pc=0x000001fe130f5eec method=org.gradle.internal.logging.text.AbstractLineChoppingStyledTextOutput$2.execute(Lorg/gradle/internal/logging/text/AbstractLineChoppingStyledTextOutput$StateContext;)V @ 6 c2
Event: 88.595 Thread 0x000001fe1f82c640 DEOPT PACKING pc=0x000001fe130f5eec sp=0x000000df6b5fe670
Event: 88.595 Thread 0x000001fe1f82c640 DEOPT UNPACKING pc=0x000001fe0b5e23a3 sp=0x000000df6b5fe630 mode 2
Event: 88.714 Thread 0x000001fe1f82c640 DEOPT PACKING pc=0x000001fe0be6e9d4 sp=0x000000df6b5fe7a0
Event: 88.714 Thread 0x000001fe1f82c640 DEOPT UNPACKING pc=0x000001fe0b5e2b43 sp=0x000000df6b5fdc70 mode 0
Event: 90.397 Thread 0x000001fe1f82c640 DEOPT PACKING pc=0x000001fe0be6e9d4 sp=0x000000df6b5fe9f0
Event: 90.397 Thread 0x000001fe1f82c640 DEOPT UNPACKING pc=0x000001fe0b5e2b43 sp=0x000000df6b5fdec0 mode 0
Event: 92.303 Thread 0x000001fe1f82c640 DEOPT PACKING pc=0x000001fe0be6e9d4 sp=0x000000df6b5fe830
Event: 92.303 Thread 0x000001fe1f82c640 DEOPT UNPACKING pc=0x000001fe0b5e2b43 sp=0x000000df6b5fdd00 mode 0

Classes unloaded (0 events):
No events

Classes redefined (0 events):
No events

Internal exceptions (19 events):
Event: 0.103 Thread 0x000001fe02539700 Exception <a 'java/lang/NoSuchMethodError'{0x00000000ffcf7a70}: 'int java.lang.invoke.DirectMethodHandle$Holder.invokeStaticInit(java.lang.Object, java.lang.Object)'> (0x00000000ffcf7a70) 
thrown [t:\workspace\open\src\hotspot\share\interpreter\linkResolver.cpp, line 766]
Event: 0.431 Thread 0x000001fe02539700 Exception <a 'java/lang/NoSuchMethodError'{0x00000000fead8bb0}: 'void java.lang.invoke.DirectMethodHandle$Holder.invokeStatic(java.lang.Object, java.lang.Object)'> (0x00000000fead8bb0) 
thrown [t:\workspace\open\src\hotspot\share\interpreter\linkResolver.cpp, line 766]
Event: 0.444 Thread 0x000001fe02539700 Exception <a 'java/lang/NoClassDefFoundError'{0x00000000fe9593e0}: org/slf4j/impl/StaticMarkerBinder> (0x00000000fe9593e0) 
thrown [t:\workspace\open\src\hotspot\share\classfile\systemDictionary.cpp, line 245]
Event: 0.452 Thread 0x000001fe02539700 Exception <a 'java/lang/NoSuchMethodError'{0x00000000fe9f5fc0}: 'java.lang.Object java.lang.invoke.DirectMethodHandle$Holder.invokeVirtual(java.lang.Object, java.lang.Object, java.lang.Object, java.lang.Object, java.lang.Object, java.lang.Object, java.lang.Object)'> (0x00000000fe9f5fc0) 
thrown [t:\workspace\open\src\hotspot\share\interpreter\linkResolver.cpp, line 766]
Event: 0.458 Thread 0x000001fe02539700 Exception <a 'java/lang/NoSuchMethodError'{0x00000000fff07e30}: 'java.lang.Object java.lang.invoke.Invokers$Holder.invoker(java.lang.Object, java.lang.Object, java.lang.Object)'> (0x00000000fff07e30) 
thrown [t:\workspace\open\src\hotspot\share\interpreter\linkResolver.cpp, line 766]
Event: 0.459 Thread 0x000001fe02539700 Exception <a 'java/lang/NoSuchMethodError'{0x00000000fff11008}: 'java.lang.Object java.lang.invoke.DirectMethodHandle$Holder.invokeStatic(java.lang.Object, java.lang.Object, int)'> (0x00000000fff11008) 
thrown [t:\workspace\open\src\hotspot\share\interpreter\linkResolver.cpp, line 766]
Event: 0.459 Thread 0x000001fe02539700 Exception <a 'java/lang/NoSuchMethodError'{0x00000000fff1ccf8}: 'void java.lang.invoke.DelegatingMethodHandle$Holder.delegate(java.lang.Object, java.lang.Object, int, java.lang.Object)'> (0x00000000fff1ccf8) 
thrown [t:\workspace\open\src\hotspot\share\interpreter\linkResolver.cpp, line 766]
Event: 0.460 Thread 0x000001fe02539700 Exception <a 'java/lang/NoSuchMethodError'{0x00000000fff20ec0}: 'int java.lang.invoke.DirectMethodHandle$Holder.invokeSpecial(java.lang.Object, java.lang.Object, java.lang.Object)'> (0x00000000fff20ec0) 
thrown [t:\workspace\open\src\hotspot\share\interpreter\linkResolver.cpp, line 766]
Event: 0.461 Thread 0x000001fe02539700 Exception <a 'java/lang/NoSuchMethodError'{0x00000000fff34008}: 'java.lang.Object java.lang.invoke.Invokers$Holder.invokeExact_MT(java.lang.Object, java.lang.Object, java.lang.Object, java.lang.Object)'> (0x00000000fff34008) 
thrown [t:\workspace\open\src\hotspot\share\interpreter\linkResolver.cpp, line 766]
Event: 0.524 Thread 0x000001fe02539700 Exception <a 'java/lang/NoSuchMethodError'{0x00000000ffa33750}: 'java.lang.Object java.lang.invoke.DirectMethodHandle$Holder.invokeInterface(java.lang.Object, java.lang.Object, java.lang.Object)'> (0x00000000ffa33750) 
thrown [t:\workspace\open\src\hotspot\share\interpreter\linkResolver.cpp, line 766]
Event: 0.526 Thread 0x000001fe02539700 Exception <a 'java/lang/NoSuchMethodError'{0x00000000ffa552f8}: 'void java.lang.invoke.DirectMethodHandle$Holder.invokeSpecial(java.lang.Object, java.lang.Object, java.lang.Object)'> (0x00000000ffa552f8) 
thrown [t:\workspace\open\src\hotspot\share\interpreter\linkResolver.cpp, line 766]
Event: 0.533 Thread 0x000001fe02539700 Implicit null exception at 0x000001fe130b808f to 0x000001fe130b8604
Event: 0.533 Thread 0x000001fe02539700 Implicit null exception at 0x000001fe130a3c0f to 0x000001fe130a418c
Event: 0.545 Thread 0x000001fe02539700 Exception <a 'java/lang/NoSuchMethodError'{0x00000000ff9e3398}: 'java.lang.Object java.lang.invoke.DirectMethodHandle$Holder.invokeStaticInit(java.lang.Object)'> (0x00000000ff9e3398) 
thrown [t:\workspace\open\src\hotspot\share\interpreter\linkResolver.cpp, line 766]
Event: 0.598 Thread 0x000001fe02539700 Exception <a 'java/lang/NoSuchMethodError'{0x00000000ff5eb050}: 'java.lang.Object java.lang.invoke.DirectMethodHandle$Holder.invokeStaticInit(java.lang.Object, int, int, int, int)'> (0x00000000ff5eb050) 
thrown [t:\workspace\open\src\hotspot\share\interpreter\linkResolver.cpp, line 766]
Event: 0.664 Thread 0x000001fe02539700 Exception <a 'java/lang/NoSuchMethodError'{0x00000000ff4cee78}: 'java.lang.Object java.lang.invoke.DirectMethodHandle$Holder.invokeStaticInit(java.lang.Object, java.lang.Object, int, int, int, int)'> (0x00000000ff4cee78) 
thrown [t:\workspace\open\src\hotspot\share\interpreter\linkResolver.cpp, line 766]
Event: 1.007 Thread 0x000001fe02539700 Exception <a 'java/lang/NoSuchMethodError'{0x00000000ff4fde68}: 'void java.lang.invoke.DirectMethodHandle$Holder.invokeStatic(java.lang.Object, java.lang.Object, java.lang.Object)'> (0x00000000ff4fde68) 
thrown [t:\workspace\open\src\hotspot\share\interpreter\linkResolver.cpp, line 766]
Event: 1.019 Thread 0x000001fe02539700 Implicit null exception at 0x000001fe1309e5f2 to 0x000001fe1309ec0c
Event: 1.020 Thread 0x000001fe02539700 Implicit null exception at 0x000001fe1309f6f2 to 0x000001fe1309fd0c

VM Operations (20 events):
Event: 50.466 Executing VM operation: Cleanup
Event: 50.466 Executing VM operation: Cleanup done
Event: 51.473 Executing VM operation: Cleanup
Event: 51.473 Executing VM operation: Cleanup done
Event: 52.475 Executing VM operation: Cleanup
Event: 52.475 Executing VM operation: Cleanup done
Event: 61.562 Executing VM operation: Cleanup
Event: 61.562 Executing VM operation: Cleanup done
Event: 66.613 Executing VM operation: Cleanup
Event: 66.613 Executing VM operation: Cleanup done
Event: 73.694 Executing VM operation: Cleanup
Event: 73.694 Executing VM operation: Cleanup done
Event: 81.771 Executing VM operation: Cleanup
Event: 81.771 Executing VM operation: Cleanup done
Event: 88.842 Executing VM operation: Cleanup
Event: 88.842 Executing VM operation: Cleanup done
Event: 90.867 Executing VM operation: Cleanup
Event: 90.867 Executing VM operation: Cleanup done
Event: 91.876 Executing VM operation: Cleanup
Event: 91.876 Executing VM operation: Cleanup done

Events (20 events):
Event: 41.064 loading class jdk/internal/logger/LazyLoggers$1
Event: 41.064 loading class jdk/internal/logger/LazyLoggers$1 done
Event: 41.064 loading class jdk/internal/logger/LazyLoggers$LazyLoggerFactories
Event: 41.064 loading class jdk/internal/logger/LazyLoggers$LazyLoggerFactories done
Event: 41.065 loading class jdk/internal/logger/LoggerFinderLoader
Event: 41.065 loading class jdk/internal/logger/LoggerFinderLoader done
Event: 41.066 loading class sun/util/logging/internal/LoggingProviderImpl$JULWrapper
Event: 41.067 loading class sun/util/logging/PlatformLogger$ConfigurableBridge$LoggerConfiguration
Event: 41.067 loading class sun/util/logging/PlatformLogger$ConfigurableBridge$LoggerConfiguration done
Event: 41.067 loading class sun/util/logging/internal/LoggingProviderImpl$JULWrapper done
Event: 41.067 loading class java/io/ObjectInputFilter
Event: 41.067 loading class java/io/ObjectInputFilter done
Event: 41.068 loading class java/io/ObjectInputFilter$Config$BuiltinFilterFactory
Event: 41.068 loading class java/io/ObjectInputFilter$Config$BuiltinFilterFactory done
Event: 41.068 loading class jdk/internal/access/JavaObjectInputFilterAccess
Event: 41.068 loading class jdk/internal/access/JavaObjectInputFilterAccess done
Event: 41.068 loading class java/lang/System$Logger$Level
Event: 41.069 loading class java/lang/System$Logger$Level done
Event: 41.069 loading class java/io/Bits
Event: 41.070 loading class java/io/Bits done


Dynamic libraries:
0x00007ff6b7ad0000 - 0x00007ff6b7ae0000 	C:\Program Files\jdk-17.0.2\bin\java.exe
0x00007ffbcb290000 - 0x00007ffbcb488000 	C:\Windows\SYSTEM32\ntdll.dll
0x00007ffbcab90000 - 0x00007ffbcac4f000 	C:\Windows\System32\KERNEL32.DLL
0x00007ffbc8b90000 - 0x00007ffbc8e62000 	C:\Windows\System32\KERNELBASE.dll
0x00007ffbc8ef0000 - 0x00007ffbc8ff0000 	C:\Windows\System32\ucrtbase.dll
0x00007ffbbeac0000 - 0x00007ffbbead8000 	C:\Program Files\jdk-17.0.2\bin\jli.dll
0x00007ffbc12d0000 - 0x00007ffbc12ea000 	C:\Program Files\jdk-17.0.2\bin\VCRUNTIME140.dll
0x00007ffbc9a20000 - 0x00007ffbc9ace000 	C:\Windows\System32\ADVAPI32.dll
0x00007ffbc9f70000 - 0x00007ffbca00e000 	C:\Windows\System32\msvcrt.dll
0x00007ffbc9ad0000 - 0x00007ffbc9b6c000 	C:\Windows\System32\sechost.dll
0x00007ffbca4c0000 - 0x00007ffbca5e5000 	C:\Windows\System32\RPCRT4.dll
0x00007ffbca010000 - 0x00007ffbca1b1000 	C:\Windows\System32\USER32.dll
0x00007ffbc8e70000 - 0x00007ffbc8e92000 	C:\Windows\System32\win32u.dll
0x00007ffbc9e50000 - 0x00007ffbc9e7b000 	C:\Windows\System32\GDI32.dll
0x00007ffbc91c0000 - 0x00007ffbc92cf000 	C:\Windows\System32\gdi32full.dll
0x00007ffbc9120000 - 0x00007ffbc91bd000 	C:\Windows\System32\msvcp_win.dll
0x00007ffbb60d0000 - 0x00007ffbb636a000 	C:\Windows\WinSxS\amd64_microsoft.windows.common-controls_6595b64144ccf1df_6.0.19041.1110_none_60b5254171f9507e\COMCTL32.dll
0x00007ffbc3990000 - 0x00007ffbc399a000 	C:\Windows\SYSTEM32\VERSION.dll
0x00007ffbc9d20000 - 0x00007ffbc9d52000 	C:\Windows\System32\IMM32.DLL
0x00007ffbc17a0000 - 0x00007ffbc17ac000 	C:\Program Files\jdk-17.0.2\bin\vcruntime140_1.dll
0x00007ffbba880000 - 0x00007ffbba90d000 	C:\Program Files\jdk-17.0.2\bin\msvcp140.dll
0x00007ffb87f50000 - 0x00007ffb88b11000 	C:\Program Files\jdk-17.0.2\bin\server\jvm.dll
0x00007ffbc9cb0000 - 0x00007ffbc9cb8000 	C:\Windows\System32\PSAPI.DLL
0x00007ffbb5530000 - 0x00007ffbb5557000 	C:\Windows\SYSTEM32\WINMM.dll
0x00007ffbb6a10000 - 0x00007ffbb6a19000 	C:\Windows\SYSTEM32\WSOCK32.dll
0x00007ffbc9dc0000 - 0x00007ffbc9e2b000 	C:\Windows\System32\WS2_32.dll
0x00007ffbc6780000 - 0x00007ffbc6792000 	C:\Windows\SYSTEM32\kernel.appcore.dll
0x00007ffbc1520000 - 0x00007ffbc152a000 	C:\Program Files\jdk-17.0.2\bin\jimage.dll
0x00007ffbb6ba0000 - 0x00007ffbb6d84000 	C:\Windows\SYSTEM32\DBGHELP.DLL
0x00007ffbb4fb0000 - 0x00007ffbb4fe5000 	C:\Windows\SYSTEM32\dbgcore.DLL
0x00007ffbc9020000 - 0x00007ffbc90a2000 	C:\Windows\System32\bcryptPrimitives.dll
0x00007ffbbd100000 - 0x00007ffbbd125000 	C:\Program Files\jdk-17.0.2\bin\java.dll
0x00007ffb93370000 - 0x00007ffb93446000 	C:\Program Files\jdk-17.0.2\bin\jsvml.dll
0x00007ffbc92d0000 - 0x00007ffbc9a14000 	C:\Windows\System32\SHELL32.dll
0x00007ffbc6a60000 - 0x00007ffbc71f2000 	C:\Windows\SYSTEM32\windows.storage.dll
0x00007ffbca820000 - 0x00007ffbcab75000 	C:\Windows\System32\combase.dll
0x00007ffbc8300000 - 0x00007ffbc8330000 	C:\Windows\SYSTEM32\Wldp.dll
0x00007ffbca650000 - 0x00007ffbca6fd000 	C:\Windows\System32\SHCORE.dll
0x00007ffbc9d60000 - 0x00007ffbc9db5000 	C:\Windows\System32\shlwapi.dll
0x00007ffbc88c0000 - 0x00007ffbc88df000 	C:\Windows\SYSTEM32\profapi.dll
0x00007ffbbcd40000 - 0x00007ffbbcd59000 	C:\Program Files\jdk-17.0.2\bin\net.dll
0x00007ffbc20a0000 - 0x00007ffbc21ac000 	C:\Windows\SYSTEM32\WINHTTP.dll
0x00007ffbc8060000 - 0x00007ffbc80ca000 	C:\Windows\system32\mswsock.dll
0x00007ffbbcd20000 - 0x00007ffbbcd36000 	C:\Program Files\jdk-17.0.2\bin\nio.dll
0x00007ffbbcc50000 - 0x00007ffbbcc68000 	C:\Program Files\jdk-17.0.2\bin\zip.dll
0x00007ffbbf070000 - 0x00007ffbbf080000 	C:\Program Files\jdk-17.0.2\bin\verify.dll
0x00007ffbbb980000 - 0x00007ffbbb9a7000 	C:\Users\Valiantdata_hs\.gradle\native\e1d6ef7f7dcc3fd88c89a11ec53ec762bb8ba0a96d01ffa2cd45eb1d1d8dd5c5\windows-amd64\native-platform.dll
0x00007ffbbcc40000 - 0x00007ffbbcc4a000 	C:\Users\Valiantdata_hs\.gradle\native\jansi\1.18\windows64\jansi.dll
0x00007ffbbb970000 - 0x00007ffbbb979000 	C:\Program Files\jdk-17.0.2\bin\management.dll
0x00007ffbbb960000 - 0x00007ffbbb96b000 	C:\Program Files\jdk-17.0.2\bin\management_ext.dll
0x00007ffbc8250000 - 0x00007ffbc8268000 	C:\Windows\SYSTEM32\CRYPTSP.dll
0x00007ffbc7980000 - 0x00007ffbc79b4000 	C:\Windows\system32\rsaenh.dll
0x00007ffbc8ff0000 - 0x00007ffbc9017000 	C:\Windows\System32\bcrypt.dll
0x00007ffbc8880000 - 0x00007ffbc88ae000 	C:\Windows\SYSTEM32\USERENV.dll
0x00007ffbc8270000 - 0x00007ffbc827c000 	C:\Windows\SYSTEM32\CRYPTBASE.dll
0x00007ffbc7d50000 - 0x00007ffbc7d8b000 	C:\Windows\SYSTEM32\IPHLPAPI.DLL
0x00007ffbc9ca0000 - 0x00007ffbc9ca8000 	C:\Windows\System32\NSI.dll
0x00007ffbc2ae0000 - 0x00007ffbc2af7000 	C:\Windows\SYSTEM32\dhcpcsvc6.DLL
0x00007ffbc2a50000 - 0x00007ffbc2a6d000 	C:\Windows\SYSTEM32\dhcpcsvc.DLL
0x00007ffbc7d90000 - 0x00007ffbc7e5a000 	C:\Windows\SYSTEM32\DNSAPI.dll
0x00007ffbbb950000 - 0x00007ffbbb95e000 	C:\Program Files\jdk-17.0.2\bin\sunmscapi.dll
0x00007ffbc8980000 - 0x00007ffbc8ad6000 	C:\Windows\System32\CRYPT32.dll
0x00007ffbc8370000 - 0x00007ffbc8397000 	C:\Windows\SYSTEM32\ncrypt.dll
0x00007ffbc8330000 - 0x00007ffbc836b000 	C:\Windows\SYSTEM32\NTASN1.dll
0x00007ffbb2040000 - 0x00007ffbb2047000 	C:\Windows\system32\wshunix.dll

dbghelp: loaded successfully - version: 4.0.5 - missing functions: none
symbol engine: initialized successfully - sym options: 0x614 - pdb path: .;C:\Program Files\jdk-17.0.2\bin;C:\Windows\SYSTEM32;C:\Windows\WinSxS\amd64_microsoft.windows.common-controls_6595b64144ccf1df_6.0.19041.1110_none_60b5254171f9507e;C:\Program Files\jdk-17.0.2\bin\server;C:\Users\Valiantdata_hs\.gradle\native\e1d6ef7f7dcc3fd88c89a11ec53ec762bb8ba0a96d01ffa2cd45eb1d1d8dd5c5\windows-amd64;C:\Users\Valiantdata_hs\.gradle\native\jansi\1.18\windows64

VM Arguments:
jvm_args: -Xmx64m -Xms64m -Dorg.gradle.appname=gradlew 
java_command: org.gradle.wrapper.GradleWrapperMain app:assembleRelease
java_class_path (initial): D:\0.React-native\SafetyCulture_git\android\\gradle\wrapper\gradle-wrapper.jar
Launcher Type: SUN_STANDARD

[Global flags]
     intx CICompilerCount                          = 4                                         {product} {ergonomic}
     uint ConcGCThreads                            = 3                                         {product} {ergonomic}
     uint G1ConcRefinementThreads                  = 10                                        {product} {ergonomic}
   size_t G1HeapRegionSize                         = 1048576                                   {product} {ergonomic}
    uintx GCDrainStackTargetSize                   = 64                                        {product} {ergonomic}
   size_t InitialHeapSize                          = 67108864                                  {product} {command line}
   size_t MarkStackSize                            = 4194304                                   {product} {ergonomic}
   size_t MaxHeapSize                              = 67108864                                  {product} {command line}
   size_t MaxNewSize                               = 39845888                                  {product} {ergonomic}
   size_t MinHeapDeltaBytes                        = 1048576                                   {product} {ergonomic}
   size_t MinHeapSize                              = 67108864                                  {product} {command line}
    uintx NonNMethodCodeHeapSize                   = 5839372                                {pd product} {ergonomic}
    uintx NonProfiledCodeHeapSize                  = 122909434                              {pd product} {ergonomic}
    uintx ProfiledCodeHeapSize                     = 122909434                              {pd product} {ergonomic}
    uintx ReservedCodeCacheSize                    = 251658240                              {pd product} {ergonomic}
     bool SegmentedCodeCache                       = true                                      {product} {ergonomic}
   size_t SoftMaxHeapSize                          = 67108864                               {manageable} {ergonomic}
     bool UseCompressedClassPointers               = true                           {product lp64_product} {ergonomic}
     bool UseCompressedOops                        = true                           {product lp64_product} {ergonomic}
     bool UseG1GC                                  = true                                      {product} {ergonomic}
     bool UseLargePagesIndividualAllocation        = false                                  {pd product} {ergonomic}

Logging:
Log output configuration:
 #0: stdout all=warning uptime,level,tags
 #1: stderr all=off uptime,level,tags

Environment Variables:
JAVA_HOME=C:\Program Files\jdk-17.0.2
CLASSPATH=D:\0.React-native\SafetyCulture_git\android\\gradle\wrapper\gradle-wrapper.jar
PATH=C:\Program Files\Common Files\Oracle\Java\javapath;C:\Python\Scripts\;C:\Python\;C:\Windows\system32;C:\Windows;C:\Windows\System32\Wbem;C:\Windows\System32\WindowsPowerShell\v1.0\;C:\Windows\System32\OpenSSH\;C:\Program Files\jdk-17.0.2\bin;C:\Program Files\nodejs\;C:\Program Files\Git\cmd;C:\Program Files\PuTTY\;c:\python\lib\site-packages;C:\ProgramData\Anaconda3\Library;C:\Program Files\openssl-0.9.8k_X64\bin;C:\Users\Valiantdata_hs\AppData\Local\Android\Sdk\platform-tools;D:\flutter\bin;C:\Users\Valiantdata_hs\.gradle;C:\Program Files\MariaDB 10.6\bin;C:\Program Files\MySQL\MySQL Shell 8.0\bin\;C:\Users\Valiantdata_hs\AppData\Local\Microsoft\WindowsApps;C:\Users\Valiantdata_hs\AppData\Local\Programs\Microsoft VS Code\bin;C:\Users\Valiantdata_hs\AppData\Roaming\npm;C:\Users\Valiantdata_hs\AppData\Local\GitHubDesktop\bin;C:\Program Files\JetBrains\IntelliJ IDEA 2022.1.1\bin;;C:\Program Files\openssl-0.9.8k_X64\bin;C:\Users\Valiantdata_hs\AppData\Local\Android\Sdk\platform-tools;D:\flutter\bin;C:\Users\Valiantdata_hs\.gradle;C:\Program Files\MariaDB 10.6\bin;
USERNAME=Valiantdata_hs
LANG=ko_KR.UTF-8
OS=Windows_NT
PROCESSOR_IDENTIFIER=Intel64 Family 6 Model 165 Stepping 3, GenuineIntel



---------------  S Y S T E M  ---------------

OS:
 Windows 10 , 64 bit Build 19041 (10.0.19041.2364)
OS uptime: 21 days 22:29 hours

CPU: total 12 (initial active 12) (6 cores per cpu, 2 threads per core) family 6 model 165 stepping 3 microcode 0xe0, cx8, cmov, fxsr, ht, mmx, 3dnowpref, sse, sse2, sse3, ssse3, sse4.1, sse4.2, popcnt, lzcnt, tsc, tscinvbit, avx, avx2, aes, erms, clmul, bmi1, bmi2, adx, fma, vzeroupper, clflush, clflushopt

Memory: 4k page, system-wide physical 15990M (986M free)
TotalPageFile size 30834M (AvailPageFile size 97M)
current process WorkingSet (physical memory assigned to process): 95M, peak: 95M
current process commit charge ("private bytes"): 174M, peak: 176M

vm_info: Java HotSpot(TM) 64-Bit Server VM (17.0.2+8-LTS-86) for windows-amd64 JRE (17.0.2+8-LTS-86), built on Dec  7 2021 21:51:03 by "mach5one" with MS VC++ 16.8 / 16.9 (VS2019)

END.
