#
# There is insufficient memory for the Java Runtime Environment to continue.
# Native memory allocation (malloc) failed to allocate 893296 bytes for Chunk::new
# Possible reasons:
#   The system is out of physical RAM or swap space
#   The process is running with CompressedOops enabled, and the Java Heap may be blocking the growth of the native heap
# Possible solutions:
#   Reduce memory load on the system
#   Increase physical memory or swap space
#   Check if swap backing store is full
#   Decrease Java heap size (-Xmx/-Xms)
#   Decrease number of Java threads
#   Decrease Java thread stack sizes (-Xss)
#   Set larger code cache with -XX:ReservedCodeCacheSize=
#   JVM is running with Unscaled Compressed Oops mode in which the Java heap is
#     placed in the first 4GB address space. The Java Heap base address is the
#     maximum limit for the native heap growth. Please use -XX:HeapBaseMinAddress
#     to set the Java Heap base and to place the Java Heap above 4GB virtual address.
# This output file may be truncated or incomplete.
#
#  Out of Memory Error (arena.cpp:189), pid=5368, tid=2628
#
# JRE version: Java(TM) SE Runtime Environment (17.0.2+8) (build 17.0.2+8-LTS-86)
# Java VM: Java HotSpot(TM) 64-Bit Server VM (17.0.2+8-LTS-86, mixed mode, sharing, tiered, compressed oops, compressed class ptrs, g1 gc, windows-amd64)
# No core dump will be written. Minidumps are not enabled by default on client versions of Windows
#

---------------  S U M M A R Y ------------

Command Line: -Xmx64m -Xms64m -Dorg.gradle.appname=gradlew org.gradle.wrapper.GradleWrapperMain app:installDebug -PreactNativeDevServerPort=8081

Host: Intel(R) Core(TM) i5-10400 CPU @ 2.90GHz, 12 cores, 15G,  Windows 10 , 64 bit Build 19041 (10.0.19041.2364)
Time: Tue Dec 20 15:31:00 2022  Windows 10 , 64 bit Build 19041 (10.0.19041.2364) elapsed time: 0.456302 seconds (0d 0h 0m 0s)

---------------  T H R E A D  ---------------

Current thread (0x000001b96981f570):  JavaThread "C2 CompilerThread1" daemon [_thread_in_native, id=2628, stack(0x0000002890700000,0x0000002890800000)]


Current CompileTask:
C2:    456  754   !   4       jdk.internal.loader.URLClassPath$JarLoader::getResource (65 bytes)

Stack: [0x0000002890700000,0x0000002890800000]
Native frames: (J=compiled Java code, j=interpreted, Vv=VM code, C=native code)
V  [jvm.dll+0x670baa]
V  [jvm.dll+0x7cfcb4]
V  [jvm.dll+0x7d145e]
V  [jvm.dll+0x7d1ac3]
V  [jvm.dll+0x242bc5]
V  [jvm.dll+0xaa57b]
V  [jvm.dll+0xaab0c]
V  [jvm.dll+0x35fcb2]
V  [jvm.dll+0x32a331]
V  [jvm.dll+0x3297da]
V  [jvm.dll+0x215c91]
V  [jvm.dll+0x2150b1]
V  [jvm.dll+0x1a1bbd]
V  [jvm.dll+0x224908]
V  [jvm.dll+0x222a6c]
V  [jvm.dll+0x7859bb]
V  [jvm.dll+0x77ff7a]
V  [jvm.dll+0x66fa35]
C  [ucrtbase.dll+0x21bb2]
C  [KERNEL32.DLL+0x17614]
C  [ntdll.dll+0x526a1]


---------------  P R O C E S S  ---------------

Threads class SMR info:
_java_thread_list=0x000001b9696620f0, length=13, elements={
0x000001b94eea5050, 0x000001b94ef53050, 0x000001b94ef53ec0, 0x000001b94ef6c270,
0x000001b94ef70b40, 0x000001b94ef74a30, 0x000001b94ef74f00, 0x000001b968a3e3a0,
0x000001b968a49a80, 0x000001b968a5bb50, 0x000001b94ef71540, 0x000001b94ef73bc0,
0x000001b96981f570
}

Java Threads: ( => current thread )
  0x000001b94eea5050 JavaThread "main" [_thread_in_native, id=16224, stack(0x000000288f400000,0x000000288f500000)]
  0x000001b94ef53050 JavaThread "Reference Handler" daemon [_thread_blocked, id=13076, stack(0x000000288fb00000,0x000000288fc00000)]
  0x000001b94ef53ec0 JavaThread "Finalizer" daemon [_thread_blocked, id=14440, stack(0x000000288fc00000,0x000000288fd00000)]
  0x000001b94ef6c270 JavaThread "Signal Dispatcher" daemon [_thread_blocked, id=10048, stack(0x000000288fd00000,0x000000288fe00000)]
  0x000001b94ef70b40 JavaThread "Attach Listener" daemon [_thread_blocked, id=3648, stack(0x000000288fe00000,0x000000288ff00000)]
  0x000001b94ef74a30 JavaThread "Service Thread" daemon [_thread_blocked, id=14936, stack(0x000000288ff00000,0x0000002890000000)]
  0x000001b94ef74f00 JavaThread "Monitor Deflation Thread" daemon [_thread_blocked, id=13004, stack(0x0000002890000000,0x0000002890100000)]
  0x000001b968a3e3a0 JavaThread "C2 CompilerThread0" daemon [_thread_in_native, id=8888, stack(0x0000002890100000,0x0000002890200000)]
  0x000001b968a49a80 JavaThread "C1 CompilerThread0" daemon [_thread_blocked, id=6808, stack(0x0000002890200000,0x0000002890300000)]
  0x000001b968a5bb50 JavaThread "Sweeper thread" daemon [_thread_blocked, id=14660, stack(0x0000002890300000,0x0000002890400000)]
  0x000001b94ef71540 JavaThread "Notification Thread" daemon [_thread_blocked, id=4848, stack(0x0000002890400000,0x0000002890500000)]
  0x000001b94ef73bc0 JavaThread "Common-Cleaner" daemon [_thread_blocked, id=16300, stack(0x0000002890600000,0x0000002890700000)]
=>0x000001b96981f570 JavaThread "C2 CompilerThread1" daemon [_thread_in_native, id=2628, stack(0x0000002890700000,0x0000002890800000)]

Other Threads:
  0x000001b94ef4c440 VMThread "VM Thread" [stack: 0x000000288fa00000,0x000000288fb00000] [id=10244]
  0x000001b94eed8060 WatcherThread [stack: 0x0000002890500000,0x0000002890600000] [id=18160]
  0x000001b94eec5910 GCTaskThread "GC Thread#0" [stack: 0x000000288f500000,0x000000288f600000] [id=18136]
  0x000001b969e85850 GCTaskThread "GC Thread#1" [stack: 0x0000002890800000,0x0000002890900000] [id=880]
  0x000001b969e855a0 GCTaskThread "GC Thread#2" [stack: 0x0000002890900000,0x0000002890a00000] [id=12840]
  0x000001b969e85b00 GCTaskThread "GC Thread#3" [stack: 0x0000002890a00000,0x0000002890b00000] [id=14748]
  0x000001b969e865c0 GCTaskThread "GC Thread#4" [stack: 0x0000002890b00000,0x0000002890c00000] [id=14704]
  0x000001b94eec7050 ConcurrentGCThread "G1 Main Marker" [stack: 0x000000288f600000,0x000000288f700000] [id=17876]
  0x000001b94eec8200 ConcurrentGCThread "G1 Conc#0" [stack: 0x000000288f700000,0x000000288f800000] [id=10128]
  0x000001b94ef2e1e0 ConcurrentGCThread "G1 Refine#0" [stack: 0x000000288f800000,0x000000288f900000] [id=15104]
  0x000001b94ef2ec00 ConcurrentGCThread "G1 Service" [stack: 0x000000288f900000,0x000000288fa00000] [id=17700]

Threads with active compile tasks:
C2 CompilerThread0      496  761   !   4       java.util.zip.ZipFile::getEntry (59 bytes)
C2 CompilerThread1      496  754   !   4       jdk.internal.loader.URLClassPath$JarLoader::getResource (65 bytes)

VM state: not at safepoint (normal execution)

VM Mutex/Monitor currently owned by a thread: None

Heap address: 0x00000000fc000000, size: 64 MB, Compressed Oops mode: 32-bit

CDS archive(s) mapped at: [0x0000000800000000-0x0000000800bc0000-0x0000000800bc0000), size 12320768, SharedBaseAddress: 0x0000000800000000, ArchiveRelocationMode: 0.
Compressed class space mapped at: 0x0000000800c00000-0x0000000840c00000, reserved size: 1073741824
Narrow klass base: 0x0000000800000000, Narrow klass shift: 0, Narrow klass range: 0x100000000

GC Precious Log:
 CPUs: 12 total, 12 available
 Memory: 15990M
 Large Page Support: Disabled
 NUMA Support: Disabled
 Compressed Oops: Enabled (32-bit)
 Heap Region Size: 1M
 Heap Min Capacity: 64M
 Heap Initial Capacity: 64M
 Heap Max Capacity: 64M
 Pre-touch: Disabled
 Parallel Workers: 10
 Concurrent Workers: 3
 Concurrent Refinement Workers: 10
 Periodic GC: Disabled

Heap:
 garbage-first heap   total 65536K, used 9256K [0x00000000fc000000, 0x0000000100000000)
  region size 1024K, 4 young (4096K), 3 survivors (3072K)
 Metaspace       used 3761K, committed 3904K, reserved 1056768K
  class space    used 477K, committed 512K, reserved 1048576K

Heap Regions: E=young(eden), S=young(survivor), O=old, HS=humongous(starts), HC=humongous(continues), CS=collection set, F=free, OA=open archive, CA=closed archive, TAMS=top-at-mark-start (previous, next)
|   0|0x00000000fc000000, 0x00000000fc000000, 0x00000000fc100000|  0%| F|  |TAMS 0x00000000fc000000, 0x00000000fc000000| Untracked 
|   1|0x00000000fc100000, 0x00000000fc100000, 0x00000000fc200000|  0%| F|  |TAMS 0x00000000fc100000, 0x00000000fc100000| Untracked 
|   2|0x00000000fc200000, 0x00000000fc200000, 0x00000000fc300000|  0%| F|  |TAMS 0x00000000fc200000, 0x00000000fc200000| Untracked 
|   3|0x00000000fc300000, 0x00000000fc400000, 0x00000000fc400000|100%|HS|  |TAMS 0x00000000fc300000, 0x00000000fc300000| Complete 
|   4|0x00000000fc400000, 0x00000000fc500000, 0x00000000fc500000|100%|HC|  |TAMS 0x00000000fc400000, 0x00000000fc400000| Complete 
|   5|0x00000000fc500000, 0x00000000fc600000, 0x00000000fc600000|100%|HC|  |TAMS 0x00000000fc500000, 0x00000000fc500000| Complete 
|   6|0x00000000fc600000, 0x00000000fc700000, 0x00000000fc700000|100%| O|  |TAMS 0x00000000fc600000, 0x00000000fc600000| Untracked 
|   7|0x00000000fc700000, 0x00000000fc800000, 0x00000000fc800000|100%| O|  |TAMS 0x00000000fc700000, 0x00000000fc700000| Untracked 
|   8|0x00000000fc800000, 0x00000000fc900000, 0x00000000fc900000|100%| O|  |TAMS 0x00000000fc800000, 0x00000000fc800000| Untracked 
|   9|0x00000000fc900000, 0x00000000fc90a000, 0x00000000fca00000|  3%| O|  |TAMS 0x00000000fc900000, 0x00000000fc900000| Untracked 
|  10|0x00000000fca00000, 0x00000000fca00000, 0x00000000fcb00000|  0%| F|  |TAMS 0x00000000fca00000, 0x00000000fca00000| Untracked 
|  11|0x00000000fcb00000, 0x00000000fcb00000, 0x00000000fcc00000|  0%| F|  |TAMS 0x00000000fcb00000, 0x00000000fcb00000| Untracked 
|  12|0x00000000fcc00000, 0x00000000fcc00000, 0x00000000fcd00000|  0%| F|  |TAMS 0x00000000fcc00000, 0x00000000fcc00000| Untracked 
|  13|0x00000000fcd00000, 0x00000000fcd00000, 0x00000000fce00000|  0%| F|  |TAMS 0x00000000fcd00000, 0x00000000fcd00000| Untracked 
|  14|0x00000000fce00000, 0x00000000fce00000, 0x00000000fcf00000|  0%| F|  |TAMS 0x00000000fce00000, 0x00000000fce00000| Untracked 
|  15|0x00000000fcf00000, 0x00000000fcf00000, 0x00000000fd000000|  0%| F|  |TAMS 0x00000000fcf00000, 0x00000000fcf00000| Untracked 
|  16|0x00000000fd000000, 0x00000000fd000000, 0x00000000fd100000|  0%| F|  |TAMS 0x00000000fd000000, 0x00000000fd000000| Untracked 
|  17|0x00000000fd100000, 0x00000000fd100000, 0x00000000fd200000|  0%| F|  |TAMS 0x00000000fd100000, 0x00000000fd100000| Untracked 
|  18|0x00000000fd200000, 0x00000000fd200000, 0x00000000fd300000|  0%| F|  |TAMS 0x00000000fd200000, 0x00000000fd200000| Untracked 
|  19|0x00000000fd300000, 0x00000000fd300000, 0x00000000fd400000|  0%| F|  |TAMS 0x00000000fd300000, 0x00000000fd300000| Untracked 
|  20|0x00000000fd400000, 0x00000000fd400000, 0x00000000fd500000|  0%| F|  |TAMS 0x00000000fd400000, 0x00000000fd400000| Untracked 
|  21|0x00000000fd500000, 0x00000000fd500000, 0x00000000fd600000|  0%| F|  |TAMS 0x00000000fd500000, 0x00000000fd500000| Untracked 
|  22|0x00000000fd600000, 0x00000000fd600000, 0x00000000fd700000|  0%| F|  |TAMS 0x00000000fd600000, 0x00000000fd600000| Untracked 
|  23|0x00000000fd700000, 0x00000000fd700000, 0x00000000fd800000|  0%| F|  |TAMS 0x00000000fd700000, 0x00000000fd700000| Untracked 
|  24|0x00000000fd800000, 0x00000000fd800000, 0x00000000fd900000|  0%| F|  |TAMS 0x00000000fd800000, 0x00000000fd800000| Untracked 
|  25|0x00000000fd900000, 0x00000000fd900000, 0x00000000fda00000|  0%| F|  |TAMS 0x00000000fd900000, 0x00000000fd900000| Untracked 
|  26|0x00000000fda00000, 0x00000000fda00000, 0x00000000fdb00000|  0%| F|  |TAMS 0x00000000fda00000, 0x00000000fda00000| Untracked 
|  27|0x00000000fdb00000, 0x00000000fdb00000, 0x00000000fdc00000|  0%| F|  |TAMS 0x00000000fdb00000, 0x00000000fdb00000| Untracked 
|  28|0x00000000fdc00000, 0x00000000fdc00000, 0x00000000fdd00000|  0%| F|  |TAMS 0x00000000fdc00000, 0x00000000fdc00000| Untracked 
|  29|0x00000000fdd00000, 0x00000000fdd00000, 0x00000000fde00000|  0%| F|  |TAMS 0x00000000fdd00000, 0x00000000fdd00000| Untracked 
|  30|0x00000000fde00000, 0x00000000fde00000, 0x00000000fdf00000|  0%| F|  |TAMS 0x00000000fde00000, 0x00000000fde00000| Untracked 
|  31|0x00000000fdf00000, 0x00000000fdf00000, 0x00000000fe000000|  0%| F|  |TAMS 0x00000000fdf00000, 0x00000000fdf00000| Untracked 
|  32|0x00000000fe000000, 0x00000000fe000000, 0x00000000fe100000|  0%| F|  |TAMS 0x00000000fe000000, 0x00000000fe000000| Untracked 
|  33|0x00000000fe100000, 0x00000000fe100000, 0x00000000fe200000|  0%| F|  |TAMS 0x00000000fe100000, 0x00000000fe100000| Untracked 
|  34|0x00000000fe200000, 0x00000000fe200000, 0x00000000fe300000|  0%| F|  |TAMS 0x00000000fe200000, 0x00000000fe200000| Untracked 
|  35|0x00000000fe300000, 0x00000000fe300000, 0x00000000fe400000|  0%| F|  |TAMS 0x00000000fe300000, 0x00000000fe300000| Untracked 
|  36|0x00000000fe400000, 0x00000000fe400000, 0x00000000fe500000|  0%| F|  |TAMS 0x00000000fe400000, 0x00000000fe400000| Untracked 
|  37|0x00000000fe500000, 0x00000000fe500000, 0x00000000fe600000|  0%| F|  |TAMS 0x00000000fe500000, 0x00000000fe500000| Untracked 
|  38|0x00000000fe600000, 0x00000000fe700000, 0x00000000fe700000|100%| S|CS|TAMS 0x00000000fe600000, 0x00000000fe600000| Complete 
|  39|0x00000000fe700000, 0x00000000fe800000, 0x00000000fe800000|100%| S|CS|TAMS 0x00000000fe700000, 0x00000000fe700000| Complete 
|  40|0x00000000fe800000, 0x00000000fe900000, 0x00000000fe900000|100%| S|CS|TAMS 0x00000000fe800000, 0x00000000fe800000| Complete 
|  41|0x00000000fe900000, 0x00000000fe900000, 0x00000000fea00000|  0%| F|  |TAMS 0x00000000fe900000, 0x00000000fe900000| Untracked 
|  42|0x00000000fea00000, 0x00000000fea00000, 0x00000000feb00000|  0%| F|  |TAMS 0x00000000fea00000, 0x00000000fea00000| Untracked 
|  43|0x00000000feb00000, 0x00000000feb00000, 0x00000000fec00000|  0%| F|  |TAMS 0x00000000feb00000, 0x00000000feb00000| Untracked 
|  44|0x00000000fec00000, 0x00000000fec00000, 0x00000000fed00000|  0%| F|  |TAMS 0x00000000fec00000, 0x00000000fec00000| Untracked 
|  45|0x00000000fed00000, 0x00000000fed00000, 0x00000000fee00000|  0%| F|  |TAMS 0x00000000fed00000, 0x00000000fed00000| Untracked 
|  46|0x00000000fee00000, 0x00000000fee00000, 0x00000000fef00000|  0%| F|  |TAMS 0x00000000fee00000, 0x00000000fee00000| Untracked 
|  47|0x00000000fef00000, 0x00000000fef00000, 0x00000000ff000000|  0%| F|  |TAMS 0x00000000fef00000, 0x00000000fef00000| Untracked 
|  48|0x00000000ff000000, 0x00000000ff000000, 0x00000000ff100000|  0%| F|  |TAMS 0x00000000ff000000, 0x00000000ff000000| Untracked 
|  49|0x00000000ff100000, 0x00000000ff100000, 0x00000000ff200000|  0%| F|  |TAMS 0x00000000ff100000, 0x00000000ff100000| Untracked 
|  50|0x00000000ff200000, 0x00000000ff200000, 0x00000000ff300000|  0%| F|  |TAMS 0x00000000ff200000, 0x00000000ff200000| Untracked 
|  51|0x00000000ff300000, 0x00000000ff300000, 0x00000000ff400000|  0%| F|  |TAMS 0x00000000ff300000, 0x00000000ff300000| Untracked 
|  52|0x00000000ff400000, 0x00000000ff400000, 0x00000000ff500000|  0%| F|  |TAMS 0x00000000ff400000, 0x00000000ff400000| Untracked 
|  53|0x00000000ff500000, 0x00000000ff500000, 0x00000000ff600000|  0%| F|  |TAMS 0x00000000ff500000, 0x00000000ff500000| Untracked 
|  54|0x00000000ff600000, 0x00000000ff600000, 0x00000000ff700000|  0%| F|  |TAMS 0x00000000ff600000, 0x00000000ff600000| Untracked 
|  55|0x00000000ff700000, 0x00000000ff700000, 0x00000000ff800000|  0%| F|  |TAMS 0x00000000ff700000, 0x00000000ff700000| Untracked 
|  56|0x00000000ff800000, 0x00000000ff800000, 0x00000000ff900000|  0%| F|  |TAMS 0x00000000ff800000, 0x00000000ff800000| Untracked 
|  57|0x00000000ff900000, 0x00000000ff900000, 0x00000000ffa00000|  0%| F|  |TAMS 0x00000000ff900000, 0x00000000ff900000| Untracked 
|  58|0x00000000ffa00000, 0x00000000ffa00000, 0x00000000ffb00000|  0%| F|  |TAMS 0x00000000ffa00000, 0x00000000ffa00000| Untracked 
|  59|0x00000000ffb00000, 0x00000000ffb00000, 0x00000000ffc00000|  0%| F|  |TAMS 0x00000000ffb00000, 0x00000000ffb00000| Untracked 
|  60|0x00000000ffc00000, 0x00000000ffc00000, 0x00000000ffd00000|  0%| F|  |TAMS 0x00000000ffc00000, 0x00000000ffc00000| Untracked 
|  61|0x00000000ffd00000, 0x00000000ffd00000, 0x00000000ffe00000|  0%| F|  |TAMS 0x00000000ffd00000, 0x00000000ffd00000| Untracked 
|  62|0x00000000ffe00000, 0x00000000ffe72660, 0x00000000fff00000| 44%| E|  |TAMS 0x00000000ffe00000, 0x00000000ffe00000| Complete 
|  63|0x00000000fff00000, 0x0000000100000000, 0x0000000100000000|100%| E|CS|TAMS 0x00000000fff00000, 0x00000000fff00000| Complete 

Card table byte_map: [0x000001b94ede0000,0x000001b94ee00000] _byte_map_base: 0x000001b94e600000

Marking Bits (Prev, Next): (CMBitMap*) 0x000001b94eec5f20, (CMBitMap*) 0x000001b94eec5f60
 Prev Bits: [0x000001b965c50000, 0x000001b965d50000)
 Next Bits: [0x000001b965d50000, 0x000001b965e50000)

Polling page: 0x000001b94ce40000

Metaspace:

Usage:
  Non-class:      3.24 MB used.
      Class:    488.72 KB used.
       Both:      3.72 MB used.

Virtual space:
  Non-class space:        8.00 MB reserved,       3.31 MB ( 41%) committed,  1 nodes.
      Class space:        1.00 GB reserved,     576.00 KB ( <1%) committed,  1 nodes.
             Both:        1.01 GB reserved,       3.88 MB ( <1%) committed. 

Chunk freelists:
   Non-Class:  2.61 MB
       Class:  3.42 MB
        Both:  6.03 MB

MaxMetaspaceSize: unlimited
CompressedClassSpaceSize: 1.00 GB
Initial GC threshold: 21.00 MB
Current GC threshold: 21.00 MB
CDS: on
MetaspaceReclaimPolicy: balanced
 - commit_granule_bytes: 65536.
 - commit_granule_words: 8192.
 - virtual_space_node_default_size: 1048576.
 - enlarge_chunks_in_place: 1.
 - new_chunks_are_fully_committed: 0.
 - uncommit_free_chunks: 1.
 - use_allocation_guard: 0.
 - handle_deallocations: 1.


Internal statistics:

num_allocs_failed_limit: 0.
num_arena_births: 44.
num_arena_deaths: 0.
num_vsnodes_births: 2.
num_vsnodes_deaths: 0.
num_space_committed: 63.
num_space_uncommitted: 0.
num_chunks_returned_to_freelist: 0.
num_chunks_taken_from_freelist: 138.
num_chunk_merges: 0.
num_chunk_splits: 85.
num_chunks_enlarged: 72.
num_purges: 0.
num_inconsistent_stats: 0.

CodeHeap 'non-profiled nmethods': size=120000Kb used=313Kb max_used=313Kb free=119687Kb
 bounds [0x000001b95e1d0000, 0x000001b95e440000, 0x000001b965700000]
CodeHeap 'profiled nmethods': size=120000Kb used=1639Kb max_used=1639Kb free=118360Kb
 bounds [0x000001b956ca0000, 0x000001b956f10000, 0x000001b95e1d0000]
CodeHeap 'non-nmethods': size=5760Kb used=1128Kb max_used=1161Kb free=4631Kb
 bounds [0x000001b956700000, 0x000001b956970000, 0x000001b956ca0000]
 total_blobs=1260 nmethods=848 adapters=325
 compilation: enabled
              stopped_count=0, restarted_count=0
 full_count=0

Compilation events (20 events):
Event: 0.417 Thread 0x000001b968a49a80  756       3       java.lang.ClassLoader::compareCerts (197 bytes)
Event: 0.417 Thread 0x000001b968a49a80 nmethod 756 0x000001b956dfb810 code [0x000001b956dfba20, 0x000001b956dfc2d8]
Event: 0.417 Thread 0x000001b968a49a80  757  s    3       java.util.jar.JarFile::getInputStream (72 bytes)
Event: 0.418 Thread 0x000001b968a49a80 nmethod 757 0x000001b956dfc590 code [0x000001b956dfc7c0, 0x000001b956dfcd18]
Event: 0.418 Thread 0x000001b968a3e3a0 nmethod 738 0x000001b95e213190 code [0x000001b95e2133a0, 0x000001b95e2140d0]
Event: 0.420 Thread 0x000001b968a49a80  758   !   3       java.util.jar.JarFile::getManifestFromReference (197 bytes)
Event: 0.421 Thread 0x000001b968a49a80 nmethod 758 0x000001b956dfcf10 code [0x000001b956dfd220, 0x000001b956dfe6d8]
Event: 0.421 Thread 0x000001b968a49a80  759       3       sun.net.www.ParseUtil::encodePath (41 bytes)
Event: 0.422 Thread 0x000001b968a49a80 nmethod 759 0x000001b956dfee10 code [0x000001b956dfefe0, 0x000001b956dff248]
Event: 0.422 Thread 0x000001b968a3e3a0  760   !   4       java.util.zip.ZipFile$Source::getEntryPos (173 bytes)
Event: 0.425 Thread 0x000001b968a49a80  764       3       java.io.WinNTFileSystem::normalize (143 bytes)
Event: 0.425 Thread 0x000001b968a49a80 nmethod 764 0x000001b956dff310 code [0x000001b956dff5a0, 0x000001b956e00178]
Event: 0.430 Thread 0x000001b968a3e3a0 nmethod 760 0x000001b95e214890 code [0x000001b95e214a60, 0x000001b95e215528]
Event: 0.430 Thread 0x000001b968a3e3a0  762  s!   4       jdk.internal.loader.URLClassPath::getLoader (194 bytes)
Event: 0.450 Thread 0x000001b968a49a80  766       3       java.util.regex.ASCII::isType (15 bytes)
Event: 0.450 Thread 0x000001b968a49a80 nmethod 766 0x000001b956e00610 code [0x000001b956e007c0, 0x000001b956e009f8]
Event: 0.450 Thread 0x000001b968a49a80  768       3       java.util.regex.Matcher::reset (128 bytes)
Event: 0.451 Thread 0x000001b968a49a80 nmethod 768 0x000001b956e00b10 code [0x000001b956e00d00, 0x000001b956e012b8]
Event: 0.451 Thread 0x000001b968a49a80  767       3       java.util.regex.ASCII::getType (17 bytes)
Event: 0.451 Thread 0x000001b968a49a80 nmethod 767 0x000001b956e01510 code [0x000001b956e016c0, 0x000001b956e01858]

GC Heap History (0 events):
No events

Deoptimization events (20 events):
Event: 0.450 Thread 0x000001b94eea5050 Uncommon trap: trap_request=0xffffff45 fr.pc=0x000001b95e1ec4c4 relative=0x00000000000001a4
Event: 0.450 Thread 0x000001b94eea5050 Uncommon trap: reason=unstable_if action=reinterpret pc=0x000001b95e1ec4c4 method=java.util.regex.Matcher.reset()Ljava/util/regex/Matcher; @ 47 c2
Event: 0.450 Thread 0x000001b94eea5050 DEOPT PACKING pc=0x000001b95e1ec4c4 sp=0x000000288f4fcca0
Event: 0.450 Thread 0x000001b94eea5050 DEOPT UNPACKING pc=0x000001b9567523a3 sp=0x000000288f4fcc28 mode 2
Event: 0.450 Thread 0x000001b94eea5050 Uncommon trap: trap_request=0xffffffde fr.pc=0x000001b95e1ed03c relative=0x000000000000031c
Event: 0.450 Thread 0x000001b94eea5050 Uncommon trap: reason=class_check action=maybe_recompile pc=0x000001b95e1ed03c method=java.util.regex.Matcher.match(II)Z @ 121 c2
Event: 0.450 Thread 0x000001b94eea5050 DEOPT PACKING pc=0x000001b95e1ed03c sp=0x000000288f4fcd00
Event: 0.450 Thread 0x000001b94eea5050 DEOPT UNPACKING pc=0x000001b9567523a3 sp=0x000000288f4fcc98 mode 2
Event: 0.450 Thread 0x000001b94eea5050 Uncommon trap: trap_request=0xffffffde fr.pc=0x000001b95e1ed03c relative=0x000000000000031c
Event: 0.450 Thread 0x000001b94eea5050 Uncommon trap: reason=class_check action=maybe_recompile pc=0x000001b95e1ed03c method=java.util.regex.Matcher.match(II)Z @ 121 c2
Event: 0.450 Thread 0x000001b94eea5050 DEOPT PACKING pc=0x000001b95e1ed03c sp=0x000000288f4fcd00
Event: 0.450 Thread 0x000001b94eea5050 DEOPT UNPACKING pc=0x000001b9567523a3 sp=0x000000288f4fcc98 mode 2
Event: 0.450 Thread 0x000001b94eea5050 Uncommon trap: trap_request=0xffffffde fr.pc=0x000001b95e1ed03c relative=0x000000000000031c
Event: 0.450 Thread 0x000001b94eea5050 Uncommon trap: reason=class_check action=maybe_recompile pc=0x000001b95e1ed03c method=java.util.regex.Matcher.match(II)Z @ 121 c2
Event: 0.450 Thread 0x000001b94eea5050 DEOPT PACKING pc=0x000001b95e1ed03c sp=0x000000288f4fcb80
Event: 0.450 Thread 0x000001b94eea5050 DEOPT UNPACKING pc=0x000001b9567523a3 sp=0x000000288f4fcb18 mode 2
Event: 0.450 Thread 0x000001b94eea5050 Uncommon trap: trap_request=0xffffffde fr.pc=0x000001b95e1ed03c relative=0x000000000000031c
Event: 0.450 Thread 0x000001b94eea5050 Uncommon trap: reason=class_check action=maybe_recompile pc=0x000001b95e1ed03c method=java.util.regex.Matcher.match(II)Z @ 121 c2
Event: 0.450 Thread 0x000001b94eea5050 DEOPT PACKING pc=0x000001b95e1ed03c sp=0x000000288f4fcb80
Event: 0.450 Thread 0x000001b94eea5050 DEOPT UNPACKING pc=0x000001b9567523a3 sp=0x000000288f4fcb18 mode 2

Classes unloaded (0 events):
No events

Classes redefined (0 events):
No events

Internal exceptions (1 events):
Event: 0.108 Thread 0x000001b94eea5050 Exception <a 'java/lang/NoSuchMethodError'{0x00000000ffcfafa0}: 'int java.lang.invoke.DirectMethodHandle$Holder.invokeStaticInit(java.lang.Object, java.lang.Object)'> (0x00000000ffcfafa0) 
thrown [t:\workspace\open\src\hotspot\share\interpreter\linkResolver.cpp, line 766]

VM Operations (4 events):
Event: 0.052 Executing VM operation: HandshakeAllThreads
Event: 0.052 Executing VM operation: HandshakeAllThreads done
Event: 0.393 Executing VM operation: HandshakeAllThreads
Event: 0.393 Executing VM operation: HandshakeAllThreads done

Events (20 events):
Event: 0.383 loading class jdk/internal/org/objectweb/asm/Edge
Event: 0.383 loading class jdk/internal/org/objectweb/asm/Edge done
Event: 0.384 loading class java/lang/reflect/UndeclaredThrowableException
Event: 0.384 loading class java/lang/reflect/UndeclaredThrowableException done
Event: 0.384 loading class java/lang/IllegalAccessException
Event: 0.384 loading class java/lang/IllegalAccessException done
Event: 0.384 loading class java/lang/reflect/Proxy$ProxyBuilder$1
Event: 0.384 loading class java/lang/reflect/Proxy$ProxyBuilder$1 done
Event: 0.385 loading class java/lang/reflect/InvocationTargetException
Event: 0.385 loading class java/lang/reflect/InvocationTargetException done
Event: 0.390 loading class java/util/LinkedList$ListItr
Event: 0.390 loading class java/util/LinkedList$ListItr done
Event: 0.391 loading class java/util/concurrent/ConcurrentLinkedQueue
Event: 0.391 loading class java/util/concurrent/ConcurrentLinkedQueue done
Event: 0.391 loading class java/util/concurrent/ConcurrentLinkedQueue$Node
Event: 0.391 loading class java/util/concurrent/ConcurrentLinkedQueue$Node done
Event: 0.392 loading class java/lang/reflect/ParameterizedType
Event: 0.392 loading class java/lang/reflect/ParameterizedType done
Event: 0.421 loading class java/lang/NumberFormatException
Event: 0.421 loading class java/lang/NumberFormatException done


Dynamic libraries:
0x00007ff6ade10000 - 0x00007ff6ade20000 	C:\Program Files\jdk-17.0.2\bin\java.exe
0x00007fff89470000 - 0x00007fff89668000 	C:\Windows\SYSTEM32\ntdll.dll
0x00007fff88770000 - 0x00007fff8882f000 	C:\Windows\System32\KERNEL32.DLL
0x00007fff86b60000 - 0x00007fff86e32000 	C:\Windows\System32\KERNELBASE.dll
0x00007fff86e40000 - 0x00007fff86f40000 	C:\Windows\System32\ucrtbase.dll
0x00007fff5fb30000 - 0x00007fff5fb48000 	C:\Program Files\jdk-17.0.2\bin\jli.dll
0x00007fff574f0000 - 0x00007fff5750a000 	C:\Program Files\jdk-17.0.2\bin\VCRUNTIME140.dll
0x00007fff88ea0000 - 0x00007fff88f4e000 	C:\Windows\System32\ADVAPI32.dll
0x00007fff87f90000 - 0x00007fff8802e000 	C:\Windows\System32\msvcrt.dll
0x00007fff874b0000 - 0x00007fff8754c000 	C:\Windows\System32\sechost.dll
0x00007fff87550000 - 0x00007fff87675000 	C:\Windows\System32\RPCRT4.dll
0x00007fff89130000 - 0x00007fff892d1000 	C:\Windows\System32\USER32.dll
0x00007fff87270000 - 0x00007fff87292000 	C:\Windows\System32\win32u.dll
0x00007fff881c0000 - 0x00007fff881eb000 	C:\Windows\System32\GDI32.dll
0x00007fff873a0000 - 0x00007fff874af000 	C:\Windows\System32\gdi32full.dll
0x00007fff871d0000 - 0x00007fff8726d000 	C:\Windows\System32\msvcp_win.dll
0x00007fff74930000 - 0x00007fff74bca000 	C:\Windows\WinSxS\amd64_microsoft.windows.common-controls_6595b64144ccf1df_6.0.19041.1110_none_60b5254171f9507e\COMCTL32.dll
0x00007fff81610000 - 0x00007fff8161a000 	C:\Windows\SYSTEM32\VERSION.dll
0x00007fff89390000 - 0x00007fff893c2000 	C:\Windows\System32\IMM32.DLL
0x00007fff6cce0000 - 0x00007fff6ccec000 	C:\Program Files\jdk-17.0.2\bin\vcruntime140_1.dll
0x00007fff37fe0000 - 0x00007fff3806d000 	C:\Program Files\jdk-17.0.2\bin\msvcp140.dll
0x00007fff2c910000 - 0x00007fff2d4d1000 	C:\Program Files\jdk-17.0.2\bin\server\jvm.dll
0x00007fff87680000 - 0x00007fff87688000 	C:\Windows\System32\PSAPI.DLL
0x00007fff73a60000 - 0x00007fff73a87000 	C:\Windows\SYSTEM32\WINMM.dll
0x00007fff74920000 - 0x00007fff74929000 	C:\Windows\SYSTEM32\WSOCK32.dll
0x00007fff88030000 - 0x00007fff8809b000 	C:\Windows\System32\WS2_32.dll
0x00007fff84960000 - 0x00007fff84972000 	C:\Windows\SYSTEM32\kernel.appcore.dll
0x00007fff6bab0000 - 0x00007fff6baba000 	C:\Program Files\jdk-17.0.2\bin\jimage.dll
0x00007fff74730000 - 0x00007fff74914000 	C:\Windows\SYSTEM32\DBGHELP.DLL
0x00007fff72a70000 - 0x00007fff72aa5000 	C:\Windows\SYSTEM32\dbgcore.DLL
0x00007fff870a0000 - 0x00007fff87122000 	C:\Windows\System32\bcryptPrimitives.dll
0x00007fff5fe60000 - 0x00007fff5fe85000 	C:\Program Files\jdk-17.0.2\bin\java.dll
0x00007fff374b0000 - 0x00007fff37586000 	C:\Program Files\jdk-17.0.2\bin\jsvml.dll
0x00007fff87690000 - 0x00007fff87dd4000 	C:\Windows\System32\SHELL32.dll
0x00007fff84c40000 - 0x00007fff853d2000 	C:\Windows\SYSTEM32\windows.storage.dll
0x00007fff88280000 - 0x00007fff885d5000 	C:\Windows\System32\combase.dll
0x00007fff864e0000 - 0x00007fff86510000 	C:\Windows\SYSTEM32\Wldp.dll
0x00007fff892e0000 - 0x00007fff8938d000 	C:\Windows\System32\SHCORE.dll
0x00007fff890d0000 - 0x00007fff89125000 	C:\Windows\System32\shlwapi.dll
0x00007fff86aa0000 - 0x00007fff86abf000 	C:\Windows\SYSTEM32\profapi.dll
0x00007fff574d0000 - 0x00007fff574e9000 	C:\Program Files\jdk-17.0.2\bin\net.dll
0x00007fff80020000 - 0x00007fff8012c000 	C:\Windows\SYSTEM32\WINHTTP.dll
0x00007fff86240000 - 0x00007fff862aa000 	C:\Windows\system32\mswsock.dll
0x00007fff37fc0000 - 0x00007fff37fd6000 	C:\Program Files\jdk-17.0.2\bin\nio.dll
0x00007fff36b50000 - 0x00007fff36b68000 	C:\Program Files\jdk-17.0.2\bin\zip.dll
0x00007fff23f00000 - 0x00007fff23f10000 	C:\Program Files\jdk-17.0.2\bin\verify.dll

dbghelp: loaded successfully - version: 4.0.5 - missing functions: none
symbol engine: initialized successfully - sym options: 0x614 - pdb path: .;C:\Program Files\jdk-17.0.2\bin;C:\Windows\SYSTEM32;C:\Windows\WinSxS\amd64_microsoft.windows.common-controls_6595b64144ccf1df_6.0.19041.1110_none_60b5254171f9507e;C:\Program Files\jdk-17.0.2\bin\server

VM Arguments:
jvm_args: -Xmx64m -Xms64m -Dorg.gradle.appname=gradlew 
java_command: org.gradle.wrapper.GradleWrapperMain app:installDebug -PreactNativeDevServerPort=8081
java_class_path (initial): D:\0.React-native\SafetyCulture\android\\gradle\wrapper\gradle-wrapper.jar
Launcher Type: SUN_STANDARD

[Global flags]
     intx CICompilerCount                          = 4                                         {product} {ergonomic}
     uint ConcGCThreads                            = 