#
# There is insufficient memory for the Java Runtime Environment to continue.
# Native memory allocation (mmap) failed to map 65536 bytes for Failed to commit metaspace.
# Possible reasons:
#   The system is out of physical RAM or swap space
#   The process is running with CompressedOops enabled, and the Java Heap may be blocking the growth of the native heap
# Possible solutions:
#   Reduce memory load on the system
#   Increase physical memory or swap space
#   Check if swap backing store is full
#   Decrease Java heap size (-Xmx/-Xms)
#   Decrease number of Java threads
#   Decrease Java thread stack sizes (-Xss)
#   Set larger code cache with -XX:ReservedCodeCacheSize=
#   JVM is running with Zero Based Compressed Oops mode in which the Java heap is
#     placed in the first 32GB address space. The Java Heap base address is the
#     maximum limit for the native heap growth. Please use -XX:HeapBaseMinAddress
#     to set the Java Heap base and to place the Java Heap above 32GB virtual address.
# This output file may be truncated or incomplete.
#
#  Out of Memory Error (virtualSpaceNode.cpp:110), pid=16152, tid=25192
#
# JRE version: Java(TM) SE Runtime Environment (17.0.2+8) (build 17.0.2+8-LTS-86)
# Java VM: Java HotSpot(TM) 64-Bit Server VM (17.0.2+8-LTS-86, mixed mode, sharing, tiered, compressed oops, compressed class ptrs, g1 gc, windows-amd64)
# No core dump will be written. Minidumps are not enabled by default on client versions of Windows
#

---------------  S U M M A R Y ------------

Command Line: org.jetbrains.kotlin.cli.jvm.K2JVMCompiler @D:\0.React-native\SafetyCulture_git\node_modules\react-native-screens\android\build\20230111_15797869125663815416.compiler.options

Host: Intel(R) Core(TM) i5-10400 CPU @ 2.90GHz, 12 cores, 15G,  Windows 10 , 64 bit Build 19041 (10.0.19041.2364)
Time: Wed Jan 11 15:49:20 2023  Windows 10 , 64 bit Build 19041 (10.0.19041.2364) elapsed time: 0.700217 seconds (0d 0h 0m 0s)

---------------  T H R E A D  ---------------

Current thread (0x000002403f3e32a0):  JavaThread "main" [_thread_in_vm, id=25192, stack(0x00000086ca100000,0x00000086ca200000)]

Stack: [0x00000086ca100000,0x00000086ca200000]
Native frames: (J=compiled Java code, j=interpreted, Vv=VM code, C=native code)
V  [jvm.dll+0x670baa]
V  [jvm.dll+0x7cfcb4]
V  [jvm.dll+0x7d145e]
V  [jvm.dll+0x7d1ac3]
V  [jvm.dll+0x242bc5]
V  [jvm.dll+0x7cbc5b]
V  [jvm.dll+0x616966]
V  [jvm.dll+0x1be3ee]
V  [jvm.dll+0x6192a1]
V  [jvm.dll+0x617306]
V  [jvm.dll+0x237621]
V  [jvm.dll+0x1e7ee0]
V  [jvm.dll+0x1e8365]
V  [jvm.dll+0x1e8d9f]
V  [jvm.dll+0x1de251]
V  [jvm.dll+0x537c30]
V  [jvm.dll+0x74ad28]
V  [jvm.dll+0x74ae14]
V  [jvm.dll+0x408cc5]
V  [jvm.dll+0x40ed18]
C  [java.dll+0x17ec]

Java frames: (J=compiled Java code, j=interpreted, Vv=VM code)
J 515  java.lang.ClassLoader.defineClass1(Ljava/lang/ClassLoader;Ljava/lang/String;[BIILjava/security/ProtectionDomain;Ljava/lang/String;)Ljava/lang/Class; java.base@17.0.2 (0 bytes) @ 0x000002404ff41ce3 [0x000002404ff41c20+0x00000000000000c3]
J 537 c1 java.lang.ClassLoader.defineClass(Ljava/lang/String;[BIILjava/security/ProtectionDomain;)Ljava/lang/Class; java.base@17.0.2 (43 bytes) @ 0x0000024048ae7c5c [0x0000024048ae7900+0x000000000000035c]
J 502 c1 java.security.SecureClassLoader.defineClass(Ljava/lang/String;[BIILjava/security/CodeSource;)Ljava/lang/Class; java.base@17.0.2 (16 bytes) @ 0x0000024048ad1a8c [0x0000024048ad19c0+0x00000000000000cc]
J 450 c1 jdk.internal.loader.BuiltinClassLoader.defineClass(Ljava/lang/String;Ljdk/internal/loader/Resource;)Ljava/lang/Class; java.base@17.0.2 (121 bytes) @ 0x0000024048ab0b84 [0x0000024048aaf820+0x0000000000001364]
J 356 c1 jdk.internal.loader.BuiltinClassLoader.findClassOnClassPathOrNull(Ljava/lang/String;)Ljava/lang/Class; java.base@17.0.2 (64 bytes) @ 0x0000024048a716e4 [0x0000024048a70660+0x0000000000001084]
J 219 c1 jdk.internal.loader.BuiltinClassLoader.loadClassOrNull(Ljava/lang/String;Z)Ljava/lang/Class; java.base@17.0.2 (143 bytes) @ 0x0000024048a39a54 [0x0000024048a38b40+0x0000000000000f14]
J 396 c1 jdk.internal.loader.ClassLoaders$AppClassLoader.loadClass(Ljava/lang/String;Z)Ljava/lang/Class; java.base@17.0.2 (40 bytes) @ 0x0000024048a8dc0c [0x0000024048a8d5e0+0x000000000000062c]
J 309 c1 java.lang.ClassLoader.loadClass(Ljava/lang/String;)Ljava/lang/Class; java.base@17.0.2 (7 bytes) @ 0x0000024048a59d4c [0x0000024048a59c40+0x000000000000010c]
v  ~StubRoutines::call_stub
j  org.jetbrains.kotlin.com.intellij.core.CoreApplicationEnvironment.<init>(Lorg/jetbrains/kotlin/com/intellij/openapi/Disposable;Z)V+275
j  org.jetbrains.kotlin.com.intellij.core.JavaCoreApplicationEnvironment.<init>(Lorg/jetbrains/kotlin/com/intellij/openapi/Disposable;Z)V+11
j  org.jetbrains.kotlin.cli.jvm.compiler.KotlinCoreApplicationEnvironment.<init>(Lorg/jetbrains/kotlin/com/intellij/openapi/Disposable;Z)V+11
j  org.jetbrains.kotlin.cli.jvm.compiler.KotlinCoreApplicationEnvironment.create(Lorg/jetbrains/kotlin/com/intellij/openapi/Disposable;Z)Lorg/jetbrains/kotlin/cli/jvm/compiler/KotlinCoreApplicationEnvironment;+14
j  org.jetbrains.kotlin.cli.jvm.compiler.KotlinCoreEnvironment$Companion.createApplicationEnvironment(Lorg/jetbrains/kotlin/com/intellij/openapi/Disposable;Lorg/jetbrains/kotlin/config/CompilerConfiguration;Z)Lorg/jetbrains/kotlin/cli/jvm/compiler/KotlinCoreApplicationEnvironment;+2
j  org.jetbrains.kotlin.cli.jvm.compiler.KotlinCoreEnvironment$Companion.getOrCreateApplicationEnvironment(Lorg/jetbrains/kotlin/com/intellij/openapi/Disposable;Lorg/jetbrains/kotlin/config/CompilerConfiguration;Z)Lorg/jetbrains/kotlin/cli/jvm/compiler/KotlinCoreApplicationEnvironment;+54
j  org.jetbrains.kotlin.cli.jvm.compiler.KotlinCoreEnvironment$Companion.getOrCreateApplicationEnvironmentForProduction(Lorg/jetbrains/kotlin/com/intellij/openapi/Disposable;Lorg/jetbrains/kotlin/config/CompilerConfiguration;)Lorg/jetbrains/kotlin/cli/jvm/compiler/KotlinCoreApplicationEnvironment;+19
j  org.jetbrains.kotlin.cli.jvm.compiler.KotlinCoreEnvironment$Companion.createForProduction(Lorg/jetbrains/kotlin/com/intellij/openapi/Disposable;Lorg/jetbrains/kotlin/config/CompilerConfiguration;Lorg/jetbrains/kotlin/cli/jvm/compiler/EnvironmentConfigFiles;)Lorg/jetbrains/kotlin/cli/jvm/compiler/KotlinCoreEnvironment;+27
j  org.jetbrains.kotlin.cli.jvm.K2JVMCompiler.createCoreEnvironment(Lorg/jetbrains/kotlin/com/intellij/openapi/Disposable;Lorg/jetbrains/kotlin/config/CompilerConfiguration;Lorg/jetbrains/kotlin/cli/common/messages/MessageCollector;Ljava/lang/String;)Lorg/jetbrains/kotlin/cli/jvm/compiler/KotlinCoreEnvironment;+19
j  org.jetbrains.kotlin.cli.jvm.K2JVMCompiler.doExecute(Lorg/jetbrains/kotlin/cli/common/arguments/K2JVMCompilerArguments;Lorg/jetbrains/kotlin/config/CompilerConfiguration;Lorg/jetbrains/kotlin/com/intellij/openapi/Disposable;Lorg/jetbrains/kotlin/utils/KotlinPaths;)Lorg/jetbrains/kotlin/cli/common/ExitCode;+888
j  org.jetbrains.kotlin.cli.jvm.K2JVMCompiler.doExecute(Lorg/jetbrains/kotlin/cli/common/arguments/CommonCompilerArguments;Lorg/jetbrains/kotlin/config/CompilerConfiguration;Lorg/jetbrains/kotlin/com/intellij/openapi/Disposable;Lorg/jetbrains/kotlin/utils/KotlinPaths;)Lorg/jetbrains/kotlin/cli/common/ExitCode;+9
j  org.jetbrains.kotlin.cli.common.CLICompiler.execImpl(Lorg/jetbrains/kotlin/cli/common/messages/MessageCollector;Lorg/jetbrains/kotlin/config/Services;Lorg/jetbrains/kotlin/cli/common/arguments/CommonCompilerArguments;)Lorg/jetbrains/kotlin/cli/common/ExitCode;+219
j  org.jetbrains.kotlin.cli.common.CLICompiler.execImpl(Lorg/jetbrains/kotlin/cli/common/messages/MessageCollector;Lorg/jetbrains/kotlin/config/Services;Lorg/jetbrains/kotlin/cli/common/arguments/CommonToolArguments;)Lorg/jetbrains/kotlin/cli/common/ExitCode;+7
j  org.jetbrains.kotlin.cli.common.CLITool.exec(Lorg/jetbrains/kotlin/cli/common/messages/MessageCollector;Lorg/jetbrains/kotlin/config/Services;Lorg/jetbrains/kotlin/cli/common/arguments/CommonToolArguments;)Lorg/jetbrains/kotlin/cli/common/ExitCode;+76
j  org.jetbrains.kotlin.cli.common.CLITool.exec(Ljava/io/PrintStream;Lorg/jetbrains/kotlin/config/Services;Lorg/jetbrains/kotlin/cli/common/messages/MessageRenderer;[Ljava/lang/String;)Lorg/jetbrains/kotlin/cli/common/ExitCode;+224
j  org.jetbrains.kotlin.cli.common.CLITool.exec(Ljava/io/PrintStream;Lorg/jetbrains/kotlin/cli/common/messages/MessageRenderer;[Ljava/lang/String;)Lorg/jetbrains/kotlin/cli/common/ExitCode;+25
j  org.jetbrains.kotlin.cli.common.CLITool$Companion.doMainNoExit(Lorg/jetbrains/kotlin/cli/common/CLITool;[Ljava/lang/String;Lorg/jetbrains/kotlin/cli/common/messages/MessageRenderer;)Lorg/jetbrains/kotlin/cli/common/ExitCode;+39
j  org.jetbrains.kotlin.cli.common.CLITool$Companion.doMainNoExit$default(Lorg/jetbrains/kotlin/cli/common/CLITool$Companion;Lorg/jetbrains/kotlin/cli/common/CLITool;[Ljava/lang/String;Lorg/jetbrains/kotlin/cli/common/messages/MessageRenderer;ILjava/lang/Object;)Lorg/jetbrains/kotlin/cli/common/ExitCode;+16
j  org.jetbrains.kotlin.cli.common.CLITool$Companion.doMain(Lorg/jetbrains/kotlin/cli/common/CLITool;[Ljava/lang/String;)V+57
j  org.jetbrains.kotlin.cli.jvm.K2JVMCompiler$Companion.main([Ljava/lang/String;)V+20
j  org.jetbrains.kotlin.cli.jvm.K2JVMCompiler.main([Ljava/lang/String;)V+4
v  ~StubRoutines::call_stub

---------------  P R O C E S S  ---------------

Threads class SMR info:
_java_thread_list=0x0000024064d3b5a0, length=13, elements={
0x000002403f3e32a0, 0x000002406424c2d0, 0x000002406424d140, 0x0000024064c02740,
0x0000024064c030f0, 0x0000024064c03aa0, 0x0000024064c08460, 0x0000024064c09140,
0x0000024064c0d0e0, 0x000002406426afe0, 0x0000024064d2dc20, 0x0000024064d3fd60,
0x0000024064daf230
}

Java Threads: ( => current thread )
=>0x000002403f3e32a0 JavaThread "main" [_thread_in_vm, id=25192, stack(0x00000086ca100000,0x00000086ca200000)]
  0x000002406424c2d0 JavaThread "Reference Handler" daemon [_thread_blocked, id=10252, stack(0x00000086ca800000,0x00000086ca900000)]
  0x000002406424d140 JavaThread "Finalizer" daemon [_thread_blocked, id=9644, stack(0x00000086ca900000,0x00000086caa00000)]
  0x0000024064c02740 JavaThread "Signal Dispatcher" daemon [_thread_blocked, id=21784, stack(0x00000086caa00000,0x00000086cab00000)]
  0x0000024064c030f0 JavaThread "Attach Listener" daemon [_thread_blocked, id=13932, stack(0x00000086cab00000,0x00000086cac00000)]
  0x0000024064c03aa0 JavaThread "Service Thread" daemon [_thread_blocked, id=18944, stack(0x00000086cac00000,0x00000086cad00000)]
  0x0000024064c08460 JavaThread "Monitor Deflation Thread" daemon [_thread_blocked, id=22196, stack(0x00000086cad00000,0x00000086cae00000)]
  0x0000024064c09140 JavaThread "C2 CompilerThread0" daemon [_thread_in_native, id=20924, stack(0x00000086cae00000,0x00000086caf00000)]
  0x0000024064c0d0e0 JavaThread "C1 CompilerThread0" daemon [_thread_blocked, id=9752, stack(0x00000086caf00000,0x00000086cb000000)]
  0x000002406426afe0 JavaThread "Sweeper thread" daemon [_thread_blocked, id=8468, stack(0x00000086cb000000,0x00000086cb100000)]
  0x0000024064d2dc20 JavaThread "Notification Thread" daemon [_thread_blocked, id=8940, stack(0x00000086cb100000,0x00000086cb200000)]
  0x0000024064d3fd60 JavaThread "Common-Cleaner" daemon [_thread_blocked, id=19100, stack(0x00000086cb300000,0x00000086cb400000)]
  0x0000024064daf230 JavaThread "C2 CompilerThread1" daemon [_thread_blocked, id=21780, stack(0x00000086cb400000,0x00000086cb500000)]

Other Threads:
  0x00000240642446b0 VMThread "VM Thread" [stack: 0x00000086ca700000,0x00000086ca800000] [id=24840]
  0x000002403f44bef0 WatcherThread [stack: 0x00000086cb200000,0x00000086cb300000] [id=22120]
  0x000002403f431640 GCTaskThread "GC Thread#0" [stack: 0x00000086ca200000,0x00000086ca300000] [id=6264]
  0x000002406517efc0 GCTaskThread "GC Thread#1" [stack: 0x00000086cb500000,0x00000086cb600000] [id=19080]
  0x000002406517f270 GCTaskThread "GC Thread#2" [stack: 0x00000086cb600000,0x00000086cb700000] [id=19564]
  0x000002406517f520 GCTaskThread "GC Thread#3" [stack: 0x00000086cb700000,0x00000086cb800000] [id=20540]
  0x00000240653381f0 GCTaskThread "GC Thread#4" [stack: 0x00000086cb800000,0x00000086cb900000] [id=1748]
  0x00000240653384a0 GCTaskThread "GC Thread#5" [stack: 0x00000086cb900000,0x00000086cba00000] [id=24552]
  0x00000240660b25c0 GCTaskThread "GC Thread#6" [stack: 0x00000086cba00000,0x00000086cbb00000] [id=13204]
  0x0000024066160850 GCTaskThread "GC Thread#7" [stack: 0x00000086cbb00000,0x00000086cbc00000] [id=19376]
  0x00000240661714a0 GCTaskThread "GC Thread#8" [stack: 0x00000086cbc00000,0x00000086cbd00000] [id=1176]
  0x000002403f442f60 ConcurrentGCThread "G1 Main Marker" [stack: 0x00000086ca300000,0x00000086ca400000] [id=13160]
  0x000002403f446130 ConcurrentGCThread "G1 Conc#0" [stack: 0x00000086ca400000,0x00000086ca500000] [id=23660]
  0x000002403f4be850 ConcurrentGCThread "G1 Refine#0" [stack: 0x00000086ca500000,0x00000086ca600000] [id=2560]
  0x00000240640fc470 ConcurrentGCThread "G1 Service" [stack: 0x00000086ca600000,0x00000086ca700000] [id=21608]

Threads with active compile tasks:
C2 CompilerThread0      712 1683   !   4       java.util.zip.InflaterInputStream::read (138 bytes)

VM state: not at safepoint (normal execution)

VM Mutex/Monitor currently owned by a thread:  ([mutex/lock_event])
[0x000002403f3db7b0] Metaspace_lock - owner thread: 0x000002403f3e32a0

Heap address: 0x0000000706200000, size: 3998 MB, Compressed Oops mode: Zero based, Oop shift amount: 3

CDS archive(s) mapped at: [0x0000000800000000-0x0000000800bc0000-0x0000000800bc0000), size 12320768, SharedBaseAddress: 0x0000000800000000, ArchiveRelocationMode: 0.
Compressed class space mapped at: 0x0000000800c00000-0x0000000840c00000, reserved size: 1073741824
Narrow klass base: 0x0000000800000000, Narrow klass shift: 0, Narrow klass range: 0x100000000

GC Precious Log:
 CPUs: 12 total, 12 available
 Memory: 15990M
 Large Page Support: Disabled
 NUMA Support: Disabled
 Compressed Oops: Enabled (Zero based)
 Heap Region Size: 2M
 Heap Min Capacity: 8M
 Heap Initial Capacity: 250M
 Heap Max Capacity: 3998M
 Pre-touch: Disabled
 Parallel Workers: 10
 Concurrent Workers: 3
 Concurrent Refinement Workers: 10
 Periodic GC: Disabled

Heap:
 garbage-first heap   total 256000K, used 16875K [0x0000000706200000, 0x0000000800000000)
  region size 2048K, 6 young (12288K), 2 survivors (4096K)
 Metaspace       used 14253K, committed 14400K, reserved 1064960K
  class space    used 1632K, committed 1728K, reserved 1048576K

Heap Regions: E=young(eden), S=young(survivor), O=old, HS=humongous(starts), HC=humongous(continues), CS=collection set, F=free, OA=open archive, CA=closed archive, TAMS=top-at-mark-start (previous, next)
|   0|0x0000000706200000, 0x0000000706400000, 0x0000000706400000|100%|HS|  |TAMS 0x0000000706200000, 0x0000000706200000| Complete 
|   1|0x0000000706400000, 0x0000000706600000, 0x0000000706600000|100%|HC|  |TAMS 0x0000000706400000, 0x0000000706400000| Complete 
|   2|0x0000000706600000, 0x0000000706800000, 0x0000000706800000|100%| O|  |TAMS 0x0000000706600000, 0x0000000706600000| Untracked 
|   3|0x0000000706800000, 0x0000000706910c00, 0x0000000706a00000| 53%| O|  |TAMS 0x0000000706800000, 0x0000000706800000| Untracked 
|   4|0x0000000706a00000, 0x0000000706a00000, 0x0000000706c00000|  0%| F|  |TAMS 0x0000000706a00000, 0x0000000706a00000| Untracked 
|   5|0x0000000706c00000, 0x0000000706c00000, 0x0000000706e00000|  0%| F|  |TAMS 0x0000000706c00000, 0x0000000706c00000| Untracked 
|   6|0x0000000706e00000, 0x0000000706e00000, 0x0000000707000000|  0%| F|  |TAMS 0x0000000706e00000, 0x0000000706e00000| Untracked 
|   7|0x0000000707000000, 0x0000000707000000, 0x0000000707200000|  0%| F|  |TAMS 0x0000000707000000, 0x0000000707000000| Untracked 
|   8|0x0000000707200000, 0x0000000707200000, 0x0000000707400000|  0%| F|  |TAMS 0x0000000707200000, 0x0000000707200000| Untracked 
|   9|0x0000000707400000, 0x0000000707400000, 0x0000000707600000|  0%| F|  |TAMS 0x0000000707400000, 0x0000000707400000| Untracked 
|  10|0x0000000707600000, 0x0000000707600000, 0x0000000707800000|  0%| F|  |TAMS 0x0000000707600000, 0x0000000707600000| Untracked 
|  11|0x0000000707800000, 0x0000000707800000, 0x0000000707a00000|  0%| F|  |TAMS 0x0000000707800000, 0x0000000707800000| Untracked 
|  12|0x0000000707a00000, 0x0000000707a00000, 0x0000000707c00000|  0%| F|  |TAMS 0x0000000707a00000, 0x0000000707a00000| Untracked 
|  13|0x0000000707c00000, 0x0000000707c00000, 0x0000000707e00000|  0%| F|  |TAMS 0x0000000707c00000, 0x0000000707c00000| Untracked 
|  14|0x0000000707e00000, 0x0000000707e00000, 0x0000000708000000|  0%| F|  |TAMS 0x0000000707e00000, 0x0000000707e00000| Untracked 
|  15|0x0000000708000000, 0x0000000708000000, 0x0000000708200000|  0%| F|  |TAMS 0x0000000708000000, 0x0000000708000000| Untracked 
|  16|0x0000000708200000, 0x0000000708200000, 0x0000000708400000|  0%| F|  |TAMS 0x0000000708200000, 0x0000000708200000| Untracked 
|  17|0x0000000708400000, 0x0000000708400000, 0x0000000708600000|  0%| F|  |TAMS 0x0000000708400000, 0x0000000708400000| Untracked 
|  18|0x0000000708600000, 0x0000000708600000, 0x0000000708800000|  0%| F|  |TAMS 0x0000000708600000, 0x0000000708600000| Untracked 
|  19|0x0000000708800000, 0x0000000708800000, 0x0000000708a00000|  0%| F|  |TAMS 0x0000000708800000, 0x0000000708800000| Untracked 
|  20|0x0000000708a00000, 0x0000000708a00000, 0x0000000708c00000|  0%| F|  |TAMS 0x0000000708a00000, 0x0000000708a00000| Untracked 
|  21|0x0000000708c00000, 0x0000000708c00000, 0x0000000708e00000|  0%| F|  |TAMS 0x0000000708c00000, 0x0000000708c00000| Untracked 
|  22|0x0000000708e00000, 0x0000000708e00000, 0x0000000709000000|  0%| F|  |TAMS 0x0000000708e00000, 0x0000000708e00000| Untracked 
|  23|0x0000000709000000, 0x0000000709000000, 0x0000000709200000|  0%| F|  |TAMS 0x0000000709000000, 0x0000000709000000| Untracked 
|  24|0x0000000709200000, 0x0000000709200000, 0x0000000709400000|  0%| F|  |TAMS 0x0000000709200000, 0x0000000709200000| Untracked 
|  25|0x0000000709400000, 0x0000000709400000, 0x0000000709600000|  0%| F|  |TAMS 0x0000000709400000, 0x0000000709400000| Untracked 
|  26|0x0000000709600000, 0x0000000709600000, 0x0000000709800000|  0%| F|  |TAMS 0x0000000709600000, 0x0000000709600000| Untracked 
|  27|0x0000000709800000, 0x0000000709800000, 0x0000000709a00000|  0%| F|  |TAMS 0x0000000709800000, 0x0000000709800000| Untracked 
|  28|0x0000000709a00000, 0x0000000709a00000, 0x0000000709c00000|  0%| F|  |TAMS 0x0000000709a00000, 0x0000000709a00000| Untracked 
|  29|0x0000000709c00000, 0x0000000709c00000, 0x0000000709e00000|  0%| F|  |TAMS 0x0000000709c00000, 0x0000000709c00000| Untracked 
|  30|0x0000000709e00000, 0x0000000709e00000, 0x000000070a000000|  0%| F|  |TAMS 0x0000000709e00000, 0x0000000709e00000| Untracked 
|  31|0x000000070a000000, 0x000000070a000000, 0x000000070a200000|  0%| F|  |TAMS 0x000000070a000000, 0x000000070a000000| Untracked 
|  32|0x000000070a200000, 0x000000070a200000, 0x000000070a400000|  0%| F|  |TAMS 0x000000070a200000, 0x000000070a200000| Untracked 
|  33|0x000000070a400000, 0x000000070a400000, 0x000000070a600000|  0%| F|  |TAMS 0x000000070a400000, 0x000000070a400000| Untracked 
|  34|0x000000070a600000, 0x000000070a600000, 0x000000070a800000|  0%| F|  |TAMS 0x000000070a600000, 0x000000070a600000| Untracked 
|  35|0x000000070a800000, 0x000000070a800000, 0x000000070aa00000|  0%| F|  |TAMS 0x000000070a800000, 0x000000070a800000| Untracked 
|  36|0x000000070aa00000, 0x000000070aa00000, 0x000000070ac00000|  0%| F|  |TAMS 0x000000070aa00000, 0x000000070aa00000| Untracked 
|  37|0x000000070ac00000, 0x000000070ac00000, 0x000000070ae00000|  0%| F|  |TAMS 0x000000070ac00000, 0x000000070ac00000| Untracked 
|  38|0x000000070ae00000, 0x000000070ae00000, 0x000000070b000000|  0%| F|  |TAMS 0x000000070ae00000, 0x000000070ae00000| Untracked 
|  39|0x000000070b000000, 0x000000070b000000, 0x000000070b200000|  0%| F|  |TAMS 0x000000070b000000, 0x000000070b000000| Untracked 
|  40|0x000000070b200000, 0x000000070b200000, 0x000000070b400000|  0%| F|  |TAMS 0x000000070b200000, 0x000000070b200000| Untracked 
|  41|0x000000070b400000, 0x000000070b400000, 0x000000070b600000|  0%| F|  |TAMS 0x000000070b400000, 0x000000070b400000| Untracked 
|  42|0x000000070b600000, 0x000000070b600000, 0x000000070b800000|  0%| F|  |TAMS 0x000000070b600000, 0x000000070b600000| Untracked 
|  43|0x000000070b800000, 0x000000070b800000, 0x000000070ba00000|  0%| F|  |TAMS 0x000000070b800000, 0x000000070b800000| Untracked 
|  44|0x000000070ba00000, 0x000000070ba00000, 0x000000070bc00000|  0%| F|  |TAMS 0x000000070ba00000, 0x000000070ba00000| Untracked 
|  45|0x000000070bc00000, 0x000000070bc00000, 0x000000070be00000|  0%| F|  |TAMS 0x000000070bc00000, 0x000000070bc00000| Untracked 
|  46|0x000000070be00000, 0x000000070be00000, 0x000000070c000000|  0%| F|  |TAMS 0x000000070be00000, 0x000000070be00000| Untracked 
|  47|0x000000070c000000, 0x000000070c000000, 0x000000070c200000|  0%| F|  |TAMS 0x000000070c000000, 0x000000070c000000| Untracked 
|  48|0x000000070c200000, 0x000000070c200000, 0x000000070c400000|  0%| F|  |TAMS 0x000000070c200000, 0x000000070c200000| Untracked 
|  49|0x000000070c400000, 0x000000070c400000, 0x000000070c600000|  0%| F|  |TAMS 0x000000070c400000, 0x000000070c400000| Untracked 
|  50|0x000000070c600000, 0x000000070c600000, 0x000000070c800000|  0%| F|  |TAMS 0x000000070c600000, 0x000000070c600000| Untracked 
|  51|0x000000070c800000, 0x000000070c800000, 0x000000070ca00000|  0%| F|  |TAMS 0x000000070c800000, 0x000000070c800000| Untracked 
|  52|0x000000070ca00000, 0x000000070ca00000, 0x000000070cc00000|  0%| F|  |TAMS 0x000000070ca00000, 0x000000070ca00000| Untracked 
|  53|0x000000070cc00000, 0x000000070cc00000, 0x000000070ce00000|  0%| F|  |TAMS 0x000000070cc00000, 0x000000070cc00000| Untracked 
|  54|0x000000070ce00000, 0x000000070ce00000, 0x000000070d000000|  0%| F|  |TAMS 0x000000070ce00000, 0x000000070ce00000| Untracked 
|  55|0x000000070d000000, 0x000000070d000000, 0x000000070d200000|  0%| F|  |TAMS 0x000000070d000000, 0x000000070d000000| Untracked 
|  56|0x000000070d200000, 0x000000070d200000, 0x000000070d400000|  0%| F|  |TAMS 0x000000070d200000, 0x000000070d200000| Untracked 
|  57|0x000000070d400000, 0x000000070d400000, 0x000000070d600000|  0%| F|  |TAMS 0x000000070d400000, 0x000000070d400000| Untracked 
|  58|0x000000070d600000, 0x000000070d600000, 0x000000070d800000|  0%| F|  |TAMS 0x000000070d600000, 0x000000070d600000| Untracked 
|  59|0x000000070d800000, 0x000000070d800000, 0x000000070da00000|  0%| F|  |TAMS 0x000000070d800000, 0x000000070d800000| Untracked 
|  60|0x000000070da00000, 0x000000070da00000, 0x000000070dc00000|  0%| F|  |TAMS 0x000000070da00000, 0x000000070da00000| Untracked 
|  61|0x000000070dc00000, 0x000000070dc00000, 0x000000070de00000|  0%| F|  |TAMS 0x000000070dc00000, 0x000000070dc00000| Untracked 
|  62|0x000000070de00000, 0x000000070de00000, 0x000000070e000000|  0%| F|  |TAMS 0x000000070de00000, 0x000000070de00000| Untracked 
|  63|0x000000070e000000, 0x000000070e000000, 0x000000070e200000|  0%| F|  |TAMS 0x000000070e000000, 0x000000070e000000| Untracked 
|  64|0x000000070e200000, 0x000000070e200000, 0x000000070e400000|  0%| F|  |TAMS 0x000000070e200000, 0x000000070e200000| Untracked 
|  65|0x000000070e400000, 0x000000070e400000, 0x000000070e600000|  0%| F|  |TAMS 0x000000070e400000, 0x000000070e400000| Untracked 
|  66|0x000000070e600000, 0x000000070e600000, 0x000000070e800000|  0%| F|  |TAMS 0x000000070e600000, 0x000000070e600000| Untracked 
|  67|0x000000070e800000, 0x000000070e800000, 0x000000070ea00000|  0%| F|  |TAMS 0x000000070e800000, 0x000000070e800000| Untracked 
|  68|0x000000070ea00000, 0x000000070ea00000, 0x000000070ec00000|  0%| F|  |TAMS 0x000000070ea00000, 0x000000070ea00000| Untracked 
|  69|0x000000070ec00000, 0x000000070ec00000, 0x000000070ee00000|  0%| F|  |TAMS 0x000000070ec00000, 0x000000070ec00000| Untracked 
|  70|0x000000070ee00000, 0x000000070ee00000, 0x000000070f000000|  0%| F|  |TAMS 0x000000070ee00000, 0x000000070ee00000| Untracked 
|  71|0x000000070f000000, 0x000000070f000000, 0x000000070f200000|  0%| F|  |TAMS 0x000000070f000000, 0x000000070f000000| Untracked 
|  72|0x000000070f200000, 0x000000070f200000, 0x000000070f400000|  0%| F|  |TAMS 0x000000070f200000, 0x000000070f200000| Untracked 
|  73|0x000000070f400000, 0x000000070f400000, 0x000000070f600000|  0%| F|  |TAMS 0x000000070f400000, 0x000000070f400000| Untracked 
|  74|0x000000070f600000, 0x000000070f600000, 0x000000070f800000|  0%| F|  |TAMS 0x000000070f600000, 0x000000070f600000| Untracked 
|  75|0x000000070f800000, 0x000000070f800000, 0x000000070fa00000|  0%| F|  |TAMS 0x000000070f800000, 0x000000070f800000| Untracked 
|  76|0x000000070fa00000, 0x000000070fa00000, 0x000000070fc00000|  0%| F|  |TAMS 0x000000070fa00000, 0x000000070fa00000| Untracked 
|  77|0x000000070fc00000, 0x000000070fc00000, 0x000000070fe00000|  0%| F|  |TAMS 0x000000070fc00000, 0x000000070fc00000| Untracked 
|  78|0x000000070fe00000, 0x000000070fe00000, 0x0000000710000000|  0%| F|  |TAMS 0x000000070fe00000, 0x000000070fe00000| Untracked 
|  79|0x0000000710000000, 0x0000000710000000, 0x0000000710200000|  0%| F|  |TAMS 0x0000000710000000, 0x0000000710000000| Untracked 
|  80|0x0000000710200000, 0x0000000710200000, 0x0000000710400000|  0%| F|  |TAMS 0x0000000710200000, 0x0000000710200000| Untracked 
|  81|0x0000000710400000, 0x0000000710400000, 0x0000000710600000|  0%| F|  |TAMS 0x0000000710400000, 0x0000000710400000| Untracked 
|  82|0x0000000710600000, 0x0000000710600000, 0x0000000710800000|  0%| F|  |TAMS 0x0000000710600000, 0x0000000710600000| Untracked 
|  83|0x0000000710800000, 0x0000000710800000, 0x0000000710a00000|  0%| F|  |TAMS 0x0000000710800000, 0x0000000710800000| Untracked 
|  84|0x0000000710a00000, 0x0000000710a00000, 0x0000000710c00000|  0%| F|  |TAMS 0x0000000710a00000, 0x0000000710a00000| Untracked 
|  85|0x0000000710c00000, 0x0000000710c00000, 0x0000000710e00000|  0%| F|  |TAMS 0x0000000710c00000, 0x0000000710c00000| Untracked 
|  86|0x0000000710e00000, 0x0000000710e00000, 0x0000000711000000|  0%| F|  |TAMS 0x0000000710e00000, 0x0000000710e00000| Untracked 
|  87|0x0000000711000000, 0x0000000711000000, 0x0000000711200000|  0%| F|  |TAMS 0x0000000711000000, 0x0000000711000000| Untracked 
|  88|0x0000000711200000, 0x0000000711200000, 0x0000000711400000|  0%| F|  |TAMS 0x0000000711200000, 0x0000000711200000| Untracked 
|  89|0x0000000711400000, 0x0000000711400000, 0x0000000711600000|  0%| F|  |TAMS 0x0000000711400000, 0x0000000711400000| Untracked 
|  90|0x0000000711600000, 0x0000000711600000, 0x0000000711800000|  0%| F|  |TAMS 0x0000000711600000, 0x0000000711600000| Untracked 
|  91|0x0000000711800000, 0x0000000711800000, 0x0000000711a00000|  0%| F|  |TAMS 0x0000000711800000, 0x0000000711800000| Untracked 
|  92|0x0000000711a00000, 0x0000000711a00000, 0x0000000711c00000|  0%| F|  |TAMS 0x0000000711a00000, 0x0000000711a00000| Untracked 
|  93|0x0000000711c00000, 0x0000000711c00000, 0x0000000711e00000|  0%| F|  |TAMS 0x0000000711c00000, 0x0000000711c00000| Untracked 
|  94|0x0000000711e00000, 0x0000000711e00000, 0x0000000712000000|  0%| F|  |TAMS 0x0000000711e00000, 0x0000000711e00000| Untracked 
|  95|0x0000000712000000, 0x0000000712000000, 0x0000000712200000|  0%| F|  |TAMS 0x0000000712000000, 0x0000000712000000| Untracked 
|  96|0x0000000712200000, 0x0000000712200000, 0x0000000712400000|  0%| F|  |TAMS 0x0000000712200000, 0x0000000712200000| Untracked 
|  97|0x0000000712400000, 0x0000000712400000, 0x0000000712600000|  0%| F|  |TAMS 0x0000000712400000, 0x0000000712400000| Untracked 
|  98|0x0000000712600000, 0x0000000712600000, 0x0000000712800000|  0%| F|  |TAMS 0x0000000712600000, 0x0000000712600000| Untracked 
|  99|0x0000000712800000, 0x0000000712800000, 0x0000000712a00000|  0%| F|  |TAMS 0x0000000712800000, 0x0000000712800000| Untracked 
| 100|0x0000000712a00000, 0x0000000712a00000, 0x0000000712c00000|  0%| F|  |TAMS 0x0000000712a00000, 0x0000000712a00000| Untracked 
| 101|0x0000000712c00000, 0x0000000712c00000, 0x0000000712e00000|  0%| F|  |TAMS 0x0000000712c00000, 0x0000000712c00000| Untracked 
| 102|0x0000000712e00000, 0x0000000712e00000, 0x0000000713000000|  0%| F|  |TAMS 0x0000000712e00000, 0x0000000712e00000| Untracked 
| 103|0x0000000713000000, 0x0000000713000000, 0x0000000713200000|  0%| F|  |TAMS 0x0000000713000000, 0x0000000713000000| Untracked 
| 104|0x0000000713200000, 0x0000000713200000, 0x0000000713400000|  0%| F|  |TAMS 0x0000000713200000, 0x0000000713200000| Untracked 
| 105|0x0000000713400000, 0x0000000713400000, 0x0000000713600000|  0%| F|  |TAMS 0x0000000713400000, 0x0000000713400000| Untracked 
| 106|0x0000000713600000, 0x000000071376a008, 0x0000000713800000| 70%| S|CS|TAMS 0x0000000713600000, 0x0000000713600000| Complete 
| 107|0x0000000713800000, 0x0000000713a00000, 0x0000000713a00000|100%| S|CS|TAMS 0x0000000713800000, 0x0000000713800000| Complete 
| 108|0x0000000713a00000, 0x0000000713a00000, 0x0000000713c00000|  0%| F|  |TAMS 0x0000000713a00000, 0x0000000713a00000| Untracked 
| 109|0x0000000713c00000, 0x0000000713c00000, 0x0000000713e00000|  0%| F|  |TAMS 0x0000000713c00000, 0x0000000713c00000| Untracked 
| 110|0x0000000713e00000, 0x0000000713e00000, 0x0000000714000000|  0%| F|  |TAMS 0x0000000713e00000, 0x0000000713e00000| Untracked 
| 111|0x0000000714000000, 0x0000000714000000, 0x0000000714200000|  0%| F|  |TAMS 0x0000000714000000, 0x0000000714000000| Untracked 
| 112|0x0000000714200000, 0x0000000714200000, 0x0000000714400000|  0%| F|  |TAMS 0x0000000714200000, 0x0000000714200000| Untracked 
| 113|0x0000000714400000, 0x0000000714400000, 0x0000000714600000|  0%| F|  |TAMS 0x0000000714400000, 0x0000000714400000| Untracked 
| 114|0x0000000714600000, 0x0000000714600000, 0x0000000714800000|  0%| F|  |TAMS 0x0000000714600000, 0x0000000714600000| Untracked 
| 115|0x0000000714800000, 0x0000000714800000, 0x0000000714a00000|  0%| F|  |TAMS 0x0000000714800000, 0x0000000714800000| Untracked 
| 116|0x0000000714a00000, 0x0000000714a00000, 0x0000000714c00000|  0%| F|  |TAMS 0x0000000714a00000, 0x0000000714a00000| Untracked 
| 117|0x0000000714c00000, 0x0000000714c00000, 0x0000000714e00000|  0%| F|  |TAMS 0x0000000714c00000, 0x0000000714c00000| Untracked 
| 118|0x0000000714e00000, 0x0000000714e00000, 0x0000000715000000|  0%| F|  |TAMS 0x0000000714e00000, 0x0000000714e00000| Untracked 
| 119|0x0000000715000000, 0x0000000715000000, 0x0000000715200000|  0%| F|  |TAMS 0x0000000715000000, 0x0000000715000000| Untracked 
| 120|0x0000000715200000, 0x0000000715200000, 0x0000000715400000|  0%| F|  |TAMS 0x0000000715200000, 0x0000000715200000| Untracked 
| 121|0x0000000715400000, 0x0000000715600000, 0x0000000715600000|100%| E|  |TAMS 0x0000000715400000, 0x0000000715400000| Complete 
| 122|0x0000000715600000, 0x0000000715800000, 0x0000000715800000|100%| E|CS|TAMS 0x0000000715600000, 0x0000000715600000| Complete 
| 123|0x0000000715800000, 0x0000000715a00000, 0x0000000715a00000|100%| E|CS|TAMS 0x0000000715800000, 0x0000000715800000| Complete 
| 124|0x0000000715a00000, 0x0000000715c00000, 0x0000000715c00000|100%| E|CS|TAMS 0x0000000715a00000, 0x0000000715a00000| Complete 

Card table byte_map: [0x00000240588a0000,0x0000024059070000] _byte_map_base: 0x000002405506f000

Marking Bits (Prev, Next): (CMBitMap*) 0x000002403f431c50, (CMBitMap*) 0x000002403f431c90
 Prev Bits: [0x0000024059840000, 0x000002405d6b8000)
 Next Bits: [0x000002405d6c0000, 0x0000024061538000)

Polling page: 0x000002403f4c0000

Metaspace:

Usage:
  Non-class:     12.33 MB used.
      Class:      1.59 MB used.
       Both:     13.92 MB used.

Virtual space:
  Non-class space:       16.00 MB reserved,      12.38 MB ( 77%) committed,  2 nodes.
      Class space:        1.00 GB reserved,       1.69 MB ( <1%) committed,  1 nodes.
             Both:        1.02 GB reserved,      14.06 MB (  1%) committed. 

Chunk freelists:
   Non-Class:  1.30 MB
       Class:  2.26 MB
        Both:  3.55 MB

MaxMetaspaceSize: unlimited
CompressedClassSpaceSize: 1.00 GB
Initial GC threshold: 21.00 MB
Current GC threshold: 21.00 MB
CDS: on
MetaspaceReclaimPolicy: balanced
 - commit_granule_bytes: 65536.
 - commit_granule_words: 8192.
 - virtual_space_node_default_size: 1048576.
 - enlarge_chunks_in_place: 1.
 - new_chunks_are_fully_committed: 0.
 - uncommit_free_chunks: 1.
 - use_allocation_guard: 0.
 - handle_deallocations: 1.


Internal statistics:

num_allocs_failed_limit: 0.
num_arena_births: 128.
num_arena_deaths: 0.
num_vsnodes_births: 3.
num_vsnodes_deaths: 0.
num_space_committed: 225.
num_space_uncommitted: 0.
num_chunks_returned_to_freelist: 0.
num_chunks_taken_from_freelist: 584.
num_chunk_merges: 0.
num_chunk_splits: 470.
num_chunks_enlarged: 410.
num_purges: 0.
num_inconsistent_stats: 0.

CodeHeap 'non-profiled nmethods': size=120000Kb used=543Kb max_used=543Kb free=119456Kb
 bounds [0x000002404ff20000, 0x0000024050190000, 0x0000024057450000]
CodeHeap 'profiled nmethods': size=120000Kb used=3233Kb max_used=3233Kb free=116766Kb
 bounds [0x00000240489f0000, 0x0000024048d20000, 0x000002404ff20000]
CodeHeap 'non-nmethods': size=5760Kb used=1208Kb max_used=1230Kb free=4552Kb
 bounds [0x0000024048450000, 0x00000240486c0000, 0x00000240489f0000]
 total_blobs=2204 nmethods=1702 adapters=414
 compilation: enabled
              stopped_count=0, restarted_count=0
 full_count=0

Compilation events (20 events):
Event: 0.693 Thread 0x0000024064c0d0e0 1694       3       org.jetbrains.kotlin.com.intellij.util.ReflectionUtil$$Lambda$20/0x0000000800d260b0::test (16 bytes)
Event: 0.693 Thread 0x0000024064daf230 1698       4       jdk.internal.reflect.ReflectionFactory::copyField (11 bytes)
Event: 0.693 Thread 0x0000024064c0d0e0 nmethod 1694 0x0000024048d13290 code [0x0000024048d13460, 0x0000024048d13878]
Event: 0.693 Thread 0x0000024064c0d0e0 1693       3       java.lang.reflect.Modifier::isFinal (13 bytes)
Event: 0.693 Thread 0x0000024064c0d0e0 nmethod 1693 0x0000024048d13a10 code [0x0000024048d13ba0, 0x0000024048d13cf8]
Event: 0.693 Thread 0x0000024064c0d0e0 1696       3       gnu.trove.TIntObjectHashMap::computeHashCode (5 bytes)
Event: 0.693 Thread 0x0000024064c0d0e0 nmethod 1696 0x0000024048d13d90 code [0x0000024048d13f20, 0x0000024048d14078]
Event: 0.693 Thread 0x0000024064c0d0e0 1697       3       gnu.trove.HashFunctions::hash (2 bytes)
Event: 0.693 Thread 0x0000024064c0d0e0 nmethod 1697 0x0000024048d14110 code [0x0000024048d142a0, 0x0000024048d14398]
Event: 0.693 Thread 0x0000024064c0d0e0 1701       3       gnu.trove.TIntObjectHashMap::insertionIndex (257 bytes)
Event: 0.694 Thread 0x0000024064c0d0e0 nmethod 1701 0x0000024048d14410 code [0x0000024048d146c0, 0x0000024048d15948]
Event: 0.694 Thread 0x0000024064c0d0e0 1702       3       java.lang.Class::copyFields (36 bytes)
Event: 0.694 Thread 0x0000024064daf230 nmethod 1698 0x000002404ffa6f10 code [0x000002404ffa70a0, 0x000002404ffa7278]
Event: 0.694 Thread 0x0000024064daf230 1699       4       java.lang.reflect.Field::<init> (50 bytes)
Event: 0.694 Thread 0x0000024064c0d0e0 nmethod 1702 0x0000024048d15e10 code [0x0000024048d16060, 0x0000024048d16b28]
Event: 0.694 Thread 0x0000024064c0d0e0 1703       3       org.jetbrains.kotlin.com.intellij.util.ReflectionUtil::findFieldInHierarchy (99 bytes)
Event: 0.695 Thread 0x0000024064c0d0e0 nmethod 1703 0x0000024048d16f90 code [0x0000024048d17260, 0x0000024048d17f08]
Event: 0.697 Thread 0x0000024064daf230 nmethod 1699 0x000002404ffa7410 code [0x000002404ffa7580, 0x000002404ffa7b18]
Event: 0.697 Thread 0x0000024064daf230 1700       4       java.lang.reflect.Field::copy (80 bytes)
Event: 0.697 Thread 0x0000024064daf230 nmethod 1700 0x000002404ffa7b90 code [0x000002404ffa7d20, 0x000002404ffa7e98]

GC Heap History (4 events):
Event: 0.306 GC heap before
{Heap before GC invocations=0 (full 0):
 garbage-first heap   total 256000K, used 24576K [0x0000000706200000, 0x0000000800000000)
  region size 2048K, 11 young (22528K), 0 survivors (0K)
 Metaspace       used 5689K, committed 5824K, reserved 1064960K
  class space    used 529K, committed 576K, reserved 1048576K
}
Event: 0.308 GC heap after
{Heap after GC invocations=1 (full 0):
 garbage-first heap   total 256000K, used 7485K [0x0000000706200000, 0x0000000800000000)
  region size 2048K, 2 young (4096K), 2 survivors (4096K)
 Metaspace       used 5689K, committed 5824K, reserved 1064960K
  class space    used 529K, committed 576K, reserved 1048576K
}
Event: 0.634 GC heap before
{Heap before GC invocations=1 (full 0):
 garbage-first heap   total 256000K, used 38205K [0x0000000706200000, 0x0000000800000000)
  region size 2048K, 17 young (34816K), 2 survivors (4096K)
 Metaspace       used 12403K, committed 12672K, reserved 1064960K
  class space    used 1417K, committed 1536K, reserved 1048576K
}
Event: 0.638 GC heap after
{Heap after GC invocations=2 (full 0):
 garbage-first heap   total 256000K, used 10731K [0x0000000706200000, 0x0000000800000000)
  region size 2048K, 2 young (4096K), 2 survivors (4096K)
 Metaspace       used 12403K, committed 12672K, reserved 1064960K
  class space    used 1417K, committed 1536K, reserved 1048576K
}

Deoptimization events (20 events):
Event: 0.551 Thread 0x000002403f3e32a0 Uncommon trap: trap_request=0xffffff45 fr.pc=0x000002404ff443d8 relative=0x00000000000000b8
Event: 0.551 Thread 0x000002403f3e32a0 Uncommon trap: reason=unstable_if action=reinterpret pc=0x000002404ff443d8 method=java.lang.Integer.valueOf(I)Ljava/lang/Integer; @ 3 c2
Event: 0.551 Thread 0x000002403f3e32a0 DEOPT PACKING pc=0x000002404ff443d8 sp=0x00000086ca1fc820
Event: 0.551 Thread 0x000002403f3e32a0 DEOPT UNPACKING pc=0x00000240484a23a3 sp=0x00000086ca1fc7b8 mode 2
Event: 0.690 Thread 0x000002403f3e32a0 Uncommon trap: trap_request=0xffffffde fr.pc=0x000002404ffa6cc8 relative=0x0000000000000128
Event: 0.690 Thread 0x000002403f3e32a0 Uncommon trap: reason=class_check action=maybe_recompile pc=0x000002404ffa6cc8 method=jdk.internal.misc.Unsafe.allocateUninitializedArray(Ljava/lang/Class;I)Ljava/lang/Object; @ 51 c2
Event: 0.690 Thread 0x000002403f3e32a0 DEOPT PACKING pc=0x000002404ffa6cc8 sp=0x00000086ca1fd2f0
Event: 0.690 Thread 0x000002403f3e32a0 DEOPT UNPACKING pc=0x00000240484a23a3 sp=0x00000086ca1fd278 mode 2
Event: 0.690 Thread 0x000002403f3e32a0 Uncommon trap: trap_request=0xffffffde fr.pc=0x000002404ffa6cc8 relative=0x0000000000000128
Event: 0.690 Thread 0x000002403f3e32a0 Uncommon trap: reason=class_check action=maybe_recompile pc=0x000002404ffa6cc8 method=jdk.internal.misc.Unsafe.allocateUninitializedArray(Ljava/lang/Class;I)Ljava/lang/Object; @ 51 c2
Event: 0.690 Thread 0x000002403f3e32a0 DEOPT PACKING pc=0x000002404ffa6cc8 sp=0x00000086ca1fceb0
Event: 0.690 Thread 0x000002403f3e32a0 DEOPT UNPACKING pc=0x00000240484a23a3 sp=0x00000086ca1fce38 mode 2
Event: 0.690 Thread 0x000002403f3e32a0 Uncommon trap: trap_request=0xffffffde fr.pc=0x000002404ffa6cc8 relative=0x0000000000000128
Event: 0.690 Thread 0x000002403f3e32a0 Uncommon trap: reason=class_check action=maybe_recompile pc=0x000002404ffa6cc8 method=jdk.internal.misc.Unsafe.allocateUninitializedArray(Ljava/lang/Class;I)Ljava/lang/Object; @ 51 c2
Event: 0.690 Thread 0x000002403f3e32a0 DEOPT PACKING pc=0x000002404ffa6cc8 sp=0x00000086ca1fcb50
Event: 0.690 Thread 0x000002403f3e32a0 DEOPT UNPACKING pc=0x00000240484a23a3 sp=0x00000086ca1fcad8 mode 2
Event: 0.690 Thread 0x000002403f3e32a0 Uncommon trap: trap_request=0xffffffde fr.pc=0x000002404ffa6cc8 relative=0x0000000000000128
Event: 0.690 Thread 0x000002403f3e32a0 Uncommon trap: reason=class_check action=maybe_recompile pc=0x000002404ffa6cc8 method=jdk.internal.misc.Unsafe.allocateUninitializedArray(Ljava/lang/Class;I)Ljava/lang/Object; @ 51 c2
Event: 0.690 Thread 0x000002403f3e32a0 DEOPT PACKING pc=0x000002404ffa6cc8 sp=0x00000086ca1fc710
Event: 0.690 Thread 0x000002403f3e32a0 DEOPT UNPACKING pc=0x00000240484a23a3 sp=0x00000086ca1fc698 mode 2

Classes unloaded (0 events):
No events

Classes redefined (0 events):
No events

Internal exceptions (16 events):
Event: 0.490 Thread 0x000002403f3e32a0 Exception <a 'java/lang/NoSuchMethodError'{0x0000000714b54770}: 'java.lang.Object java.lang.invoke.DirectMethodHandle$Holder.newInvokeSpecial(java.lang.Object, java.lang.Object, java.lang.Object, java.lang.Object, java.lang.Object)'> (0x0000000714b54770) 
thrown [t:\workspace\open\src\hotspot\share\interpreter\linkResolver.cpp, line 766]
Event: 0.539 Thread 0x000002403f3e32a0 Exception <a 'java/lang/NoSuchMethodError'{0x00000007147cae40}: 'int java.lang.invoke.DelegatingMethodHandle$Holder.reinvoke_L(java.lang.Object, java.lang.Object, java.lang.Object, long, int, int)'> (0x00000007147cae40) 
thrown [t:\workspace\open\src\hotspot\share\interpreter\linkResolver.cpp, line 766]
Event: 0.540 Thread 0x000002403f3e32a0 Exception <a 'java/lang/NoSuchMethodError'{0x00000007147da248}: 'int java.lang.invoke.DelegatingMethodHandle$Holder.reinvoke_L(java.lang.Object, java.lang.Object, java.lang.Object, long, long, long)'> (0x00000007147da248) 
thrown [t:\workspace\open\src\hotspot\share\interpreter\linkResolver.cpp, line 766]
Event: 0.541 Thread 0x000002403f3e32a0 Exception <a 'java/lang/NoSuchMethodError'{0x00000007147e9390}: 'int java.lang.invoke.DelegatingMethodHandle$Holder.reinvoke_L(java.lang.Object, java.lang.Object, java.lang.Object, long, java.lang.Object, java.lang.Object)'> (0x00000007147e9390) 
thrown [t:\workspace\open\src\hotspot\share\interpreter\linkResolver.cpp, line 766]
Event: 0.542 Thread 0x000002403f3e32a0 Exception <a 'java/lang/NoSuchMethodError'{0x00000007147f7f10}: 'void java.lang.invoke.DelegatingMethodHandle$Holder.reinvoke_L(java.lang.Object, java.lang.Object, java.lang.Object, long, java.lang.Object)'> (0x00000007147f7f10) 
thrown [t:\workspace\open\src\hotspot\share\interpreter\linkResolver.cpp, line 766]
Event: 0.543 Thread 0x000002403f3e32a0 Exception <a 'java/lang/NoSuchMethodError'{0x00000007147ffb48}: 'java.lang.Object java.lang.invoke.DirectMethodHandle$Holder.invokeSpecial(java.lang.Object, java.lang.Object, java.lang.Object, java.lang.Object, long)'> (0x00000007147ffb48) 
thrown [t:\workspace\open\src\hotspot\share\interpreter\linkResolver.cpp, line 766]
Event: 0.544 Thread 0x000002403f3e32a0 Exception <a 'java/lang/NoSuchMethodError'{0x00000007140188f0}: 'long java.lang.invoke.Invokers$Holder.invoke_MT(java.lang.Object, java.lang.Object, java.lang.Object, java.lang.Object)'> (0x00000007140188f0) 
thrown [t:\workspace\open\src\hotspot\share\interpreter\linkResolver.cpp, line 766]
Event: 0.545 Thread 0x000002403f3e32a0 Exception <a 'java/lang/NoSuchMethodError'{0x0000000714024110}: 'int java.lang.invoke.DirectMethodHandle$Holder.invokeSpecial(java.lang.Object, java.lang.Object, java.lang.Object)'> (0x0000000714024110) 
thrown [t:\workspace\open\src\hotspot\share\interpreter\linkResolver.cpp, line 766]
Event: 0.545 Thread 0x000002403f3e32a0 Exception <a 'java/lang/NoSuchMethodError'{0x0000000714028140}: 'int java.lang.invoke.DirectMethodHandle$Holder.invokeSpecial(java.lang.Object, java.lang.Object, java.lang.Object, java.lang.Object)'> (0x0000000714028140) 
thrown [t:\workspace\open\src\hotspot\share\interpreter\linkResolver.cpp, line 766]
Event: 0.545 Thread 0x000002403f3e32a0 Exception <a 'java/lang/NoSuchMethodError'{0x000000071402b7a8}: 'int java.lang.invoke.Invokers$Holder.invoke_MT(java.lang.Object, java.lang.Object, java.lang.Object, java.lang.Object)'> (0x000000071402b7a8) 
thrown [t:\workspace\open\src\hotspot\share\interpreter\linkResolver.cpp, line 766]
Event: 0.546 Thread 0x000002403f3e32a0 Exception <a 'java/lang/NoSuchMethodError'{0x000000071403b3c8}: 'int java.lang.invoke.DelegatingMethodHandle$Holder.reinvoke_L(java.lang.Object, java.lang.Object, java.lang.Object, long, int)'> (0x000000071403b3c8) 
thrown [t:\workspace\open\src\hotspot\share\interpreter\linkResolver.cpp, line 766]
Event: 0.591 Thread 0x000002403f3e32a0 Exception <a 'java/lang/NoSuchMethodError'{0x0000000713f9ce28}: 'java.lang.Object java.lang.invoke.DirectMethodHandle$Holder.invokeStaticInit(java.lang.Object)'> (0x0000000713f9ce28) 
thrown [t:\workspace\open\src\hotspot\share\interpreter\linkResolver.cpp, line 766]
Event: 0.663 Thread 0x000002403f3e32a0 Exception <a 'java/lang/NoSuchMethodError'{0x00000007158bc718}: 'java.lang.Object java.lang.invoke.DirectMethodHandle$Holder.invokeStaticInit(java.lang.Object, int)'> (0x00000007158bc718) 
thrown [t:\workspace\open\src\hotspot\share\interpreter\linkResolver.cpp, line 766]
Event: 0.668 Thread 0x000002403f3e32a0 Exception <a 'java/lang/NoSuchMethodError'{0x000000071563c9d0}: 'void java.lang.invoke.DirectMethodHandle$Holder.invokeStatic(java.lang.Object, java.lang.Object)'> (0x000000071563c9d0) 
thrown [t:\workspace\open\src\hotspot\share\interpreter\linkResolver.cpp, line 766]
Event: 0.680 Thread 0x000002403f3e32a0 Exception <a 'java/lang/NoSuchMethodError'{0x0000000715772be0}: 'long java.lang.invoke.DirectMethodHandle$Holder.invokeStatic(java.lang.Object)'> (0x0000000715772be0) 
thrown [t:\workspace\open\src\hotspot\share\interpreter\linkResolver.cpp, line 766]
Event: 0.680 Thread 0x000002403f3e32a0 Exception <a 'java/lang/NoSuchMethodError'{0x0000000715776338}: 'long java.lang.invoke.DirectMethodHandle$Holder.invokeStaticInit(java.lang.Object)'> (0x0000000715776338) 
thrown [t:\workspace\open\src\hotspot\share\interpreter\linkResolver.cpp, line 766]

VM Operations (20 events):
Event: 0.136 Executing VM operation: HandshakeAllThreads
Event: 0.136 Executing VM operation: HandshakeAllThreads done
Event: 0.221 Executing VM operation: HandshakeAllThreads
Event: 0.221 Executing VM operation: HandshakeAllThreads done
Event: 0.293 Executing VM operation: HandshakeAllThreads
Event: 0.293 Executing VM operation: HandshakeAllThreads done
Event: 0.306 Executing VM operation: G1CollectForAllocation
Event: 0.308 Executing VM operation: G1CollectForAllocation done
Event: 0.463 Executing VM operation: ICBufferFull
Event: 0.463 Executing VM operation: ICBufferFull done
Event: 0.514 Executing VM operation: HandshakeAllThreads
Event: 0.514 Executing VM operation: HandshakeAllThreads done
Event: 0.563 Executing VM operation: HandshakeAllThreads
Event: 0.563 Executing VM operation: HandshakeAllThreads done
Event: 0.591 Executing VM operation: HandshakeAllThreads
Event: 0.591 Executing VM operation: HandshakeAllThreads done
Event: 0.634 Executing VM operation: G1CollectForAllocation
Event: 0.638 Executing VM operation: G1CollectForAllocation done
Event: 0.661 Executing VM operation: HandshakeAllThreads
Event: 0.661 Executing VM operation: HandshakeAllThreads done

Events (20 events):
Event: 0.662 loading class java/util/AbstractQueue done
Event: 0.663 loading class java/util/concurrent/ConcurrentLinkedQueue done
Event: 0.663 loading class java/util/concurrent/ConcurrentLinkedQueue$Node
Event: 0.663 loading class java/util/concurrent/ConcurrentLinkedQueue$Node done
Event: 0.668 loading class java/lang/invoke/DirectMethodHandle$Special
Event: 0.668 loading class java/lang/invoke/DirectMethodHandle$Special done
Event: 0.669 loading class java/util/EventListener
Event: 0.669 loading class java/util/EventListener done
Event: 0.675 loading class java/util/EventObject
Event: 0.675 loading class java/util/EventObject done
Event: 0.680 loading class java/util/concurrent/atomic/AtomicLongFieldUpdater
Event: 0.681 loading class java/util/concurrent/atomic/AtomicLongFieldUpdater done
Event: 0.681 loading class java/util/concurrent/atomic/AtomicLongFieldUpdater$CASUpdater
Event: 0.681 loading class java/util/concurrent/atomic/AtomicLongFieldUpdater$CASUpdater done
Event: 0.681 loading class java/util/concurrent/atomic/AtomicLongFieldUpdater$CASUpdater$1
Event: 0.681 loading class java/util/concurrent/atomic/AtomicLongFieldUpdater$CASUpdater$1 done
Event: 0.681 loading class java/util/concurrent/atomic/AtomicBoolean
Event: 0.681 loading class java/util/concurrent/atomic/AtomicBoolean done
Event: 0.696 loading class java/util/function/DoubleFunction
Event: 0.696 loading class java/util/function/DoubleFunction done


Dynamic libraries:
0x00007ff6b7ad0000 - 0x00007ff6b7ae0000 	C:\Program Files\jdk-17.0.2\bin\java.exe
0x00007ffbcb290000 - 0x00007ffbcb488000 	C:\Windows\SYSTEM32\ntdll.dll
0x00007ffbcab90000 - 0x00007ffbcac4f000 	C:\Windows\System32\KERNEL32.DLL
0x00007ffbc8b90000 - 0x00007ffbc8e62000 	C:\Windows\System32\KERNELBASE.dll
0x00007ffbc8ef0000 - 0x00007ffbc8ff0000 	C:\Windows\System32\ucrtbase.dll
0x00007ffbc12d0000 - 0x00007ffbc12ea000 	C:\Program Files\jdk-17.0.2\bin\VCRUNTIME140.dll
0x00007ffbbeac0000 - 0x00007ffbbead8000 	C:\Program Files\jdk-17.0.2\bin\jli.dll
0x00007ffbc9a20000 - 0x00007ffbc9ace000 	C:\Windows\System32\ADVAPI32.dll
0x00007ffbc9f70000 - 0x00007ffbca00e000 	C:\Windows\System32\msvcrt.dll
0x00007ffbc9ad0000 - 0x00007ffbc9b6c000 	C:\Windows\System32\sechost.dll
0x00007ffbca4c0000 - 0x00007ffbca5e5000 	C:\Windows\System32\RPCRT4.dll
0x00007ffbca010000 - 0x00007ffbca1b1000 	C:\Windows\System32\USER32.dll
0x00007ffbc8e70000 - 0x00007ffbc8e92000 	C:\Windows\System32\win32u.dll
0x00007ffbc9e50000 - 0x00007ffbc9e7b000 	C:\Windows\System32\GDI32.dll
0x00007ffbc91c0000 - 0x00007ffbc92cf000 	C:\Windows\System32\gdi32full.dll
0x00007ffbc9120000 - 0x00007ffbc91bd000 	C:\Windows\System32\msvcp_win.dll
0x00007ffbb60d0000 - 0x00007ffbb636a000 	C:\Windows\WinSxS\amd64_microsoft.windows.common-controls_6595b64144ccf1df_6.0.19041.1110_none_60b5254171f9507e\COMCTL32.dll
0x00007ffbc3990000 - 0x00007ffbc399a000 	C:\Windows\SYSTEM32\VERSION.dll
0x00007ffbc9d20000 - 0x00007ffbc9d52000 	C:\Windows\System32\IMM32.DLL
0x00007ffbc17a0000 - 0x00007ffbc17ac000 	C:\Program Files\jdk-17.0.2\bin\vcruntime140_1.dll
0x00007ffbba880000 - 0x00007ffbba90d000 	C:\Program Files\jdk-17.0.2\bin\msvcp140.dll
0x00007ffb87f50000 - 0x00007ffb88b11000 	C:\Program Files\jdk-17.0.2\bin\server\jvm.dll
0x00007ffbc9cb0000 - 0x00007ffbc9cb8000 	C:\Windows\System32\PSAPI.DLL
0x00007ffbb6a10000 - 0x00007ffbb6a19000 	C:\Windows\SYSTEM32\WSOCK32.dll
0x00007ffbb5530000 - 0x00007ffbb5557000 	C:\Windows\SYSTEM32\WINMM.dll
0x00007ffbc9dc0000 - 0x00007ffbc9e2b000 	C:\Windows\System32\WS2_32.dll
0x00007ffbc6780000 - 0x00007ffbc6792000 	C:\Windows\SYSTEM32\kernel.appcore.dll
0x00007ffbc1520000 - 0x00007ffbc152a000 	C:\Program Files\jdk-17.0.2\bin\jimage.dll
0x00007ffbb6ba0000 - 0x00007ffbb6d84000 	C:\Windows\SYSTEM32\DBGHELP.DLL
0x00007ffbb4fb0000 - 0x00007ffbb4fe5000 	C:\Windows\SYSTEM32\dbgcore.DLL
0x00007ffbc9020000 - 0x00007ffbc90a2000 	C:\Windows\System32\bcryptPrimitives.dll
0x00007ffbbd100000 - 0x00007ffbbd125000 	C:\Program Files\jdk-17.0.2\bin\java.dll
0x00007ffb93370000 - 0x00007ffb93446000 	C:\Program Files\jdk-17.0.2\bin\jsvml.dll
0x00007ffbc92d0000 - 0x00007ffbc9a14000 	C:\Windows\System32\SHELL32.dll
0x00007ffbc6a60000 - 0x00007ffbc71f2000 	C:\Windows\SYSTEM32\windows.storage.dll
0x00007ffbca820000 - 0x00007ffbcab75000 	C:\Windows\System32\combase.dll
0x00007ffbc8300000 - 0x00007ffbc8330000 	C:\Windows\SYSTEM32\Wldp.dll
0x00007ffbca650000 - 0x00007ffbca6fd000 	C:\Windows\System32\SHCORE.dll
0x00007ffbc9d60000 - 0x00007ffbc9db5000 	C:\Windows\System32\shlwapi.dll
0x00007ffbc88c0000 - 0x00007ffbc88df000 	C:\Windows\SYSTEM32\profapi.dll
0x00007ffbbcd40000 - 0x00007ffbbcd59000 	C:\Program Files\jdk-17.0.2\bin\net.dll
0x00007ffbc20a0000 - 0x00007ffbc21ac000 	C:\Windows\SYSTEM32\WINHTTP.dll
0x00007ffbc8060000 - 0x00007ffbc80ca000 	C:\Windows\system32\mswsock.dll
0x00007ffbbcd20000 - 0x00007ffbbcd36000 	C:\Program Files\jdk-17.0.2\bin\nio.dll
0x00007ffbbcc50000 - 0x00007ffbbcc68000 	C:\Program Files\jdk-17.0.2\bin\zip.dll
0x00007ffbbf070000 - 0x00007ffbbf080000 	C:\Program Files\jdk-17.0.2\bin\verify.dll

dbghelp: loaded successfully - version: 4.0.5 - missing functions: none
symbol engine: initialized successfully - sym options: 0x614 - pdb path: .;C:\Program Files\jdk-17.0.2\bin;C:\Windows\SYSTEM32;C:\Windows\WinSxS\amd64_microsoft.windows.common-controls_6595b64144ccf1df_6.0.19041.1110_none_60b5254171f9507e;C:\Program Files\jdk-17.0.2\bin\server

VM Arguments:
java_command: org.jetbrains.kotlin.cli.jvm.K2JVMCompiler @D:\0.React-native\SafetyCulture_git\node_modules\react-native-screens\android\build\20230111_15797869125663815416.compiler.options
java_class_path (initial): C:\Users\Valiantdata_hs\.gradle\caches\modules-2\files-2.1\org.jetbrains.kotlin\kotlin-compiler-embeddable\1.7.10\909803167c98606fcf22b4c848647c68e351d48d\kotlin-compiler-embeddable-1.7.10.jar;C:\Users\Valiantdata_hs\.gradle\caches\modules-2\files-2.1\org.jetbrains.kotlin\kotlin-reflect\1.7.10\165e600dfea6185cf5efa700756294cc4904dbeb\kotlin-reflect-1.7.10.jar;C:\Users\Valiantdata_hs\.gradle\caches\modules-2\files-2.1\org.jetbrains.kotlin\kotlin-stdlib\1.7.10\d2abf9e77736acc4450dc4a3f707fa2c10f5099d\kotlin-stdlib-1.7.10.jar;C:\Users\Valiantdata_hs\.gradle\caches\modules-2\files-2.1\org.jetbrains.kotlin\kotlin-script-runtime\1.7.10\c99c87a6988d8fd8d5142e9ed5c9f34a7cf561ee\kotlin-script-runtime-1.7.10.jar;C:\Users\Valiantdata_hs\.gradle\caches\modules-2\files-2.1\org.jetbrains.kotlin\kotlin-daemon-embeddable\1.7.10\3a9f7aef7080d3ae63126cbba4f827ed664f32fa\kotlin-daemon-embeddable-1.7.10.jar;C:\Users\Valiantdata_hs\.gradle\caches\modules-2\files-2.1\org.jetbrains.intellij.deps\trove4j\1.0.20200330\3afb14d5f9ceb459d724e907a21145e8ff394f02\trove4j-1.0.20200330.jar;C:\Users\Valiantdata_hs\.gradle\caches\modules-2\files-2.1\net.java.dev.jna\jna\5.6.0\330f2244e9030119ab3030fc3fededc86713d9cc\jna-5.6.0.jar;C:\Users\Valiantdata_hs\.gradle\caches\modules-2\files-2.1\org.jetbrains.kotlin\kotlin-stdlib-common\1.7.10\bac80c520d0a9e3f3673bc2658c6ed02ef45a76a\kotlin-stdlib-common-1.7.10.jar;C:\Users\Valiantdata_hs\.gradle\caches\modules-2\files-2.1\org.jetbrains\annotations\13.0\919f0dfe192fb4e063e7dacadee7f8bb9a2672a9\annotations-13.0.jar
Launcher Type: SUN_STANDARD

[Global flags]
     intx CICompilerCount                          = 4                                         {product} {ergonomic}
     uint ConcGCThreads                            = 3                                         {product} {ergonomic}
     uint G1ConcRefinementThreads                  = 10                                        {product} {ergonomic}
   size_t G1HeapRegionSize                         = 2097152                                   {product} {ergonomic}
    uintx GCDrainStackTargetSize                   = 64                                        {product} {ergonomic}
   size_t InitialHeapSize                          = 262144000                                 {product} {ergonomic}
   size_t MarkStackSize                            = 4194304                                   {product} {ergonomic}
   size_t MaxHeapSize                              = 4192206848                                {product} {ergonomic}
   size_t MaxNewSize                               = 2514485248                                {product} {ergonomic}
   size_t MinHeapDeltaBytes                        = 2097152                                   {product} {ergonomic}
   size_t MinHeapSize                              = 8388608                                   {product} {ergonomic}
    uintx NonNMethodCodeHeapSize                   = 5839372                                {pd product} {ergonomic}
    uintx NonProfiledCodeHeapSize                  = 122909434                              {pd product} {ergonomic}
    uintx ProfiledCodeHeapSize                     = 122909434                              {pd product} {ergonomic}
    uintx ReservedCodeCacheSize                    = 251658240                              {pd product} {ergonomic}
     bool SegmentedCodeCache                       = true                                      {product} {ergonomic}
   size_t SoftMaxHeapSize                          = 4192206848                             {manageable} {ergonomic}
     bool UseCompressedClassPointers               = true                           {product lp64_product} {ergonomic}
     bool UseCompressedOops                        = true                           {product lp64_product} {ergonomic}
     bool UseG1GC                                  = true                                      {product} {ergonomic}
     bool UseLargePagesIndividualAllocation        = false                                  {pd product} {ergonomic}

Logging:
Log output configuration:
 #0: stdout all=warning uptime,level,tags
 #1: stderr all=off uptime,level,tags

Environment Variables:
JAVA_HOME=C:\Program Files\jdk-17.0.2
CLASSPATH=D:\0.React-native\SafetyCulture_git\android\\gradle\wrapper\gradle-wrapper.jar
PATH=C:\Program Files\Common Files\Oracle\Java\javapath;C:\Python\Scripts\;C:\Python\;C:\Windows\system32;C:\Windows;C:\Windows\System32\Wbem;C:\Windows\System32\WindowsPowerShell\v1.0\;C:\Windows\System32\OpenSSH\;C:\Program Files\jdk-17.0.2\bin;C:\Program Files\nodejs\;C:\Program Files\Git\cmd;C:\Program Files\PuTTY\;c:\python\lib\site-packages;C:\ProgramData\Anaconda3\Library;C:\Program Files\openssl-0.9.8k_X64\bin;C:\Users\Valiantdata_hs\AppData\Local\Android\Sdk\platform-tools;D:\flutter\bin;C:\Users\Valiantdata_hs\.gradle;C:\Program Files\MariaDB 10.6\bin;C:\Program Files\MySQL\MySQL Shell 8.0\bin\;C:\Users\Valiantdata_hs\AppData\Local\Microsoft\WindowsApps;C:\Users\Valiantdata_hs\AppData\Local\Programs\Microsoft VS Code\bin;C:\Users\Valiantdata_hs\AppData\Roaming\npm;C:\Users\Valiantdata_hs\AppData\Local\GitHubDesktop\bin;C:\Program Files\JetBrains\IntelliJ IDEA 2022.1.1\bin;;C:\Program Files\openssl-0.9.8k_X64\bin;C:\Users\Valiantdata_hs\AppData\Local\Android\Sdk\platform-tools;D:\flutter\bin;C:\Users\Valiantdata_hs\.gradle;C:\Program Files\MariaDB 10.6\bin;
USERNAME=Valiantdata_hs
LANG=ko_KR.UTF-8
OS=Windows_NT
PROCESSOR_IDENTIFIER=Intel64 Family 6 Model 165 Stepping 3, GenuineIntel



---------------  S Y S T E M  ---------------

OS:
 Windows 10 , 64 bit Build 19041 (10.0.19041.2364)
OS uptime: 21 days 22:51 hours

CPU: total 12 (initial active 12) (6 cores per cpu, 2 threads per core) family 6 model 165 stepping 3 microcode 0xe0, cx8, cmov, fxsr, ht, mmx, 3dnowpref, sse, sse2, sse3, ssse3, sse4.1, sse4.2, popcnt, lzcnt, tsc, tscinvbit, avx, avx2, aes, erms, clmul, bmi1, bmi2, adx, fma, vzeroupper, clflush, clflushopt

Memory: 4k page, system-wide physical 15990M (811M free)
TotalPageFile size 30834M (AvailPageFile size 5M)
current process WorkingSet (physical memory assigned to process): 107M, peak: 107M
current process commit charge ("private bytes"): 370M, peak: 370M

vm_info: Java HotSpot(TM) 64-Bit Server VM (17.0.2+8-LTS-86) for windows-amd64 JRE (17.0.2+8-LTS-86), built on Dec  7 2021 21:51:03 by "mach5one" with MS VC++ 16.8 / 16.9 (VS2019)

END.
