#
# There is insufficient memory for the Java Runtime Environment to continue.
# Native memory allocation (malloc) failed to allocate 376656 bytes for Chunk::new
# Possible reasons:
#   The system is out of physical RAM or swap space
#   The process is running with CompressedOops enabled, and the Java Heap may be blocking the growth of the native heap
# Possible solutions:
#   Reduce memory load on the system
#   Increase physical memory or swap space
#   Check if swap backing store is full
#   Decrease Java heap size (-Xmx/-Xms)
#   Decrease number of Java threads
#   Decrease Java thread stack sizes (-Xss)
#   Set larger code cache with -XX:ReservedCodeCacheSize=
#   JVM is running with Unscaled Compressed Oops mode in which the Java heap is
#     placed in the first 4GB address space. The Java Heap base address is the
#     maximum limit for the native heap growth. Please use -XX:HeapBaseMinAddress
#     to set the Java Heap base and to place the Java Heap above 4GB virtual address.
# This output file may be truncated or incomplete.
#
#  Out of Memory Error (arena.cpp:189), pid=11396, tid=13672
#
# JRE version: Java(TM) SE Runtime Environment (17.0.2+8) (build 17.0.2+8-LTS-86)
# Java VM: Java HotSpot(TM) 64-Bit Server VM (17.0.2+8-LTS-86, mixed mode, sharing, tiered, compressed oops, compressed class ptrs, g1 gc, windows-amd64)
# No core dump will be written. Minidumps are not enabled by default on client versions of Windows
#

---------------  S U M M A R Y ------------

Command Line: -Xmx64m -Xms64m -Dorg.gradle.appname=gradlew org.gradle.wrapper.GradleWrapperMain app:installDebug -PreactNativeDevServerPort=8081

Host: Intel(R) Core(TM) i5-10400 CPU @ 2.90GHz, 12 cores, 15G,  Windows 10 , 64 bit Build 19041 (10.0.19041.2364)
Time: Tue Dec 20 13:47:46 2022  Windows 10 , 64 bit Build 19041 (10.0.19041.2364) elapsed time: 0.379504 seconds (0d 0h 0m 0s)

---------------  T H R E A D  ---------------

Current thread (0x000002b178e17cc0):  JavaThread "C2 CompilerThread1" daemon [_thread_in_native, id=13672, stack(0x000000d608f00000,0x000000d609000000)]


Current CompileTask:
C2:    379  643       4       java.io.WinNTFileSystem::normalize (143 bytes)

Stack: [0x000000d608f00000,0x000000d609000000]
Native frames: (J=compiled Java code, j=interpreted, Vv=VM code, C=native code)
V  [jvm.dll+0x670baa]
V  [jvm.dll+0x7cfcb4]
V  [jvm.dll+0x7d145e]
V  [jvm.dll+0x7d1ac3]
V  [jvm.dll+0x242bc5]
V  [jvm.dll+0xaa57b]
V  [jvm.dll+0xaab0c]
V  [jvm.dll+0x35fcb2]
V  [jvm.dll+0x32a331]
V  [jvm.dll+0x3297da]
V  [jvm.dll+0x215c91]
V  [jvm.dll+0x2150b1]
V  [jvm.dll+0x1a1bbd]
V  [jvm.dll+0x224908]
V  [jvm.dll+0x222a6c]
V  [jvm.dll+0x7859bb]
V  [jvm.dll+0x77ff7a]
V  [jvm.dll+0x66fa35]
C  [ucrtbase.dll+0x21bb2]
C  [KERNEL32.DLL+0x17614]
C  [ntdll.dll+0x526a1]


---------------  P R O C E S S  ---------------

Threads class SMR info:
_java_thread_list=0x000002b178e183a0, length=13, elements={
0x000002b16b6328f0, 0x000002b16b6e34b0, 0x000002b16b6e4320, 0x000002b16b6fc620,
0x000002b16b6fcee0, 0x000002b16b7018a0, 0x000002b16b702250, 0x000002b16b706410,
0x000002b16b70dde0, 0x000002b17813ffc0, 0x000002b178c56e80, 0x000002b178c60740,
0x000002b178e17cc0
}

Java Threads: ( => current thread )
  0x000002b16b6328f0 JavaThread "main" [_thread_in_vm, id=15500, stack(0x000000d607c00000,0x000000d607d00000)]
  0x000002b16b6e34b0 JavaThread "Reference Handler" daemon [_thread_blocked, id=14804, stack(0x000000d608300000,0x000000d608400000)]
  0x000002b16b6e4320 JavaThread "Finalizer" daemon [_thread_blocked, id=8800, stack(0x000000d608400000,0x000000d608500000)]
  0x000002b16b6fc620 JavaThread "Signal Dispatcher" daemon [_thread_blocked, id=3816, stack(0x000000d608500000,0x000000d608600000)]
  0x000002b16b6fcee0 JavaThread "Attach Listener" daemon [_thread_blocked, id=1360, stack(0x000000d608600000,0x000000d608700000)]
  0x000002b16b7018a0 JavaThread "Service Thread" daemon [_thread_blocked, id=14636, stack(0x000000d608700000,0x000000d608800000)]
  0x000002b16b702250 JavaThread "Monitor Deflation Thread" daemon [_thread_blocked, id=8648, stack(0x000000d608800000,0x000000d608900000)]
  0x000002b16b706410 JavaThread "C2 CompilerThread0" daemon [_thread_blocked, id=14060, stack(0x000000d608900000,0x000000d608a00000)]
  0x000002b16b70dde0 JavaThread "C1 CompilerThread0" daemon [_thread_blocked, id=4020, stack(0x000000d608a00000,0x000000d608b00000)]
  0x000002b17813ffc0 JavaThread "Sweeper thread" daemon [_thread_blocked, id=11188, stack(0x000000d608b00000,0x000000d608c00000)]
  0x000002b178c56e80 JavaThread "Notification Thread" daemon [_thread_blocked, id=2044, stack(0x000000d608c00000,0x000000d608d00000)]
  0x000002b178c60740 JavaThread "Common-Cleaner" daemon [_thread_blocked, id=2372, stack(0x000000d608e00000,0x000000d608f00000)]
=>0x000002b178e17cc0 JavaThread "C2 CompilerThread1" daemon [_thread_in_native, id=13672, stack(0x000000d608f00000,0x000000d609000000)]

Other Threads:
  0x000002b16b6dd8b0 VMThread "VM Thread" [stack: 0x000000d608200000,0x000000d608300000] [id=2548]
  0x000002b16b65c7d0 WatcherThread [stack: 0x000000d608d00000,0x000000d608e00000] [id=16352]
  0x000002b16b653970 GCTaskThread "GC Thread#0" [stack: 0x000000d607d00000,0x000000d607e00000] [id=15416]
  0x000002b16b6550b0 ConcurrentGCThread "G1 Main Marker" [stack: 0x000000d607e00000,0x000000d607f00000] [id=14220]
  0x000002b16b656260 ConcurrentGCThread "G1 Conc#0" [stack: 0x000000d607f00000,0x000000d608000000] [id=8248]
  0x000002b16b6bd030 ConcurrentGCThread "G1 Refine#0" [stack: 0x000000d608000000,0x000000d608100000] [id=14076]
  0x000002b16b6bda50 ConcurrentGCThread "G1 Service" [stack: 0x000000d608100000,0x000000d608200000] [id=11516]

Threads with active compile tasks:
C2 CompilerThread1      399  643       4       java.io.WinNTFileSystem::normalize (143 bytes)

VM state: not at safepoint (normal execution)

VM Mutex/Monitor currently owned by a thread:  ([mutex/lock_event])
[0x000002b16b62d630] Metaspace_lock - owner thread: 0x000002b16b6328f0

Heap address: 0x00000000fc000000, size: 64 MB, Compressed Oops mode: 32-bit

CDS archive(s) mapped at: [0x0000000800000000-0x0000000800bc0000-0x0000000800bc0000), size 12320768, SharedBaseAddress: 0x0000000800000000, ArchiveRelocationMode: 0.
Compressed class space mapped at: 0x0000000800c00000-0x0000000840c00000, reserved size: 1073741824
Narrow klass base: 0x0000000800000000, Narrow klass shift: 0, Narrow klass range: 0x100000000

GC Precious Log:
 CPUs: 12 total, 12 available
 Memory: 15990M
 Large Page Support: Disabled
 NUMA Support: Disabled
 Compressed Oops: Enabled (32-bit)
 Heap Region Size: 1M
 Heap Min Capacity: 64M
 Heap Initial Capacity: 64M
 Heap Max Capacity: 64M
 Pre-touch: Disabled
 Parallel Workers: 10
 Concurrent Workers: 3
 Concurrent Refinement Workers: 10
 Periodic GC: Disabled

Heap:
 garbage-first heap   total 65536K, used 24576K [0x00000000fc000000, 0x0000000100000000)
  region size 1024K, 20 young (20480K), 0 survivors (0K)
 Metaspace       used 2496K, committed 2688K, reserved 1056768K
  class space    used 257K, committed 384K, reserved 1048576K

Heap Regions: E=young(eden), S=young(survivor), O=old, HS=humongous(starts), HC=humongous(continues), CS=collection set, F=free, OA=open archive, CA=closed archive, TAMS=top-at-mark-start (previous, next)
|   0|0x00000000fc000000, 0x00000000fc100000, 0x00000000fc100000|100%|HS|  |TAMS 0x00000000fc000000, 0x00000000fc000000| Complete 
|   1|0x00000000fc100000, 0x00000000fc200000, 0x00000000fc200000|100%|HC|  |TAMS 0x00000000fc100000, 0x00000000fc100000| Complete 
|   2|0x00000000fc200000, 0x00000000fc300000, 0x00000000fc300000|100%|HC|  |TAMS 0x00000000fc200000, 0x00000000fc200000| Complete 
|   3|0x00000000fc300000, 0x00000000fc400000, 0x00000000fc400000|100%|HS|  |TAMS 0x00000000fc300000, 0x00000000fc300000| Complete 
|   4|0x00000000fc400000, 0x00000000fc500000, 0x00000000fc500000|100%|HC|  |TAMS 0x00000000fc400000, 0x00000000fc400000| Complete 
|   5|0x00000000fc500000, 0x00000000fc600000, 0x00000000fc600000|100%|HC|  |TAMS 0x00000000fc500000, 0x00000000fc500000| Complete 
|   6|0x00000000fc600000, 0x00000000fc600000, 0x00000000fc700000|  0%| F|  |TAMS 0x00000000fc600000, 0x00000000fc600000| Untracked 
|   7|0x00000000fc700000, 0x00000000fc700000, 0x00000000fc800000|  0%| F|  |TAMS 0x00000000fc700000, 0x00000000fc700000| Untracked 
|   8|0x00000000fc800000, 0x00000000fc800000, 0x00000000fc900000|  0%| F|  |TAMS 0x00000000fc800000, 0x00000000fc800000| Untracked 
|   9|0x00000000fc900000, 0x00000000fc900000, 0x00000000fca00000|  0%| F|  |TAMS 0x00000000fc900000, 0x00000000fc900000| Untracked 
|  10|0x00000000fca00000, 0x00000000fca00000, 0x00000000fcb00000|  0%| F|  |TAMS 0x00000000fca00000, 0x00000000fca00000| Untracked 
|  11|0x00000000fcb00000, 0x00000000fcb00000, 0x00000000fcc00000|  0%| F|  |TAMS 0x00000000fcb00000, 0x00000000fcb00000| Untracked 
|  12|0x00000000fcc00000, 0x00000000fcc00000, 0x00000000fcd00000|  0%| F|  |TAMS 0x00000000fcc00000, 0x00000000fcc00000| Untracked 
|  13|0x00000000fcd00000, 0x00000000fcd00000, 0x00000000fce00000|  0%| F|  |TAMS 0x00000000fcd00000, 0x00000000fcd00000| Untracked 
|  14|0x00000000fce00000, 0x00000000fce00000, 0x00000000fcf00000|  0%| F|  |TAMS 0x00000000fce00000, 0x00000000fce00000| Untracked 
|  15|0x00000000fcf00000, 0x00000000fcf00000, 0x00000000fd000000|  0%| F|  |TAMS 0x00000000fcf00000, 0x00000000fcf00000| Untracked 
|  16|0x00000000fd000000, 0x00000000fd000000, 0x00000000fd100000|  0%| F|  |TAMS 0x00000000fd000000, 0x00000000fd000000| Untracked 
|  17|0x00000000fd100000, 0x00000000fd100000, 0x00000000fd200000|  0%| F|  |TAMS 0x00000000fd100000, 0x00000000fd100000| Untracked 
|  18|0x00000000fd200000, 0x00000000fd200000, 0x00000000fd300000|  0%| F|  |TAMS 0x00000000fd200000, 0x00000000fd200000| Untracked 
|  19|0x00000000fd300000, 0x00000000fd300000, 0x00000000fd400000|  0%| F|  |TAMS 0x00000000fd300000, 0x00000000fd300000| Untracked 
|  20|0x00000000fd400000, 0x00000000fd400000, 0x00000000fd500000|  0%| F|  |TAMS 0x00000000fd400000, 0x00000000fd400000| Untracked 
|  21|0x00000000fd500000, 0x00000000fd500000, 0x00000000fd600000|  0%| F|  |TAMS 0x00000000fd500000, 0x00000000fd500000| Untracked 
|  22|0x00000000fd600000, 0x00000000fd600000, 0x00000000fd700000|  0%| F|  |TAMS 0x00000000fd600000, 0x00000000fd600000| Untracked 
|  23|0x00000000fd700000, 0x00000000fd700000, 0x00000000fd800000|  0%| F|  |TAMS 0x00000000fd700000, 0x00000000fd700000| Untracked 
|  24|0x00000000fd800000, 0x00000000fd800000, 0x00000000fd900000|  0%| F|  |TAMS 0x00000000fd800000, 0x00000000fd800000| Untracked 
|  25|0x00000000fd900000, 0x00000000fd900000, 0x00000000fda00000|  0%| F|  |TAMS 0x00000000fd900000, 0x00000000fd900000| Untracked 
|  26|0x00000000fda00000, 0x00000000fda00000, 0x00000000fdb00000|  0%| F|  |TAMS 0x00000000fda00000, 0x00000000fda00000| Untracked 
|  27|0x00000000fdb00000, 0x00000000fdb00000, 0x00000000fdc00000|  0%| F|  |TAMS 0x00000000fdb00000, 0x00000000fdb00000| Untracked 
|  28|0x00000000fdc00000, 0x00000000fdc00000, 0x00000000fdd00000|  0%| F|  |TAMS 0x00000000fdc00000, 0x00000000fdc00000| Untracked 
|  29|0x00000000fdd00000, 0x00000000fdd00000, 0x00000000fde00000|  0%| F|  |TAMS 0x00000000fdd00000, 0x00000000fdd00000| Untracked 
|  30|0x00000000fde00000, 0x00000000fde00000, 0x00000000fdf00000|  0%| F|  |TAMS 0x00000000fde00000, 0x00000000fde00000| Untracked 
|  31|0x00000000fdf00000, 0x00000000fdf00000, 0x00000000fe000000|  0%| F|  |TAMS 0x00000000fdf00000, 0x00000000fdf00000| Untracked 
|  32|0x00000000fe000000, 0x00000000fe000000, 0x00000000fe100000|  0%| F|  |TAMS 0x00000000fe000000, 0x00000000fe000000| Untracked 
|  33|0x00000000fe100000, 0x00000000fe100000, 0x00000000fe200000|  0%| F|  |TAMS 0x00000000fe100000, 0x00000000fe100000| Untracked 
|  34|0x00000000fe200000, 0x00000000fe200000, 0x00000000fe300000|  0%| F|  |TAMS 0x00000000fe200000, 0x00000000fe200000| Untracked 
|  35|0x00000000fe300000, 0x00000000fe300000, 0x00000000fe400000|  0%| F|  |TAMS 0x00000000fe300000, 0x00000000fe300000| Untracked 
|  36|0x00000000fe400000, 0x00000000fe400000, 0x00000000fe500000|  0%| F|  |TAMS 0x00000000fe400000, 0x00000000fe400000| Untracked 
|  37|0x00000000fe500000, 0x00000000fe500000, 0x00000000fe600000|  0%| F|  |TAMS 0x00000000fe500000, 0x00000000fe500000| Untracked 
|  38|0x00000000fe600000, 0x00000000fe600000, 0x00000000fe700000|  0%| F|  |TAMS 0x00000000fe600000, 0x00000000fe600000| Untracked 
|  39|0x00000000fe700000, 0x00000000fe700000, 0x00000000fe800000|  0%| F|  |TAMS 0x00000000fe700000, 0x00000000fe700000| Untracked 
|  40|0x00000000fe800000, 0x00000000fe800000, 0x00000000fe900000|  0%| F|  |TAMS 0x00000000fe800000, 0x00000000fe800000| Untracked 
|  41|0x00000000fe900000, 0x00000000fe900000, 0x00000000fea00000|  0%| F|  |TAMS 0x00000000fe900000, 0x00000000fe900000| Untracked 
|  42|0x00000000fea00000, 0x00000000fea00000, 0x00000000feb00000|  0%| F|  |TAMS 0x00000000fea00000, 0x00000000fea00000| Untracked 
|  43|0x00000000feb00000, 0x00000000feb00000, 0x00000000fec00000|  0%| F|  |TAMS 0x00000000feb00000, 0x00000000feb00000| Untracked 
|  44|0x00000000fec00000, 0x00000000fec764b8, 0x00000000fed00000| 46%| E|  |TAMS 0x00000000fec00000, 0x00000000fec00000| Complete 
|  45|0x00000000fed00000, 0x00000000fee00000, 0x00000000fee00000|100%| E|CS|TAMS 0x00000000fed00000, 0x00000000fed00000| Complete 
|  46|0x00000000fee00000, 0x00000000fef00000, 0x00000000fef00000|100%| E|  |TAMS 0x00000000fee00000, 0x00000000fee00000| Complete 
|  47|0x00000000fef00000, 0x00000000ff000000, 0x00000000ff000000|100%| E|CS|TAMS 0x00000000fef00000, 0x00000000fef00000| Complete 
|  48|0x00000000ff000000, 0x00000000ff100000, 0x00000000ff100000|100%| E|CS|TAMS 0x00000000ff000000, 0x00000000ff000000| Complete 
|  49|0x00000000ff100000, 0x00000000ff200000, 0x00000000ff200000|100%| E|CS|TAMS 0x00000000ff100000, 0x00000000ff100000| Complete 
|  50|0x00000000ff200000, 0x00000000ff300000, 0x00000000ff300000|100%| E|CS|TAMS 0x00000000ff200000, 0x00000000ff200000| Complete 
|  51|0x00000000ff300000, 0x00000000ff400000, 0x00000000ff400000|100%| E|CS|TAMS 0x00000000ff300000, 0x00000000ff300000| Complete 
|  52|0x00000000ff400000, 0x00000000ff500000, 0x00000000ff500000|100%| E|CS|TAMS 0x00000000ff400000, 0x00000000ff400000| Complete 
|  53|0x00000000ff500000, 0x00000000ff600000, 0x00000000ff600000|100%| E|CS|TAMS 0x00000000ff500000, 0x00000000ff500000| Complete 
|  54|0x00000000ff600000, 0x00000000ff700000, 0x00000000ff700000|100%| E|CS|TAMS 0x00000000ff600000, 0x00000000ff600000| Complete 
|  55|0x00000000ff700000, 0x00000000ff800000, 0x00000000ff800000|100%| E|CS|TAMS 0x00000000ff700000, 0x00000000ff700000| Complete 
|  56|0x00000000ff800000, 0x00000000ff900000, 0x00000000ff900000|100%| E|CS|TAMS 0x00000000ff800000, 0x00000000ff800000| Complete 
|  57|0x00000000ff900000, 0x00000000ffa00000, 0x00000000ffa00000|100%| E|CS|TAMS 0x00000000ff900000, 0x00000000ff900000| Complete 
|  58|0x00000000ffa00000, 0x00000000ffb00000, 0x00000000ffb00000|100%| E|CS|TAMS 0x00000000ffa00000, 0x00000000ffa00000| Complete 
|  59|0x00000000ffb00000, 0x00000000ffc00000, 0x00000000ffc00000|100%| E|CS|TAMS 0x00000000ffb00000, 0x00000000ffb00000| Complete 
|  60|0x00000000ffc00000, 0x00000000ffd00000, 0x00000000ffd00000|100%| E|CS|TAMS 0x00000000ffc00000, 0x00000000ffc00000| Complete 
|  61|0x00000000ffd00000, 0x00000000ffe00000, 0x00000000ffe00000|100%| E|CS|TAMS 0x00000000ffd00000, 0x00000000ffd00000| Complete 
|  62|0x00000000ffe00000, 0x00000000fff00000, 0x00000000fff00000|100%| E|CS|TAMS 0x00000000ffe00000, 0x00000000ffe00000| Complete 
|  63|0x00000000fff00000, 0x0000000100000000, 0x0000000100000000|100%| E|CS|TAMS 0x00000000fff00000, 0x00000000fff00000| Complete 

Card table byte_map: [0x000002b175320000,0x000002b175340000] _byte_map_base: 0x000002b174b40000

Marking Bits (Prev, Next): (CMBitMap*) 0x000002b16b653f80, (CMBitMap*) 0x000002b16b653fc0
 Prev Bits: [0x000002b175360000, 0x000002b175460000)
 Next Bits: [0x000002b175460000, 0x000002b175560000)

Polling page: 0x000002b16b710000

Metaspace:

Usage:
  Non-class:      2.19 MB used.
      Class:    257.96 KB used.
       Both:      2.44 MB used.

Virtual space:
  Non-class space:        8.00 MB reserved,       2.25 MB ( 28%) committed,  1 nodes.
      Class space:        1.00 GB reserved,     384.00 KB ( <1%) committed,  1 nodes.
             Both:        1.01 GB reserved,       2.62 MB ( <1%) committed. 

Chunk freelists:
   Non-Class:  3.36 MB
       Class:  3.61 MB
        Both:  6.97 MB

MaxMetaspaceSize: unlimited
CompressedClassSpaceSize: 1.00 GB
Initial GC threshold: 21.00 MB
Current GC threshold: 21.00 MB
CDS: on
MetaspaceReclaimPolicy: balanced
 - commit_granule_bytes: 65536.
 - commit_granule_words: 8192.
 - virtual_space_node_default_size: 1048576.
 - enlarge_chunks_in_place: 1.
 - new_chunks_are_fully_committed: 0.
 - uncommit_free_chunks: 1.
 - use_allocation_guard: 0.
 - handle_deallocations: 1.


Internal statistics:

num_allocs_failed_limit: 0.
num_arena_births: 14.
num_arena_deaths: 0.
num_vsnodes_births: 2.
num_vsnodes_deaths: 0.
num_space_committed: 42.
num_space_uncommitted: 0.
num_chunks_returned_to_freelist: 0.
num_chunks_taken_from_freelist: 60.
num_chunk_merges: 0.
num_chunk_splits: 38.
num_chunks_enlarged: 34.
num_purges: 0.
num_inconsistent_stats: 0.

CodeHeap 'non-profiled nmethods': size=120000Kb used=236Kb max_used=236Kb free=119763Kb
 bounds [0x000002b107ad0000, 0x000002b107d40000, 0x000002b10f000000]
CodeHeap 'profiled nmethods': size=120000Kb used=1275Kb max_used=1275Kb free=118724Kb
 bounds [0x000002b1005a0000, 0x000002b100810000, 0x000002b107ad0000]
CodeHeap 'non-nmethods': size=5760Kb used=1125Kb max_used=1159Kb free=4634Kb
 bounds [0x000002b100000000, 0x000002b100270000, 0x000002b1005a0000]
 total_blobs=1100 nmethods=693 adapters=320
 compilation: enabled
              stopped_count=0, restarted_count=0
 full_count=0

Compilation events (20 events):
Event: 0.372 Thread 0x000002b16b70dde0  655   !   3       java.util.zip.ZipFile$CleanableResource::getInflater (47 bytes)
Event: 0.372 Thread 0x000002b16b70dde0 nmethod 655 0x000002b1006c1590 code [0x000002b1006c1760, 0x000002b1006c1c58]
Event: 0.372 Thread 0x000002b16b70dde0  660       3       java.util.jar.Attributes::getValue (9 bytes)
Event: 0.372 Thread 0x000002b16b70dde0 nmethod 660 0x000002b1006c1e10 code [0x000002b1006c1fc0, 0x000002b1006c22e8]
Event: 0.372 Thread 0x000002b16b70dde0  659       3       jdk.internal.util.jar.JarIndex::get (49 bytes)
Event: 0.373 Thread 0x000002b16b70dde0 nmethod 659 0x000002b1006c2410 code [0x000002b1006c2640, 0x000002b1006c2f28]
Event: 0.373 Thread 0x000002b16b70dde0  661   !   3       jdk.internal.loader.URLClassPath$JarLoader::getResource (354 bytes)
Event: 0.374 Thread 0x000002b16b70dde0 nmethod 661 0x000002b1006c3210 code [0x000002b1006c36a0, 0x000002b1006c5678]
Event: 0.374 Thread 0x000002b16b70dde0  656       3       java.util.zip.ZipFile$ZipFileInflaterInputStream::<init> (41 bytes)
Event: 0.374 Thread 0x000002b16b70dde0 nmethod 656 0x000002b1006c6910 code [0x000002b1006c6ae0, 0x000002b1006c6f98]
Event: 0.374 Thread 0x000002b16b70dde0  657       3       java.util.zip.InflaterInputStream::<init> (79 bytes)
Event: 0.374 Thread 0x000002b16b70dde0 nmethod 657 0x000002b1006c7190 code [0x000002b1006c7380, 0x000002b1006c7bb8]
Event: 0.374 Thread 0x000002b16b70dde0  658       3       java.util.zip.ZipFile$InflaterCleanupAction::<init> (15 bytes)
Event: 0.374 Thread 0x000002b16b70dde0 nmethod 658 0x000002b1006c7d90 code [0x000002b1006c7f40, 0x000002b1006c8158]
Event: 0.374 Thread 0x000002b16b70dde0  662   !   3       sun.nio.fs.WindowsPath::initOffsets (153 bytes)
Event: 0.376 Thread 0x000002b16b70dde0 nmethod 662 0x000002b1006c8210 code [0x000002b1006c8600, 0x000002b1006ca898]
Event: 0.376 Thread 0x000002b16b70dde0  663       3       jdk.internal.loader.URLClassPath::getResource (74 bytes)
Event: 0.377 Thread 0x000002b16b70dde0 nmethod 663 0x000002b1006cb610 code [0x000002b1006cb7e0, 0x000002b1006cbb38]
Event: 0.377 Thread 0x000002b16b70dde0  664   !   3       java.util.zip.Inflater::reset (64 bytes)
Event: 0.377 Thread 0x000002b16b70dde0 nmethod 664 0x000002b1006cbc90 code [0x000002b1006cbe60, 0x000002b1006cc1b8]

GC Heap History (0 events):
No events

Deoptimization events (20 events):
Event: 0.290 Thread 0x000002b16b6328f0 Uncommon trap: trap_request=0xffffffde fr.pc=0x000002b107afac40 relative=0x0000000000000f40
Event: 0.290 Thread 0x000002b16b6328f0 Uncommon trap: reason=class_check action=maybe_recompile pc=0x000002b107afac40 method=java.util.HashMap.putVal(ILjava/lang/Object;Ljava/lang/Object;ZZ)Ljava/lang/Object; @ 91 c2
Event: 0.290 Thread 0x000002b16b6328f0 DEOPT PACKING pc=0x000002b107afac40 sp=0x000000d607cf9a30
Event: 0.290 Thread 0x000002b16b6328f0 DEOPT UNPACKING pc=0x000002b1000523a3 sp=0x000000d607cf9950 mode 2
Event: 0.300 Thread 0x000002b16b6328f0 Uncommon trap: trap_request=0xffffffde fr.pc=0x000002b107afac90 relative=0x0000000000000f90
Event: 0.300 Thread 0x000002b16b6328f0 Uncommon trap: reason=class_check action=maybe_recompile pc=0x000002b107afac90 method=java.util.HashMap.putVal(ILjava/lang/Object;Ljava/lang/Object;ZZ)Ljava/lang/Object; @ 203 c2
Event: 0.300 Thread 0x000002b16b6328f0 DEOPT PACKING pc=0x000002b107afac90 sp=0x000000d607cf9a30
Event: 0.300 Thread 0x000002b16b6328f0 DEOPT UNPACKING pc=0x000002b1000523a3 sp=0x000000d607cf9950 mode 2
Event: 0.301 Thread 0x000002b16b6328f0 Uncommon trap: trap_request=0xffffffde fr.pc=0x000002b107afac90 relative=0x0000000000000f90
Event: 0.301 Thread 0x000002b16b6328f0 Uncommon trap: reason=class_check action=maybe_recompile pc=0x000002b107afac90 method=java.util.HashMap.putVal(ILjava/lang/Object;Ljava/lang/Object;ZZ)Ljava/lang/Object; @ 203 c2
Event: 0.301 Thread 0x000002b16b6328f0 DEOPT PACKING pc=0x000002b107afac90 sp=0x000000d607cf9a30
Event: 0.301 Thread 0x000002b16b6328f0 DEOPT UNPACKING pc=0x000002b1000523a3 sp=0x000000d607cf9950 mode 2
Event: 0.323 Thread 0x000002b16b6328f0 Uncommon trap: trap_request=0xffffffde fr.pc=0x000002b107afac90 relative=0x0000000000000f90
Event: 0.323 Thread 0x000002b16b6328f0 Uncommon trap: reason=class_check action=maybe_recompile pc=0x000002b107afac90 method=java.util.HashMap.putVal(ILjava/lang/Object;Ljava/lang/Object;ZZ)Ljava/lang/Object; @ 203 c2
Event: 0.323 Thread 0x000002b16b6328f0 DEOPT PACKING pc=0x000002b107afac90 sp=0x000000d607cfbf80
Event: 0.323 Thread 0x000002b16b6328f0 DEOPT UNPACKING pc=0x000002b1000523a3 sp=0x000000d607cfbea0 mode 2
Event: 0.337 Thread 0x000002b16b6328f0 Uncommon trap: trap_request=0xffffffde fr.pc=0x000002b107af9448 relative=0x0000000000000fc8
Event: 0.337 Thread 0x000002b16b6328f0 Uncommon trap: reason=class_check action=maybe_recompile pc=0x000002b107af9448 method=java.util.HashMap.putVal(ILjava/lang/Object;Ljava/lang/Object;ZZ)Ljava/lang/Object; @ 203 c2
Event: 0.337 Thread 0x000002b16b6328f0 DEOPT PACKING pc=0x000002b107af9448 sp=0x000000d607cfbf40
Event: 0.337 Thread 0x000002b16b6328f0 DEOPT UNPACKING pc=0x000002b1000523a3 sp=0x000000d607cfbed0 mode 2

Classes unloaded (0 events):
No events

Classes redefined (0 events):
No events

Internal exceptions (1 events):
Event: 0.107 Thread 0x000002b16b6328f0 Exception <a 'java/lang/NoSuchMethodError'{0x00000000ffcfaf40}: 'int java.lang.invoke.DirectMethodHandle$Holder.invokeStaticInit(java.lang.Object, java.lang.Object)'> (0x00000000ffcfaf40) 
thrown [t:\workspace\open\src\hotspot\share\interpreter\linkResolver.cpp, line 766]

VM Operations (2 events):
Event: 0.049 Executing VM operation: HandshakeAllThreads
Event: 0.049 Executing VM operation: HandshakeAllThreads done

Events (20 events):
Event: 0.316 loading class java/util/concurrent/LinkedBlockingQueue
Event: 0.316 loading class java/util/concurrent/BlockingQueue
Event: 0.316 loading class java/util/concurrent/BlockingQueue done
Event: 0.316 loading class java/util/AbstractQueue
Event: 0.316 loading class java/util/AbstractQueue done
Event: 0.316 loading class java/util/concurrent/LinkedBlockingQueue done
Event: 0.316 loading class java/util/concurrent/locks/AbstractQueuedSynchronizer$ConditionObject
Event: 0.316 loading class java/util/concurrent/locks/Condition
Event: 0.316 loading class java/util/concurrent/locks/Condition done
Event: 0.316 loading class java/util/concurrent/locks/AbstractQueuedSynchronizer$ConditionObject done
Event: 0.316 loading class java/util/concurrent/LinkedBlockingQueue$Node
Event: 0.316 loading class java/util/concurrent/LinkedBlockingQueue$Node done
Event: 0.317 loading class java/lang/SecurityException
Event: 0.317 loading class java/lang/SecurityException done
Event: 0.317 loading class java/net/URLClassLoader$3
Event: 0.317 loading class java/net/URLClassLoader$3 done
Event: 0.317 loading class java/net/URLClassLoader$3$1
Event: 0.317 loading class java/net/URLClassLoader$3$1 done
Event: 0.371 loading class java/lang/UnsupportedOperationException
Event: 0.371 loading class java/lang/UnsupportedOperationException done


Dynamic libraries:
0x00007ff68c4b0000 - 0x00007ff68c4c0000 	C:\Program Files\jdk-17.0.2\bin\java.exe
0x00007ff9633d0000 - 0x00007ff9635c8000 	C:\Windows\SYSTEM32\ntdll.dll
0x00007ff961d10000 - 0x00007ff961dcf000 	C:\Windows\System32\KERNEL32.DLL
0x00007ff960fa0000 - 0x00007ff961272000 	C:\Windows\System32\KERNELBASE.dll
0x00007ff960b10000 - 0x00007ff960c10000 	C:\Windows\System32\ucrtbase.dll
0x00007ff93fca0000 - 0x00007ff93fcb8000 	C:\Program Files\jdk-17.0.2\bin\jli.dll
0x00007ff93f0a0000 - 0x00007ff93f0ba000 	C:\Program Files\jdk-17.0.2\bin\VCRUNTIME140.dll
0x00007ff9615c0000 - 0x00007ff96166e000 	C:\Windows\System32\ADVAPI32.dll
0x00007ff961f90000 - 0x00007ff96202e000 	C:\Windows\System32\msvcrt.dll
0x00007ff961dd0000 - 0x00007ff961e6c000 	C:\Windows\System32\sechost.dll
0x00007ff962520000 - 0x00007ff962645000 	C:\Windows\System32\RPCRT4.dll
0x00007ff961700000 - 0x00007ff9618a1000 	C:\Windows\System32\USER32.dll
0x00007ff961280000 - 0x00007ff9612a2000 	C:\Windows\System32\win32u.dll
0x00007ff961410000 - 0x00007ff96143b000 	C:\Windows\System32\GDI32.dll
0x00007ff960db0000 - 0x00007ff960ebf000 	C:\Windows\System32\gdi32full.dll
0x00007ff960d10000 - 0x00007ff960dad000 	C:\Windows\System32\msvcp_win.dll
0x00007ff94e160000 - 0x00007ff94e3fa000 	C:\Windows\WinSxS\amd64_microsoft.windows.common-controls_6595b64144ccf1df_6.0.19041.1110_none_60b5254171f9507e\COMCTL32.dll
0x00007ff95b0b0000 - 0x00007ff95b0ba000 	C:\Windows\SYSTEM32\VERSION.dll
0x00007ff961580000 - 0x00007ff9615b2000 	C:\Windows\System32\IMM32.DLL
0x00007ff94b950000 - 0x00007ff94b95c000 	C:\Program Files\jdk-17.0.2\bin\vcruntime140_1.dll
0x00007ff900eb0000 - 0x00007ff900f3d000 	C:\Program Files\jdk-17.0.2\bin\msvcp140.dll
0x00007ff8ca6a0000 - 0x00007ff8cb261000 	C:\Program Files\jdk-17.0.2\bin\server\jvm.dll
0x00007ff961440000 - 0x00007ff961448000 	C:\Windows\System32\PSAPI.DLL
0x00007ff94ee10000 - 0x00007ff94ee19000 	C:\Windows\SYSTEM32\WSOCK32.dll
0x00007ff94d1c0000 - 0x00007ff94d1e7000 	C:\Windows\SYSTEM32\WINMM.dll
0x00007ff962da0000 - 0x00007ff962e0b000 	C:\Windows\System32\WS2_32.dll
0x00007ff95e9a0000 - 0x00007ff95e9b2000 	C:\Windows\SYSTEM32\kernel.appcore.dll
0x00007ff94a830000 - 0x00007ff94a83a000 	C:\Program Files\jdk-17.0.2\bin\jimage.dll
0x00007ff94e9b0000 - 0x00007ff94eb94000 	C:\Windows\SYSTEM32\DBGHELP.DLL
0x00007ff94cd00000 - 0x00007ff94cd35000 	C:\Windows\SYSTEM32\dbgcore.DLL
0x00007ff960c10000 - 0x00007ff960c92000 	C:\Windows\System32\bcryptPrimitives.dll
0x00007ff92ed40000 - 0x00007ff92ed65000 	C:\Program Files\jdk-17.0.2\bin\java.dll
0x00007ff94b6e0000 - 0x00007ff94b7b6000 	C:\Program Files\jdk-17.0.2\bin\jsvml.dll
0x00007ff962650000 - 0x00007ff962d94000 	C:\Windows\System32\SHELL32.dll
0x00007ff95eba0000 - 0x00007ff95f332000 	C:\Windows\SYSTEM32\windows.storage.dll
0x00007ff962030000 - 0x00007ff962385000 	C:\Windows\System32\combase.dll
0x00007ff960440000 - 0x00007ff960470000 	C:\Windows\SYSTEM32\Wldp.dll
0x00007ff962e10000 - 0x00007ff962ebd000 	C:\Windows\System32\SHCORE.dll
0x00007ff961bf0000 - 0x00007ff961c45000 	C:\Windows\System32\shlwapi.dll
0x00007ff960a00000 - 0x00007ff960a1f000 	C:\Windows\SYSTEM32\profapi.dll
0x00007ff958110000 - 0x00007ff958129000 	C:\Program Files\jdk-17.0.2\bin\net.dll
0x00007ff95a300000 - 0x00007ff95a40c000 	C:\Windows\SYSTEM32\WINHTTP.dll
0x00007ff9601a0000 - 0x00007ff96020a000 	C:\Windows\system32\mswsock.dll
0x00007ff957f30000 - 0x00007ff957f46000 	C:\Program Files\jdk-17.0.2\bin\nio.dll
0x00007ff957f10000 - 0x00007ff957f28000 	C:\Program Files\jdk-17.0.2\bin\zip.dll
0x00007ff957f00000 - 0x00007ff957f10000 	C:\Program Files\jdk-17.0.2\bin\verify.dll

dbghelp: loaded successfully - version: 4.0.5 - missing functions: none
symbol engine: initialized successfully - sym options: 0x614 - pdb path: .;C:\Program Files\jdk-17.0.2\bin;C:\Windows\SYSTEM32;C:\Windows\WinSxS\amd64_microsoft.windows.common-controls_6595b64144ccf1df_6.0.19041.1110_none_60b5254171f9507e;C:\Program Files\jdk-17.0.2\bin\server

VM Arguments:
jvm_args: -Xmx64m -Xms64m -Dorg.gradle.appname=gradlew 
java_command: org.gradle.wrapper.GradleWrapperMain app:installDebug -PreactNativeDevServerPort=8081
java_class_path (initial): D:\0.React-native\SafetyCulture\android\\gradle\wrapper\gradle-wrapper.jar
Launcher Type: SUN_STANDARD

[Global flags]
     intx CICompilerCount                          = 4                                         {product} {ergonomic}
     uint ConcGCThreads                            = 3                                         {product} {ergonomic}
     uint G1ConcRefinementThreads                  = 10                                        {product} {ergonomic}
   size_t G1HeapRegionSize                         = 1048576                                   {product} {ergonomic}
    uintx GCDrainStackTargetSize                   = 64                                        {product} {ergonomic}
   size_t InitialHeapSize                          = 67108864                                  {product} {command line}
   size_t MarkStackSize                            = 4194304                                   {product} {ergonomic}
   size_t MaxHeapSize                              = 67108864                                  {product} {command line}
   size_t MaxNewSize                               = 39845888                                  {product} {ergonomic}
   size_t MinHeapDeltaBytes                        = 1048576                                   {product} {ergonomic}
   size_t MinHeapSize                              = 67108864                                  {product} {command line}
    uintx NonNMethodCodeHeapSize                   = 5839372                                {pd product} {ergonomic}
    uintx NonProfiledCodeHeapSize                  = 122909434                              {pd product} {ergonomic}
    uintx ProfiledCodeHeapSize                     = 122909434                              {pd product} {ergonomic}
    uintx ReservedCodeCacheSize                    = 251658240                              {pd product} {ergonomic}
     bool SegmentedCodeCache                       = true                                      {product} {ergonomic}
   size_t SoftMaxHeapSize                          = 67108864                               {manageable} {ergonomic}
     bool UseCompressedClassPointers               = true                           {product lp64_product} {ergonomic}
     bool UseCompressedOops                        = true                           {product lp64_product} {ergonomic}
     bool UseG1GC                                  = true                                      {product} {ergonomic}
     bool UseLargePagesIndividualAllocation        = false                                  {pd product} {ergonomic}

Logging:
Log output configuration:
 #0: stdout all=warning uptime,level,tags
 #1: stderr all=off uptime,level,tags

Environment Variables:
JAVA_HOME=C:\Program Files\jdk-17.0.2
CLASSPATH=D:\0.React-native\SafetyCulture\android\\gradle\wrapper\gradle-wrapper.jar
PATH=D:\0.React-native\SafetyCulture\android\node_modules\.bin;D:\0.React-native\SafetyCulture\node_modules\.bin;D:\0.React-native\node_modules\.bin;D:\node_modules\.bin;C:\Program Files\nodejs;D:\0.React-native\SafetyCulture\node_modules\.bin;D:\0.React-native\node_modules\.bin;D:\node_modules\.bin;C:\Program Files\nodejs\node_modules\npm\node_modules\@npmcli\run-script\lib\node-gyp-bin;C:\Program Files\Common Files\Oracle\Java\javapath;C:\Python\Scripts\;C:\Python\;C:\Windows\system32;C:\Windows;C:\Windows\System32\Wbem;C:\Windows\System32\WindowsPowerShell\v1.0\;C:\Windows\System32\OpenSSH\;C:\Program Files\jdk-17.0.2\bin;C:\Program Files\nodejs\;C:\Program Files\Git\cmd;C:\Program Files\PuTTY\;c:\python\lib\site-packages;C:\ProgramData\Anaconda3\Library;C:\Program Files\openssl-0.9.8k_X64\bin;C:\Users\Valiantdata_hs\AppData\Local\Android\Sdk\platform-tools;D:\flutter\bin;C:\Users\Valiantdata_hs\.gradle;C:\Program Files\MySQL\MySQL Shell 8.0\bin\;C:\Users\Valiantdata_hs\AppData\Local\Microsoft\WindowsApps;C:\Users\Valiantdata_hs\AppData\Local\Programs\Microsoft VS Code\bin;C:\Users\Valiantdata_hs\AppData\Roaming\npm;C:\Users\Valiantdata_hs\AppData\Local\GitHubDesktop\bin;C:\Program Files\JetBrains\IntelliJ IDEA 2022.1.1\bin;;C:\Program Files\openssl-0.9.8k_X64\bin;C:\Users\Valiantdata_hs\AppData\Local\Android\Sdk\platform-tools;D:\flutter\bin;C:\Users\Valiantdata_hs\.gradle;
USERNAME=Valiantdata_hs
LANG=ko_KR.UTF-8
OS=Windows_NT
PROCESSOR_IDENTIFIER=Intel64 Family 6 Model 165 Stepping 3, GenuineIntel



---------------  S Y S T E M  ---------------

OS:
 Windows 10 , 64 bit Build 19041 (10.0.19041.2364)
OS uptime: 0 days 2:24 hours

CPU: total 12 (initial active 12) (6 cores per cpu, 2 threads per core) family 6 model 165 stepping 3 microcode 0xe0, cx8, cmov, fxsr, ht, mmx, 3dnowpref, sse, sse2, sse3, ssse3, sse4.1, sse4.2, popcnt, lzcnt, tsc, tscinvbit, avx, avx2, aes, erms, clmul, bmi1, bmi2, adx, fma, vzeroupper, clflush, clflushopt

Memory: 4k page, system-wide physical 15990M (3975M free)
TotalPageFile size 15990M (AvailPageFile size 5M)
current process WorkingSet (physical memory assigned to process): 66M, peak: 66M
current process commit charge ("private bytes"): 158M, peak: 158M

vm_info: Java HotSpot(TM) 64-Bit Server VM (17.0.2+8-LTS-86) for windows-amd64 JRE (17.0.2+8-LTS-86), built on Dec  7 2021 21:51:03 by "mach5one" with MS VC++ 16.8 / 16.9 (VS2019)

END.
