#
# There is insufficient memory for the Java Runtime Environment to continue.
# Native memory allocation (mmap) failed to map 67108864 bytes for G1 virtual space
# Possible reasons:
#   The system is out of physical RAM or swap space
#   The process is running with CompressedOops enabled, and the Java Heap may be blocking the growth of the native heap
# Possible solutions:
#   Reduce memory load on the system
#   Increase physical memory or swap space
#   Check if swap backing store is full
#   Decrease Java heap size (-Xmx/-Xms)
#   Decrease number of Java threads
#   Decrease Java thread stack sizes (-Xss)
#   Set larger code cache with -XX:ReservedCodeCacheSize=
#   JVM is running with Unscaled Compressed Oops mode in which the Java heap is
#     placed in the first 4GB address space. The Java Heap base address is the
#     maximum limit for the native heap growth. Please use -XX:HeapBaseMinAddress
#     to set the Java Heap base and to place the Java Heap above 4GB virtual address.
# This output file may be truncated or incomplete.
#
#  Out of Memory Error (os_windows.cpp:3532), pid=8200, tid=12172
#
# JRE version:  (17.0.2+8) (build )
# Java VM: Java HotSpot(TM) 64-Bit Server VM (17.0.2+8-LTS-86, mixed mode, sharing, tiered, compressed oops, compressed class ptrs, g1 gc, windows-amd64)
# No core dump will be written. Minidumps are not enabled by default on client versions of Windows
#

---------------  S U M M A R Y ------------

Command Line: -Xmx64m -Xms64m -Dorg.gradle.appname=gradlew org.gradle.wrapper.GradleWrapperMain app:installDebug -PreactNativeDevServerPort=8081

Host: Intel(R) Core(TM) i5-10400 CPU @ 2.90GHz, 12 cores, 15G,  Windows 10 , 64 bit Build 19041 (10.0.19041.2364)
Time: Tue Dec 20 16:20:37 2022  Windows 10 , 64 bit Build 19041 (10.0.19041.2364) elapsed time: 0.019699 seconds (0d 0h 0m 0s)

---------------  T H R E A D  ---------------

Current thread (0x000002317bb44aa0):  JavaThread "Unknown thread" [_thread_in_vm, id=12172, stack(0x000000f074900000,0x000000f074a00000)]

Stack: [0x000000f074900000,0x000000f074a00000]
Native frames: (J=compiled Java code, j=interpreted, Vv=VM code, C=native code)
V  [jvm.dll+0x670baa]
V  [jvm.dll+0x7cfcb4]
V  [jvm.dll+0x7d145e]
V  [jvm.dll+0x7d1ac3]
V  [jvm.dll+0x242bc5]
V  [jvm.dll+0x66dac9]
V  [jvm.dll+0x662412]
V  [jvm.dll+0x300c0b]
V  [jvm.dll+0x3081a6]
V  [jvm.dll+0x357d0e]
V  [jvm.dll+0x357f3f]
V  [jvm.dll+0x2d7ec8]
V  [jvm.dll+0x2d8e34]
V  [jvm.dll+0x7a18c1]
V  [jvm.dll+0x365a91]
V  [jvm.dll+0x780d2c]
V  [jvm.dll+0x3e845f]
V  [jvm.dll+0x3e9f01]
C  [jli.dll+0x527b]
C  [ucrtbase.dll+0x21bb2]
C  [KERNEL32.DLL+0x17614]
C  [ntdll.dll+0x526a1]


---------------  P R O C E S S  ---------------

Threads class SMR info:
_java_thread_list=0x00007fff2d3a9858, length=0, elements={
}

Java Threads: ( => current thread )

Other Threads:
  0x000002317bb65980 GCTaskThread "GC Thread#0" [stack: 0x000000f074a00000,0x000000f074b00000] [id=13996]
  0x000002317bb670c0 ConcurrentGCThread "G1 Main Marker" [stack: 0x000000f074b00000,0x000000f074c00000] [id=16276]
  0x000002317bb68270 ConcurrentGCThread "G1 Conc#0" [stack: 0x000000f074c00000,0x000000f074d00000] [id=18360]

[error occurred during error reporting (printing all threads), id 0xc0000005, EXCEPTION_ACCESS_VIOLATION (0xc0000005) at pc=0x00007fff2cbf88a7]

VM state: not at safepoint (not fully initialized)

VM Mutex/Monitor currently owned by a thread:  ([mutex/lock_event])
[0x000002317bb3f200] Heap_lock - owner thread: 0x000002317bb44aa0

Heap address: 0x00000000fc000000, size: 64 MB, Compressed Oops mode: 32-bit

CDS archive(s) mapped at: [0x0000000000000000-0x0000000000000000-0x0000000000000000), size 0, SharedBaseAddress: 0x0000000800000000, ArchiveRelocationMode: 0.
Narrow klass base: 0x0000000000000000, Narrow klass shift: 0, Narrow klass range: 0x0

GC Precious Log:
<Empty>

Heap:
 garbage-first heap   total 0K, used 0K [0x00000000fc000000, 0x0000000100000000)
  region size 1024K, 0 young (0K), 0 survivors (0K)

[error occurred during error reporting (printing heap information), id 0xc0000005, EXCEPTION_ACCESS_VIOLATION (0xc0000005) at pc=0x00007fff2cfd9f19]

GC Heap History (0 events):
No events

Deoptimization events (0 events):
No events

Classes unloaded (0 events):
No events

Classes redefined (0 events):
No events

Internal exceptions (0 events):
No events

VM Operations (0 events):
No events

Events (1 events):
Event: 0.011 Loaded shared library C:\Program Files\jdk-17.0.2\bin\java.dll


Dynamic libraries:
0x00007ff6ade10000 - 0x00007ff6ade20000 	C:\Program Files\jdk-17.0.2\bin\java.exe
0x00007fff89470000 - 0x00007fff89668000 	C:\Windows\SYSTEM32\ntdll.dll
0x00007fff88770000 - 0x00007fff8882f000 	C:\Windows\System32\KERNEL32.DLL
0x00007fff86b60000 - 0x00007fff86e32000 	C:\Windows\System32\KERNELBASE.dll
0x00007fff86e40000 - 0x00007fff86f40000 	C:\Windows\System32\ucrtbase.dll
0x00007fff5fb30000 - 0x00007fff5fb48000 	C:\Program Files\jdk-17.0.2\bin\jli.dll
0x00007fff574f0000 - 0x00007fff5750a000 	C:\Program Files\jdk-17.0.2\bin\VCRUNTIME140.dll
0x00007fff88ea0000 - 0x00007fff88f4e000 	C:\Windows\System32\ADVAPI32.dll
0x00007fff87f90000 - 0x00007fff8802e000 	C:\Windows\System32\msvcrt.dll
0x00007fff874b0000 - 0x00007fff8754c000 	C:\Windows\System32\sechost.dll
0x00007fff87550000 - 0x00007fff87675000 	C:\Windows\System32\RPCRT4.dll
0x00007fff89130000 - 0x00007fff892d1000 	C:\Windows\System32\USER32.dll
0x00007fff87270000 - 0x00007fff87292000 	C:\Windows\System32\win32u.dll
0x00007fff881c0000 - 0x00007fff881eb000 	C:\Windows\System32\GDI32.dll
0x00007fff873a0000 - 0x00007fff874af000 	C:\Windows\System32\gdi32full.dll
0x00007fff871d0000 - 0x00007fff8726d000 	C:\Windows\System32\msvcp_win.dll
0x00007fff74930000 - 0x00007fff74bca000 	C:\Windows\WinSxS\amd64_microsoft.windows.common-controls_6595b64144ccf1df_6.0.19041.1110_none_60b5254171f9507e\COMCTL32.dll
0x00007fff81610000 - 0x00007fff8161a000 	C:\Windows\SYSTEM32\VERSION.dll
0x00007fff89390000 - 0x00007fff893c2000 	C:\Windows\System32\IMM32.DLL
0x00007fff6cce0000 - 0x00007fff6ccec000 	C:\Program Files\jdk-17.0.2\bin\vcruntime140_1.dll
0x00007fff37fe0000 - 0x00007fff3806d000 	C:\Program Files\jdk-17.0.2\bin\msvcp140.dll
0x00007fff2c910000 - 0x00007fff2d4d1000 	C:\Program Files\jdk-17.0.2\bin\server\jvm.dll
0x00007fff87680000 - 0x00007fff87688000 	C:\Windows\System32\PSAPI.DLL
0x00007fff74920000 - 0x00007fff74929000 	C:\Windows\SYSTEM32\WSOCK32.dll
0x00007fff73a60000 - 0x00007fff73a87000 	C:\Windows\SYSTEM32\WINMM.dll
0x00007fff88030000 - 0x00007fff8809b000 	C:\Windows\System32\WS2_32.dll
0x00007fff84960000 - 0x00007fff84972000 	C:\Windows\SYSTEM32\kernel.appcore.dll
0x00007fff6bab0000 - 0x00007fff6baba000 	C:\Program Files\jdk-17.0.2\bin\jimage.dll
0x00007fff74730000 - 0x00007fff74914000 	C:\Windows\SYSTEM32\DBGHELP.DLL
0x00007fff72a70000 - 0x00007fff72aa5000 	C:\Windows\SYSTEM32\dbgcore.DLL
0x00007fff870a0000 - 0x00007fff87122000 	C:\Windows\System32\bcryptPrimitives.dll
0x00007fff5fe60000 - 0x00007fff5fe85000 	C:\Program Files\jdk-17.0.2\bin\java.dll

dbghelp: loaded successfully - version: 4.0.5 - missing functions: none
symbol engine: initialized successfully - sym options: 0x614 - pdb path: .;C:\Program Files\jdk-17.0.2\bin;C:\Windows\SYSTEM32;C:\Windows\WinSxS\amd64_microsoft.windows.common-controls_6595b64144ccf1df_6.0.19041.1110_none_60b5254171f9507e;C:\Program Files\jdk-17.0.2\bin\server

VM Arguments:
jvm_args: -Xmx64m -Xms64m -Dorg.gradle.appname=gradlew 
java_command: org.gradle.wrapper.GradleWrapperMain app:installDebug -PreactNativeDevServerPort=8081
java_class_path (initial): D:\0.React-native\SafetyCulture\android\\gradle\wrapper\gradle-wrapper.jar
Launcher Type: SUN_STANDARD

[Global flags]
     intx CICompilerCount                          = 4                                         {product} {ergonomic}
     uint ConcGCThreads                            = 3                                         {product} {ergonomic}
     uint G1ConcRefinementThreads                  = 10                                        {product} {ergonomic}
   size_t G1HeapRegionSize                         = 1048576                                   {product} {ergonomic}
    uintx GCDrainStackTargetSize                   = 64                                        {product} {ergonomic}
   size_t InitialHeapSize                          = 67108864                                  {product} {command line}
   size_t MarkStackSize                            = 4194304                                   {product} {ergonomic}
   size_t MaxHeapSize                              = 67108864                                  {product} {command line}
   size_t MinHeapDeltaBytes                        = 1048576                                   {product} {ergonomic}
   size_t MinHeapSize                              = 67108864                                  {product} {command line}
    uintx NonNMethodCodeHeapSize                   = 5839372                                {pd product} {ergonomic}
    uintx NonProfiledCodeHeapSize                  = 122909434                              {pd product} {ergonomic}
    uintx ProfiledCodeHeapSize                     = 122909434                              {pd product} {ergonomic}
    uintx ReservedCodeCacheSize                    = 251658240                              {pd product} {ergonomic}
     bool SegmentedCodeCache                       = true                                      {product} {ergonomic}
   size_t SoftMaxHeapSize                          = 67108864                               {manageable} {ergonomic}
     bool UseCompressedClassPointers               = true                           {product lp64_product} {ergonomic}
     bool UseCompressedOops                        = true                           {product lp64_product} {ergonomic}
     bool UseG1GC                                  = true                                      {product} {ergonomic}
     bool UseLargePagesIndividualAllocation        = false                                  {pd product} {ergonomic}

Logging:
Log output configuration:
 #0: stdout all=warning uptime,level,tags
 #1: stderr all=off uptime,level,tags

Environment Variables:
JAVA_HOME=C:\Program Files\jdk-17.0.2
CLASSPATH=D:\0.React-native\SafetyCulture\android\\gradle\wrapper\gradle-wrapper.jar
PATH=D:\0.React-native\SafetyCulture\android\node_modules\.bin;D:\0.React-native\SafetyCulture\node_modules\.bin;D:\0.React-native\node_modules\.bin;D:\node_modules\.bin;C:\Program Files\nodejs;D:\0.React-native\SafetyCulture\node_modules\.bin;D:\0.React-native\node_modules\.bin;D:\node_modules\.bin;C:\Program Files\nodejs\node_modules\npm\node_modules\@npmcli\run-script\lib\node-gyp-bin;C:\Program Files\Common Files\Oracle\Java\javapath;C:\Python\Scripts\;C:\Python\;C:\Windows\system32;C:\Windows;C:\Windows\System32\Wbem;C:\Windows\System32\WindowsPowerShell\v1.0\;C:\Windows\System32\OpenSSH\;C:\Program Files\jdk-17.0.2\bin;C:\Program Files\nodejs\;C:\Program Files\Git\cmd;C:\Program Files\PuTTY\;c:\python\lib\site-packages;C:\ProgramData\Anaconda3\Library;C:\Program Files\openssl-0.9.8k_X64\bin;C:\Users\Valiantdata_hs\AppData\Local\Android\Sdk\platform-tools;D:\flutter\bin;C:\Users\Valiantdata_hs\.gradle;C:\Program Files\MariaDB 10.6\bin;C:\Program Files\MySQL\MySQL Shell 8.0\bin\;C:\Users\Valiantdata_hs\AppData\Local\Microsoft\WindowsApps;C:\Users\Valiantdata_hs\AppData\Local\Programs\Microsoft VS Code\bin;C:\Users\Valiantdata_hs\AppData\Roaming\npm;C:\Users\Valiantdata_hs\AppData\Local\GitHubDesktop\bin;C:\Program Files\JetBrains\IntelliJ IDEA 2022.1.1\bin;;C:\Program Files\openssl-0.9.8k_X64\bin;C:\Users\Valiantdata_hs\AppData\Local\Android\Sdk\platform-tools;D:\flutter\bin;C:\Users\Valiantdata_hs\.gradle;C:\Program Files\MariaDB 10.6\bin;
USERNAME=Valiantdata_hs
LANG=ko_KR.UTF-8
OS=Windows_NT
PROCESSOR_IDENTIFIER=Intel64 Family 6 Model 165 Stepping 3, GenuineIntel



---------------  S Y S T E M  ---------------

OS:
 Windows 10 , 64 bit Build 19041 (10.0.19041.2364)
OS uptime: 0 days 1:52 hours

CPU: total 12 (initial active 12) (6 cores per cpu, 2 threads per core) family 6 model 165 stepping 3 microcode 0xe0, cx8, cmov, fxsr, ht, mmx, 3dnowpref, sse, sse2, sse3, ssse3, sse4.1, sse4.2, popcnt, lzcnt, tsc, tscinvbit, avx, avx2, aes, erms, clmul, bmi1, bmi2, adx, fma, vzeroupper, clflush, clflushopt

Memory: 4k page, system-wide physical 15990M (3959M free)
TotalPageFile size 15990M (AvailPageFile size 47M)
current process WorkingSet (physical memory assigned to process): 10M, peak: 10M
current process commit charge ("private bytes"): 63M, peak: 127M

vm_info: Java HotSpot(TM) 64-Bit Server VM (17.0.2+8-LTS-86) for windows-amd64 JRE (17.0.2+8-LTS-86), built on Dec  7 2021 21:51:03 by "mach5one" with MS VC++ 16.8 / 16.9 (VS2019)

END.
