#
# There is insufficient memory for the Java Runtime Environment to continue.
# Native memory allocation (mmap) failed to map 65536 bytes for Failed to commit metaspace.
# Possible reasons:
#   The system is out of physical RAM or swap space
#   The process is running with CompressedOops enabled, and the Java Heap may be blocking the growth of the native heap
# Possible solutions:
#   Reduce memory load on the system
#   Increase physical memory or swap space
#   Check if swap backing store is full
#   Decrease Java heap size (-Xmx/-Xms)
#   Decrease number of Java threads
#   Decrease Java thread stack sizes (-Xss)
#   Set larger code cache with -XX:ReservedCodeCacheSize=
#   JVM is running with Unscaled Compressed Oops mode in which the Java heap is
#     placed in the first 4GB address space. The Java Heap base address is the
#     maximum limit for the native heap growth. Please use -XX:HeapBaseMinAddress
#     to set the Java Heap base and to place the Java Heap above 4GB virtual address.
# This output file may be truncated or incomplete.
#
#  Out of Memory Error (virtualSpaceNode.cpp:110), pid=17888, tid=16388
#
# JRE version: Java(TM) SE Runtime Environment (17.0.2+8) (build 17.0.2+8-LTS-86)
# Java VM: Java HotSpot(TM) 64-Bit Server VM (17.0.2+8-LTS-86, mixed mode, tiered, compressed oops, compressed class ptrs, g1 gc, windows-amd64)
# No core dump will be written. Minidumps are not enabled by default on client versions of Windows
#

---------------  S U M M A R Y ------------

Command Line: -Xmx64m -Xms64m -Dorg.gradle.appname=gradlew org.gradle.wrapper.GradleWrapperMain app:installDebug -PreactNativeDevServerPort=8081

Host: Intel(R) Core(TM) i5-10400 CPU @ 2.90GHz, 12 cores, 15G,  Windows 10 , 64 bit Build 19041 (10.0.19041.2364)
Time: Tue Dec 20 15:56:55 2022  Windows 10 , 64 bit Build 19041 (10.0.19041.2364) elapsed time: 0.171647 seconds (0d 0h 0m 0s)

---------------  T H R E A D  ---------------

Current thread (0x00000120dbc43fe0):  JavaThread "main" [_thread_in_vm, id=16388, stack(0x0000000638f00000,0x0000000639000000)]

Stack: [0x0000000638f00000,0x0000000639000000]
Native frames: (J=compiled Java code, j=interpreted, Vv=VM code, C=native code)
V  [jvm.dll+0x670baa]
V  [jvm.dll+0x7cfcb4]
V  [jvm.dll+0x7d145e]
V  [jvm.dll+0x7d1ac3]
V  [jvm.dll+0x242bc5]
V  [jvm.dll+0x7cbc5b]
V  [jvm.dll+0x616966]
V  [jvm.dll+0x1be3ee]
V  [jvm.dll+0x6192a1]
V  [jvm.dll+0x617306]
V  [jvm.dll+0x2385a0]
V  [jvm.dll+0x1e880d]
V  [jvm.dll+0x1de251]
V  [jvm.dll+0x537c30]
V  [jvm.dll+0x1eea37]
V  [jvm.dll+0x74a15b]
V  [jvm.dll+0x74b502]
V  [jvm.dll+0x74b838]
V  [jvm.dll+0x23af1e]
V  [jvm.dll+0x23b16f]
V  [jvm.dll+0x555aa8]
V  [jvm.dll+0x558910]
V  [jvm.dll+0x37f357]
V  [jvm.dll+0x37e9af]
C  0x00000120e34ba56c

Java frames: (J=compiled Java code, j=interpreted, Vv=VM code)
j  sun.security.jca.ProviderList.<init>()V+45 java.base@17.0.2
j  sun.security.jca.ProviderList$2.run()Lsun/security/jca/ProviderList;+4 java.base@17.0.2
j  sun.security.jca.ProviderList$2.run()Ljava/lang/Object;+1 java.base@17.0.2
j  java.security.AccessController.executePrivileged(Ljava/security/PrivilegedAction;Ljava/security/AccessControlContext;Ljava/lang/Class;)Ljava/lang/Object;+29 java.base@17.0.2
j  java.security.AccessController.doPrivileged(Ljava/security/PrivilegedAction;)Ljava/lang/Object;+5 java.base@17.0.2
j  sun.security.jca.ProviderList.fromSecurityProperties()Lsun/security/jca/ProviderList;+7 java.base@17.0.2
j  sun.security.jca.Providers.<clinit>()V+16 java.base@17.0.2
v  ~StubRoutines::call_stub
j  sun.security.jca.GetInstance.getInstance(Ljava/lang/String;Ljava/lang/Class;Ljava/lang/String;)Lsun/security/jca/GetInstance$Instance;+0 java.base@17.0.2
j  java.security.MessageDigest.getInstance(Ljava/lang/String;)Ljava/security/MessageDigest;+12 java.base@17.0.2
j  org.gradle.wrapper.PathAssembler.getHash(Ljava/lang/String;)Ljava/lang/String;+2
j  org.gradle.wrapper.PathAssembler.rootDirName(Ljava/lang/String;Lorg/gradle/wrapper/WrapperConfiguration;)Ljava/lang/String;+11
j  org.gradle.wrapper.PathAssembler.getDistribution(Lorg/gradle/wrapper/WrapperConfiguration;)Lorg/gradle/wrapper/PathAssembler$LocalDistribution;+18
j  org.gradle.wrapper.Install.createDist(Lorg/gradle/wrapper/WrapperConfiguration;)Ljava/io/File;+15
j  org.gradle.wrapper.WrapperExecutor.execute([Ljava/lang/String;Lorg/gradle/wrapper/Install;Lorg/gradle/wrapper/BootstrapMainStarter;)V+5
j  org.gradle.wrapper.GradleWrapperMain.main([Ljava/lang/String;)V+190
v  ~StubRoutines::call_stub

---------------  P R O C E S S  ---------------

Threads class SMR info:
_java_thread_list=0x0000012080d3ebc0, length=12, elements={
0x00000120dbc43fe0, 0x0000012080175630, 0x0000012080176630, 0x00000120801a1f20,
0x00000120801a27e0, 0x00000120801a30a0, 0x00000120801c2350, 0x00000120801c3030,
0x00000120801c5ef0, 0x00000120801c9de0, 0x0000012080d3ed70, 0x0000012080d53020
}

Java Threads: ( => current thread )
=>0x00000120dbc43fe0 JavaThread "main" [_thread_in_vm, id=16388, stack(0x0000000638f00000,0x0000000639000000)]
  0x0000012080175630 JavaThread "Reference Handler" daemon [_thread_blocked, id=6284, stack(0x0000000639600000,0x0000000639700000)]
  0x0000012080176630 JavaThread "Finalizer" daemon [_thread_blocked, id=13236, stack(0x0000000639700000,0x0000000639800000)]
  0x00000120801a1f20 JavaThread "Signal Dispatcher" daemon [_thread_blocked, id=14720, stack(0x0000000639800000,0x0000000639900000)]
  0x00000120801a27e0 JavaThread "Attach Listener" daemon [_thread_blocked, id=17872, stack(0x0000000639900000,0x0000000639a00000)]
  0x00000120801a30a0 JavaThread "Service Thread" daemon [_thread_blocked, id=10092, stack(0x0000000639a00000,0x0000000639b00000)]
  0x00000120801c2350 JavaThread "Monitor Deflation Thread" daemon [_thread_blocked, id=8824, stack(0x0000000639b00000,0x0000000639c00000)]
  0x00000120801c3030 JavaThread "C2 CompilerThread0" daemon [_thread_blocked, id=15920, stack(0x0000000639c00000,0x0000000639d00000)]
  0x00000120801c5ef0 JavaThread "C1 CompilerThread0" daemon [_thread_blocked, id=3392, stack(0x0000000639d00000,0x0000000639e00000)]
  0x00000120801c9de0 JavaThread "Sweeper thread" daemon [_thread_blocked, id=12780, stack(0x0000000639e00000,0x0000000639f00000)]
  0x0000012080d3ed70 JavaThread "Notification Thread" daemon [_thread_blocked, id=12500, stack(0x0000000639f00000,0x000000063a000000)]
  0x0000012080d53020 JavaThread "Common-Cleaner" daemon [_thread_blocked, id=17860, stack(0x000000063a100000,0x000000063a200000)]

Other Threads:
  0x00000120dbcf9c30 VMThread "VM Thread" [stack: 0x0000000639500000,0x0000000639600000] [id=2272]
  0x00000120dbc76b90 WatcherThread [stack: 0x000000063a000000,0x000000063a100000] [id=17512]
  0x00000120dbc63e60 GCTaskThread "GC Thread#0" [stack: 0x0000000639000000,0x0000000639100000] [id=7312]
  0x00000120dbc665b0 ConcurrentGCThread "G1 Main Marker" [stack: 0x0000000639100000,0x0000000639200000] [id=15064]
  0x00000120dbc67770 ConcurrentGCThread "G1 Conc#0" [stack: 0x0000000639200000,0x0000000639300000] [id=812]
  0x00000120dbccee60 ConcurrentGCThread "G1 Refine#0" [stack: 0x0000000639300000,0x0000000639400000] [id=8392]
  0x00000120dbccf880 ConcurrentGCThread "G1 Service" [stack: 0x0000000639400000,0x0000000639500000] [id=15288]

Threads with active compile tasks:

VM state: not at safepoint (normal execution)

VM Mutex/Monitor currently owned by a thread:  ([mutex/lock_event])
[0x00000120dbc3dc20] Metaspace_lock - owner thread: 0x00000120dbc43fe0

Heap address: 0x00000000fc000000, size: 64 MB, Compressed Oops mode: 32-bit

CDS archive(s) not mapped
Compressed class space mapped at: 0x0000000100000000-0x0000000140000000, reserved size: 1073741824
Narrow klass base: 0x0000000000000000, Narrow klass shift: 3, Narrow klass range: 0x140000000

GC Precious Log:
 CPUs: 12 total, 12 available
 Memory: 15990M
 Large Page Support: Disabled
 NUMA Support: Disabled
 Compressed Oops: Enabled (32-bit)
 Heap Region Size: 1M
 Heap Min Capacity: 64M
 Heap Initial Capacity: 64M
 Heap Max Capacity: 64M
 Pre-touch: Disabled
 Parallel Workers: 10
 Concurrent Workers: 3
 Concurrent Refinement Workers: 10
 Periodic GC: Disabled

Heap:
 garbage-first heap   total 65536K, used 2048K [0x00000000fc000000, 0x0000000100000000)
  region size 1024K, 3 young (3072K), 0 survivors (0K)
 Metaspace       used 6277K, committed 6400K, reserved 1056768K
  class space    used 532K, committed 640K, reserved 1048576K

Heap Regions: E=young(eden), S=young(survivor), O=old, HS=humongous(starts), HC=humongous(continues), CS=collection set, F=free, OA=open archive, CA=closed archive, TAMS=top-at-mark-start (previous, next)
|   0|0x00000000fc000000, 0x00000000fc000000, 0x00000000fc100000|  0%| F|  |TAMS 0x00000000fc000000, 0x00000000fc000000| Untracked 
|   1|0x00000000fc100000, 0x00000000fc100000, 0x00000000fc200000|  0%| F|  |TAMS 0x00000000fc100000, 0x00000000fc100000| Untracked 
|   2|0x00000000fc200000, 0x00000000fc200000, 0x00000000fc300000|  0%| F|  |TAMS 0x00000000fc200000, 0x00000000fc200000| Untracked 
|   3|0x00000000fc300000, 0x00000000fc300000, 0x00000000fc400000|  0%| F|  |TAMS 0x00000000fc300000, 0x00000000fc300000| Untracked 
|   4|0x00000000fc400000, 0x00000000fc400000, 0x00000000fc500000|  0%| F|  |TAMS 0x00000000fc400000, 0x00000000fc400000| Untracked 
|   5|0x00000000fc500000, 0x00000000fc500000, 0x00000000fc600000|  0%| F|  |TAMS 0x00000000fc500000, 0x00000000fc500000| Untracked 
|   6|0x00000000fc600000, 0x00000000fc600000, 0x00000000fc700000|  0%| F|  |TAMS 0x00000000fc600000, 0x00000000fc600000| Untracked 
|   7|0x00000000fc700000, 0x00000000fc700000, 0x00000000fc800000|  0%| F|  |TAMS 0x00000000fc700000, 0x00000000fc700000| Untracked 
|   8|0x00000000fc800000, 0x00000000fc800000, 0x00000000fc900000|  0%| F|  |TAMS 0x00000000fc800000, 0x00000000fc800000| Untracked 
|   9|0x00000000fc900000, 0x00000000fc900000, 0x00000000fca00000|  0%| F|  |TAMS 0x00000000fc900000, 0x00000000fc900000| Untracked 
|  10|0x00000000fca00000, 0x00000000fca00000, 0x00000000fcb00000|  0%| F|  |TAMS 0x00000000fca00000, 0x00000000fca00000| Untracked 
|  11|0x00000000fcb00000, 0x00000000fcb00000, 0x00000000fcc00000|  0%| F|  |TAMS 0x00000000fcb00000, 0x00000000fcb00000| Untracked 
|  12|0x00000000fcc00000, 0x00000000fcc00000, 0x00000000fcd00000|  0%| F|  |TAMS 0x00000000fcc00000, 0x00000000fcc00000| Untracked 
|  13|0x00000000fcd00000, 0x00000000fcd00000, 0x00000000fce00000|  0%| F|  |TAMS 0x00000000fcd00000, 0x00000000fcd00000| Untracked 
|  14|0x00000000fce00000, 0x00000000fce00000, 0x00000000fcf00000|  0%| F|  |TAMS 0x00000000fce00000, 0x00000000fce00000| Untracked 
|  15|0x00000000fcf00000, 0x00000000fcf00000, 0x00000000fd000000|  0%| F|  |TAMS 0x00000000fcf00000, 0x00000000fcf00000| Untracked 
|  16|0x00000000fd000000, 0x00000000fd000000, 0x00000000fd100000|  0%| F|  |TAMS 0x00000000fd000000, 0x00000000fd000000| Untracked 
|  17|0x00000000fd100000, 0x00000000fd100000, 0x00000000fd200000|  0%| F|  |TAMS 0x00000000fd100000, 0x00000000fd100000| Untracked 
|  18|0x00000000fd200000, 0x00000000fd200000, 0x00000000fd300000|  0%| F|  |TAMS 0x00000000fd200000, 0x00000000fd200000| Untracked 
|  19|0x00000000fd300000, 0x00000000fd300000, 0x00000000fd400000|  0%| F|  |TAMS 0x00000000fd300000, 0x00000000fd300000| Untracked 
|  20|0x00000000fd400000, 0x00000000fd400000, 0x00000000fd500000|  0%| F|  |TAMS 0x00000000fd400000, 0x00000000fd400000| Untracked 
|  21|0x00000000fd500000, 0x00000000fd500000, 0x00000000fd600000|  0%| F|  |TAMS 0x00000000fd500000, 0x00000000fd500000| Untracked 
|  22|0x00000000fd600000, 0x00000000fd600000, 0x00000000fd700000|  0%| F|  |TAMS 0x00000000fd600000, 0x00000000fd600000| Untracked 
|  23|0x00000000fd700000, 0x00000000fd700000, 0x00000000fd800000|  0%| F|  |TAMS 0x00000000fd700000, 0x00000000fd700000| Untracked 
|  24|0x00000000fd800000, 0x00000000fd800000, 0x00000000fd900000|  0%| F|  |TAMS 0x00000000fd800000, 0x00000000fd800000| Untracked 
|  25|0x00000000fd900000, 0x00000000fd900000, 0x00000000fda00000|  0%| F|  |TAMS 0x00000000fd900000, 0x00000000fd900000| Untracked 
|  26|0x00000000fda00000, 0x00000000fda00000, 0x00000000fdb00000|  0%| F|  |TAMS 0x00000000fda00000, 0x00000000fda00000| Untracked 
|  27|0x00000000fdb00000, 0x00000000fdb00000, 0x00000000fdc00000|  0%| F|  |TAMS 0x00000000fdb00000, 0x00000000fdb00000| Untracked 
|  28|0x00000000fdc00000, 0x00000000fdc00000, 0x00000000fdd00000|  0%| F|  |TAMS 0x00000000fdc00000, 0x00000000fdc00000| Untracked 
|  29|0x00000000fdd00000, 0x00000000fdd00000, 0x00000000fde00000|  0%| F|  |TAMS 0x00000000fdd00000, 0x00000000fdd00000| Untracked 
|  30|0x00000000fde00000, 0x00000000fde00000, 0x00000000fdf00000|  0%| F|  |TAMS 0x00000000fde00000, 0x00000000fde00000| Untracked 
|  31|0x00000000fdf00000, 0x00000000fdf00000, 0x00000000fe000000|  0%| F|  |TAMS 0x00000000fdf00000, 0x00000000fdf00000| Untracked 
|  32|0x00000000fe000000, 0x00000000fe000000, 0x00000000fe100000|  0%| F|  |TAMS 0x00000000fe000000, 0x00000000fe000000| Untracked 
|  33|0x00000000fe100000, 0x00000000fe100000, 0x00000000fe200000|  0%| F|  |TAMS 0x00000000fe100000, 0x00000000fe100000| Untracked 
|  34|0x00000000fe200000, 0x00000000fe200000, 0x00000000fe300000|  0%| F|  |TAMS 0x00000000fe200000, 0x00000000fe200000| Untracked 
|  35|0x00000000fe300000, 0x00000000fe300000, 0x00000000fe400000|  0%| F|  |TAMS 0x00000000fe300000, 0x00000000fe300000| Untracked 
|  36|0x00000000fe400000, 0x00000000fe400000, 0x00000000fe500000|  0%| F|  |TAMS 0x00000000fe400000, 0x00000000fe400000| Untracked 
|  37|0x00000000fe500000, 0x00000000fe500000, 0x00000000fe600000|  0%| F|  |TAMS 0x00000000fe500000, 0x00000000fe500000| Untracked 
|  38|0x00000000fe600000, 0x00000000fe600000, 0x00000000fe700000|  0%| F|  |TAMS 0x00000000fe600000, 0x00000000fe600000| Untracked 
|  39|0x00000000fe700000, 0x00000000fe700000, 0x00000000fe800000|  0%| F|  |TAMS 0x00000000fe700000, 0x00000000fe700000| Untracked 
|  40|0x00000000fe800000, 0x00000000fe800000, 0x00000000fe900000|  0%| F|  |TAMS 0x00000000fe800000, 0x00000000fe800000| Untracked 
|  41|0x00000000fe900000, 0x00000000fe900000, 0x00000000fea00000|  0%| F|  |TAMS 0x00000000fe900000, 0x00000000fe900000| Untracked 
|  42|0x00000000fea00000, 0x00000000fea00000, 0x00000000feb00000|  0%| F|  |TAMS 0x00000000fea00000, 0x00000000fea00000| Untracked 
|  43|0x00000000feb00000, 0x00000000feb00000, 0x00000000fec00000|  0%| F|  |TAMS 0x00000000feb00000, 0x00000000feb00000| Untracked 
|  44|0x00000000fec00000, 0x00000000fec00000, 0x00000000fed00000|  0%| F|  |TAMS 0x00000000fec00000, 0x00000000fec00000| Untracked 
|  45|0x00000000fed00000, 0x00000000fed00000, 0x00000000fee00000|  0%| F|  |TAMS 0x00000000fed00000, 0x00000000fed00000| Untracked 
|  46|0x00000000fee00000, 0x00000000fee00000, 0x00000000fef00000|  0%| F|  |TAMS 0x00000000fee00000, 0x00000000fee00000| Untracked 
|  47|0x00000000fef00000, 0x00000000fef00000, 0x00000000ff000000|  0%| F|  |TAMS 0x00000000fef00000, 0x00000000fef00000| Untracked 
|  48|0x00000000ff000000, 0x00000000ff000000, 0x00000000ff100000|  0%| F|  |TAMS 0x00000000ff000000, 0x00000000ff000000| Untracked 
|  49|0x00000000ff100000, 0x00000000ff100000, 0x00000000ff200000|  0%| F|  |TAMS 0x00000000ff100000, 0x00000000ff100000| Untracked 
|  50|0x00000000ff200000, 0x00000000ff200000, 0x00000000ff300000|  0%| F|  |TAMS 0x00000000ff200000, 0x00000000ff200000| Untracked 
|  51|0x00000000ff300000, 0x00000000ff300000, 0x00000000ff400000|  0%| F|  |TAMS 0x00000000ff300000, 0x00000000ff300000| Untracked 
|  52|0x00000000ff400000, 0x00000000ff400000, 0x00000000ff500000|  0%| F|  |TAMS 0x00000000ff400000, 0x00000000ff400000| Untracked 
|  53|0x00000000ff500000, 0x00000000ff500000, 0x00000000ff600000|  0%| F|  |TAMS 0x00000000ff500000, 0x00000000ff500000| Untracked 
|  54|0x00000000ff600000, 0x00000000ff600000, 0x00000000ff700000|  0%| F|  |TAMS 0x00000000ff600000, 0x00000000ff600000| Untracked 
|  55|0x00000000ff700000, 0x00000000ff700000, 0x00000000ff800000|  0%| F|  |TAMS 0x00000000ff700000, 0x00000000ff700000| Untracked 
|  56|0x00000000ff800000, 0x00000000ff800000, 0x00000000ff900000|  0%| F|  |TAMS 0x00000000ff800000, 0x00000000ff800000| Untracked 
|  57|0x00000000ff900000, 0x00000000ff900000, 0x00000000ffa00000|  0%| F|  |TAMS 0x00000000ff900000, 0x00000000ff900000| Untracked 
|  58|0x00000000ffa00000, 0x00000000ffa00000, 0x00000000ffb00000|  0%| F|  |TAMS 0x00000000ffa00000, 0x00000000ffa00000| Untracked 
|  59|0x00000000ffb00000, 0x00000000ffb00000, 0x00000000ffc00000|  0%| F|  |TAMS 0x00000000ffb00000, 0x00000000ffb00000| Untracked 
|  60|0x00000000ffc00000, 0x00000000ffc00000, 0x00000000ffd00000|  0%| F|  |TAMS 0x00000000ffc00000, 0x00000000ffc00000| Untracked 
|  61|0x00000000ffd00000, 0x00000000ffd76638, 0x00000000ffe00000| 46%| E|  |TAMS 0x00000000ffd00000, 0x00000000ffd00000| Complete 
|  62|0x00000000ffe00000, 0x00000000fff00000, 0x00000000fff00000|100%| E|CS|TAMS 0x00000000ffe00000, 0x00000000ffe00000| Complete 
|  63|0x00000000fff00000, 0x0000000100000000, 0x0000000100000000|100%| E|CS|TAMS 0x00000000fff00000, 0x00000000fff00000| Complete 

Card table byte_map: [0x00000120d9c10000,0x00000120d9c30000] _byte_map_base: 0x00000120d9430000

Marking Bits (Prev, Next): (CMBitMap*) 0x00000120dbc65480, (CMBitMap*) 0x00000120dbc654c0
 Prev Bits: [0x00000120f29f0000, 0x00000120f2af0000)
 Next Bits: [0x00000120f2af0000, 0x00000120f2bf0000)

Polling page: 0x00000120d9910000

Metaspace:

Usage:
  Non-class:      5.61 MB used.
      Class:    532.66 KB used.
       Both:      6.13 MB used.

Virtual space:
  Non-class space:        8.00 MB reserved,       5.62 MB ( 70%) committed,  1 nodes.
      Class space:        1.00 GB reserved,     640.00 KB ( <1%) committed,  1 nodes.
             Both:        1.01 GB reserved,       6.25 MB ( <1%) committed. 

Chunk freelists:
   Non-Class:  2.13 MB
       Class:  3.23 MB
        Both:  5.36 MB

MaxMetaspaceSize: unlimited
CompressedClassSpaceSize: 1.00 GB
Initial GC threshold: 21.00 MB
Current GC threshold: 21.00 MB
CDS: off
MetaspaceReclaimPolicy: balanced
 - commit_granule_bytes: 65536.
 - commit_granule_words: 8192.
 - virtual_space_node_default_size: 1048576.
 - enlarge_chunks_in_place: 1.
 - new_chunks_are_fully_committed: 0.
 - uncommit_free_chunks: 1.
 - use_allocation_guard: 0.
 - handle_deallocations: 1.


Internal statistics:

num_allocs_failed_limit: 0.
num_arena_births: 6.
num_arena_deaths: 0.
num_vsnodes_births: 2.
num_vsnodes_deaths: 0.
num_space_committed: 100.
num_space_uncommitted: 0.
num_chunks_returned_to_freelist: 0.
num_chunks_taken_from_freelist: 28.
num_chunk_merges: 0.
num_chunk_splits: 11.
num_chunks_enlarged: 8.
num_purges: 0.
num_inconsistent_stats: 0.

CodeHeap 'non-profiled nmethods': size=120000Kb used=36Kb max_used=36Kb free=119964Kb
 bounds [0x00000120eaf70000, 0x00000120eb1e0000, 0x00000120f24a0000]
CodeHeap 'profiled nmethods': size=120000Kb used=173Kb max_used=173Kb free=119827Kb
 bounds [0x00000120e3a40000, 0x00000120e3cb0000, 0x00000120eaf70000]
CodeHeap 'non-nmethods': size=5760Kb used=1101Kb max_used=1112Kb free=4658Kb
 bounds [0x00000120e34a0000, 0x00000120e3710000, 0x00000120e3a40000]
 total_blobs=522 nmethods=145 adapters=290
 compilation: enabled
              stopped_count=0, restarted_count=0
 full_count=0

Compilation events (20 events):
Event: 0.162 Thread 0x00000120801c5ef0  136       3       java.lang.String::lastIndexOf (12 bytes)
Event: 0.162 Thread 0x00000120801c5ef0 nmethod 136 0x00000120e3a68290 code [0x00000120e3a68480, 0x00000120e3a68878]
Event: 0.162 Thread 0x00000120801c5ef0  137       3       java.lang.String::toString (2 bytes)
Event: 0.162 Thread 0x00000120801c5ef0 nmethod 137 0x00000120e3a68a10 code [0x00000120e3a68ba0, 0x00000120e3a68cb8]
Event: 0.163 Thread 0x00000120801c5ef0  138       3       java.lang.StringConcatHelper::stringOf (20 bytes)
Event: 0.163 Thread 0x00000120801c5ef0 nmethod 138 0x00000120e3a68d90 code [0x00000120e3a68f40, 0x00000120e3a69168]
Event: 0.163 Thread 0x00000120801c5ef0  139       3       java.lang.StringConcatHelper::mix (27 bytes)
Event: 0.164 Thread 0x00000120801c5ef0 nmethod 139 0x00000120e3a69210 code [0x00000120e3a693e0, 0x00000120e3a697e8]
Event: 0.164 Thread 0x00000120801c5ef0  140       3       java.util.Objects::requireNonNull (15 bytes)
Event: 0.164 Thread 0x00000120801c5ef0 nmethod 140 0x00000120e3a69990 code [0x00000120e3a69b40, 0x00000120e3a69d28]
Event: 0.164 Thread 0x00000120801c5ef0  141       3       java.lang.AbstractStringBuilder::<init> (39 bytes)
Event: 0.164 Thread 0x00000120801c5ef0 nmethod 141 0x00000120e3a69e10 code [0x00000120e3a69fc0, 0x00000120e3a6a238]
Event: 0.164 Thread 0x00000120801c5ef0  142       3       java.lang.StringBuilder::toString (35 bytes)
Event: 0.165 Thread 0x00000120801c5ef0 nmethod 142 0x00000120e3a6a310 code [0x00000120e3a6a4e0, 0x00000120e3a6a7b8]
Event: 0.165 Thread 0x00000120801c5ef0  143       3       java.util.Arrays::copyOf (19 bytes)
Event: 0.165 Thread 0x00000120801c5ef0 nmethod 143 0x00000120e3a6a890 code [0x00000120e3a6aa40, 0x00000120e3a6ad28]
Event: 0.165 Thread 0x00000120801c5ef0  144       1       java.security.ProtectionDomain::getCodeSource (5 bytes)
Event: 0.165 Thread 0x00000120801c5ef0 nmethod 144 0x00000120eaf78d10 code [0x00000120eaf78ea0, 0x00000120eaf78f78]
Event: 0.165 Thread 0x00000120801c5ef0  145       3       java.net.URI::match (56 bytes)
Event: 0.165 Thread 0x00000120801c5ef0 nmethod 145 0x00000120e3a6ae90 code [0x00000120e3a6b040, 0x00000120e3a6b358]

GC Heap History (0 events):
No events

Deoptimization events (0 events):
No events

Classes unloaded (0 events):
No events

Classes redefined (0 events):
No events

Internal exceptions (0 events):
No events

VM Operations (2 events):
Event: 0.125 Executing VM operation: HandshakeAllThreads
Event: 0.125 Executing VM operation: HandshakeAllThreads done

Events (20 events):
Event: 0.166 loading class java/security/Provider$EngineDescription done
Event: 0.166 loading class jdk/internal/math/FloatingDecimal
Event: 0.166 loading class jdk/internal/math/FloatingDecimal done
Event: 0.166 loading class jdk/internal/math/FloatingDecimal$ExceptionalBinaryToASCIIBuffer
Event: 0.167 loading class jdk/internal/math/FloatingDecimal$BinaryToASCIIConverter
Event: 0.167 loading class jdk/internal/math/FloatingDecimal$BinaryToASCIIConverter done
Event: 0.167 loading class jdk/internal/math/FloatingDecimal$ExceptionalBinaryToASCIIBuffer done
Event: 0.167 loading class jdk/internal/math/FloatingDecimal$BinaryToASCIIBuffer
Event: 0.167 loading class jdk/internal/math/FloatingDecimal$BinaryToASCIIBuffer done
Event: 0.167 loading class jdk/internal/math/FloatingDecimal$1
Event: 0.167 loading class jdk/internal/math/FloatingDecimal$1 done
Event: 0.167 loading class jdk/internal/math/FloatingDecimal$PreparedASCIIToBinaryBuffer
Event: 0.167 loading class jdk/internal/math/FloatingDecimal$ASCIIToBinaryConverter
Event: 0.167 loading class jdk/internal/math/FloatingDecimal$ASCIIToBinaryConverter done
Event: 0.167 loading class jdk/internal/math/FloatingDecimal$PreparedASCIIToBinaryBuffer done
Event: 0.167 loading class jdk/internal/math/FloatingDecimal$ASCIIToBinaryBuffer
Event: 0.167 loading class jdk/internal/math/FloatingDecimal$ASCIIToBinaryBuffer done
Event: 0.167 loading class sun/security/jca/ProviderList$2
Event: 0.168 loading class sun/security/jca/ProviderList$2 done
Event: 0.168 loading class java/security/Security


Dynamic libraries:
0x00007ff6ade10000 - 0x00007ff6ade20000 	C:\Program Files\jdk-17.0.2\bin\java.exe
0x00007fff89470000 - 0x00007fff89668000 	C:\Windows\SYSTEM32\ntdll.dll
0x00007fff88770000 - 0x00007fff8882f000 	C:\Windows\System32\KERNEL32.DLL
0x00007fff86b60000 - 0x00007fff86e32000 	C:\Windows\System32\KERNELBASE.dll
0x00007fff86e40000 - 0x00007fff86f40000 	C:\Windows\System32\ucrtbase.dll
0x00007fff574f0000 - 0x00007fff5750a000 	C:\Program Files\jdk-17.0.2\bin\VCRUNTIME140.dll
0x00007fff5fb30000 - 0x00007fff5fb48000 	C:\Program Files\jdk-17.0.2\bin\jli.dll
0x00007fff88ea0000 - 0x00007fff88f4e000 	C:\Windows\System32\ADVAPI32.dll
0x00007fff87f90000 - 0x00007fff8802e000 	C:\Windows\System32\msvcrt.dll
0x00007fff874b0000 - 0x00007fff8754c000 	C:\Windows\System32\sechost.dll
0x00007fff87550000 - 0x00007fff87675000 	C:\Windows\System32\RPCRT4.dll
0x00007fff89130000 - 0x00007fff892d1000 	C:\Windows\System32\USER32.dll
0x00007fff87270000 - 0x00007fff87292000 	C:\Windows\System32\win32u.dll
0x00007fff881c0000 - 0x00007fff881eb000 	C:\Windows\System32\GDI32.dll
0x00007fff873a0000 - 0x00007fff874af000 	C:\Windows\System32\gdi32full.dll
0x00007fff871d0000 - 0x00007fff8726d000 	C:\Windows\System32\msvcp_win.dll
0x00007fff74930000 - 0x00007fff74bca000 	C:\Windows\WinSxS\amd64_microsoft.windows.common-controls_6595b64144ccf1df_6.0.19041.1110_none_60b5254171f9507e\COMCTL32.dll
0x00007fff81610000 - 0x00007fff8161a000 	C:\Windows\SYSTEM32\VERSION.dll
0x00007fff89390000 - 0x00007fff893c2000 	C:\Windows\System32\IMM32.DLL
0x00007fff6cce0000 - 0x00007fff6ccec000 	C:\Program Files\jdk-17.0.2\bin\vcruntime140_1.dll
0x00007fff37fe0000 - 0x00007fff3806d000 	C:\Program Files\jdk-17.0.2\bin\msvcp140.dll
0x00007fff2c910000 - 0x00007fff2d4d1000 	C:\Program Files\jdk-17.0.2\bin\server\jvm.dll
0x00007fff87680000 - 0x00007fff87688000 	C:\Windows\System32\PSAPI.DLL
0x00007fff73a60000 - 0x00007fff73a87000 	C:\Windows\SYSTEM32\WINMM.dll
0x00007fff74920000 - 0x00007fff74929000 	C:\Windows\SYSTEM32\WSOCK32.dll
0x00007fff88030000 - 0x00007fff8809b000 	C:\Windows\System32\WS2_32.dll
0x00007fff84960000 - 0x00007fff84972000 	C:\Windows\SYSTEM32\kernel.appcore.dll
0x00007fff6bab0000 - 0x00007fff6baba000 	C:\Program Files\jdk-17.0.2\bin\jimage.dll
0x00007fff74730000 - 0x00007fff74914000 	C:\Windows\SYSTEM32\DBGHELP.DLL
0x00007fff72a70000 - 0x00007fff72aa5000 	C:\Windows\SYSTEM32\dbgcore.DLL
0x00007fff870a0000 - 0x00007fff87122000 	C:\Windows\System32\bcryptPrimitives.dll
0x00007fff5fe60000 - 0x00007fff5fe85000 	C:\Program Files\jdk-17.0.2\bin\java.dll
0x00007fff374b0000 - 0x00007fff37586000 	C:\Program Files\jdk-17.0.2\bin\jsvml.dll
0x00007fff87690000 - 0x00007fff87dd4000 	C:\Windows\System32\SHELL32.dll
0x00007fff84c40000 - 0x00007fff853d2000 	C:\Windows\SYSTEM32\windows.storage.dll
0x00007fff88280000 - 0x00007fff885d5000 	C:\Windows\System32\combase.dll
0x00007fff864e0000 - 0x00007fff86510000 	C:\Windows\SYSTEM32\Wldp.dll
0x00007fff892e0000 - 0x00007fff8938d000 	C:\Windows\System32\SHCORE.dll
0x00007fff890d0000 - 0x00007fff89125000 	C:\Windows\System32\shlwapi.dll
0x00007fff86aa0000 - 0x00007fff86abf000 	C:\Windows\SYSTEM32\profapi.dll
0x00007fff574d0000 - 0x00007fff574e9000 	C:\Program Files\jdk-17.0.2\bin\net.dll
0x00007fff80020000 - 0x00007fff8012c000 	C:\Windows\SYSTEM32\WINHTTP.dll
0x00007fff86240000 - 0x00007fff862aa000 	C:\Windows\system32\mswsock.dll
0x00007fff37fc0000 - 0x00007fff37fd6000 	C:\Program Files\jdk-17.0.2\bin\nio.dll
0x00007fff36b50000 - 0x00007fff36b68000 	C:\Program Files\jdk-17.0.2\bin\zip.dll

dbghelp: loaded successfully - version: 4.0.5 - missing functions: none
symbol engine: initialized successfully - sym options: 0x614 - pdb path: .;C:\Program Files\jdk-17.0.2\bin;C:\Windows\SYSTEM32;C:\Windows\WinSxS\amd64_microsoft.windows.common-controls_6595b64144ccf1df_6.0.19041.1110_none_60b5254171f9507e;C:\Program Files\jdk-17.0.2\bin\server

VM Arguments:
jvm_args: -Xmx64m -Xms64m -Dorg.gradle.appname=gradlew 
java_command: org.gradle.wrapper.GradleWrapperMain app:installDebug -PreactNativeDevServerPort=8081
java_class_path (initial): D:\0.React-native\SafetyCulture\android\\gradle\wrapper\gradle-wrapper.jar
Launcher Type: SUN_STANDARD

[Global flags]
     intx CICompilerCount                          = 4                                         {product} {ergonomic}
     uint ConcGCThreads                            = 3                                         {product} {ergonomic}
     uint G1ConcRefinementThreads                  = 10                                        {product} {ergonomic}
   size_t G1HeapRegionSize                         = 1048576                                   {product} {ergonomic}
    uintx GCDrainStackTargetSize                   = 64                                        {product} {ergonomic}
   size_t InitialHeapSize                          = 67108864                                  {product} {command line}
   size_t MarkStackSize                            = 4194304                                   {product} {ergonomic}
   size_t MaxHeapSize                              = 67108864                                  {product} {command line}
   size_t MaxNewSize                               = 39845888                                  {product} {ergonomic}
   size_t MinHeapDeltaBytes                        = 1048576                                   {product} {ergonomic}
   size_t MinHeapSize                              = 67108864                                  {product} {command line}
    uintx NonNMethodCodeHeapSize                   = 5839372                                {pd product} {ergonomic}
    uintx NonProfiledCodeHeapSize                  = 122909434                              {pd product} {ergonomic}
    uintx ProfiledCodeHeapSize                     = 122909434                              {pd product} {ergonomic}
    uintx ReservedCodeCacheSize                    = 251658240                              {pd product} {ergonomic}
     bool SegmentedCodeCache                       = true                                      {product} {ergonomic}
   size_t SoftMaxHeapSize                          = 67108864                               {manageable} {ergonomic}
     bool UseCompressedClassPointers               = true                           {product lp64_product} {ergonomic}
     bool UseCompressedOops                        = true                           {product lp64_product} {ergonomic}
     bool UseG1GC                                  = true                                      {product} {ergonomic}
     bool UseLargePagesIndividualAllocation        = false                                  {pd product} {ergonomic}

Logging:
Log output configuration:
 #0: stdout all=warning uptime,level,tags
 #1: stderr all=off uptime,level,tags

Environment Variables:
JAVA_HOME=C:\Program Files\jdk-17.0.2
CLASSPATH=D:\0.React-native\SafetyCulture\android\\gradle\wrapper\gradle-wrapper.jar
PATH=D:\0.React-native\SafetyCulture\android\node_modules\.bin;D:\0.React-native\SafetyCulture\node_modules\.bin;D:\0.React-native\node_modules\.bin;D:\node_modules\.bin;C:\Program Files\nodejs;D:\0.React-native\SafetyCulture\node_modules\.bin;D:\0.React-native\node_modules\.bin;D:\node_modules\.bin;C:\Program Files\nodejs\node_modules\npm\node_modules\@npmcli\run-script\lib\node-gyp-bin;C:\Program Files\Common Files\Oracle\Java\javapath;C:\Python\Scripts\;C:\Python\;C:\Windows\system32;C:\Windows;C:\Windows\System32\Wbem;C:\Windows\System32\WindowsPowerShell\v1.0\;C:\Windows\System32\OpenSSH\;C:\Program Files\jdk-17.0.2\bin;C:\Program Files\nodejs\;C:\Program Files\Git\cmd;C:\Program Files\PuTTY\;c:\python\lib\site-packages;C:\ProgramData\Anaconda3\Library;C:\Program Files\openssl-0.9.8k_X64\bin;C:\Users\Valiantdata_hs\AppData\Local\Android\Sdk\platform-tools;D:\flutter\bin;C:\Users\Valiantdata_hs\.gradle;C:\Program Files\MariaDB 10.6\bin;C:\Program Files\MySQL\MySQL Shell 8.0\bin\;C:\Users\Valiantdata_hs\AppData\Local\Microsoft\WindowsApps;C:\Users\Valiantdata_hs\AppData\Local\Programs\Microsoft VS Code\bin;C:\Users\Valiantdata_hs\AppData\Roaming\npm;C:\Users\Valiantdata_hs\AppData\Local\GitHubDesktop\bin;C:\Program Files\JetBrains\IntelliJ IDEA 2022.1.1\bin;;C:\Program Files\openssl-0.9.8k_X64\bin;C:\Users\Valiantdata_hs\AppData\Local\Android\Sdk\platform-tools;D:\flutter\bin;C:\Users\Valiantdata_hs\.gradle;C:\Program Files\MariaDB 10.6\bin;
USERNAME=Valiantdata_hs
LANG=ko_KR.UTF-8
OS=Windows_NT
PROCESSOR_IDENTIFIER=Intel64 Family 6 Model 165 Stepping 3, GenuineIntel



---------------  S Y S T E M  ---------------

OS:
 Windows 10 , 64 bit Build 19041 (10.0.19041.2364)
OS uptime: 0 days 1:29 hours

CPU: total 12 (initial active 12) (6 cores per cpu, 2 threads per core) family 6 model 165 stepping 3 microcode 0xe0, cx8, cmov, fxsr, ht, mmx, 3dnowpref, sse, sse2, sse3, ssse3, sse4.1, sse4.2, popcnt, lzcnt, tsc, tscinvbit, avx, avx2, aes, erms, clmul, bmi1, bmi2, adx, fma, vzeroupper, clflush, clflushopt

Memory: 4k page, system-wide physical 15990M (4173M free)
TotalPageFile size 15990M (AvailPageFile size 1M)
current process WorkingSet (physical memory assigned to process): 30M, peak: 30M
current process commit charge ("private bytes"): 142M, peak: 142M

vm_info: Java HotSpot(TM) 64-Bit Server VM (17.0.2+8-LTS-86) for windows-amd64 JRE (17.0.2+8-LTS-86), built on Dec  7 2021 21:51:03 by "mach5one" with MS VC++ 16.8 / 16.9 (VS2019)

END.
