#
# There is insufficient memory for the Java Runtime Environment to continue.
# Native memory allocation (malloc) failed to allocate 2706016 bytes for Chunk::new
# Possible reasons:
#   The system is out of physical RAM or swap space
#   The process is running with CompressedOops enabled, and the Java Heap may be blocking the growth of the native heap
# Possible solutions:
#   Reduce memory load on the system
#   Increase physical memory or swap space
#   Check if swap backing store is full
#   Decrease Java heap size (-Xmx/-Xms)
#   Decrease number of Java threads
#   Decrease Java thread stack sizes (-Xss)
#   Set larger code cache with -XX:ReservedCodeCacheSize=
#   JVM is running with Zero Based Compressed Oops mode in which the Java heap is
#     placed in the first 32GB address space. The Java Heap base address is the
#     maximum limit for the native heap growth. Please use -XX:HeapBaseMinAddress
#     to set the Java Heap base and to place the Java Heap above 32GB virtual address.
# This output file may be truncated or incomplete.
#
#  Out of Memory Error (arena.cpp:189), pid=4476, tid=1496
#
# JRE version: Java(TM) SE Runtime Environment (17.0.2+8) (build 17.0.2+8-LTS-86)
# Java VM: Java HotSpot(TM) 64-Bit Server VM (17.0.2+8-LTS-86, mixed mode, sharing, tiered, compressed oops, compressed class ptrs, g1 gc, windows-amd64)
# No core dump will be written. Minidumps are not enabled by default on client versions of Windows
#

---------------  S U M M A R Y ------------

Command Line: org.jetbrains.kotlin.cli.jvm.K2JVMCompiler @D:\0.React-native\SafetyCulture\node_modules\react-native-gradle-plugin\build\20221220_1860085508889633613.compiler.options

Host: Intel(R) Core(TM) i5-10400 CPU @ 2.90GHz, 12 cores, 15G,  Windows 10 , 64 bit Build 19041 (10.0.19041.2364)
Time: Tue Dec 20 13:44:11 2022  Windows 10 , 64 bit Build 19041 (10.0.19041.2364) elapsed time: 6.086646 seconds (0d 0h 0m 6s)

---------------  T H R E A D  ---------------

Current thread (0x0000027e06970870):  JavaThread "C2 CompilerThread1" daemon [_thread_in_native, id=1496, stack(0x000000b843c00000,0x000000b843d00000)]


Current CompileTask:
C2:   6086 10074       4       org.jetbrains.kotlin.types.AbstractTypeChecker::isSubtypeOf (46 bytes)

Stack: [0x000000b843c00000,0x000000b843d00000]
Native frames: (J=compiled Java code, j=interpreted, Vv=VM code, C=native code)
V  [jvm.dll+0x670baa]
V  [jvm.dll+0x7cfcb4]
V  [jvm.dll+0x7d145e]
V  [jvm.dll+0x7d1ac3]
V  [jvm.dll+0x242bc5]
V  [jvm.dll+0xaa57b]
V  [jvm.dll+0xaab0c]
V  [jvm.dll+0x35fd07]
V  [jvm.dll+0x32a331]
V  [jvm.dll+0x3297da]
V  [jvm.dll+0x215c91]
V  [jvm.dll+0x2150b1]
V  [jvm.dll+0x1a1bbd]
V  [jvm.dll+0x224908]
V  [jvm.dll+0x222a6c]
V  [jvm.dll+0x7859bb]
V  [jvm.dll+0x77ff7a]
V  [jvm.dll+0x66fa35]
C  [ucrtbase.dll+0x21bb2]
C  [KERNEL32.DLL+0x17614]
C  [ntdll.dll+0x526a1]


---------------  P R O C E S S  ---------------

Threads class SMR info:
_java_thread_list=0x0000027e0709fd40, length=14, elements={
0x0000027e626d4740, 0x0000027e7f7063f0, 0x0000027e7f707260, 0x0000027e7f71db90,
0x0000027e7f71e450, 0x0000027e06802090, 0x0000027e06806960, 0x0000027e06810570,
0x0000027e06816390, 0x0000027e06818ca0, 0x0000027e06935dc0, 0x0000027e06947db0,
0x0000027e06970870, 0x0000027e0736a250
}

Java Threads: ( => current thread )
  0x0000027e626d4740 JavaThread "main" [_thread_in_Java, id=5824, stack(0x000000b842900000,0x000000b842a00000)]
  0x0000027e7f7063f0 JavaThread "Reference Handler" daemon [_thread_blocked, id=3244, stack(0x000000b843000000,0x000000b843100000)]
  0x0000027e7f707260 JavaThread "Finalizer" daemon [_thread_blocked, id=15744, stack(0x000000b843100000,0x000000b843200000)]
  0x0000027e7f71db90 JavaThread "Signal Dispatcher" daemon [_thread_blocked, id=8220, stack(0x000000b843200000,0x000000b843300000)]
  0x0000027e7f71e450 JavaThread "Attach Listener" daemon [_thread_blocked, id=9020, stack(0x000000b843300000,0x000000b843400000)]
  0x0000027e06802090 JavaThread "Service Thread" daemon [_thread_blocked, id=9144, stack(0x000000b843400000,0x000000b843500000)]
  0x0000027e06806960 JavaThread "Monitor Deflation Thread" daemon [_thread_blocked, id=13476, stack(0x000000b843500000,0x000000b843600000)]
  0x0000027e06810570 JavaThread "C2 CompilerThread0" daemon [_thread_in_native, id=8968, stack(0x000000b843600000,0x000000b843700000)]
  0x0000027e06816390 JavaThread "C1 CompilerThread0" daemon [_thread_in_native, id=8256, stack(0x000000b843700000,0x000000b843800000)]
  0x0000027e06818ca0 JavaThread "Sweeper thread" daemon [_thread_blocked, id=15380, stack(0x000000b843800000,0x000000b843900000)]
  0x0000027e06935dc0 JavaThread "Notification Thread" daemon [_thread_blocked, id=3468, stack(0x000000b843900000,0x000000b843a00000)]
  0x0000027e06947db0 JavaThread "Common-Cleaner" daemon [_thread_blocked, id=14484, stack(0x000000b843b00000,0x000000b843c00000)]
=>0x0000027e06970870 JavaThread "C2 CompilerThread1" daemon [_thread_in_native, id=1496, stack(0x000000b843c00000,0x000000b843d00000)]
  0x0000027e0736a250 JavaThread "C2 CompilerThread2" daemon [_thread_in_native, id=14840, stack(0x000000b844600000,0x000000b844700000)]

Other Threads:
  0x0000027e7f702800 VMThread "VM Thread" [stack: 0x000000b842f00000,0x000000b843000000] [id=7236]
  0x0000027e0693ece0 WatcherThread [stack: 0x000000b843a00000,0x000000b843b00000] [id=14200]
  0x0000027e62724ad0 GCTaskThread "GC Thread#0" [stack: 0x000000b842a00000,0x000000b842b00000] [id=6096]
  0x0000027e06d205e0 GCTaskThread "GC Thread#1" [stack: 0x000000b843d00000,0x000000b843e00000] [id=11480]
  0x0000027e06e269e0 GCTaskThread "GC Thread#2" [stack: 0x000000b843e00000,0x000000b843f00000] [id=7736]
  0x0000027e06d6c030 GCTaskThread "GC Thread#3" [stack: 0x000000b843f00000,0x000000b844000000] [id=2036]
  0x0000027e06d6c2e0 GCTaskThread "GC Thread#4" [stack: 0x000000b844000000,0x000000b844100000] [id=7672]
  0x0000027e06d6c590 GCTaskThread "GC Thread#5" [stack: 0x000000b844100000,0x000000b844200000] [id=16348]
  0x0000027e0703a490 GCTaskThread "GC Thread#6" [stack: 0x000000b844200000,0x000000b844300000] [id=15036]
  0x0000027e07201480 GCTaskThread "GC Thread#7" [stack: 0x000000b844300000,0x000000b844400000] [id=7356]
  0x0000027e07374d00 GCTaskThread "GC Thread#8" [stack: 0x000000b844400000,0x000000b844500000] [id=9800]
  0x0000027e073751c0 GCTaskThread "GC Thread#9" [stack: 0x000000b844500000,0x000000b844600000] [id=12472]
  0x0000027e627353e0 ConcurrentGCThread "G1 Main Marker" [stack: 0x000000b842b00000,0x000000b842c00000] [id=632]
  0x0000027e62735df0 ConcurrentGCThread "G1 Conc#0" [stack: 0x000000b842c00000,0x000000b842d00000] [id=6712]
  0x0000027e08470df0 ConcurrentGCThread "G1 Conc#1" [stack: 0x000000b844700000,0x000000b844800000] [id=13788]
  0x0000027e0846fdd0 ConcurrentGCThread "G1 Conc#2" [stack: 0x000000b844800000,0x000000b844900000] [id=1544]
  0x0000027e627ad290 ConcurrentGCThread "G1 Refine#0" [stack: 0x000000b842d00000,0x000000b842e00000] [id=308]
  0x0000027e627adcb0 ConcurrentGCThread "G1 Service" [stack: 0x000000b842e00000,0x000000b842f00000] [id=2652]

Threads with active compile tasks:
C2 CompilerThread0     6118 10226       4       org.jetbrains.kotlin.resolve.calls.tower.NoExplicitReceiverScopeTowerProcessor::simpleProcess (103 bytes)
C1 CompilerThread0     6118 10366       3       org.jetbrains.kotlin.resolve.jvm.kotlinSignature.SignaturesPropagationData::<init> (161 bytes)
C2 CompilerThread1     6118 10074       4       org.jetbrains.kotlin.types.AbstractTypeChecker::isSubtypeOf (46 bytes)
C2 CompilerThread2     6118 10217       4       org.jetbrains.kotlin.types.model.TypeSystemContext$DefaultImpls::isDefinitelyNotNullType (44 bytes)

VM state: not at safepoint (normal execution)

VM Mutex/Monitor currently owned by a thread: None

Heap address: 0x0000000706200000, size: 3998 MB, Compressed Oops mode: Zero based, Oop shift amount: 3

CDS archive(s) mapped at: [0x0000000800000000-0x0000000800bc0000-0x0000000800bc0000), size 12320768, SharedBaseAddress: 0x0000000800000000, ArchiveRelocationMode: 0.
Compressed class space mapped at: 0x0000000800c00000-0x0000000840c00000, reserved size: 1073741824
Narrow klass base: 0x0000000800000000, Narrow klass shift: 0, Narrow klass range: 0x100000000

GC Precious Log:
 CPUs: 12 total, 12 available
 Memory: 15990M
 Large Page Support: Disabled
 NUMA Support: Disabled
 Compressed Oops: Enabled (Zero based)
 Heap Region Size: 2M
 Heap Min Capacity: 8M
 Heap Initial Capacity: 250M
 Heap Max Capacity: 3998M
 Pre-touch: Disabled
 Parallel Workers: 10
 Concurrent Workers: 3
 Concurrent Refinement Workers: 10
 Periodic GC: Disabled

Heap:
 garbage-first heap   total 290816K, used 132714K [0x0000000706200000, 0x0000000800000000)
  region size 2048K, 38 young (77824K), 3 survivors (6144K)
 Metaspace       used 54059K, committed 54400K, reserved 1097728K
  class space    used 6202K, committed 6400K, reserved 1048576K

Heap Regions: E=young(eden), S=young(survivor), O=old, HS=humongous(starts), HC=humongous(continues), CS=collection set, F=free, OA=open archive, CA=closed archive, TAMS=top-at-mark-start (previous, next)
|   0|0x0000000706200000, 0x0000000706400000, 0x0000000706400000|100%|HS|  |TAMS 0x0000000706400000, 0x0000000706200000| Complete 
|   1|0x0000000706400000, 0x0000000706600000, 0x0000000706600000|100%|HC|  |TAMS 0x0000000706600000, 0x0000000706400000| Complete 
|   2|0x0000000706600000, 0x0000000706800000, 0x0000000706800000|100%|HS|  |TAMS 0x0000000706800000, 0x0000000706600000| Complete 
|   3|0x0000000706800000, 0x0000000706a00000, 0x0000000706a00000|100%|HC|  |TAMS 0x0000000706a00000, 0x0000000706800000| Complete 
|   4|0x0000000706a00000, 0x0000000706c00000, 0x0000000706c00000|100%|HS|  |TAMS 0x0000000706a00000, 0x0000000706a00000| Complete 
|   5|0x0000000706c00000, 0x0000000706e00000, 0x0000000706e00000|100%|HC|  |TAMS 0x0000000706c00000, 0x0000000706c00000| Complete 
|   6|0x0000000706e00000, 0x0000000707000000, 0x0000000707000000|100%|HC|  |TAMS 0x0000000706e00000, 0x0000000706e00000| Complete 
|   7|0x0000000707000000, 0x0000000707200000, 0x0000000707200000|100%| O|  |TAMS 0x0000000707200000, 0x0000000707000000| Untracked 
|   8|0x0000000707200000, 0x0000000707400000, 0x0000000707400000|100%| O|  |TAMS 0x0000000707200000, 0x0000000707200000| Untracked 
|   9|0x0000000707400000, 0x0000000707600000, 0x0000000707600000|100%| O|  |TAMS 0x0000000707483800, 0x0000000707400000| Untracked 
|  10|0x0000000707600000, 0x0000000707800000, 0x0000000707800000|100%| O|  |TAMS 0x0000000707600000, 0x0000000707600000| Untracked 
|  11|0x0000000707800000, 0x0000000707a00000, 0x0000000707a00000|100%| O|  |TAMS 0x0000000707800000, 0x0000000707800000| Untracked 
|  12|0x0000000707a00000, 0x0000000707c00000, 0x0000000707c00000|100%| O|  |TAMS 0x0000000707a00000, 0x0000000707a00000| Untracked 
|  13|0x0000000707c00000, 0x0000000707e00000, 0x0000000707e00000|100%| O|  |TAMS 0x0000000707e00000, 0x0000000707c00000| Untracked 
|  14|0x0000000707e00000, 0x0000000708000000, 0x0000000708000000|100%| O|  |TAMS 0x0000000708000000, 0x0000000707e00000| Untracked 
|  15|0x0000000708000000, 0x0000000708200000, 0x0000000708200000|100%| O|  |TAMS 0x0000000708200000, 0x0000000708000000| Untracked 
|  16|0x0000000708200000, 0x0000000708400000, 0x0000000708400000|100%| O|  |TAMS 0x0000000708400000, 0x0000000708200000| Untracked 
|  17|0x0000000708400000, 0x0000000708600000, 0x0000000708600000|100%| O|  |TAMS 0x0000000708600000, 0x0000000708400000| Untracked 
|  18|0x0000000708600000, 0x0000000708800000, 0x0000000708800000|100%| O|  |TAMS 0x0000000708800000, 0x0000000708600000| Untracked 
|  19|0x0000000708800000, 0x0000000708a00000, 0x0000000708a00000|100%| O|  |TAMS 0x0000000708a00000, 0x0000000708800000| Untracked 
|  20|0x0000000708a00000, 0x0000000708c00000, 0x0000000708c00000|100%| O|  |TAMS 0x0000000708c00000, 0x0000000708a00000| Untracked 
|  21|0x0000000708c00000, 0x0000000708e00000, 0x0000000708e00000|100%| O|  |TAMS 0x0000000708e00000, 0x0000000708c00000| Untracked 
|  22|0x0000000708e00000, 0x0000000709000000, 0x0000000709000000|100%| O|  |TAMS 0x0000000708e00000, 0x0000000708e00000| Untracked 
|  23|0x0000000709000000, 0x0000000709200000, 0x0000000709200000|100%| O|  |TAMS 0x0000000709000000, 0x0000000709000000| Untracked 
|  24|0x0000000709200000, 0x0000000709400000, 0x0000000709400000|100%| O|  |TAMS 0x0000000709200000, 0x0000000709200000| Untracked 
|  25|0x0000000709400000, 0x0000000709600000, 0x0000000709600000|100%| O|  |TAMS 0x0000000709400000, 0x0000000709400000| Untracked 
|  26|0x0000000709600000, 0x0000000709800000, 0x0000000709800000|100%| O|  |TAMS 0x0000000709600000, 0x0000000709600000| Untracked 
|  27|0x0000000709800000, 0x0000000709a00000, 0x0000000709a00000|100%| O|  |TAMS 0x0000000709800000, 0x0000000709800000| Untracked 
|  28|0x0000000709a00000, 0x0000000709a48800, 0x0000000709c00000| 14%| O|  |TAMS 0x0000000709a00000, 0x0000000709a00000| Untracked 
|  29|0x0000000709c00000, 0x0000000709c00000, 0x0000000709e00000|  0%| F|  |TAMS 0x0000000709c00000, 0x0000000709c00000| Untracked 
|  30|0x0000000709e00000, 0x0000000709e00000, 0x000000070a000000|  0%| F|  |TAMS 0x0000000709e00000, 0x0000000709e00000| Untracked 
|  31|0x000000070a000000, 0x000000070a000000, 0x000000070a200000|  0%| F|  |TAMS 0x000000070a000000, 0x000000070a000000| Untracked 
|  32|0x000000070a200000, 0x000000070a200000, 0x000000070a400000|  0%| F|  |TAMS 0x000000070a200000, 0x000000070a200000| Untracked 
|  33|0x000000070a400000, 0x000000070a400000, 0x000000070a600000|  0%| F|  |TAMS 0x000000070a400000, 0x000000070a400000| Untracked 
|  34|0x000000070a600000, 0x000000070a600000, 0x000000070a800000|  0%| F|  |TAMS 0x000000070a600000, 0x000000070a600000| Untracked 
|  35|0x000000070a800000, 0x000000070a800000, 0x000000070aa00000|  0%| F|  |TAMS 0x000000070a800000, 0x000000070a800000| Untracked 
|  36|0x000000070aa00000, 0x000000070aa00000, 0x000000070ac00000|  0%| F|  |TAMS 0x000000070aa00000, 0x000000070aa00000| Untracked 
|  37|0x000000070ac00000, 0x000000070ac00000, 0x000000070ae00000|  0%| F|  |TAMS 0x000000070ac00000, 0x000000070ac00000| Untracked 
|  38|0x000000070ae00000, 0x000000070ae00000, 0x000000070b000000|  0%| F|  |TAMS 0x000000070ae00000, 0x000000070ae00000| Untracked 
|  39|0x000000070b000000, 0x000000070b000000, 0x000000070b200000|  0%| F|  |TAMS 0x000000070b000000, 0x000000070b000000| Untracked 
|  40|0x000000070b200000, 0x000000070b352098, 0x000000070b400000| 66%| S|CS|TAMS 0x000000070b200000, 0x000000070b200000| Complete 
|  41|0x000000070b400000, 0x000000070b400000, 0x000000070b600000|  0%| F|  |TAMS 0x000000070b400000, 0x000000070b400000| Untracked 
|  42|0x000000070b600000, 0x000000070b600000, 0x000000070b800000|  0%| F|  |TAMS 0x000000070b600000, 0x000000070b600000| Untracked 
|  43|0x000000070b800000, 0x000000070ba00000, 0x000000070ba00000|100%| S|CS|TAMS 0x000000070b800000, 0x000000070b800000| Complete 
|  44|0x000000070ba00000, 0x000000070bc00000, 0x000000070bc00000|100%| S|CS|TAMS 0x000000070ba00000, 0x000000070ba00000| Complete 
|  45|0x000000070bc00000, 0x000000070bc00000, 0x000000070be00000|  0%| F|  |TAMS 0x000000070bc00000, 0x000000070bc00000| Untracked 
|  46|0x000000070be00000, 0x000000070be00000, 0x000000070c000000|  0%| F|  |TAMS 0x000000070be00000, 0x000000070be00000| Untracked 
|  47|0x000000070c000000, 0x000000070c000000, 0x000000070c200000|  0%| F|  |TAMS 0x000000070c000000, 0x000000070c000000| Untracked 
|  48|0x000000070c200000, 0x000000070c200000, 0x000000070c400000|  0%| F|  |TAMS 0x000000070c200000, 0x000000070c200000| Untracked 
|  49|0x000000070c400000, 0x000000070c400000, 0x000000070c600000|  0%| F|  |TAMS 0x000000070c400000, 0x000000070c400000| Untracked 
|  50|0x000000070c600000, 0x000000070c600000, 0x000000070c800000|  0%| F|  |TAMS 0x000000070c600000, 0x000000070c600000| Untracked 
|  51|0x000000070c800000, 0x000000070c800000, 0x000000070ca00000|  0%| F|  |TAMS 0x000000070c800000, 0x000000070c800000| Untracked 
|  52|0x000000070ca00000, 0x000000070ca00000, 0x000000070cc00000|  0%| F|  |TAMS 0x000000070ca00000, 0x000000070ca00000| Untracked 
|  53|0x000000070cc00000, 0x000000070cc00000, 0x000000070ce00000|  0%| F|  |TAMS 0x000000070cc00000, 0x000000070cc00000| Untracked 
|  54|0x000000070ce00000, 0x000000070ce00000, 0x000000070d000000|  0%| F|  |TAMS 0x000000070ce00000, 0x000000070ce00000| Untracked 
|  55|0x000000070d000000, 0x000000070d000000, 0x000000070d200000|  0%| F|  |TAMS 0x000000070d000000, 0x000000070d000000| Untracked 
|  56|0x000000070d200000, 0x000000070d200000, 0x000000070d400000|  0%| F|  |TAMS 0x000000070d200000, 0x000000070d200000| Untracked 
|  57|0x000000070d400000, 0x000000070d400000, 0x000000070d600000|  0%| F|  |TAMS 0x000000070d400000, 0x000000070d400000| Untracked 
|  58|0x000000070d600000, 0x000000070d600000, 0x000000070d800000|  0%| F|  |TAMS 0x000000070d600000, 0x000000070d600000| Untracked 
|  59|0x000000070d800000, 0x000000070d800000, 0x000000070da00000|  0%| F|  |TAMS 0x000000070d800000, 0x000000070d800000| Untracked 
|  60|0x000000070da00000, 0x000000070da00000, 0x000000070dc00000|  0%| F|  |TAMS 0x000000070da00000, 0x000000070da00000| Untracked 
|  61|0x000000070dc00000, 0x000000070dc00000, 0x000000070de00000|  0%| F|  |TAMS 0x000000070dc00000, 0x000000070dc00000| Untracked 
|  62|0x000000070de00000, 0x000000070de00000, 0x000000070e000000|  0%| F|  |TAMS 0x000000070de00000, 0x000000070de00000| Untracked 
|  63|0x000000070e000000, 0x000000070e000000, 0x000000070e200000|  0%| F|  |TAMS 0x000000070e000000, 0x000000070e000000| Untracked 
|  64|0x000000070e200000, 0x000000070e200000, 0x000000070e400000|  0%| F|  |TAMS 0x000000070e200000, 0x000000070e200000| Untracked 
|  65|0x000000070e400000, 0x000000070e400000, 0x000000070e600000|  0%| F|  |TAMS 0x000000070e400000, 0x000000070e400000| Untracked 
|  66|0x000000070e600000, 0x000000070e600000, 0x000000070e800000|  0%| F|  |TAMS 0x000000070e600000, 0x000000070e600000| Untracked 
|  67|0x000000070e800000, 0x000000070e800000, 0x000000070ea00000|  0%| F|  |TAMS 0x000000070e800000, 0x000000070e800000| Untracked 
|  68|0x000000070ea00000, 0x000000070ea00000, 0x000000070ec00000|  0%| F|  |TAMS 0x000000070ea00000, 0x000000070ea00000| Untracked 
|  69|0x000000070ec00000, 0x000000070ec00000, 0x000000070ee00000|  0%| F|  |TAMS 0x000000070ec00000, 0x000000070ec00000| Untracked 
|  70|0x000000070ee00000, 0x000000070ee00000, 0x000000070f000000|  0%| F|  |TAMS 0x000000070ee00000, 0x000000070ee00000| Untracked 
|  71|0x000000070f000000, 0x000000070f000000, 0x000000070f200000|  0%| F|  |TAMS 0x000000070f000000, 0x000000070f000000| Untracked 
|  72|0x000000070f200000, 0x000000070f200000, 0x000000070f400000|  0%| F|  |TAMS 0x000000070f200000, 0x000000070f200000| Untracked 
|  73|0x000000070f400000, 0x000000070f400000, 0x000000070f600000|  0%| F|  |TAMS 0x000000070f400000, 0x000000070f400000| Untracked 
|  74|0x000000070f600000, 0x000000070f600000, 0x000000070f800000|  0%| F|  |TAMS 0x000000070f600000, 0x000000070f600000| Untracked 
|  75|0x000000070f800000, 0x000000070f800000, 0x000000070fa00000|  0%| F|  |TAMS 0x000000070f800000, 0x000000070f800000| Untracked 
|  76|0x000000070fa00000, 0x000000070fa00000, 0x000000070fc00000|  0%| F|  |TAMS 0x000000070fa00000, 0x000000070fa00000| Untracked 
|  77|0x000000070fc00000, 0x000000070fc00000, 0x000000070fe00000|  0%| F|  |TAMS 0x000000070fc00000, 0x000000070fc00000| Untracked 
|  78|0x000000070fe00000, 0x000000070fe00000, 0x0000000710000000|  0%| F|  |TAMS 0x000000070fe00000, 0x000000070fe00000| Untracked 
|  79|0x0000000710000000, 0x0000000710000000, 0x0000000710200000|  0%| F|  |TAMS 0x0000000710000000, 0x0000000710000000| Untracked 
|  80|0x0000000710200000, 0x0000000710200000, 0x0000000710400000|  0%| F|  |TAMS 0x0000000710200000, 0x0000000710200000| Untracked 
|  81|0x0000000710400000, 0x0000000710400000, 0x0000000710600000|  0%| F|  |TAMS 0x0000000710400000, 0x0000000710400000| Untracked 
|  82|0x0000000710600000, 0x0000000710600000, 0x0000000710800000|  0%| F|  |TAMS 0x0000000710600000, 0x0000000710600000| Untracked 
|  83|0x0000000710800000, 0x0000000710800000, 0x0000000710a00000|  0%| F|  |TAMS 0x0000000710800000, 0x0000000710800000| Untracked 
|  84|0x0000000710a00000, 0x0000000710a00000, 0x0000000710c00000|  0%| F|  |TAMS 0x0000000710a00000, 0x0000000710a00000| Untracked 
|  85|0x0000000710c00000, 0x0000000710c00000, 0x0000000710e00000|  0%| F|  |TAMS 0x0000000710c00000, 0x0000000710c00000| Untracked 
|  86|0x0000000710e00000, 0x0000000710e00000, 0x0000000711000000|  0%| F|  |TAMS 0x0000000710e00000, 0x0000000710e00000| Untracked 
|  87|0x0000000711000000, 0x0000000711000000, 0x0000000711200000|  0%| F|  |TAMS 0x0000000711000000, 0x0000000711000000| Untracked 
|  88|0x0000000711200000, 0x0000000711200000, 0x0000000711400000|  0%| F|  |TAMS 0x0000000711200000, 0x0000000711200000| Untracked 
|  89|0x0000000711400000, 0x0000000711400000, 0x0000000711600000|  0%| F|  |TAMS 0x0000000711400000, 0x0000000711400000| Untracked 
|  90|0x0000000711600000, 0x0000000711600000, 0x0000000711800000|  0%| F|  |TAMS 0x0000000711600000, 0x0000000711600000| Untracked 
|  91|0x0000000711800000, 0x0000000711800000, 0x0000000711a00000|  0%| F|  |TAMS 0x0000000711800000, 0x0000000711800000| Untracked 
|  92|0x0000000711a00000, 0x0000000711a00000, 0x0000000711c00000|  0%| F|  |TAMS 0x0000000711a00000, 0x0000000711a00000| Untracked 
|  93|0x0000000711c00000, 0x0000000711c00000, 0x0000000711e00000|  0%| F|  |TAMS 0x0000000711c00000, 0x0000000711c00000| Untracked 
|  94|0x0000000711e00000, 0x0000000711e00000, 0x0000000712000000|  0%| F|  |TAMS 0x0000000711e00000, 0x0000000711e00000| Untracked 
|  95|0x0000000712000000, 0x0000000712000000, 0x0000000712200000|  0%| F|  |TAMS 0x0000000712000000, 0x0000000712000000| Untracked 
|  96|0x0000000712200000, 0x0000000712200000, 0x0000000712400000|  0%| F|  |TAMS 0x0000000712200000, 0x0000000712200000| Untracked 
|  97|0x0000000712400000, 0x0000000712400000, 0x0000000712600000|  0%| F|  |TAMS 0x0000000712400000, 0x0000000712400000| Untracked 
|  98|0x0000000712600000, 0x0000000712600000, 0x0000000712800000|  0%| F|  |TAMS 0x0000000712600000, 0x0000000712600000| Untracked 
|  99|0x0000000712800000, 0x0000000712800000, 0x0000000712a00000|  0%| F|  |TAMS 0x0000000712800000, 0x0000000712800000| Untracked 
| 100|0x0000000712a00000, 0x0000000712a00000, 0x0000000712c00000|  0%| F|  |TAMS 0x0000000712a00000, 0x0000000712a00000| Untracked 
| 101|0x0000000712c00000, 0x0000000712c00000, 0x0000000712e00000|  0%| F|  |TAMS 0x0000000712c00000, 0x0000000712c00000| Untracked 
| 102|0x0000000712e00000, 0x0000000712e00000, 0x0000000713000000|  0%| F|  |TAMS 0x0000000712e00000, 0x0000000712e00000| Untracked 
| 103|0x0000000713000000, 0x0000000713000000, 0x0000000713200000|  0%| F|  |TAMS 0x0000000713000000, 0x0000000713000000| Untracked 
| 104|0x0000000713200000, 0x0000000713200000, 0x0000000713400000|  0%| F|  |TAMS 0x0000000713200000, 0x0000000713200000| Untracked 
| 105|0x0000000713400000, 0x0000000713400000, 0x0000000713600000|  0%| F|  |TAMS 0x0000000713400000, 0x0000000713400000| Untracked 
| 106|0x0000000713600000, 0x0000000713600000, 0x0000000713800000|  0%| F|  |TAMS 0x0000000713600000, 0x0000000713600000| Untracked 
| 107|0x0000000713800000, 0x0000000713a00000, 0x0000000713a00000|100%| E|  |TAMS 0x0000000713800000, 0x0000000713800000| Complete 
| 108|0x0000000713a00000, 0x0000000713c00000, 0x0000000713c00000|100%| E|CS|TAMS 0x0000000713a00000, 0x0000000713a00000| Complete 
| 109|0x0000000713c00000, 0x0000000713e00000, 0x0000000713e00000|100%| E|CS|TAMS 0x0000000713c00000, 0x0000000713c00000| Complete 
| 110|0x0000000713e00000, 0x0000000714000000, 0x0000000714000000|100%| E|CS|TAMS 0x0000000713e00000, 0x0000000713e00000| Complete 
| 111|0x0000000714000000, 0x0000000714200000, 0x0000000714200000|100%| E|CS|TAMS 0x0000000714000000, 0x0000000714000000| Complete 
| 112|0x0000000714200000, 0x0000000714400000, 0x0000000714400000|100%| E|CS|TAMS 0x0000000714200000, 0x0000000714200000| Complete 
| 113|0x0000000714400000, 0x0000000714600000, 0x0000000714600000|100%| E|CS|TAMS 0x0000000714400000, 0x0000000714400000| Complete 
| 114|0x0000000714600000, 0x0000000714800000, 0x0000000714800000|100%| E|CS|TAMS 0x0000000714600000, 0x0000000714600000| Complete 
| 115|0x0000000714800000, 0x0000000714a00000, 0x0000000714a00000|100%| E|CS|TAMS 0x0000000714800000, 0x0000000714800000| Complete 
| 116|0x0000000714a00000, 0x0000000714c00000, 0x0000000714c00000|100%| E|CS|TAMS 0x0000000714a00000, 0x0000000714a00000| Complete 
| 117|0x0000000714c00000, 0x0000000714e00000, 0x0000000714e00000|100%| E|CS|TAMS 0x0000000714c00000, 0x0000000714c00000| Complete 
| 118|0x0000000714e00000, 0x0000000715000000, 0x0000000715000000|100%| E|CS|TAMS 0x0000000714e00000, 0x0000000714e00000| Complete 
| 119|0x0000000715000000, 0x0000000715200000, 0x0000000715200000|100%| E|CS|TAMS 0x0000000715000000, 0x0000000715000000| Complete 
| 120|0x0000000715200000, 0x0000000715400000, 0x0000000715400000|100%| E|CS|TAMS 0x0000000715200000, 0x0000000715200000| Complete 
| 121|0x0000000715400000, 0x0000000715600000, 0x0000000715600000|100%| E|CS|TAMS 0x0000000715400000, 0x0000000715400000| Complete 
| 122|0x0000000715600000, 0x0000000715800000, 0x0000000715800000|100%| E|CS|TAMS 0x0000000715600000, 0x0000000715600000| Complete 
| 123|0x0000000715800000, 0x0000000715a00000, 0x0000000715a00000|100%| E|CS|TAMS 0x0000000715800000, 0x0000000715800000| Complete 
| 124|0x0000000715a00000, 0x0000000715c00000, 0x0000000715c00000|100%| E|CS|TAMS 0x0000000715a00000, 0x0000000715a00000| Complete 
| 125|0x0000000715c00000, 0x0000000715e00000, 0x0000000715e00000|100%| E|CS|TAMS 0x0000000715c00000, 0x0000000715c00000| Complete 
| 126|0x0000000715e00000, 0x0000000716000000, 0x0000000716000000|100%| E|CS|TAMS 0x0000000715e00000, 0x0000000715e00000| Complete 
| 127|0x0000000716000000, 0x0000000716200000, 0x0000000716200000|100%| E|CS|TAMS 0x0000000716000000, 0x0000000716000000| Complete 
| 128|0x0000000716200000, 0x0000000716400000, 0x0000000716400000|100%| E|CS|TAMS 0x0000000716200000, 0x0000000716200000| Complete 
| 129|0x0000000716400000, 0x0000000716600000, 0x0000000716600000|100%| E|CS|TAMS 0x0000000716400000, 0x0000000716400000| Complete 
| 130|0x0000000716600000, 0x0000000716800000, 0x0000000716800000|100%| E|CS|TAMS 0x0000000716600000, 0x0000000716600000| Complete 
| 131|0x0000000716800000, 0x0000000716a00000, 0x0000000716a00000|100%| E|CS|TAMS 0x0000000716800000, 0x0000000716800000| Complete 
| 132|0x0000000716a00000, 0x0000000716c00000, 0x0000000716c00000|100%| E|CS|TAMS 0x0000000716a00000, 0x0000000716a00000| Complete 
| 133|0x0000000716c00000, 0x0000000716e00000, 0x0000000716e00000|100%| E|CS|TAMS 0x0000000716c00000, 0x0000000716c00000| Complete 
| 134|0x0000000716e00000, 0x0000000717000000, 0x0000000717000000|100%| E|CS|TAMS 0x0000000716e00000, 0x0000000716e00000| Complete 
| 135|0x0000000717000000, 0x0000000717200000, 0x0000000717200000|100%| E|CS|TAMS 0x0000000717000000, 0x0000000717000000| Complete 
| 136|0x0000000717200000, 0x0000000717400000, 0x0000000717400000|100%| E|CS|TAMS 0x0000000717200000, 0x0000000717200000| Complete 
| 137|0x0000000717400000, 0x0000000717600000, 0x0000000717600000|100%| E|CS|TAMS 0x0000000717400000, 0x0000000717400000| Complete 
| 138|0x0000000717600000, 0x0000000717800000, 0x0000000717800000|100%| E|CS|TAMS 0x0000000717600000, 0x0000000717600000| Complete 
| 139|0x0000000717800000, 0x0000000717a00000, 0x0000000717a00000|100%| E|CS|TAMS 0x0000000717800000, 0x0000000717800000| Complete 
| 140|0x0000000717a00000, 0x0000000717c00000, 0x0000000717c00000|100%| E|CS|TAMS 0x0000000717a00000, 0x0000000717a00000| Complete 
| 141|0x0000000717c00000, 0x0000000717e00000, 0x0000000717e00000|100%| E|CS|TAMS 0x0000000717c00000, 0x0000000717c00000| Complete 

Card table byte_map: [0x0000027e79c50000,0x0000027e7a420000] _byte_map_base: 0x0000027e7641f000

Marking Bits (Prev, Next): (CMBitMap*) 0x0000027e627250e0, (CMBitMap*) 0x0000027e62725120
 Prev Bits: [0x0000027e7abf0000, 0x0000027e7ea68000)
 Next Bits: [0x0000027e00000000, 0x0000027e03e78000)

Polling page: 0x0000027e60350000

Metaspace:

Usage:
  Non-class:     46.74 MB used.
      Class:      6.06 MB used.
       Both:     52.80 MB used.

Virtual space:
  Non-class space:       48.00 MB reserved,      46.88 MB ( 98%) committed,  6 nodes.
      Class space:        1.00 GB reserved,       6.25 MB ( <1%) committed,  1 nodes.
             Both:        1.05 GB reserved,      53.12 MB (  5%) committed. 

Chunk freelists:
   Non-Class:  976.00 KB
       Class:  1.80 MB
        Both:  2.75 MB

MaxMetaspaceSize: unlimited
CompressedClassSpaceSize: 1.00 GB
Initial GC threshold: 21.00 MB
Current GC threshold: 58.69 MB
CDS: on
MetaspaceReclaimPolicy: balanced
 - commit_granule_bytes: 65536.
 - commit_granule_words: 8192.
 - virtual_space_node_default_size: 1048576.
 - enlarge_chunks_in_place: 1.
 - new_chunks_are_fully_committed: 0.
 - uncommit_free_chunks: 1.
 - use_allocation_guard: 0.
 - handle_deallocations: 1.


Internal statistics:

num_allocs_failed_limit: 6.
num_arena_births: 330.
num_arena_deaths: 0.
num_vsnodes_births: 7.
num_vsnodes_deaths: 0.
num_space_committed: 848.
num_space_uncommitted: 0.
num_chunks_returned_to_freelist: 6.
num_chunks_taken_from_freelist: 2317.
num_chunk_merges: 6.
num_chunk_splits: 1792.
num_chunks_enlarged: 1519.
num_purges: 0.
num_inconsistent_stats: 0.

CodeHeap 'non-profiled nmethods': size=120000Kb used=4897Kb max_used=5166Kb free=115102Kb
 bounds [0x0000027e71a00000, 0x0000027e71f10000, 0x0000027e78f30000]
CodeHeap 'profiled nmethods': size=120000Kb used=24780Kb max_used=25790Kb free=95219Kb
 bounds [0x0000027e6a4d0000, 0x0000027e6be20000, 0x0000027e71a00000]
CodeHeap 'non-nmethods': size=5760Kb used=1302Kb max_used=1427Kb free=4457Kb
 bounds [0x0000027e69f30000, 0x0000027e6a1a0000, 0x0000027e6a4d0000]
 total_blobs=9321 nmethods=8704 adapters=527
 compilation: enabled
              stopped_count=0, restarted_count=0
 full_count=0

Compilation events (20 events):
Event: 6.076 Thread 0x0000027e06816390 nmethod 10310 0x0000027e6ae5aa10 code [0x0000027e6ae5ac40, 0x0000027e6ae5b578]
Event: 6.076 Thread 0x0000027e06816390 10311       3       org.jetbrains.kotlin.resolve.calls.inference.components.TypeCheckerStateForConstraintSystem::simplifyLowerConstraint (330 bytes)
Event: 6.077 Thread 0x0000027e06816390 nmethod 10311 0x0000027e6b7d8690 code [0x0000027e6b7d8a60, 0x0000027e6b7dafe8]
Event: 6.077 Thread 0x0000027e06816390 10309       3       org.jetbrains.kotlin.resolve.scopes.SyntheticScope$Default::getSyntheticStaticFunctions (19 bytes)
Event: 6.077 Thread 0x0000027e06816390 nmethod 10309 0x0000027e6ae12810 code [0x0000027e6ae12aa0, 0x0000027e6ae13608]
Event: 6.077 Thread 0x0000027e06816390 10312       1       org.jetbrains.kotlin.resolve.calls.tower.SubKotlinCallArgumentImpl::getReceiver (5 bytes)
Event: 6.077 Thread 0x0000027e06816390 nmethod 10312 0x0000027e71a17e90 code [0x0000027e71a18020, 0x0000027e71a180f8]
Event: 6.077 Thread 0x0000027e06816390 10313       3       org.jetbrains.kotlin.types.TypeUtils::makeNotNullable (14 bytes)
Event: 6.078 Thread 0x0000027e06816390 nmethod 10313 0x0000027e6adc6010 code [0x0000027e6adc6200, 0x0000027e6adc6628]
Event: 6.078 Thread 0x0000027e06816390 10315       3       org.jetbrains.kotlin.resolve.calls.components.CreateFreshVariablesSubstitutor::createToFreshVariableSubstitutorAndAddInitialConstraints (863 bytes)
Event: 6.082 Thread 0x0000027e06816390 nmethod 10315 0x0000027e6be00d90 code [0x0000027e6be01a20, 0x0000027e6be0a478]
Event: 6.082 Thread 0x0000027e06816390 10319   !   3       org.jetbrains.kotlin.cli.jvm.index.JvmDependenciesDynamicCompoundIndex::traverseDirectoriesInPackage (129 bytes)
Event: 6.082 Thread 0x0000027e06816390 nmethod 10319 0x0000027e6afe2010 code [0x0000027e6afe2400, 0x0000027e6afe4048]
Event: 6.082 Thread 0x0000027e06816390 10316       3       org.jetbrains.kotlin.resolve.calls.components.CollectionTypeVariableUsagesInfo::isContainedInInvariantOrContravariantPositionsWithDependencies (449 bytes)
Event: 6.084 Thread 0x0000027e06816390 nmethod 10316 0x0000027e6a515810 code [0x0000027e6a515d20, 0x0000027e6a519118]
Event: 6.084 Thread 0x0000027e06816390 10317       3       org.jetbrains.kotlin.resolve.calls.inference.components.ConstraintInjector$TypeCheckerStateForConstraintInjector::getType (18 bytes)
Event: 6.084 Thread 0x0000027e06816390 nmethod 10317 0x0000027e6a81d110 code [0x0000027e6a81d3c0, 0x0000027e6a81dfa8]
Event: 6.084 Thread 0x0000027e06816390 10318       3       org.jetbrains.kotlin.cli.jvm.index.JvmDependenciesIndex$DefaultImpls::traverseDirectoriesInPackage$default (39 bytes)
Event: 6.084 Thread 0x0000027e06816390 nmethod 10318 0x0000027e6ada0c10 code [0x0000027e6ada0de0, 0x0000027e6ada1198]
Event: 6.084 Thread 0x0000027e06816390 10320       3       org.jetbrains.kotlin.cli.jvm.index.JvmDependenciesIndexImpl::traverseDirectoriesInPackage (47 bytes)

GC Heap History (20 events):
Event: 1.775 GC heap before
{Heap before GC invocations=5 (full 0):
 garbage-first heap   total 77824K, used 47769K [0x0000000706200000, 0x0000000800000000)
  region size 2048K, 17 young (34816K), 10 survivors (20480K)
 Metaspace       used 22841K, committed 23168K, reserved 1073152K
  class space    used 2936K, committed 3072K, reserved 1048576K
}
Event: 1.792 GC heap after
{Heap after GC invocations=6 (full 0):
 garbage-first heap   total 77824K, used 30247K [0x0000000706200000, 0x0000000800000000)
  region size 2048K, 3 young (6144K), 3 survivors (6144K)
 Metaspace       used 22841K, committed 23168K, reserved 1073152K
  class space    used 2936K, committed 3072K, reserved 1048576K
}
Event: 2.083 GC heap before
{Heap before GC invocations=6 (full 0):
 garbage-first heap   total 77824K, used 56871K [0x0000000706200000, 0x0000000800000000)
  region size 2048K, 14 young (28672K), 3 survivors (6144K)
 Metaspace       used 27120K, committed 27392K, reserved 1073152K
  class space    used 3628K, committed 3776K, reserved 1048576K
}
Event: 2.089 GC heap after
{Heap after GC invocations=7 (full 0):
 garbage-first heap   total 77824K, used 37888K [0x0000000706200000, 0x0000000800000000)
  region size 2048K, 1 young (2048K), 1 survivors (2048K)
 Metaspace       used 27120K, committed 27392K, reserved 1073152K
  class space    used 3628K, committed 3776K, reserved 1048576K
}
Event: 2.125 GC heap before
{Heap before GC invocations=7 (full 0):
 garbage-first heap   total 77824K, used 39936K [0x0000000706200000, 0x0000000800000000)
  region size 2048K, 4 young (8192K), 1 survivors (2048K)
 Metaspace       used 27352K, committed 27648K, reserved 1073152K
  class space    used 3638K, committed 3776K, reserved 1048576K
}
Event: 2.128 GC heap after
{Heap after GC invocations=8 (full 0):
 garbage-first heap   total 77824K, used 33258K [0x0000000706200000, 0x0000000800000000)
  region size 2048K, 2 young (4096K), 2 survivors (4096K)
 Metaspace       used 27352K, committed 27648K, reserved 1073152K
  class space    used 3638K, committed 3776K, reserved 1048576K
}
Event: 2.335 GC heap before
{Heap before GC invocations=8 (full 0):
 garbage-first heap   total 77824K, used 59882K [0x0000000706200000, 0x0000000800000000)
  region size 2048K, 12 young (24576K), 2 survivors (4096K)
 Metaspace       used 30872K, committed 31168K, reserved 1081344K
  class space    used 3981K, committed 4160K, reserved 1048576K
}
Event: 2.339 GC heap after
{Heap after GC invocations=9 (full 0):
 garbage-first heap   total 133120K, used 35342K [0x0000000706200000, 0x0000000800000000)
  region size 2048K, 2 young (4096K), 2 survivors (4096K)
 Metaspace       used 30872K, committed 31168K, reserved 1081344K
  class space    used 3981K, committed 4160K, reserved 1048576K
}
Event: 2.643 GC heap before
{Heap before GC invocations=9 (full 0):
 garbage-first heap   total 133120K, used 55822K [0x0000000706200000, 0x0000000800000000)
  region size 2048K, 13 young (26624K), 2 survivors (4096K)
 Metaspace       used 35642K, committed 35968K, reserved 1081344K
  class space    used 4444K, committed 4608K, reserved 1048576K
}
Event: 2.648 GC heap after
{Heap after GC invocations=10 (full 0):
 garbage-first heap   total 133120K, used 37390K [0x0000000706200000, 0x0000000800000000)
  region size 2048K, 3 young (6144K), 3 survivors (6144K)
 Metaspace       used 35642K, committed 35968K, reserved 1081344K
  class space    used 4444K, committed 4608K, reserved 1048576K
}
Event: 3.327 GC heap before
{Heap before GC invocations=11 (full 0):
 garbage-first heap   total 133120K, used 98830K [0x0000000706200000, 0x0000000800000000)
  region size 2048K, 30 young (61440K), 3 survivors (6144K)
 Metaspace       used 44805K, committed 45120K, reserved 1089536K
  class space    used 5561K, committed 5696K, reserved 1048576K
}
Event: 3.334 GC heap after
{Heap after GC invocations=12 (full 0):
 garbage-first heap   total 133120K, used 47729K [0x0000000706200000, 0x0000000800000000)
  region size 2048K, 4 young (8192K), 4 survivors (8192K)
 Metaspace       used 44805K, committed 45120K, reserved 1089536K
  class space    used 5561K, committed 5696K, reserved 1048576K
}
Event: 3.339 GC heap before
{Heap before GC invocations=12 (full 0):
 garbage-first heap   total 133120K, used 49777K [0x0000000706200000, 0x0000000800000000)
  region size 2048K, 5 young (10240K), 4 survivors (8192K)
 Metaspace       used 44809K, committed 45120K, reserved 1089536K
  class space    used 5561K, committed 5696K, reserved 1048576K
}
Event: 3.346 GC heap after
{Heap after GC invocations=13 (full 0):
 garbage-first heap   total 133120K, used 48734K [0x0000000706200000, 0x0000000800000000)
  region size 2048K, 1 young (2048K), 1 survivors (2048K)
 Metaspace       used 44809K, committed 45120K, reserved 1089536K
  class space    used 5561K, committed 5696K, reserved 1048576K
}
Event: 3.919 GC heap before
{Heap before GC invocations=13 (full 0):
 garbage-first heap   total 133120K, used 95838K [0x0000000706200000, 0x0000000800000000)
  region size 2048K, 24 young (49152K), 1 survivors (2048K)
 Metaspace       used 46930K, committed 47232K, reserved 1097728K
  class space    used 5667K, committed 5824K, reserved 1048576K
}
Event: 3.926 GC heap after
{Heap after GC invocations=14 (full 0):
 garbage-first heap   total 133120K, used 53533K [0x0000000706200000, 0x0000000800000000)
  region size 2048K, 3 young (6144K), 3 survivors (6144K)
 Metaspace       used 46930K, committed 47232K, reserved 1097728K
  class space    used 5667K, committed 5824K, reserved 1048576K
}
Event: 4.578 GC heap before
{Heap before GC invocations=14 (full 0):
 garbage-first heap   total 133120K, used 98589K [0x0000000706200000, 0x0000000800000000)
  region size 2048K, 25 young (51200K), 3 survivors (6144K)
 Metaspace       used 50276K, committed 50624K, reserved 1097728K
  class space    used 5975K, committed 6144K, reserved 1048576K
}
Event: 4.585 GC heap after
{Heap after GC invocations=15 (full 0):
 garbage-first heap   total 133120K, used 57848K [0x0000000706200000, 0x0000000800000000)
  region size 2048K, 3 young (6144K), 3 survivors (6144K)
 Metaspace       used 50276K, committed 50624K, reserved 1097728K
  class space    used 5975K, committed 6144K, reserved 1048576K
}
Event: 5.028 GC heap before
{Heap before GC invocations=15 (full 0):
 garbage-first heap   total 133120K, used 98808K [0x0000000706200000, 0x0000000800000000)
  region size 2048K, 23 young (47104K), 3 survivors (6144K)
 Metaspace       used 51982K, committed 52352K, reserved 1097728K
  class space    used 6096K, committed 6272K, reserved 1048576K
}
Event: 5.037 GC heap after
{Heap after GC invocations=16 (full 0):
 garbage-first heap   total 290816K, used 63082K [0x0000000706200000, 0x0000000800000000)
  region size 2048K, 3 young (6144K), 3 survivors (6144K)
 Metaspace       used 51982K, committed 52352K, reserved 1097728K
  class space    used 6096K, committed 6272K, reserved 1048576K
}

Deoptimization events (20 events):
Event: 5.857 Thread 0x0000027e626d4740 Uncommon trap: trap_request=0xffffffde fr.pc=0x0000027e71ed341c relative=0x0000000000002efc
Event: 5.857 Thread 0x0000027e626d4740 Uncommon trap: reason=class_check action=maybe_recompile pc=0x0000027e71ed341c method=org.jetbrains.kotlin.resolve.calls.inference.components.NewTypeSubstitutor$DefaultImpls.substitute(Lorg/jetbrains/kotlin/resolve/calls/inference/components/NewTypeSubsti
Event: 5.857 Thread 0x0000027e626d4740 DEOPT PACKING pc=0x0000027e71ed341c sp=0x000000b8429fab70
Event: 5.857 Thread 0x0000027e626d4740 DEOPT UNPACKING pc=0x0000027e69f823a3 sp=0x000000b8429faa58 mode 2
Event: 5.857 Thread 0x0000027e626d4740 Uncommon trap: trap_request=0xffffffde fr.pc=0x0000027e71ed341c relative=0x0000000000002efc
Event: 5.857 Thread 0x0000027e626d4740 Uncommon trap: reason=class_check action=maybe_recompile pc=0x0000027e71ed341c method=org.jetbrains.kotlin.resolve.calls.inference.components.NewTypeSubstitutor$DefaultImpls.substitute(Lorg/jetbrains/kotlin/resolve/calls/inference/components/NewTypeSubsti
Event: 5.857 Thread 0x0000027e626d4740 DEOPT PACKING pc=0x0000027e71ed341c sp=0x000000b8429fa9b0
Event: 5.857 Thread 0x0000027e626d4740 DEOPT UNPACKING pc=0x0000027e69f823a3 sp=0x000000b8429fa898 mode 2
Event: 5.857 Thread 0x0000027e626d4740 Uncommon trap: trap_request=0xffffffde fr.pc=0x0000027e71ed341c relative=0x0000000000002efc
Event: 5.857 Thread 0x0000027e626d4740 Uncommon trap: reason=class_check action=maybe_recompile pc=0x0000027e71ed341c method=org.jetbrains.kotlin.resolve.calls.inference.components.NewTypeSubstitutor$DefaultImpls.substitute(Lorg/jetbrains/kotlin/resolve/calls/inference/components/NewTypeSubsti
Event: 5.857 Thread 0x0000027e626d4740 DEOPT PACKING pc=0x0000027e71ed341c sp=0x000000b8429fa9d0
Event: 5.857 Thread 0x0000027e626d4740 DEOPT UNPACKING pc=0x0000027e69f823a3 sp=0x000000b8429fa8b8 mode 2
Event: 5.857 Thread 0x0000027e626d4740 Uncommon trap: trap_request=0xffffffde fr.pc=0x0000027e71ed341c relative=0x0000000000002efc
Event: 5.857 Thread 0x0000027e626d4740 Uncommon trap: reason=class_check action=maybe_recompile pc=0x0000027e71ed341c method=org.jetbrains.kotlin.resolve.calls.inference.components.NewTypeSubstitutor$DefaultImpls.substitute(Lorg/jetbrains/kotlin/resolve/calls/inference/components/NewTypeSubsti
Event: 5.857 Thread 0x0000027e626d4740 DEOPT PACKING pc=0x0000027e71ed341c sp=0x000000b8429fa9d0
Event: 5.857 Thread 0x0000027e626d4740 DEOPT UNPACKING pc=0x0000027e69f823a3 sp=0x000000b8429fa8b8 mode 2
Event: 5.881 Thread 0x0000027e626d4740 Uncommon trap: trap_request=0xffffff45 fr.pc=0x0000027e71a05d30 relative=0x0000000000000090
Event: 5.881 Thread 0x0000027e626d4740 Uncommon trap: reason=unstable_if action=reinterpret pc=0x0000027e71a05d30 method=kotlin.collections.CollectionsKt__MutableCollectionsKt.addAll(Ljava/util/Collection;Ljava/lang/Iterable;)Z @ 18 c2
Event: 5.881 Thread 0x0000027e626d4740 DEOPT PACKING pc=0x0000027e71a05d30 sp=0x000000b8429faed0
Event: 5.881 Thread 0x0000027e626d4740 DEOPT UNPACKING pc=0x0000027e69f823a3 sp=0x000000b8429fae50 mode 2

Classes unloaded (0 events):
No events

Classes redefined (0 events):
No events

Internal exceptions (20 events):
Event: 3.056 Thread 0x0000027e626d4740 Exception <a 'java/lang/NoSuchMethodError'{0x000000070c795fe0}: 'java.lang.Object java.lang.invoke.DirectMethodHandle$Holder.newInvokeSpecial(java.lang.Object, java.lang.Object, java.lang.Object, java.lang.Object, int)'> (0x000000070c795fe0) 
thrown [t:\workspace\open\src\hotspot\share\interpreter\linkResolver.cpp, line 766]
Event: 3.056 Thread 0x0000027e626d4740 Exception <a 'java/lang/NoSuchMethodError'{0x000000070c79ab10}: 'java.lang.Object java.lang.invoke.DirectMethodHandle$Holder.invokeSpecial(java.lang.Object, java.lang.Object, java.lang.Object, java.lang.Object, java.lang.Object, int)'> (0x000000070c79ab10) 
thrown [t:\workspace\open\src\hotspot\share\interpreter\linkResolver.cpp, line 766]
Event: 3.056 Thread 0x0000027e626d4740 Exception <a 'java/lang/NoSuchMethodError'{0x000000070c79eff0}: 'java.lang.Object java.lang.invoke.Invokers$Holder.linkToTargetMethod(java.lang.Object, java.lang.Object, java.lang.Object, int, java.lang.Object)'> (0x000000070c79eff0) 
thrown [t:\workspace\open\src\hotspot\share\interpreter\linkResolver.cpp, line 766]
Event: 3.503 Thread 0x0000027e626d4740 Exception <a 'java/lang/NoSuchMethodError'{0x000000070cd60c90}: 'java.lang.Object java.lang.invoke.DirectMethodHandle$Holder.newInvokeSpecial(java.lang.Object, java.lang.Object, java.lang.Object, java.lang.Object, java.lang.Object, java.lang.Object, java.lang.Object, java.lang.Object)'> (0x000000070cd60c90) 
thrown [t:\workspace\open\src\hotspot\share\interpreter\linkResolver.cpp, line 766]
Event: 3.504 Thread 0x0000027e626d4740 Exception <a 'java/lang/NoSuchMethodError'{0x000000070cd662a8}: 'java.lang.Object java.lang.invoke.DirectMethodHandle$Holder.invokeSpecial(java.lang.Object, java.lang.Object, java.lang.Object, java.lang.Object, java.lang.Object, java.lang.Object, java.lang.Object, java.lang.Object, java.lang.Object)'> (0x000000070cd662a8) 
thrown [t:\workspace\open\src\hotspot\share\interpreter\linkResolver.cpp, line 766]
Event: 3.504 Thread 0x0000027e626d4740 Exception <a 'java/lang/NoSuchMethodError'{0x000000070cd6b1d8}: 'java.lang.Object java.lang.invoke.Invokers$Holder.linkToTargetMethod(java.lang.Object, java.lang.Object, java.lang.Object, java.lang.Object, java.lang.Object, java.lang.Object, java.lang.Object, java.lang.Object)'> (0x000000070cd6b1d8) 
thrown [t:\workspace\open\src\hotspot\share\interpreter\linkResolver.cpp, line 766]
Event: 3.638 Thread 0x0000027e626d4740 Exception <a 'java/lang/NoSuchMethodError'{0x000000070c75cf00}: 'java.lang.Object java.lang.invoke.DirectMethodHandle$Holder.invokeStaticInit(java.lang.Object, java.lang.Object, java.lang.Object)'> (0x000000070c75cf00) 
thrown [t:\workspace\open\src\hotspot\share\interpreter\linkResolver.cpp, line 766]
Event: 3.643 Thread 0x0000027e626d4740 Exception <a 'java/lang/NoSuchMethodError'{0x000000070c797a08}: 'java.lang.Object java.lang.invoke.DirectMethodHandle$Holder.newInvokeSpecial(java.lang.Object, int, java.lang.Object)'> (0x000000070c797a08) 
thrown [t:\workspace\open\src\hotspot\share\interpreter\linkResolver.cpp, line 766]
Event: 3.644 Thread 0x0000027e626d4740 Exception <a 'java/lang/NoSuchMethodError'{0x000000070c79e5c0}: 'int java.lang.invoke.DirectMethodHandle$Holder.invokeInterface(java.lang.Object, java.lang.Object)'> (0x000000070c79e5c0) 
thrown [t:\workspace\open\src\hotspot\share\interpreter\linkResolver.cpp, line 766]
Event: 4.053 Thread 0x0000027e626d4740 Exception <a 'java/lang/NoSuchMethodError'{0x000000070d4716d0}: 'java.lang.Object java.lang.invoke.DirectMethodHandle$Holder.newInvokeSpecial(java.lang.Object, java.lang.Object, java.lang.Object, java.lang.Object, java.lang.Object, java.lang.Object)'> (0x000000070d4716d0) 
thrown [t:\workspace\open\src\hotspot\share\interpreter\linkResolver.cpp, line 766]
Event: 4.075 Thread 0x0000027e626d4740 Implicit null exception at 0x0000027e71afb4a0 to 0x0000027e71afb630
Event: 4.075 Thread 0x0000027e626d4740 Implicit null exception at 0x0000027e71a5da60 to 0x0000027e71a5dafa
Event: 4.076 Thread 0x0000027e626d4740 Implicit null exception at 0x0000027e71a5900f to 0x0000027e71a59089
Event: 4.090 Thread 0x0000027e626d4740 Implicit null exception at 0x0000027e71d1f720 to 0x0000027e71d20710
Event: 4.406 Thread 0x0000027e626d4740 Exception <a 'java/lang/NoSuchMethodError'{0x000000070c1c1c58}: 'java.lang.Object java.lang.invoke.DirectMethodHandle$Holder.newInvokeSpecial(java.lang.Object, java.lang.Object, java.lang.Object, java.lang.Object, java.lang.Object, java.lang.Object, java.lang.Object)'> (0x000000070c1c1c58) 
thrown [t:\workspace\open\src\hotspot\share\interpreter\linkResolver.cpp, line 766]
Event: 4.406 Thread 0x0000027e626d4740 Exception <a 'java/lang/NoSuchMethodError'{0x000000070c1c6810}: 'java.lang.Object java.lang.invoke.Invokers$Holder.linkToTargetMethod(java.lang.Object, java.lang.Object, java.lang.Object, java.lang.Object, java.lang.Object, java.lang.Object, java.lang.Object)'> (0x000000070c1c6810) 
thrown [t:\workspace\open\src\hotspot\share\interpreter\linkResolver.cpp, line 766]
Event: 4.438 Thread 0x0000027e626d4740 Exception <a 'java/lang/NoSuchMethodError'{0x000000070bfec548}: 'java.lang.Object java.lang.invoke.DirectMethodHandle$Holder.invokeInterface(java.lang.Object, java.lang.Object, java.lang.Object)'> (0x000000070bfec548) 
thrown [t:\workspace\open\src\hotspot\share\interpreter\linkResolver.cpp, line 766]
Event: 4.438 Thread 0x0000027e626d4740 Exception <a 'java/lang/IncompatibleClassChangeError'{0x000000070bff0160}: Found class java.lang.Object, but interface was expected> (0x000000070bff0160) 
thrown [t:\workspace\open\src\hotspot\share\interpreter\linkResolver.cpp, line 833]
Event: 4.609 Thread 0x0000027e626d4740 Implicit null exception at 0x0000027e71add6f2 to 0x0000027e71adde6c
Event: 4.849 Thread 0x0000027e626d4740 Exception <a 'java/lang/NoSuchMethodError'{0x000000070ccb2098}: 'int java.lang.invoke.DirectMethodHandle$Holder.invokeStaticInit(java.lang.Object, int)'> (0x000000070ccb2098) 
thrown [t:\workspace\open\src\hotspot\share\interpreter\linkResolver.cpp, line 766]

VM Operations (20 events):
Event: 5.488 Executing VM operation: ICBufferFull
Event: 5.489 Executing VM operation: ICBufferFull done
Event: 5.535 Executing VM operation: HandshakeAllThreads
Event: 5.535 Executing VM operation: HandshakeAllThreads done
Event: 5.595 Executing VM operation: ICBufferFull
Event: 5.596 Executing VM operation: ICBufferFull done
Event: 5.695 Executing VM operation: ICBufferFull
Event: 5.695 Executing VM operation: ICBufferFull done
Event: 5.771 Executing VM operation: ICBufferFull
Event: 5.771 Executing VM operation: ICBufferFull done
Event: 5.839 Executing VM operation: HandshakeAllThreads
Event: 5.839 Executing VM operation: HandshakeAllThreads done
Event: 5.842 Executing VM operation: ICBufferFull
Event: 5.842 Executing VM operation: ICBufferFull done
Event: 5.856 Executing VM operation: HandshakeAllThreads
Event: 5.856 Executing VM operation: HandshakeAllThreads done
Event: 5.881 Executing VM operation: HandshakeAllThreads
Event: 5.881 Executing VM operation: HandshakeAllThreads done
Event: 5.951 Executing VM operation: ICBufferFull
Event: 5.952 Executing VM operation: ICBufferFull done

Events (20 events):
Event: 5.891 Thread 0x0000027e06818ca0 flushing nmethod 0x0000027e6b45dc10
Event: 5.891 Thread 0x0000027e06818ca0 flushing nmethod 0x0000027e6b4ba410
Event: 5.892 Thread 0x0000027e06818ca0 flushing nmethod 0x0000027e6b559790
Event: 5.892 Thread 0x0000027e06818ca0 flushing nmethod 0x0000027e6b5be890
Event: 5.892 Thread 0x0000027e06818ca0 flushing nmethod 0x0000027e6b5cf990
Event: 5.892 Thread 0x0000027e06818ca0 flushing nmethod 0x0000027e6b5dcb10
Event: 5.893 Thread 0x0000027e06818ca0 flushing nmethod 0x0000027e6b71b690
Event: 5.893 Thread 0x0000027e06818ca0 flushing nmethod 0x0000027e6b724690
Event: 5.893 Thread 0x0000027e06818ca0 flushing nmethod 0x0000027e6b763790
Event: 5.893 Thread 0x0000027e06818ca0 flushing nmethod 0x0000027e6b7d8090
Event: 5.893 Thread 0x0000027e06818ca0 flushing nmethod 0x0000027e6b7f9810
Event: 5.893 Thread 0x0000027e06818ca0 flushing nmethod 0x0000027e6b817790
Event: 5.893 Thread 0x0000027e06818ca0 flushing nmethod 0x0000027e6b867b10
Event: 5.893 Thread 0x0000027e06818ca0 flushing nmethod 0x0000027e6b8b6c90
Event: 5.893 Thread 0x0000027e06818ca0 flushing nmethod 0x0000027e6b915710
Event: 5.894 Thread 0x0000027e06818ca0 flushing nmethod 0x0000027e6ba0f810
Event: 5.894 Thread 0x0000027e06818ca0 flushing nmethod 0x0000027e6ba97590
Event: 5.894 Thread 0x0000027e06818ca0 flushing nmethod 0x0000027e6ba99290
Event: 5.894 Thread 0x0000027e06818ca0 flushing nmethod 0x0000027e6baaf090
Event: 5.894 Thread 0x0000027e06818ca0 flushing nmethod 0x0000027e6baaf610


Dynamic libraries:
0x00007ff68c4b0000 - 0x00007ff68c4c0000 	C:\Program Files\jdk-17.0.2\bin\java.exe
0x00007ff9633d0000 - 0x00007ff9635c8000 	C:\Windows\SYSTEM32\ntdll.dll
0x00007ff961d10000 - 0x00007ff961dcf000 	C:\Windows\System32\KERNEL32.DLL
0x00007ff960fa0000 - 0x00007ff961272000 	C:\Windows\System32\KERNELBASE.dll
0x00007ff960b10000 - 0x00007ff960c10000 	C:\Windows\System32\ucrtbase.dll
0x00007ff93f0a0000 - 0x00007ff93f0ba000 	C:\Program Files\jdk-17.0.2\bin\VCRUNTIME140.dll
0x00007ff93fca0000 - 0x00007ff93fcb8000 	C:\Program Files\jdk-17.0.2\bin\jli.dll
0x00007ff9615c0000 - 0x00007ff96166e000 	C:\Windows\System32\ADVAPI32.dll
0x00007ff961f90000 - 0x00007ff96202e000 	C:\Windows\System32\msvcrt.dll
0x00007ff961dd0000 - 0x00007ff961e6c000 	C:\Windows\System32\sechost.dll
0x00007ff962520000 - 0x00007ff962645000 	C:\Windows\System32\RPCRT4.dll
0x00007ff961700000 - 0x00007ff9618a1000 	C:\Windows\System32\USER32.dll
0x00007ff961280000 - 0x00007ff9612a2000 	C:\Windows\System32\win32u.dll
0x00007ff961410000 - 0x00007ff96143b000 	C:\Windows\System32\GDI32.dll
0x00007ff960db0000 - 0x00007ff960ebf000 	C:\Windows\System32\gdi32full.dll
0x00007ff960d10000 - 0x00007ff960dad000 	C:\Windows\System32\msvcp_win.dll
0x00007ff94e160000 - 0x00007ff94e3fa000 	C:\Windows\WinSxS\amd64_microsoft.windows.common-controls_6595b64144ccf1df_6.0.19041.1110_none_60b5254171f9507e\COMCTL32.dll
0x00007ff95b0b0000 - 0x00007ff95b0ba000 	C:\Windows\SYSTEM32\VERSION.dll
0x00007ff961580000 - 0x00007ff9615b2000 	C:\Windows\System32\IMM32.DLL
0x00007ff94b950000 - 0x00007ff94b95c000 	C:\Program Files\jdk-17.0.2\bin\vcruntime140_1.dll
0x00007ff900eb0000 - 0x00007ff900f3d000 	C:\Program Files\jdk-17.0.2\bin\msvcp140.dll
0x00007ff8ca6a0000 - 0x00007ff8cb261000 	C:\Program Files\jdk-17.0.2\bin\server\jvm.dll
0x00007ff961440000 - 0x00007ff961448000 	C:\Windows\System32\PSAPI.DLL
0x00007ff94d1c0000 - 0x00007ff94d1e7000 	C:\Windows\SYSTEM32\WINMM.dll
0x00007ff94ee10000 - 0x00007ff94ee19000 	C:\Windows\SYSTEM32\WSOCK32.dll
0x00007ff962da0000 - 0x00007ff962e0b000 	C:\Windows\System32\WS2_32.dll
0x00007ff95e9a0000 - 0x00007ff95e9b2000 	C:\Windows\SYSTEM32\kernel.appcore.dll
0x00007ff94a830000 - 0x00007ff94a83a000 	C:\Program Files\jdk-17.0.2\bin\jimage.dll
0x00007ff94e9b0000 - 0x00007ff94eb94000 	C:\Windows\SYSTEM32\DBGHELP.DLL
0x00007ff94cd00000 - 0x00007ff94cd35000 	C:\Windows\SYSTEM32\dbgcore.DLL
0x00007ff960c10000 - 0x00007ff960c92000 	C:\Windows\System32\bcryptPrimitives.dll
0x00007ff92ed40000 - 0x00007ff92ed65000 	C:\Program Files\jdk-17.0.2\bin\java.dll
0x00007ff94b6e0000 - 0x00007ff94b7b6000 	C:\Program Files\jdk-17.0.2\bin\jsvml.dll
0x00007ff962650000 - 0x00007ff962d94000 	C:\Windows\System32\SHELL32.dll
0x00007ff95eba0000 - 0x00007ff95f332000 	C:\Windows\SYSTEM32\windows.storage.dll
0x00007ff962030000 - 0x00007ff962385000 	C:\Windows\System32\combase.dll
0x00007ff960440000 - 0x00007ff960470000 	C:\Windows\SYSTEM32\Wldp.dll
0x00007ff962e10000 - 0x00007ff962ebd000 	C:\Windows\System32\SHCORE.dll
0x00007ff961bf0000 - 0x00007ff961c45000 	C:\Windows\System32\shlwapi.dll
0x00007ff960a00000 - 0x00007ff960a1f000 	C:\Windows\SYSTEM32\profapi.dll
0x00007ff958110000 - 0x00007ff958129000 	C:\Program Files\jdk-17.0.2\bin\net.dll
0x00007ff95a300000 - 0x00007ff95a40c000 	C:\Windows\SYSTEM32\WINHTTP.dll
0x00007ff9601a0000 - 0x00007ff96020a000 	C:\Windows\system32\mswsock.dll
0x00007ff957f30000 - 0x00007ff957f46000 	C:\Program Files\jdk-17.0.2\bin\nio.dll
0x00007ff957f10000 - 0x00007ff957f28000 	C:\Program Files\jdk-17.0.2\bin\zip.dll
0x00007ff957f00000 - 0x00007ff957f10000 	C:\Program Files\jdk-17.0.2\bin\verify.dll

dbghelp: loaded successfully - version: 4.0.5 - missing functions: none
symbol engine: initialized successfully - sym options: 0x614 - pdb path: .;C:\Program Files\jdk-17.0.2\bin;C:\Windows\SYSTEM32;C:\Windows\WinSxS\amd64_microsoft.windows.common-controls_6595b64144ccf1df_6.0.19041.1110_none_60b5254171f9507e;C:\Program Files\jdk-17.0.2\bin\server

VM Arguments:
java_command: org.jetbrains.kotlin.cli.jvm.K2JVMCompiler @D:\0.React-native\SafetyCulture\node_modules\react-native-gradle-plugin\build\20221220_1860085508889633613.compiler.options
java_class_path (initial): C:\Users\Valiantdata_hs\.gradle\caches\modules-2\files-2.1\org.jetbrains.kotlin\kotlin-compiler-embeddable\1.6.10\88f2073f4020cdb83132cfe940ceb9a60aba54ea\kotlin-compiler-embeddable-1.6.10.jar;C:\Users\Valiantdata_hs\.gradle\caches\modules-2\files-2.1\org.jetbrains.kotlin\kotlin-reflect\1.6.10\1cbe9c92c12a94eea200d23c2bbaedaf3daf5132\kotlin-reflect-1.6.10.jar;C:\Users\Valiantdata_hs\.gradle\caches\modules-2\files-2.1\org.jetbrains.kotlin\kotlin-stdlib\1.6.10\b8af3fe6f1ca88526914929add63cf5e7c5049af\kotlin-stdlib-1.6.10.jar;C:\Users\Valiantdata_hs\.gradle\caches\modules-2\files-2.1\org.jetbrains.kotlin\kotlin-script-runtime\1.6.10\d0a7ff2e2500ef497ed0214ae40ad3c8387a6164\kotlin-script-runtime-1.6.10.jar;C:\Users\Valiantdata_hs\.gradle\caches\modules-2\files-2.1\org.jetbrains.kotlin\kotlin-daemon-embeddable\1.6.10\a56d79bcbea411fa6058e4ecffc2de73e742bd2a\kotlin-daemon-embeddable-1.6.10.jar;C:\Users\Valiantdata_hs\.gradle\caches\modules-2\files-2.1\org.jetbrains.intellij.deps\trove4j\1.0.20181211\216c2e14b070f334479d800987affe4054cd563f\trove4j-1.0.20181211.jar;C:\Users\Valiantdata_hs\.gradle\caches\modules-2\files-2.1\net.java.dev.jna\jna\5.6.0\330f2244e9030119ab3030fc3fededc86713d9cc\jna-5.6.0.jar;C:\Users\Valiantdata_hs\.gradle\caches\modules-2\files-2.1\org.jetbrains\annotations\13.0\919f0dfe192fb4e063e7dacadee7f8bb9a2672a9\annotations-13.0.jar;C:\Users\Valiantdata_hs\.gradle\caches\modules-2\files-2.1\org.jetbrains.kotlin\kotlin-stdlib-common\1.6.10\c118700e3a33c8a0d9adc920e9dec0831171925\kotlin-stdlib-common-1.6.10.jar
Launcher Type: SUN_STANDARD

[Global flags]
     intx CICompilerCount                          = 4                                         {product} {ergonomic}
     uint ConcGCThreads                            = 3                                         {product} {ergonomic}
     uint G1ConcRefinementThreads                  = 10                                        {product} {ergonomic}
   size_t G1HeapRegionSize                         = 2097152                                   {product} {ergonomic}
    uintx GCDrainStackTargetSize                   = 64                                        {product} {ergonomic}
   size_t InitialHeapSize                          = 262144000                                 {product} {ergonomic}
   size_t MarkStackSize                            = 4194304                                   {product} {ergonomic}
   size_t MaxHeapSize                              = 4192206848                                {product} {ergonomic}
   size_t MaxNewSize                               = 2514485248                                {product} {ergonomic}
   size_t MinHeapDeltaBytes                        = 2097152                                   {product} {ergonomic}
   size_t MinHeapSize                              = 8388608                                   {product} {ergonomic}
    uintx NonNMethodCodeHeapSize                   = 5839372                                {pd product} {ergonomic}
    uintx NonProfiledCodeHeapSize                  = 122909434                              {pd product} {ergonomic}
    uintx ProfiledCodeHeapSize                     = 122909434                              {pd product} {ergonomic}
    uintx ReservedCodeCacheSize                    = 251658240                              {pd product} {ergonomic}
     bool SegmentedCodeCache                       = true                                      {product} {ergonomic}
   size_t SoftMaxHeapSize                          = 4192206848                             {manageable} {ergonomic}
     bool UseCompressedClassPointers               = true                           {product lp64_product} {ergonomic}
     bool UseCompressedOops                        = true                           {product lp64_product} {ergonomic}
     bool UseG1GC                                  = true                                      {product} {ergonomic}
     bool UseLargePagesIndividualAllocation        = false                                  {pd product} {ergonomic}

Logging:
Log output configuration:
 #0: stdout all=warning uptime,level,tags
 #1: stderr all=off uptime,level,tags

Environment Variables:
JAVA_HOME=C:\Program Files\jdk-17.0.2
CLASSPATH=D:\0.React-native\SafetyCulture\android\\gradle\wrapper\gradle-wrapper.jar
PATH=D:\0.React-native\SafetyCulture\android\node_modules\.bin;D:\0.React-native\SafetyCulture\node_modules\.bin;D:\0.React-native\node_modules\.bin;D:\node_modules\.bin;C:\Program Files\nodejs;D:\0.React-native\SafetyCulture\node_modules\.bin;D:\0.React-native\node_modules\.bin;D:\node_modules\.bin;C:\Program Files\nodejs\node_modules\npm\node_modules\@npmcli\run-script\lib\node-gyp-bin;C:\Program Files\Common Files\Oracle\Java\javapath;C:\Python\Scripts\;C:\Python\;C:\Windows\system32;C:\Windows;C:\Windows\System32\Wbem;C:\Windows\System32\WindowsPowerShell\v1.0\;C:\Windows\System32\OpenSSH\;C:\Program Files\jdk-17.0.2\bin;C:\Program Files\nodejs\;C:\Program Files\Git\cmd;C:\Program Files\PuTTY\;c:\python\lib\site-packages;C:\ProgramData\Anaconda3\Library;C:\Program Files\openssl-0.9.8k_X64\bin;C:\Users\Valiantdata_hs\AppData\Local\Android\Sdk\platform-tools;D:\flutter\bin;C:\Users\Valiantdata_hs\.gradle;C:\Program Files\MySQL\MySQL Shell 8.0\bin\;C:\Users\Valiantdata_hs\AppData\Local\Microsoft\WindowsApps;C:\Users\Valiantdata_hs\AppData\Local\Programs\Microsoft VS Code\bin;C:\Users\Valiantdata_hs\AppData\Roaming\npm;C:\Users\Valiantdata_hs\AppData\Local\GitHubDesktop\bin;C:\Program Files\JetBrains\IntelliJ IDEA 2022.1.1\bin;;C:\Program Files\openssl-0.9.8k_X64\bin;C:\Users\Valiantdata_hs\AppData\Local\Android\Sdk\platform-tools;D:\flutter\bin;C:\Users\Valiantdata_hs\.gradle;
USERNAME=Valiantdata_hs
LANG=ko_KR.UTF-8
OS=Windows_NT
PROCESSOR_IDENTIFIER=Intel64 Family 6 Model 165 Stepping 3, GenuineIntel



---------------  S Y S T E M  ---------------

OS:
 Windows 10 , 64 bit Build 19041 (10.0.19041.2364)
OS uptime: 0 days 2:21 hours

CPU: total 12 (initial active 12) (6 cores per cpu, 2 threads per core) family 6 model 165 stepping 3 microcode 0xe0, cx8, cmov, fxsr, ht, mmx, 3dnowpref, sse, sse2, sse3, ssse3, sse4.1, sse4.2, popcnt, lzcnt, tsc, tscinvbit, avx, avx2, aes, erms, clmul, bmi1, bmi2, adx, fma, vzeroupper, clflush, clflushopt

Memory: 4k page, system-wide physical 15990M (4022M free)
TotalPageFile size 15990M (AvailPageFile size 66M)
current process WorkingSet (physical memory assigned to process): 390M, peak: 398M
current process commit charge ("private bytes"): 535M, peak: 547M

vm_info: Java HotSpot(TM) 64-Bit Server VM (17.0.2+8-LTS-86) for windows-amd64 JRE (17.0.2+8-LTS-86), built on Dec  7 2021 21:51:03 by "mach5one" with MS VC++ 16.8 / 16.9 (VS2019)

END.
